<?xml version="1.0" encoding="UTF-8"?>
<!-- Generated by org.testng.reporters.JUnitXMLReporter -->
<testsuite ignored="0" hostname="Tushars-Mac-mini.local" failures="0" tests="4" name="Default test" time="34.163" errors="0" timestamp="2025-09-27T16:14:53 IST">
  <testcase classname="tests.AddFundLeadTest" name="addLeadForBasicFundLead" time="8.28"/>
  <testcase classname="tests.AddFundLeadTest" name="addLeadForBasicFundLead" time="8.21"/>
  <testcase classname="tests.AddFundLeadTest" name="addLeadForBasicFundLead" time="8.217"/>
  <testcase classname="tests.AddFundLeadTest" name="addLeadForBasicFundLead" time="8.204"/>
</testsuite> <!-- Default test -->
