<?xml version="1.0" encoding="UTF-8"?>
<!-- Generated by org.testng.reporters.JUnitXMLReporter -->
<testsuite ignored="1" hostname="Tushars-Mac-mini.local" failures="0" tests="30" name="Default test" time="312.727" errors="0" timestamp="2025-09-26T13:05:15 IST">
  <testcase classname="tests.AddFundLeadTest" name="addLeadForBasicFundLead" time="8.218"/>
  <testcase classname="tests.AddFundLeadTest" name="addLeadForBasicFundLead" time="8.193"/>
  <testcase classname="tests.AddFundLeadTest" name="addLeadForBasicFundLead" time="8.184"/>
  <testcase classname="tests.AddFundLeadTest" name="addLeadForBasicFundLead" time="8.172"/>
  <testcase classname="tests.AddFundLeadTest" name="addLeadForBasicFundLead" time="8.236"/>
  <testcase classname="tests.AddFundLeadTest" name="addLeadForBasicFundLead" time="8.256"/>
  <testcase classname="tests.AddFundLeadTest" name="addLeadForBasicFundLead" time="8.264"/>
  <testcase classname="tests.AddFundLeadTest" name="addLeadForBasicFundLead" time="8.245"/>
  <testcase classname="tests.AddFundLeadTest" name="addLeadForBasicFundLead" time="8.264"/>
  <testcase classname="tests.AddFundLeadTest" name="addLeadForBasicFundLead" time="8.305"/>
  <testcase classname="tests.AddFundLeadTest" name="addLeadForBasicFundLead" time="8.227"/>
  <testcase classname="tests.AddFundLeadTest" name="addLeadForBasicFundLead" time="8.172"/>
  <testcase classname="tests.AddFundLeadTest" name="addLeadForBasicFundLead" time="8.19"/>
  <testcase classname="tests.AddFundLeadTest" name="addLeadForBasicFundLead" time="8.236"/>
  <testcase classname="tests.AddFundLeadTest" name="addLeadForBasicFundLead" time="8.287"/>
  <testcase classname="tests.AddFundLeadTest" name="addLeadForBasicFundLead" time="8.239"/>
  <testcase classname="tests.AddFundLeadTest" name="addLeadForBasicFundLead" time="8.276"/>
  <testcase classname="tests.AddFundLeadTest" name="addLeadForBasicFundLead" time="8.239"/>
  <testcase classname="tests.AddFundLeadTest" name="addLeadForBasicFundLead" time="8.225"/>
  <testcase classname="tests.AddFundLeadTest" name="addLeadForBasicFundLead" time="8.227"/>
  <testcase classname="tests.AddFundLeadTest" name="addLeadForBasicFundLead" time="8.201"/>
  <testcase classname="tests.AddFundLeadTest" name="addLeadForBasicFundLead" time="8.202"/>
  <testcase classname="tests.AddFundLeadTest" name="addLeadForBasicFundLead" time="8.224"/>
  <testcase classname="tests.AddFundLeadTest" name="addLeadForBasicFundLead" time="8.187"/>
  <testcase classname="tests.AddFundLeadTest" name="addLeadForBasicFundLead" time="8.25"/>
  <testcase classname="tests.AddFundLeadTest" name="addLeadForBasicFundLead" time="8.218"/>
  <testcase classname="tests.AddFundLeadTest" name="addLeadForBasicFundLead" time="8.246"/>
  <testcase classname="tests.AddFundLeadTest" name="addLeadForBasicFundLead" time="8.206"/>
  <testcase classname="tests.AddFundLeadTest" name="addLeadForBasicFundLead" time="8.222"/>
  <testcase classname="tests.AddFundLeadTest" name="addLeadForBasicFundLead" time="8.283"/>
  <testcase classname="tests.AddFundLeadTest" name="addLeadForAdditionalFundLeadTest" time="0.0">
    <ignored/>
  </testcase> <!-- addLeadForAdditionalFundLeadTest -->
</testsuite> <!-- Default test -->
