<?xml version="1.0" encoding="UTF-8"?>
<!-- Generated by org.testng.reporters.JUnitXMLReporter -->
<testsuite ignored="1" hostname="Tushars-Mac-mini.local" failures="0" tests="1" name="Default test" time="18.942" errors="0" timestamp="2025-10-07T18:32:02 IST">
  <testcase classname="tests.Edit_Lead.EditFundLeadTest" name="addLeadForAdditionalFundLeadTest" time="16.764"/>
  <testcase classname="tests.Edit_Lead.EditFundLeadTest" name="addLeadForBasicFundLead" time="0.0">
    <ignored/>
  </testcase> <!-- addLeadForBasicFundLead -->
</testsuite> <!-- Default test -->
