<?xml version="1.0" encoding="UTF-8"?>
<!-- Generated by org.testng.reporters.JUnitXMLReporter -->
<testsuite ignored="1" hostname="Tushars-Mac-mini.local" failures="0" tests="25" name="Default test" time="223.748" errors="0" timestamp="2025-10-03T17:05:41 IST">
  <testcase classname="tests.AddFundLeadTest" name="addLeadForBasicFundLead" time="8.825"/>
  <testcase classname="tests.AddFundLeadTest" name="addLeadForBasicFundLead" time="8.729"/>
  <testcase classname="tests.AddFundLeadTest" name="addLeadForBasicFundLead" time="8.681"/>
  <testcase classname="tests.AddFundLeadTest" name="addLeadForBasicFundLead" time="8.693"/>
  <testcase classname="tests.AddFundLeadTest" name="addLeadForBasicFundLead" time="8.716"/>
  <testcase classname="tests.AddFundLeadTest" name="addLeadForBasicFundLead" time="8.686"/>
  <testcase classname="tests.AddFundLeadTest" name="addLeadForBasicFundLead" time="8.663"/>
  <testcase classname="tests.AddFundLeadTest" name="addLeadForBasicFundLead" time="8.693"/>
  <testcase classname="tests.AddFundLeadTest" name="addLeadForBasicFundLead" time="8.675"/>
  <testcase classname="tests.AddFundLeadTest" name="addLeadForBasicFundLead" time="8.678"/>
  <testcase classname="tests.AddFundLeadTest" name="addLeadForBasicFundLead" time="8.695"/>
  <testcase classname="tests.AddFundLeadTest" name="addLeadForBasicFundLead" time="8.678"/>
  <testcase classname="tests.AddFundLeadTest" name="addLeadForBasicFundLead" time="8.694"/>
  <testcase classname="tests.AddFundLeadTest" name="addLeadForBasicFundLead" time="8.679"/>
  <testcase classname="tests.AddFundLeadTest" name="addLeadForBasicFundLead" time="8.664"/>
  <testcase classname="tests.AddFundLeadTest" name="addLeadForBasicFundLead" time="8.662"/>
  <testcase classname="tests.AddFundLeadTest" name="addLeadForBasicFundLead" time="8.665"/>
  <testcase classname="tests.AddFundLeadTest" name="addLeadForBasicFundLead" time="8.659"/>
  <testcase classname="tests.AddFundLeadTest" name="addLeadForBasicFundLead" time="8.652"/>
  <testcase classname="tests.AddFundLeadTest" name="addLeadForBasicFundLead" time="8.66"/>
  <testcase classname="tests.AddFundLeadTest" name="addLeadForBasicFundLead" time="8.668"/>
  <testcase classname="tests.AddFundLeadTest" name="addLeadForBasicFundLead" time="8.636"/>
  <testcase classname="tests.AddFundLeadTest" name="addLeadForBasicFundLead" time="8.644"/>
  <testcase classname="tests.AddFundLeadTest" name="addLeadForBasicFundLead" time="8.648"/>
  <testcase classname="tests.AddFundLeadTest" name="addLeadForBasicFundLead" time="8.63"/>
  <testcase classname="tests.AddFundLeadTest" name="addLeadForAdditionalFundLeadTest" time="0.0">
    <ignored/>
  </testcase> <!-- addLeadForAdditionalFundLeadTest -->
</testsuite> <!-- Default test -->
