<?xml version="1.0" encoding="UTF-8"?>
<!-- Generated by org.testng.reporters.JUnitXMLReporter -->
<testsuite ignored="1" hostname="Tushars-Mac-mini.local" failures="2" tests="4" name="Default test" time="24.407" errors="0" timestamp="2025-10-09T12:02:39 IST">
  <testcase classname="tests.Add_Lead.AddProjectLeadTest" name="addLeadForBasicProjectLead" time="9.661"/>
  <testcase classname="tests.Add_Lead.AddProjectLeadTest" name="addLeadForBasicProjectLead" time="9.708"/>
  <testcase classname="tests.Add_Lead.AddProjectLeadTest" name="addLeadForBasicProjectLead" time="4.88">
    <failure type="com.microsoft.playwright.impl.TargetClosedError" message="Error {
  message=&amp;apos;Target page, context or browser has been closed
  name=&amp;apos;TargetClosedError
  stack=&amp;apos;TargetClosedError: Target page, context or browser has been closed
    at DispatcherConnection.dispatch (/private/var/folders/1b/cqmvqvbd4sg1xvl1gc93cfyh0000gn/T/playwright-java-1005840982453102269/package/lib/server/dispatchers/dispatcher.js:340:15)
}
Call log:
-   - waiting for locator(&amp;quot;//div[contains(text(), &amp;apos;New Lead&amp;apos;)]&amp;quot;)
-     - locator resolved to &amp;lt;div class=&amp;quot;text-xs whitespace-nowrap&amp;quot;&amp;gt;New Lead&amp;lt;/div&amp;gt;
-   - attempting click action
-     2 × waiting for element to be visible, enabled and stable
-       - element is visible, enabled and stable
-       - scrolling into view if needed
-       - done scrolling
-       - &amp;lt;select id=&amp;quot;source&amp;quot; name=&amp;quot;source&amp;quot; class=&amp;quot;custom-input &amp;quot; aria-label=&amp;quot;Select Source&amp;quot;&amp;gt;…&amp;lt;/select&amp;gt; from &amp;lt;div data-portal=&amp;quot;true&amp;quot; data-mantine-shared-portal-node=&amp;quot;true&amp;quot;&amp;gt;…&amp;lt;/div&amp;gt; subtree intercepts pointer events
-     - retrying click action
-     - waiting 20ms
-     - waiting for element to be visible, enabled and stable
-     - element is visible, enabled and stable
-     - scrolling into view if needed
-     - done scrolling
-     - &amp;lt;select id=&amp;quot;source&amp;quot; name=&amp;quot;source&amp;quot; class=&amp;quot;custom-input &amp;quot; aria-label=&amp;quot;Select Source&amp;quot;&amp;gt;…&amp;lt;/select&amp;gt; from &amp;lt;div data-portal=&amp;quot;true&amp;quot; data-mantine-shared-portal-node=&amp;quot;true&amp;quot;&amp;gt;…&amp;lt;/div&amp;gt; subtree intercepts pointer events
-   - retrying click action
-     - waiting 100ms
-     - waiting for element to be visible, enabled and stable
-     - element is visible, enabled and stable
-     - scrolling into view if needed
-     - done scrolling
-     - &amp;lt;header class=&amp;quot;m_b5489c3c m_d0e2b9cd mantine-Modal-header&amp;quot;&amp;gt;…&amp;lt;/header&amp;gt; from &amp;lt;div data-portal=&amp;quot;true&amp;quot; data-mantine-shared-portal-node=&amp;quot;true&amp;quot;&amp;gt;…&amp;lt;/div&amp;gt; subtree intercepts pointer events
-   - retrying click action
-     - waiting 100ms
-     - waiting for element to be visible, enabled and stable
-     - element is visible, enabled and stable
-     - scrolling into view if needed
-     - done scrolling
-     - &amp;lt;section role=&amp;quot;dialog&amp;quot; tabindex=&amp;quot;-1&amp;quot; aria-modal=&amp;quot;true&amp;quot; data-modal-content=&amp;quot;true&amp;quot; aria-describedby=&amp;quot;mantine-psayim4mr-body&amp;quot; aria-labelledby=&amp;quot;mantine-psayim4mr-title&amp;quot; class=&amp;quot;m_fd1ab0aa m_54c44539 mantine-Modal-content m_1b7284a3 mantine-Paper-root&amp;quot;&amp;gt;…&amp;lt;/section&amp;gt; from &amp;lt;div data-portal=&amp;quot;true&amp;quot; data-mantine-shared-portal-node=&amp;quot;true&amp;quot;&amp;gt;…&amp;lt;/div&amp;gt; subtree intercepts pointer events
-   - retrying click action
-     - waiting 500ms
">
      <![CDATA[com.microsoft.playwright.impl.TargetClosedError: Error {
  message='Target page, context or browser has been closed
  name='TargetClosedError
  stack='TargetClosedError: Target page, context or browser has been closed
    at DispatcherConnection.dispatch (/private/var/folders/1b/cqmvqvbd4sg1xvl1gc93cfyh0000gn/T/playwright-java-1005840982453102269/package/lib/server/dispatchers/dispatcher.js:340:15)
}
Call log:
-   - waiting for locator("//div[contains(text(), 'New Lead')]")
-     - locator resolved to <div class="text-xs whitespace-nowrap">New Lead</div>
-   - attempting click action
-     2 × waiting for element to be visible, enabled and stable
-       - element is visible, enabled and stable
-       - scrolling into view if needed
-       - done scrolling
-       - <select id="source" name="source" class="custom-input " aria-label="Select Source">…</select> from <div data-portal="true" data-mantine-shared-portal-node="true">…</div> subtree intercepts pointer events
-     - retrying click action
-     - waiting 20ms
-     - waiting for element to be visible, enabled and stable
-     - element is visible, enabled and stable
-     - scrolling into view if needed
-     - done scrolling
-     - <select id="source" name="source" class="custom-input " aria-label="Select Source">…</select> from <div data-portal="true" data-mantine-shared-portal-node="true">…</div> subtree intercepts pointer events
-   - retrying click action
-     - waiting 100ms
-     - waiting for element to be visible, enabled and stable
-     - element is visible, enabled and stable
-     - scrolling into view if needed
-     - done scrolling
-     - <header class="m_b5489c3c m_d0e2b9cd mantine-Modal-header">…</header> from <div data-portal="true" data-mantine-shared-portal-node="true">…</div> subtree intercepts pointer events
-   - retrying click action
-     - waiting 100ms
-     - waiting for element to be visible, enabled and stable
-     - element is visible, enabled and stable
-     - scrolling into view if needed
-     - done scrolling
-     - <section role="dialog" tabindex="-1" aria-modal="true" data-modal-content="true" aria-describedby="mantine-psayim4mr-body" aria-labelledby="mantine-psayim4mr-title" class="m_fd1ab0aa m_54c44539 mantine-Modal-content m_1b7284a3 mantine-Paper-root">…</section> from <div data-portal="true" data-mantine-shared-portal-node="true">…</div> subtree intercepts pointer events
-   - retrying click action
-     - waiting 500ms

at com.microsoft.playwright.impl.WaitableResult.get(WaitableResult.java:54)
at com.microsoft.playwright.impl.ChannelOwner.runUntil(ChannelOwner.java:138)
at com.microsoft.playwright.impl.Connection.sendMessage(Connection.java:131)
at com.microsoft.playwright.impl.ChannelOwner.sendMessage(ChannelOwner.java:124)
at com.microsoft.playwright.impl.FrameImpl.clickImpl(FrameImpl.java:241)
at com.microsoft.playwright.impl.PageImpl.click(PageImpl.java:680)
at com.microsoft.playwright.Page.click(Page.java:3931)
at pages.AddProjectLeadPage.addLeadWithBasic(AddProjectLeadPage.java:301)
at tests.Add_Lead.AddProjectLeadTest.addLeadForBasicProjectLead(AddProjectLeadTest.java:172)
at java.base/jdk.internal.reflect.DirectMethodHandleAccessor.invoke(DirectMethodHandleAccessor.java:103)
at java.base/java.lang.reflect.Method.invoke(Method.java:580)
at org.testng.internal.invokers.MethodInvocationHelper.invokeMethod(MethodInvocationHelper.java:141)
at org.testng.internal.invokers.TestInvoker.invokeMethod(TestInvoker.java:687)
at org.testng.internal.invokers.TestInvoker.invokeTestMethod(TestInvoker.java:230)
at org.testng.internal.invokers.MethodRunner.runInSequence(MethodRunner.java:63)
at org.testng.internal.invokers.TestInvoker$MethodInvocationAgent.invoke(TestInvoker.java:995)
at org.testng.internal.invokers.TestInvoker.invokeTestMethods(TestInvoker.java:203)
at org.testng.internal.invokers.TestMethodWorker.invokeTestMethods(TestMethodWorker.java:154)
at org.testng.internal.invokers.TestMethodWorker.run(TestMethodWorker.java:134)
at java.base/java.util.ArrayList.forEach(ArrayList.java:1596)
at org.testng.TestRunner.privateRun(TestRunner.java:741)
at org.testng.TestRunner.run(TestRunner.java:616)
at org.testng.SuiteRunner.runTest(SuiteRunner.java:421)
at org.testng.SuiteRunner.runSequentially(SuiteRunner.java:413)
at org.testng.SuiteRunner.privateRun(SuiteRunner.java:373)
at org.testng.SuiteRunner.run(SuiteRunner.java:312)
at org.testng.SuiteRunnerWorker.runSuite(SuiteRunnerWorker.java:52)
at org.testng.SuiteRunnerWorker.run(SuiteRunnerWorker.java:95)
at org.testng.TestNG.runSuitesSequentially(TestNG.java:1274)
at org.testng.TestNG.runSuitesLocally(TestNG.java:1208)
at org.testng.TestNG.runSuites(TestNG.java:1112)
at org.testng.TestNG.run(TestNG.java:1079)
at org.testng.remote.AbstractRemoteTestNG.run(AbstractRemoteTestNG.java:115)
at org.testng.remote.RemoteTestNG.initAndRun(RemoteTestNG.java:293)
at org.testng.remote.RemoteTestNG.main(RemoteTestNG.java:91)
Caused by: com.microsoft.playwright.impl.TargetClosedError: Error {
  message='Target page, context or browser has been closed
  name='TargetClosedError
  stack='TargetClosedError: Target page, context or browser has been closed
    at DispatcherConnection.dispatch (/private/var/folders/1b/cqmvqvbd4sg1xvl1gc93cfyh0000gn/T/playwright-java-1005840982453102269/package/lib/server/dispatchers/dispatcher.js:340:15)
}
Call log:
-   - waiting for locator("//div[contains(text(), 'New Lead')]")
-     - locator resolved to <div class="text-xs whitespace-nowrap">New Lead</div>
-   - attempting click action
-     2 × waiting for element to be visible, enabled and stable
-       - element is visible, enabled and stable
-       - scrolling into view if needed
-       - done scrolling
-       - <select id="source" name="source" class="custom-input " aria-label="Select Source">…</select> from <div data-portal="true" data-mantine-shared-portal-node="true">…</div> subtree intercepts pointer events
-     - retrying click action
-     - waiting 20ms
-     - waiting for element to be visible, enabled and stable
-     - element is visible, enabled and stable
-     - scrolling into view if needed
-     - done scrolling
-     - <select id="source" name="source" class="custom-input " aria-label="Select Source">…</select> from <div data-portal="true" data-mantine-shared-portal-node="true">…</div> subtree intercepts pointer events
-   - retrying click action
-     - waiting 100ms
-     - waiting for element to be visible, enabled and stable
-     - element is visible, enabled and stable
-     - scrolling into view if needed
-     - done scrolling
-     - <header class="m_b5489c3c m_d0e2b9cd mantine-Modal-header">…</header> from <div data-portal="true" data-mantine-shared-portal-node="true">…</div> subtree intercepts pointer events
-   - retrying click action
-     - waiting 100ms
-     - waiting for element to be visible, enabled and stable
-     - element is visible, enabled and stable
-     - scrolling into view if needed
-     - done scrolling
-     - <section role="dialog" tabindex="-1" aria-modal="true" data-modal-content="true" aria-describedby="mantine-psayim4mr-body" aria-labelledby="mantine-psayim4mr-title" class="m_fd1ab0aa m_54c44539 mantine-Modal-content m_1b7284a3 mantine-Paper-root">…</section> from <div data-portal="true" data-mantine-shared-portal-node="true">…</div> subtree intercepts pointer events
-   - retrying click action
-     - waiting 500ms

at com.microsoft.playwright.impl.Connection.dispatch(Connection.java:259)
at com.microsoft.playwright.impl.Connection.processOneMessage(Connection.java:214)
at com.microsoft.playwright.impl.ChannelOwner.runUntil(ChannelOwner.java:136)
... 33 more
]]>
    </failure>
  </testcase> <!-- addLeadForBasicProjectLead -->
  <testcase classname="tests.Add_Lead.AddProjectLeadTest" name="addLeadForBasicProjectLead" time="24.357">
    <failure type="com.microsoft.playwright.impl.TargetClosedError" message="Error {
  message=&amp;apos;Target page, context or browser has been closed
  name=&amp;apos;TargetClosedError
  stack=&amp;apos;TargetClosedError: Target page, context or browser has been closed
    at DispatcherConnection.dispatch (/private/var/folders/1b/cqmvqvbd4sg1xvl1gc93cfyh0000gn/T/playwright-java-1005840982453102269/package/lib/server/dispatchers/dispatcher.js:260:69)
    at transport.onmessage (/private/var/folders/1b/cqmvqvbd4sg1xvl1gc93cfyh0000gn/T/playwright-java-1005840982453102269/package/lib/cli/driver.js:53:59)
    at Immediate._onImmediate (/private/var/folders/1b/cqmvqvbd4sg1xvl1gc93cfyh0000gn/T/playwright-java-1005840982453102269/package/lib/server/utils/pipeTransport.js:76:16)
    at process.processImmediate (node:internal/timers:485:21)
}">
      <![CDATA[com.microsoft.playwright.impl.TargetClosedError: Error {
  message='Target page, context or browser has been closed
  name='TargetClosedError
  stack='TargetClosedError: Target page, context or browser has been closed
    at DispatcherConnection.dispatch (/private/var/folders/1b/cqmvqvbd4sg1xvl1gc93cfyh0000gn/T/playwright-java-1005840982453102269/package/lib/server/dispatchers/dispatcher.js:260:69)
    at transport.onmessage (/private/var/folders/1b/cqmvqvbd4sg1xvl1gc93cfyh0000gn/T/playwright-java-1005840982453102269/package/lib/cli/driver.js:53:59)
    at Immediate._onImmediate (/private/var/folders/1b/cqmvqvbd4sg1xvl1gc93cfyh0000gn/T/playwright-java-1005840982453102269/package/lib/server/utils/pipeTransport.js:76:16)
    at process.processImmediate (node:internal/timers:485:21)
}
at com.microsoft.playwright.impl.WaitableResult.get(WaitableResult.java:54)
at com.microsoft.playwright.impl.ChannelOwner.runUntil(ChannelOwner.java:138)
at com.microsoft.playwright.impl.Connection.sendMessage(Connection.java:131)
at com.microsoft.playwright.impl.ChannelOwner.sendMessage(ChannelOwner.java:124)
at com.microsoft.playwright.impl.PageImpl.screenshotImpl(PageImpl.java:1172)
at com.microsoft.playwright.impl.PageImpl.screenshot(PageImpl.java:1127)
at listeners.ExtentTestNGListener.onTestFailure(ExtentTestNGListener.java:77)
at org.testng.internal.TestListenerHelper.runTestListeners(TestListenerHelper.java:115)
at org.testng.internal.invokers.TestInvoker.runTestResultListener(TestInvoker.java:285)
at org.testng.internal.invokers.TestInvoker.invokeMethod(TestInvoker.java:777)
at org.testng.internal.invokers.TestInvoker.invokeTestMethod(TestInvoker.java:230)
at org.testng.internal.invokers.MethodRunner.runInSequence(MethodRunner.java:63)
at org.testng.internal.invokers.TestInvoker$MethodInvocationAgent.invoke(TestInvoker.java:995)
at org.testng.internal.invokers.TestInvoker.invokeTestMethods(TestInvoker.java:203)
at org.testng.internal.invokers.TestMethodWorker.invokeTestMethods(TestMethodWorker.java:154)
at org.testng.internal.invokers.TestMethodWorker.run(TestMethodWorker.java:134)
at java.base/java.util.ArrayList.forEach(ArrayList.java:1596)
at org.testng.TestRunner.privateRun(TestRunner.java:741)
at org.testng.TestRunner.run(TestRunner.java:616)
at org.testng.SuiteRunner.runTest(SuiteRunner.java:421)
at org.testng.SuiteRunner.runSequentially(SuiteRunner.java:413)
at org.testng.SuiteRunner.privateRun(SuiteRunner.java:373)
at org.testng.SuiteRunner.run(SuiteRunner.java:312)
at org.testng.SuiteRunnerWorker.runSuite(SuiteRunnerWorker.java:52)
at org.testng.SuiteRunnerWorker.run(SuiteRunnerWorker.java:95)
at org.testng.TestNG.runSuitesSequentially(TestNG.java:1274)
at org.testng.TestNG.runSuitesLocally(TestNG.java:1208)
at org.testng.TestNG.runSuites(TestNG.java:1112)
at org.testng.TestNG.run(TestNG.java:1079)
at org.testng.remote.AbstractRemoteTestNG.run(AbstractRemoteTestNG.java:115)
at org.testng.remote.RemoteTestNG.initAndRun(RemoteTestNG.java:293)
at org.testng.remote.RemoteTestNG.main(RemoteTestNG.java:91)
Caused by: com.microsoft.playwright.impl.TargetClosedError: Error {
  message='Target page, context or browser has been closed
  name='TargetClosedError
  stack='TargetClosedError: Target page, context or browser has been closed
    at DispatcherConnection.dispatch (/private/var/folders/1b/cqmvqvbd4sg1xvl1gc93cfyh0000gn/T/playwright-java-1005840982453102269/package/lib/server/dispatchers/dispatcher.js:260:69)
    at transport.onmessage (/private/var/folders/1b/cqmvqvbd4sg1xvl1gc93cfyh0000gn/T/playwright-java-1005840982453102269/package/lib/cli/driver.js:53:59)
    at Immediate._onImmediate (/private/var/folders/1b/cqmvqvbd4sg1xvl1gc93cfyh0000gn/T/playwright-java-1005840982453102269/package/lib/server/utils/pipeTransport.js:76:16)
    at process.processImmediate (node:internal/timers:485:21)
}
at com.microsoft.playwright.impl.Connection.dispatch(Connection.java:259)
at com.microsoft.playwright.impl.Connection.processOneMessage(Connection.java:214)
at com.microsoft.playwright.impl.ChannelOwner.runUntil(ChannelOwner.java:136)
... 30 more
]]>
    </failure>
  </testcase> <!-- addLeadForBasicProjectLead -->
  <testcase classname="tests.Add_Lead.AddProjectLeadTest" name="addLeadForAdditionalProjectLeadTest" time="0.0">
    <ignored/>
  </testcase> <!-- addLeadForAdditionalProjectLeadTest -->
</testsuite> <!-- Default test -->
