<?xml version="1.0" encoding="UTF-8"?>
<!-- Generated by org.testng.reporters.JUnitXMLReporter -->
<testsuite ignored="0" hostname="Tushars-Mac-mini.local" failures="2" tests="2" name="Default test" time="4.318" errors="0" timestamp="2025-10-08T18:34:39 IST">
  <testcase classname="tests.Add_Lead.AddProjectLeadTest" name="addLeadForBasicProjectLeadDevEnv" time="4.247">
    <failure type="com.microsoft.playwright.impl.TargetClosedError" message="Error {
  message=&amp;apos;Target page, context or browser has been closed
  name=&amp;apos;TargetClosedError
  stack=&amp;apos;TargetClosedError:Target page, context or browser has been closed
Error
    at captureRawStack (/private/var/folders/1b/cqmvqvbd4sg1xvl1gc93cfyh0000gn/T/playwright-java-16494621495373611039/package/lib/utils/isomorphic/stackTrace.js:32:17)
    at LongStandingScope._race (/private/var/folders/1b/cqmvqvbd4sg1xvl1gc93cfyh0000gn/T/playwright-java-16494621495373611039/package/lib/utils/isomorphic/manualPromise.js:87:58)
    at LongStandingScope.race (/private/var/folders/1b/cqmvqvbd4sg1xvl1gc93cfyh0000gn/T/playwright-java-16494621495373611039/package/lib/utils/isomorphic/manualPromise.js:80:17)
    at /private/var/folders/1b/cqmvqvbd4sg1xvl1gc93cfyh0000gn/T/playwright-java-16494621495373611039/package/lib/utils/isomorphic/manualPromise.js:77:45
    at Array.map (&amp;lt;anonymous&amp;gt;)
    at LongStandingScope.raceMultiple (/private/var/folders/1b/cqmvqvbd4sg1xvl1gc93cfyh0000gn/T/playwright-java-16494621495373611039/package/lib/utils/isomorphic/manualPromise.js:77:32)
    at Frame.retryWithProgressAndTimeouts (/private/var/folders/1b/cqmvqvbd4sg1xvl1gc93cfyh0000gn/T/playwright-java-16494621495373611039/package/lib/server/frames.js:874:60)
    at async Frame.click (/private/var/folders/1b/cqmvqvbd4sg1xvl1gc93cfyh0000gn/T/playwright-java-16494621495373611039/package/lib/server/frames.js:953:27)
    at async FrameDispatcher.click (/private/var/folders/1b/cqmvqvbd4sg1xvl1gc93cfyh0000gn/T/playwright-java-16494621495373611039/package/lib/server/dispatchers/frameDispatcher.js:117:12)
    at async ProgressController.run (/private/var/folders/1b/cqmvqvbd4sg1xvl1gc93cfyh0000gn/T/playwright-java-16494621495373611039/package/lib/server/progress.js:78:22)
    at async FrameDispatcher._runCommand (/private/var/folders/1b/cqmvqvbd4sg1xvl1gc93cfyh0000gn/T/playwright-java-16494621495373611039/package/lib/server/dispatchers/dispatcher.js:95:14)
    at async DispatcherConnection.dispatch (/private/var/folders/1b/cqmvqvbd4sg1xvl1gc93cfyh0000gn/T/playwright-java-16494621495373611039/package/lib/server/dispatchers/dispatcher.js:329:22)
}
Call log:
-   - waiting for locator(&amp;quot;xpath=(//p[@data-size=&amp;apos;sm&amp;apos;])[4]&amp;quot;)
">
      <![CDATA[com.microsoft.playwright.impl.TargetClosedError: Error {
  message='Target page, context or browser has been closed
  name='TargetClosedError
  stack='TargetClosedError:Target page, context or browser has been closed
Error
    at captureRawStack (/private/var/folders/1b/cqmvqvbd4sg1xvl1gc93cfyh0000gn/T/playwright-java-16494621495373611039/package/lib/utils/isomorphic/stackTrace.js:32:17)
    at LongStandingScope._race (/private/var/folders/1b/cqmvqvbd4sg1xvl1gc93cfyh0000gn/T/playwright-java-16494621495373611039/package/lib/utils/isomorphic/manualPromise.js:87:58)
    at LongStandingScope.race (/private/var/folders/1b/cqmvqvbd4sg1xvl1gc93cfyh0000gn/T/playwright-java-16494621495373611039/package/lib/utils/isomorphic/manualPromise.js:80:17)
    at /private/var/folders/1b/cqmvqvbd4sg1xvl1gc93cfyh0000gn/T/playwright-java-16494621495373611039/package/lib/utils/isomorphic/manualPromise.js:77:45
    at Array.map (<anonymous>)
    at LongStandingScope.raceMultiple (/private/var/folders/1b/cqmvqvbd4sg1xvl1gc93cfyh0000gn/T/playwright-java-16494621495373611039/package/lib/utils/isomorphic/manualPromise.js:77:32)
    at Frame.retryWithProgressAndTimeouts (/private/var/folders/1b/cqmvqvbd4sg1xvl1gc93cfyh0000gn/T/playwright-java-16494621495373611039/package/lib/server/frames.js:874:60)
    at async Frame.click (/private/var/folders/1b/cqmvqvbd4sg1xvl1gc93cfyh0000gn/T/playwright-java-16494621495373611039/package/lib/server/frames.js:953:27)
    at async FrameDispatcher.click (/private/var/folders/1b/cqmvqvbd4sg1xvl1gc93cfyh0000gn/T/playwright-java-16494621495373611039/package/lib/server/dispatchers/frameDispatcher.js:117:12)
    at async ProgressController.run (/private/var/folders/1b/cqmvqvbd4sg1xvl1gc93cfyh0000gn/T/playwright-java-16494621495373611039/package/lib/server/progress.js:78:22)
    at async FrameDispatcher._runCommand (/private/var/folders/1b/cqmvqvbd4sg1xvl1gc93cfyh0000gn/T/playwright-java-16494621495373611039/package/lib/server/dispatchers/dispatcher.js:95:14)
    at async DispatcherConnection.dispatch (/private/var/folders/1b/cqmvqvbd4sg1xvl1gc93cfyh0000gn/T/playwright-java-16494621495373611039/package/lib/server/dispatchers/dispatcher.js:329:22)
}
Call log:
-   - waiting for locator("xpath=(//p[@data-size='sm'])[4]")

at com.microsoft.playwright.impl.WaitableResult.get(WaitableResult.java:54)
at com.microsoft.playwright.impl.ChannelOwner.runUntil(ChannelOwner.java:138)
at com.microsoft.playwright.impl.Connection.sendMessage(Connection.java:131)
at com.microsoft.playwright.impl.ChannelOwner.sendMessage(ChannelOwner.java:124)
at com.microsoft.playwright.impl.FrameImpl.clickImpl(FrameImpl.java:241)
at com.microsoft.playwright.impl.PageImpl.click(PageImpl.java:680)
at com.microsoft.playwright.Page.click(Page.java:3931)
at pages.AddProjectLeadPage.addLeadBasic(AddProjectLeadPage.java:418)
at pages.AddProjectLeadPage.addLeadWithBasic(AddProjectLeadPage.java:299)
at tests.Add_Lead.AddProjectLeadTest.addLeadForBasicProjectLeadDevEnv(AddProjectLeadTest.java:208)
at java.base/jdk.internal.reflect.DirectMethodHandleAccessor.invoke(DirectMethodHandleAccessor.java:103)
at java.base/java.lang.reflect.Method.invoke(Method.java:580)
at org.testng.internal.invokers.MethodInvocationHelper.invokeMethod(MethodInvocationHelper.java:141)
at org.testng.internal.invokers.TestInvoker.invokeMethod(TestInvoker.java:687)
at org.testng.internal.invokers.TestInvoker.invokeTestMethod(TestInvoker.java:230)
at org.testng.internal.invokers.MethodRunner.runInSequence(MethodRunner.java:63)
at org.testng.internal.invokers.TestInvoker$MethodInvocationAgent.invoke(TestInvoker.java:995)
at org.testng.internal.invokers.TestInvoker.invokeTestMethods(TestInvoker.java:203)
at org.testng.internal.invokers.TestMethodWorker.invokeTestMethods(TestMethodWorker.java:154)
at org.testng.internal.invokers.TestMethodWorker.run(TestMethodWorker.java:134)
at java.base/java.util.ArrayList.forEach(ArrayList.java:1596)
at org.testng.TestRunner.privateRun(TestRunner.java:741)
at org.testng.TestRunner.run(TestRunner.java:616)
at org.testng.SuiteRunner.runTest(SuiteRunner.java:421)
at org.testng.SuiteRunner.runSequentially(SuiteRunner.java:413)
at org.testng.SuiteRunner.privateRun(SuiteRunner.java:373)
at org.testng.SuiteRunner.run(SuiteRunner.java:312)
at org.testng.SuiteRunnerWorker.runSuite(SuiteRunnerWorker.java:52)
at org.testng.SuiteRunnerWorker.run(SuiteRunnerWorker.java:95)
at org.testng.TestNG.runSuitesSequentially(TestNG.java:1274)
at org.testng.TestNG.runSuitesLocally(TestNG.java:1208)
at org.testng.TestNG.runSuites(TestNG.java:1112)
at org.testng.TestNG.run(TestNG.java:1079)
at org.testng.remote.AbstractRemoteTestNG.run(AbstractRemoteTestNG.java:115)
at org.testng.remote.RemoteTestNG.initAndRun(RemoteTestNG.java:293)
at org.testng.remote.RemoteTestNG.main(RemoteTestNG.java:91)
Caused by: com.microsoft.playwright.impl.TargetClosedError: Error {
  message='Target page, context or browser has been closed
  name='TargetClosedError
  stack='TargetClosedError:Target page, context or browser has been closed
Error
    at captureRawStack (/private/var/folders/1b/cqmvqvbd4sg1xvl1gc93cfyh0000gn/T/playwright-java-16494621495373611039/package/lib/utils/isomorphic/stackTrace.js:32:17)
    at LongStandingScope._race (/private/var/folders/1b/cqmvqvbd4sg1xvl1gc93cfyh0000gn/T/playwright-java-16494621495373611039/package/lib/utils/isomorphic/manualPromise.js:87:58)
    at LongStandingScope.race (/private/var/folders/1b/cqmvqvbd4sg1xvl1gc93cfyh0000gn/T/playwright-java-16494621495373611039/package/lib/utils/isomorphic/manualPromise.js:80:17)
    at /private/var/folders/1b/cqmvqvbd4sg1xvl1gc93cfyh0000gn/T/playwright-java-16494621495373611039/package/lib/utils/isomorphic/manualPromise.js:77:45
    at Array.map (<anonymous>)
    at LongStandingScope.raceMultiple (/private/var/folders/1b/cqmvqvbd4sg1xvl1gc93cfyh0000gn/T/playwright-java-16494621495373611039/package/lib/utils/isomorphic/manualPromise.js:77:32)
    at Frame.retryWithProgressAndTimeouts (/private/var/folders/1b/cqmvqvbd4sg1xvl1gc93cfyh0000gn/T/playwright-java-16494621495373611039/package/lib/server/frames.js:874:60)
    at async Frame.click (/private/var/folders/1b/cqmvqvbd4sg1xvl1gc93cfyh0000gn/T/playwright-java-16494621495373611039/package/lib/server/frames.js:953:27)
    at async FrameDispatcher.click (/private/var/folders/1b/cqmvqvbd4sg1xvl1gc93cfyh0000gn/T/playwright-java-16494621495373611039/package/lib/server/dispatchers/frameDispatcher.js:117:12)
    at async ProgressController.run (/private/var/folders/1b/cqmvqvbd4sg1xvl1gc93cfyh0000gn/T/playwright-java-16494621495373611039/package/lib/server/progress.js:78:22)
    at async FrameDispatcher._runCommand (/private/var/folders/1b/cqmvqvbd4sg1xvl1gc93cfyh0000gn/T/playwright-java-16494621495373611039/package/lib/server/dispatchers/dispatcher.js:95:14)
    at async DispatcherConnection.dispatch (/private/var/folders/1b/cqmvqvbd4sg1xvl1gc93cfyh0000gn/T/playwright-java-16494621495373611039/package/lib/server/dispatchers/dispatcher.js:329:22)
}
Call log:
-   - waiting for locator("xpath=(//p[@data-size='sm'])[4]")

at com.microsoft.playwright.impl.Connection.dispatch(Connection.java:259)
at com.microsoft.playwright.impl.Connection.processOneMessage(Connection.java:214)
at com.microsoft.playwright.impl.ChannelOwner.runUntil(ChannelOwner.java:136)
... 34 more
]]>
    </failure>
  </testcase> <!-- addLeadForBasicProjectLeadDevEnv -->
  <testcase classname="tests.Add_Lead.AddProjectLeadTest" name="addLeadForBasicProjectLeadDevEnv" time="4.282">
    <failure type="com.microsoft.playwright.impl.TargetClosedError" message="Error {
  message=&amp;apos;Target page, context or browser has been closed
  name=&amp;apos;TargetClosedError
  stack=&amp;apos;TargetClosedError: Target page, context or browser has been closed
    at DispatcherConnection.dispatch (/private/var/folders/1b/cqmvqvbd4sg1xvl1gc93cfyh0000gn/T/playwright-java-16494621495373611039/package/lib/server/dispatchers/dispatcher.js:260:69)
    at transport.onmessage (/private/var/folders/1b/cqmvqvbd4sg1xvl1gc93cfyh0000gn/T/playwright-java-16494621495373611039/package/lib/cli/driver.js:53:59)
    at Immediate._onImmediate (/private/var/folders/1b/cqmvqvbd4sg1xvl1gc93cfyh0000gn/T/playwright-java-16494621495373611039/package/lib/server/utils/pipeTransport.js:76:16)
    at process.processImmediate (node:internal/timers:485:21)
}">
      <![CDATA[com.microsoft.playwright.impl.TargetClosedError: Error {
  message='Target page, context or browser has been closed
  name='TargetClosedError
  stack='TargetClosedError: Target page, context or browser has been closed
    at DispatcherConnection.dispatch (/private/var/folders/1b/cqmvqvbd4sg1xvl1gc93cfyh0000gn/T/playwright-java-16494621495373611039/package/lib/server/dispatchers/dispatcher.js:260:69)
    at transport.onmessage (/private/var/folders/1b/cqmvqvbd4sg1xvl1gc93cfyh0000gn/T/playwright-java-16494621495373611039/package/lib/cli/driver.js:53:59)
    at Immediate._onImmediate (/private/var/folders/1b/cqmvqvbd4sg1xvl1gc93cfyh0000gn/T/playwright-java-16494621495373611039/package/lib/server/utils/pipeTransport.js:76:16)
    at process.processImmediate (node:internal/timers:485:21)
}
at com.microsoft.playwright.impl.WaitableResult.get(WaitableResult.java:54)
at com.microsoft.playwright.impl.ChannelOwner.runUntil(ChannelOwner.java:138)
at com.microsoft.playwright.impl.Connection.sendMessage(Connection.java:131)
at com.microsoft.playwright.impl.ChannelOwner.sendMessage(ChannelOwner.java:124)
at com.microsoft.playwright.impl.PageImpl.screenshotImpl(PageImpl.java:1172)
at com.microsoft.playwright.impl.PageImpl.screenshot(PageImpl.java:1127)
at listeners.ExtentTestNGListener.onTestFailure(ExtentTestNGListener.java:77)
at org.testng.internal.TestListenerHelper.runTestListeners(TestListenerHelper.java:115)
at org.testng.internal.invokers.TestInvoker.runTestResultListener(TestInvoker.java:285)
at org.testng.internal.invokers.TestInvoker.invokeMethod(TestInvoker.java:777)
at org.testng.internal.invokers.TestInvoker.invokeTestMethod(TestInvoker.java:230)
at org.testng.internal.invokers.MethodRunner.runInSequence(MethodRunner.java:63)
at org.testng.internal.invokers.TestInvoker$MethodInvocationAgent.invoke(TestInvoker.java:995)
at org.testng.internal.invokers.TestInvoker.invokeTestMethods(TestInvoker.java:203)
at org.testng.internal.invokers.TestMethodWorker.invokeTestMethods(TestMethodWorker.java:154)
at org.testng.internal.invokers.TestMethodWorker.run(TestMethodWorker.java:134)
at java.base/java.util.ArrayList.forEach(ArrayList.java:1596)
at org.testng.TestRunner.privateRun(TestRunner.java:741)
at org.testng.TestRunner.run(TestRunner.java:616)
at org.testng.SuiteRunner.runTest(SuiteRunner.java:421)
at org.testng.SuiteRunner.runSequentially(SuiteRunner.java:413)
at org.testng.SuiteRunner.privateRun(SuiteRunner.java:373)
at org.testng.SuiteRunner.run(SuiteRunner.java:312)
at org.testng.SuiteRunnerWorker.runSuite(SuiteRunnerWorker.java:52)
at org.testng.SuiteRunnerWorker.run(SuiteRunnerWorker.java:95)
at org.testng.TestNG.runSuitesSequentially(TestNG.java:1274)
at org.testng.TestNG.runSuitesLocally(TestNG.java:1208)
at org.testng.TestNG.runSuites(TestNG.java:1112)
at org.testng.TestNG.run(TestNG.java:1079)
at org.testng.remote.AbstractRemoteTestNG.run(AbstractRemoteTestNG.java:115)
at org.testng.remote.RemoteTestNG.initAndRun(RemoteTestNG.java:293)
at org.testng.remote.RemoteTestNG.main(RemoteTestNG.java:91)
Caused by: com.microsoft.playwright.impl.TargetClosedError: Error {
  message='Target page, context or browser has been closed
  name='TargetClosedError
  stack='TargetClosedError: Target page, context or browser has been closed
    at DispatcherConnection.dispatch (/private/var/folders/1b/cqmvqvbd4sg1xvl1gc93cfyh0000gn/T/playwright-java-16494621495373611039/package/lib/server/dispatchers/dispatcher.js:260:69)
    at transport.onmessage (/private/var/folders/1b/cqmvqvbd4sg1xvl1gc93cfyh0000gn/T/playwright-java-16494621495373611039/package/lib/cli/driver.js:53:59)
    at Immediate._onImmediate (/private/var/folders/1b/cqmvqvbd4sg1xvl1gc93cfyh0000gn/T/playwright-java-16494621495373611039/package/lib/server/utils/pipeTransport.js:76:16)
    at process.processImmediate (node:internal/timers:485:21)
}
at com.microsoft.playwright.impl.Connection.dispatch(Connection.java:259)
at com.microsoft.playwright.impl.Connection.processOneMessage(Connection.java:214)
at com.microsoft.playwright.impl.ChannelOwner.runUntil(ChannelOwner.java:136)
... 30 more
]]>
    </failure>
  </testcase> <!-- addLeadForBasicProjectLeadDevEnv -->
</testsuite> <!-- Default test -->
