<?xml version="1.0" encoding="UTF-8"?>
<!-- Generated by org.testng.reporters.JUnitXMLReporter -->
<testsuite ignored="1" hostname="Tushars-Mac-mini.local" failures="0" tests="4" name="Default test" time="64.973" errors="0" timestamp="2025-09-03T19:00:44 IST">
  <testcase classname="tests.AddProjectLeadTest" name="addLeadForBasicProjectLead" time="8.801"/>
  <testcase classname="tests.AddProjectLeadTest" name="addLeadForBasicProjectLead" time="8.695"/>
  <testcase classname="tests.AddProjectLeadTest" name="addLeadForBasicProjectLead" time="8.733"/>
  <testcase classname="tests.AddProjectLeadTest" name="addLeadForBasicProjectLead" time="8.663"/>
  <testcase classname="tests.AddProjectLeadTest" name="addLeadForAdditionalProjectLeadTest" time="0.0">
    <ignored/>
  </testcase> <!-- addLeadForAdditionalProjectLeadTest -->
</testsuite> <!-- Default test -->
