<?xml version="1.0" encoding="UTF-8"?>
<!-- Generated by org.testng.reporters.JUnitXMLReporter -->
<testsuite ignored="3" hostname="Tushars-Mac-mini.local" failures="0" tests="1" name="Default test" time="11.035" errors="0" timestamp="2025-10-06T16:49:43 IST">
  <testcase classname="tests.AddFollowUpsForFurnitureTest" name="addFollowUpTestforBlockStage" time="6.716"/>
  <testcase classname="tests.AddFollowUpsForFurnitureTest" name="addFollowUpTest" time="0.0">
    <ignored/>
  </testcase> <!-- addFollowUpTest -->
  <testcase classname="tests.AddFollowUpsForFurnitureTest" name="addFollowUpTestforLostStageWithoutChieldstage" time="0.0">
    <ignored/>
  </testcase> <!-- addFollowUpTestforLostStageWithoutChieldstage -->
  <testcase classname="tests.AddFollowUpsForFurnitureTest" name="addFollowUpforLOstStage" time="0.0">
    <ignored/>
  </testcase> <!-- addFollowUpforLOstStage -->
</testsuite> <!-- Default test -->
