<?xml version="1.0" encoding="UTF-8"?>
<testng-results ignored="0" total="30" passed="30" failed="0" skipped="0">
  <reporter-output>
  </reporter-output>
  <suite started-at="2025-09-04T11:33:06 IST" name="Surefire suite" finished-at="2025-09-04T11:40:03 IST" duration-ms="417145">
    <groups>
    </groups>
    <test started-at="2025-09-04T11:33:06 IST" name="Surefire test" finished-at="2025-09-04T11:40:03 IST" duration-ms="417145">
      <class name="tests.AddProjectLeadTest">
        <test-method is-config="true" signature="setup()[pri:0, instance:tests.AddProjectLeadTest@dd0c991]" started-at="2025-09-04T11:33:06 IST" name="setup" finished-at="2025-09-04T11:33:17 IST" duration-ms="10679" status="PASS">
          <reporter-output>
          </reporter-output>
        </test-method> <!-- setup -->
        <test-method signature="addLeadForAdditionalProjectLeadTest(java.lang.String,java.lang.String,java.lang.String,java.lang.String,java.lang.String,java.lang.String,java.lang.String,java.lang.String,java.lang.String,java.lang.String,java.lang.String,java.lang.String,java.lang.String,java.lang.String,java.lang.String,java.lang.String,java.lang.String,java.lang.String,java.lang.String)[pri:0, instance:tests.AddProjectLeadTest@dd0c991]" started-at="2025-09-04T11:33:17 IST" name="addLeadForAdditionalProjectLeadTest" data-provider="AdditionalleadData" finished-at="2025-09-04T11:33:29 IST" duration-ms="11636" status="PASS">
          <params>
            <param index="0">
              <value>
                <![CDATA[New Project 60]]>
              </value>
            </param>
            <param index="1">
              <value>
                <![CDATA[Arjun]]>
              </value>
            </param>
            <param index="2">
              <value>
                <![CDATA[Mehta]]>
              </value>
            </param>
            <param index="3">
              <value>
                <![CDATA[+234]]>
              </value>
            </param>
            <param index="4">
              <value>
                <![CDATA[Event]]>
              </value>
            </param>
            <param index="5">
              <value>
                <![CDATA[GIHED]]>
              </value>
            </param>
            <param index="6">
              <value>
                <![CDATA[Interested in real estate]]>
              </value>
            </param>
            <param index="7">
              <value>
                <![CDATA[New Project 65]]>
              </value>
            </param>
            <param index="8">
              <value>
                <![CDATA[+33]]>
              </value>
            </param>
            <param index="9">
              <value>
                <![CDATA[CP]]>
              </value>
            </param>
            <param index="10">
              <value>
                <![CDATA[Tushar Bhai]]>
              </value>
            </param>
            <param index="11">
              <value>
                <![CDATA[Mumbai]]>
              </value>
            </param>
            <param index="12">
              <value>
                <![CDATA[Immediate]]>
              </value>
            </param>
            <param index="13">
              <value>
                <![CDATA[Hot]]>
              </value>
            </param>
            <param index="14">
              <value>
                <![CDATA[Below 50 Lakh]]>
              </value>
            </param>
            <param index="15">
              <value>
                <![CDATA[500 Sq.Ft]]>
              </value>
            </param>
            <param index="16">
              <value>
                <![CDATA[Residential]]>
              </value>
            </param>
            <param index="17">
              <value>
                <![CDATA[2 Bhk]]>
              </value>
            </param>
            <param index="18">
              <value>
                <![CDATA[Buy]]>
              </value>
            </param>
          </params>
          <reporter-output>
          </reporter-output>
        </test-method> <!-- addLeadForAdditionalProjectLeadTest -->
        <test-method is-config="true" signature="takeScreenshot(org.testng.ITestResult)[pri:0, instance:tests.AddProjectLeadTest@dd0c991]" started-at="2025-09-04T11:33:29 IST" name="takeScreenshot" finished-at="2025-09-04T11:33:31 IST" duration-ms="2200" status="PASS">
          <params>
            <param index="0">
              <value>
                <![CDATA[[TestResult name=addLeadForAdditionalProjectLeadTest status=SUCCESS method=AddProjectLeadTest.addLeadForAdditionalProjectLeadTest(java.lang.String,java.lang.String,java.lang.String,java.lang.String,java.lang.String,java.lang.String,java.lang.String,java.lang.String,java.lang.String,java.lang.String,java.lang.String,java.lang.String,java.lang.String,java.lang.String,java.lang.String,java.lang.String,java.lang.String,java.lang.String,java.lang.String)[pri:0, instance:tests.AddProjectLeadTest@dd0c991] output={null}]]]>
              </value>
            </param>
          </params>
          <reporter-output>
          </reporter-output>
        </test-method> <!-- takeScreenshot -->
        <test-method signature="addLeadForAdditionalProjectLeadTest(java.lang.String,java.lang.String,java.lang.String,java.lang.String,java.lang.String,java.lang.String,java.lang.String,java.lang.String,java.lang.String,java.lang.String,java.lang.String,java.lang.String,java.lang.String,java.lang.String,java.lang.String,java.lang.String,java.lang.String,java.lang.String,java.lang.String)[pri:0, instance:tests.AddProjectLeadTest@dd0c991]" started-at="2025-09-04T11:33:31 IST" name="addLeadForAdditionalProjectLeadTest" data-provider="AdditionalleadData" finished-at="2025-09-04T11:33:44 IST" duration-ms="12629" status="PASS">
          <params>
            <param index="0">
              <value>
                <![CDATA[New Project 60]]>
              </value>
            </param>
            <param index="1">
              <value>
                <![CDATA[Aarav]]>
              </value>
            </param>
            <param index="2">
              <value>
                <![CDATA[Sharma]]>
              </value>
            </param>
            <param index="3">
              <value>
                <![CDATA[+93]]>
              </value>
            </param>
            <param index="4">
              <value>
                <![CDATA[Event]]>
              </value>
            </param>
            <param index="5">
              <value>
                <![CDATA[GIHED]]>
              </value>
            </param>
            <param index="6">
              <value>
                <![CDATA[Interested in real estate]]>
              </value>
            </param>
            <param index="7">
              <value>
                <![CDATA[New Project 65]]>
              </value>
            </param>
            <param index="8">
              <value>
                <![CDATA[+36]]>
              </value>
            </param>
            <param index="9">
              <value>
                <![CDATA[CP]]>
              </value>
            </param>
            <param index="10">
              <value>
                <![CDATA[Tushar Bhai]]>
              </value>
            </param>
            <param index="11">
              <value>
                <![CDATA[Delhi]]>
              </value>
            </param>
            <param index="12">
              <value>
                <![CDATA[In 3 Months]]>
              </value>
            </param>
            <param index="13">
              <value>
                <![CDATA[Cold]]>
              </value>
            </param>
            <param index="14">
              <value>
                <![CDATA[50 Lakh to 1 Cr]]>
              </value>
            </param>
            <param index="15">
              <value>
                <![CDATA[750 Sq.Ft]]>
              </value>
            </param>
            <param index="16">
              <value>
                <![CDATA[Residential]]>
              </value>
            </param>
            <param index="17">
              <value>
                <![CDATA[3 Bhk]]>
              </value>
            </param>
            <param index="18">
              <value>
                <![CDATA[Invest]]>
              </value>
            </param>
          </params>
          <reporter-output>
          </reporter-output>
        </test-method> <!-- addLeadForAdditionalProjectLeadTest -->
        <test-method is-config="true" signature="takeScreenshot(org.testng.ITestResult)[pri:0, instance:tests.AddProjectLeadTest@dd0c991]" started-at="2025-09-04T11:33:44 IST" name="takeScreenshot" finished-at="2025-09-04T11:33:46 IST" duration-ms="2219" status="PASS">
          <params>
            <param index="0">
              <value>
                <![CDATA[[TestResult name=addLeadForAdditionalProjectLeadTest status=SUCCESS method=AddProjectLeadTest.addLeadForAdditionalProjectLeadTest(java.lang.String,java.lang.String,java.lang.String,java.lang.String,java.lang.String,java.lang.String,java.lang.String,java.lang.String,java.lang.String,java.lang.String,java.lang.String,java.lang.String,java.lang.String,java.lang.String,java.lang.String,java.lang.String,java.lang.String,java.lang.String,java.lang.String)[pri:0, instance:tests.AddProjectLeadTest@dd0c991] output={null}]]]>
              </value>
            </param>
          </params>
          <reporter-output>
          </reporter-output>
        </test-method> <!-- takeScreenshot -->
        <test-method signature="addLeadForAdditionalProjectLeadTest(java.lang.String,java.lang.String,java.lang.String,java.lang.String,java.lang.String,java.lang.String,java.lang.String,java.lang.String,java.lang.String,java.lang.String,java.lang.String,java.lang.String,java.lang.String,java.lang.String,java.lang.String,java.lang.String,java.lang.String,java.lang.String,java.lang.String)[pri:0, instance:tests.AddProjectLeadTest@dd0c991]" started-at="2025-09-04T11:33:46 IST" name="addLeadForAdditionalProjectLeadTest" data-provider="AdditionalleadData" finished-at="2025-09-04T11:33:58 IST" duration-ms="11858" status="PASS">
          <params>
            <param index="0">
              <value>
                <![CDATA[New Project 60]]>
              </value>
            </param>
            <param index="1">
              <value>
                <![CDATA[Priya]]>
              </value>
            </param>
            <param index="2">
              <value>
                <![CDATA[Khan]]>
              </value>
            </param>
            <param index="3">
              <value>
                <![CDATA[+20]]>
              </value>
            </param>
            <param index="4">
              <value>
                <![CDATA[Event]]>
              </value>
            </param>
            <param index="5">
              <value>
                <![CDATA[Property Event]]>
              </value>
            </param>
            <param index="6">
              <value>
                <![CDATA[Looking for investment]]>
              </value>
            </param>
            <param index="7">
              <value>
                <![CDATA[New Project 65]]>
              </value>
            </param>
            <param index="8">
              <value>
                <![CDATA[+40]]>
              </value>
            </param>
            <param index="9">
              <value>
                <![CDATA[CP]]>
              </value>
            </param>
            <param index="10">
              <value>
                <![CDATA[Tushar Bhai]]>
              </value>
            </param>
            <param index="11">
              <value>
                <![CDATA[Bangalore]]>
              </value>
            </param>
            <param index="12">
              <value>
                <![CDATA[In 6 Months]]>
              </value>
            </param>
            <param index="13">
              <value>
                <![CDATA[Warm]]>
              </value>
            </param>
            <param index="14">
              <value>
                <![CDATA[1 Cr to 2 Cr]]>
              </value>
            </param>
            <param index="15">
              <value>
                <![CDATA[1000 Sq.Ft]]>
              </value>
            </param>
            <param index="16">
              <value>
                <![CDATA[Residential]]>
              </value>
            </param>
            <param index="17">
              <value>
                <![CDATA[4 Bhk]]>
              </value>
            </param>
            <param index="18">
              <value>
                <![CDATA[Lease]]>
              </value>
            </param>
          </params>
          <reporter-output>
          </reporter-output>
        </test-method> <!-- addLeadForAdditionalProjectLeadTest -->
        <test-method is-config="true" signature="takeScreenshot(org.testng.ITestResult)[pri:0, instance:tests.AddProjectLeadTest@dd0c991]" started-at="2025-09-04T11:33:58 IST" name="takeScreenshot" finished-at="2025-09-04T11:34:00 IST" duration-ms="2191" status="PASS">
          <params>
            <param index="0">
              <value>
                <![CDATA[[TestResult name=addLeadForAdditionalProjectLeadTest status=SUCCESS method=AddProjectLeadTest.addLeadForAdditionalProjectLeadTest(java.lang.String,java.lang.String,java.lang.String,java.lang.String,java.lang.String,java.lang.String,java.lang.String,java.lang.String,java.lang.String,java.lang.String,java.lang.String,java.lang.String,java.lang.String,java.lang.String,java.lang.String,java.lang.String,java.lang.String,java.lang.String,java.lang.String)[pri:0, instance:tests.AddProjectLeadTest@dd0c991] output={null}]]]>
              </value>
            </param>
          </params>
          <reporter-output>
          </reporter-output>
        </test-method> <!-- takeScreenshot -->
        <test-method signature="addLeadForAdditionalProjectLeadTest(java.lang.String,java.lang.String,java.lang.String,java.lang.String,java.lang.String,java.lang.String,java.lang.String,java.lang.String,java.lang.String,java.lang.String,java.lang.String,java.lang.String,java.lang.String,java.lang.String,java.lang.String,java.lang.String,java.lang.String,java.lang.String,java.lang.String)[pri:0, instance:tests.AddProjectLeadTest@dd0c991]" started-at="2025-09-04T11:34:00 IST" name="addLeadForAdditionalProjectLeadTest" data-provider="AdditionalleadData" finished-at="2025-09-04T11:34:12 IST" duration-ms="11688" status="PASS">
          <params>
            <param index="0">
              <value>
                <![CDATA[New Project 60]]>
              </value>
            </param>
            <param index="1">
              <value>
                <![CDATA[Rohan]]>
              </value>
            </param>
            <param index="2">
              <value>
                <![CDATA[Patel]]>
              </value>
            </param>
            <param index="3">
              <value>
                <![CDATA[+27]]>
              </value>
            </param>
            <param index="4">
              <value>
                <![CDATA[Event]]>
              </value>
            </param>
            <param index="5">
              <value>
                <![CDATA[Investor Meet]]>
              </value>
            </param>
            <param index="6">
              <value>
                <![CDATA[Wants quick callback]]>
              </value>
            </param>
            <param index="7">
              <value>
                <![CDATA[New Project 65]]>
              </value>
            </param>
            <param index="8">
              <value>
                <![CDATA[+41]]>
              </value>
            </param>
            <param index="9">
              <value>
                <![CDATA[CP]]>
              </value>
            </param>
            <param index="10">
              <value>
                <![CDATA[Tushar Bhai]]>
              </value>
            </param>
            <param index="11">
              <value>
                <![CDATA[Hyderabad]]>
              </value>
            </param>
            <param index="12">
              <value>
                <![CDATA[In 1 Year +]]>
              </value>
            </param>
            <param index="13">
              <value>
                <![CDATA[Hot]]>
              </value>
            </param>
            <param index="14">
              <value>
                <![CDATA[2 Cr to 5 Cr]]>
              </value>
            </param>
            <param index="15">
              <value>
                <![CDATA[1200 Sq.Ft]]>
              </value>
            </param>
            <param index="16">
              <value>
                <![CDATA[Residential]]>
              </value>
            </param>
            <param index="17">
              <value>
                <![CDATA[5 Bhk]]>
              </value>
            </param>
            <param index="18">
              <value>
                <![CDATA[Pre-Lease]]>
              </value>
            </param>
          </params>
          <reporter-output>
          </reporter-output>
        </test-method> <!-- addLeadForAdditionalProjectLeadTest -->
        <test-method is-config="true" signature="takeScreenshot(org.testng.ITestResult)[pri:0, instance:tests.AddProjectLeadTest@dd0c991]" started-at="2025-09-04T11:34:12 IST" name="takeScreenshot" finished-at="2025-09-04T11:34:14 IST" duration-ms="2205" status="PASS">
          <params>
            <param index="0">
              <value>
                <![CDATA[[TestResult name=addLeadForAdditionalProjectLeadTest status=SUCCESS method=AddProjectLeadTest.addLeadForAdditionalProjectLeadTest(java.lang.String,java.lang.String,java.lang.String,java.lang.String,java.lang.String,java.lang.String,java.lang.String,java.lang.String,java.lang.String,java.lang.String,java.lang.String,java.lang.String,java.lang.String,java.lang.String,java.lang.String,java.lang.String,java.lang.String,java.lang.String,java.lang.String)[pri:0, instance:tests.AddProjectLeadTest@dd0c991] output={null}]]]>
              </value>
            </param>
          </params>
          <reporter-output>
          </reporter-output>
        </test-method> <!-- takeScreenshot -->
        <test-method signature="addLeadForAdditionalProjectLeadTest(java.lang.String,java.lang.String,java.lang.String,java.lang.String,java.lang.String,java.lang.String,java.lang.String,java.lang.String,java.lang.String,java.lang.String,java.lang.String,java.lang.String,java.lang.String,java.lang.String,java.lang.String,java.lang.String,java.lang.String,java.lang.String,java.lang.String)[pri:0, instance:tests.AddProjectLeadTest@dd0c991]" started-at="2025-09-04T11:34:14 IST" name="addLeadForAdditionalProjectLeadTest" data-provider="AdditionalleadData" finished-at="2025-09-04T11:34:25 IST" duration-ms="11484" status="PASS">
          <params>
            <param index="0">
              <value>
                <![CDATA[New Project 60]]>
              </value>
            </param>
            <param index="1">
              <value>
                <![CDATA[Simran]]>
              </value>
            </param>
            <param index="2">
              <value>
                <![CDATA[Joshi]]>
              </value>
            </param>
            <param index="3">
              <value>
                <![CDATA[+30]]>
              </value>
            </param>
            <param index="4">
              <value>
                <![CDATA[Event]]>
              </value>
            </param>
            <param index="5">
              <value>
                <![CDATA[Channel Partner Event]]>
              </value>
            </param>
            <param index="6">
              <value>
                <![CDATA[Needs brochure]]>
              </value>
            </param>
            <param index="7">
              <value>
                <![CDATA[New Project 65]]>
              </value>
            </param>
            <param index="8">
              <value>
                <![CDATA[+43]]>
              </value>
            </param>
            <param index="9">
              <value>
                <![CDATA[CP]]>
              </value>
            </param>
            <param index="10">
              <value>
                <![CDATA[Tushar Bhai]]>
              </value>
            </param>
            <param index="11">
              <value>
                <![CDATA[Pune]]>
              </value>
            </param>
            <param index="12">
              <value>
                <![CDATA[Immediate]]>
              </value>
            </param>
            <param index="13">
              <value>
                <![CDATA[Cold]]>
              </value>
            </param>
            <param index="14">
              <value>
                <![CDATA[5 Cr to 10 Cr]]>
              </value>
            </param>
            <param index="15">
              <value>
                <![CDATA[1500 Sq.Ft]]>
              </value>
            </param>
            <param index="16">
              <value>
                <![CDATA[Residential]]>
              </value>
            </param>
            <param index="17">
              <value>
                <![CDATA[Weekend Villa]]>
              </value>
            </param>
            <param index="18">
              <value>
                <![CDATA[Buy]]>
              </value>
            </param>
          </params>
          <reporter-output>
          </reporter-output>
        </test-method> <!-- addLeadForAdditionalProjectLeadTest -->
        <test-method is-config="true" signature="takeScreenshot(org.testng.ITestResult)[pri:0, instance:tests.AddProjectLeadTest@dd0c991]" started-at="2025-09-04T11:34:25 IST" name="takeScreenshot" finished-at="2025-09-04T11:34:27 IST" duration-ms="2194" status="PASS">
          <params>
            <param index="0">
              <value>
                <![CDATA[[TestResult name=addLeadForAdditionalProjectLeadTest status=SUCCESS method=AddProjectLeadTest.addLeadForAdditionalProjectLeadTest(java.lang.String,java.lang.String,java.lang.String,java.lang.String,java.lang.String,java.lang.String,java.lang.String,java.lang.String,java.lang.String,java.lang.String,java.lang.String,java.lang.String,java.lang.String,java.lang.String,java.lang.String,java.lang.String,java.lang.String,java.lang.String,java.lang.String)[pri:0, instance:tests.AddProjectLeadTest@dd0c991] output={null}]]]>
              </value>
            </param>
          </params>
          <reporter-output>
          </reporter-output>
        </test-method> <!-- takeScreenshot -->
        <test-method signature="addLeadForAdditionalProjectLeadTest(java.lang.String,java.lang.String,java.lang.String,java.lang.String,java.lang.String,java.lang.String,java.lang.String,java.lang.String,java.lang.String,java.lang.String,java.lang.String,java.lang.String,java.lang.String,java.lang.String,java.lang.String,java.lang.String,java.lang.String,java.lang.String,java.lang.String)[pri:0, instance:tests.AddProjectLeadTest@dd0c991]" started-at="2025-09-04T11:34:27 IST" name="addLeadForAdditionalProjectLeadTest" data-provider="AdditionalleadData" finished-at="2025-09-04T11:34:39 IST" duration-ms="12026" status="PASS">
          <params>
            <param index="0">
              <value>
                <![CDATA[New Project 60]]>
              </value>
            </param>
            <param index="1">
              <value>
                <![CDATA[Karan]]>
              </value>
            </param>
            <param index="2">
              <value>
                <![CDATA[Mehta]]>
              </value>
            </param>
            <param index="3">
              <value>
                <![CDATA[+31]]>
              </value>
            </param>
            <param index="4">
              <value>
                <![CDATA[Digital]]>
              </value>
            </param>
            <param index="5">
              <value>
                <![CDATA[Website]]>
              </value>
            </param>
            <param index="6">
              <value>
                <![CDATA[Prefers email communication]]>
              </value>
            </param>
            <param index="7">
              <value>
                <![CDATA[New Project 65]]>
              </value>
            </param>
            <param index="8">
              <value>
                <![CDATA[+45]]>
              </value>
            </param>
            <param index="9">
              <value>
                <![CDATA[CP]]>
              </value>
            </param>
            <param index="10">
              <value>
                <![CDATA[Tushar Bhai]]>
              </value>
            </param>
            <param index="11">
              <value>
                <![CDATA[Chennai]]>
              </value>
            </param>
            <param index="12">
              <value>
                <![CDATA[In 3 Months]]>
              </value>
            </param>
            <param index="13">
              <value>
                <![CDATA[Warm]]>
              </value>
            </param>
            <param index="14">
              <value>
                <![CDATA[10 Cr to 15 Cr]]>
              </value>
            </param>
            <param index="15">
              <value>
                <![CDATA[1800 Sq.Ft]]>
              </value>
            </param>
            <param index="16">
              <value>
                <![CDATA[Commercial]]>
              </value>
            </param>
            <param index="17">
              <value>
                <![CDATA[Office]]>
              </value>
            </param>
            <param index="18">
              <value>
                <![CDATA[Invest]]>
              </value>
            </param>
          </params>
          <reporter-output>
          </reporter-output>
        </test-method> <!-- addLeadForAdditionalProjectLeadTest -->
        <test-method is-config="true" signature="takeScreenshot(org.testng.ITestResult)[pri:0, instance:tests.AddProjectLeadTest@dd0c991]" started-at="2025-09-04T11:34:39 IST" name="takeScreenshot" finished-at="2025-09-04T11:34:42 IST" duration-ms="2226" status="PASS">
          <params>
            <param index="0">
              <value>
                <![CDATA[[TestResult name=addLeadForAdditionalProjectLeadTest status=SUCCESS method=AddProjectLeadTest.addLeadForAdditionalProjectLeadTest(java.lang.String,java.lang.String,java.lang.String,java.lang.String,java.lang.String,java.lang.String,java.lang.String,java.lang.String,java.lang.String,java.lang.String,java.lang.String,java.lang.String,java.lang.String,java.lang.String,java.lang.String,java.lang.String,java.lang.String,java.lang.String,java.lang.String)[pri:0, instance:tests.AddProjectLeadTest@dd0c991] output={null}]]]>
              </value>
            </param>
          </params>
          <reporter-output>
          </reporter-output>
        </test-method> <!-- takeScreenshot -->
        <test-method signature="addLeadForAdditionalProjectLeadTest(java.lang.String,java.lang.String,java.lang.String,java.lang.String,java.lang.String,java.lang.String,java.lang.String,java.lang.String,java.lang.String,java.lang.String,java.lang.String,java.lang.String,java.lang.String,java.lang.String,java.lang.String,java.lang.String,java.lang.String,java.lang.String,java.lang.String)[pri:0, instance:tests.AddProjectLeadTest@dd0c991]" started-at="2025-09-04T11:34:42 IST" name="addLeadForAdditionalProjectLeadTest" data-provider="AdditionalleadData" finished-at="2025-09-04T11:34:53 IST" duration-ms="11354" status="PASS">
          <params>
            <param index="0">
              <value>
                <![CDATA[New Project 60]]>
              </value>
            </param>
            <param index="1">
              <value>
                <![CDATA[Neha]]>
              </value>
            </param>
            <param index="2">
              <value>
                <![CDATA[Desai]]>
              </value>
            </param>
            <param index="3">
              <value>
                <![CDATA[+32]]>
              </value>
            </param>
            <param index="4">
              <value>
                <![CDATA[Digital]]>
              </value>
            </param>
            <param index="5">
              <value>
                <![CDATA[Facebook]]>
              </value>
            </param>
            <param index="6">
              <value>
                <![CDATA[Requested site visit]]>
              </value>
            </param>
            <param index="7">
              <value>
                <![CDATA[New Project 65]]>
              </value>
            </param>
            <param index="8">
              <value>
                <![CDATA[+46]]>
              </value>
            </param>
            <param index="9">
              <value>
                <![CDATA[CP]]>
              </value>
            </param>
            <param index="10">
              <value>
                <![CDATA[Tushar Bhai]]>
              </value>
            </param>
            <param index="11">
              <value>
                <![CDATA[Ahmedabad]]>
              </value>
            </param>
            <param index="12">
              <value>
                <![CDATA[In 6 Months]]>
              </value>
            </param>
            <param index="13">
              <value>
                <![CDATA[Hot]]>
              </value>
            </param>
            <param index="14">
              <value>
                <![CDATA[Below 50 Lakh]]>
              </value>
            </param>
            <param index="15">
              <value>
                <![CDATA[2000 Sq.Ft]]>
              </value>
            </param>
            <param index="16">
              <value>
                <![CDATA[Commercial]]>
              </value>
            </param>
            <param index="17">
              <value>
                <![CDATA[Showroom]]>
              </value>
            </param>
            <param index="18">
              <value>
                <![CDATA[Lease]]>
              </value>
            </param>
          </params>
          <reporter-output>
          </reporter-output>
        </test-method> <!-- addLeadForAdditionalProjectLeadTest -->
        <test-method is-config="true" signature="takeScreenshot(org.testng.ITestResult)[pri:0, instance:tests.AddProjectLeadTest@dd0c991]" started-at="2025-09-04T11:34:53 IST" name="takeScreenshot" finished-at="2025-09-04T11:34:55 IST" duration-ms="2225" status="PASS">
          <params>
            <param index="0">
              <value>
                <![CDATA[[TestResult name=addLeadForAdditionalProjectLeadTest status=SUCCESS method=AddProjectLeadTest.addLeadForAdditionalProjectLeadTest(java.lang.String,java.lang.String,java.lang.String,java.lang.String,java.lang.String,java.lang.String,java.lang.String,java.lang.String,java.lang.String,java.lang.String,java.lang.String,java.lang.String,java.lang.String,java.lang.String,java.lang.String,java.lang.String,java.lang.String,java.lang.String,java.lang.String)[pri:0, instance:tests.AddProjectLeadTest@dd0c991] output={null}]]]>
              </value>
            </param>
          </params>
          <reporter-output>
          </reporter-output>
        </test-method> <!-- takeScreenshot -->
        <test-method signature="addLeadForAdditionalProjectLeadTest(java.lang.String,java.lang.String,java.lang.String,java.lang.String,java.lang.String,java.lang.String,java.lang.String,java.lang.String,java.lang.String,java.lang.String,java.lang.String,java.lang.String,java.lang.String,java.lang.String,java.lang.String,java.lang.String,java.lang.String,java.lang.String,java.lang.String)[pri:0, instance:tests.AddProjectLeadTest@dd0c991]" started-at="2025-09-04T11:34:55 IST" name="addLeadForAdditionalProjectLeadTest" data-provider="AdditionalleadData" finished-at="2025-09-04T11:35:08 IST" duration-ms="12408" status="PASS">
          <params>
            <param index="0">
              <value>
                <![CDATA[New Project 60]]>
              </value>
            </param>
            <param index="1">
              <value>
                <![CDATA[Raj]]>
              </value>
            </param>
            <param index="2">
              <value>
                <![CDATA[Verma]]>
              </value>
            </param>
            <param index="3">
              <value>
                <![CDATA[+33]]>
              </value>
            </param>
            <param index="4">
              <value>
                <![CDATA[Digital]]>
              </value>
            </param>
            <param index="5">
              <value>
                <![CDATA[Instagram]]>
              </value>
            </param>
            <param index="6">
              <value>
                <![CDATA[Interested in 2BHK]]>
              </value>
            </param>
            <param index="7">
              <value>
                <![CDATA[New Project 65]]>
              </value>
            </param>
            <param index="8">
              <value>
                <![CDATA[+420]]>
              </value>
            </param>
            <param index="9">
              <value>
                <![CDATA[CP]]>
              </value>
            </param>
            <param index="10">
              <value>
                <![CDATA[Tushar Bhai]]>
              </value>
            </param>
            <param index="11">
              <value>
                <![CDATA[Kolkata]]>
              </value>
            </param>
            <param index="12">
              <value>
                <![CDATA[In 1 Year +]]>
              </value>
            </param>
            <param index="13">
              <value>
                <![CDATA[Cold]]>
              </value>
            </param>
            <param index="14">
              <value>
                <![CDATA[1 Cr to 2 Cr]]>
              </value>
            </param>
            <param index="15">
              <value>
                <![CDATA[2200 Sq.Ft]]>
              </value>
            </param>
            <param index="16">
              <value>
                <![CDATA[Commercial]]>
              </value>
            </param>
            <param index="17">
              <value>
                <![CDATA[Shop]]>
              </value>
            </param>
            <param index="18">
              <value>
                <![CDATA[Pre-Lease]]>
              </value>
            </param>
          </params>
          <reporter-output>
          </reporter-output>
        </test-method> <!-- addLeadForAdditionalProjectLeadTest -->
        <test-method is-config="true" signature="takeScreenshot(org.testng.ITestResult)[pri:0, instance:tests.AddProjectLeadTest@dd0c991]" started-at="2025-09-04T11:35:08 IST" name="takeScreenshot" finished-at="2025-09-04T11:35:10 IST" duration-ms="2200" status="PASS">
          <params>
            <param index="0">
              <value>
                <![CDATA[[TestResult name=addLeadForAdditionalProjectLeadTest status=SUCCESS method=AddProjectLeadTest.addLeadForAdditionalProjectLeadTest(java.lang.String,java.lang.String,java.lang.String,java.lang.String,java.lang.String,java.lang.String,java.lang.String,java.lang.String,java.lang.String,java.lang.String,java.lang.String,java.lang.String,java.lang.String,java.lang.String,java.lang.String,java.lang.String,java.lang.String,java.lang.String,java.lang.String)[pri:0, instance:tests.AddProjectLeadTest@dd0c991] output={null}]]]>
              </value>
            </param>
          </params>
          <reporter-output>
          </reporter-output>
        </test-method> <!-- takeScreenshot -->
        <test-method signature="addLeadForAdditionalProjectLeadTest(java.lang.String,java.lang.String,java.lang.String,java.lang.String,java.lang.String,java.lang.String,java.lang.String,java.lang.String,java.lang.String,java.lang.String,java.lang.String,java.lang.String,java.lang.String,java.lang.String,java.lang.String,java.lang.String,java.lang.String,java.lang.String,java.lang.String)[pri:0, instance:tests.AddProjectLeadTest@dd0c991]" started-at="2025-09-04T11:35:10 IST" name="addLeadForAdditionalProjectLeadTest" data-provider="AdditionalleadData" finished-at="2025-09-04T11:35:22 IST" duration-ms="11892" status="PASS">
          <params>
            <param index="0">
              <value>
                <![CDATA[New Project 60]]>
              </value>
            </param>
            <param index="1">
              <value>
                <![CDATA[Isha]]>
              </value>
            </param>
            <param index="2">
              <value>
                <![CDATA[Gupta]]>
              </value>
            </param>
            <param index="3">
              <value>
                <![CDATA[+34]]>
              </value>
            </param>
            <param index="4">
              <value>
                <![CDATA[Digital]]>
              </value>
            </param>
            <param index="5">
              <value>
                <![CDATA[LinkedIn]]>
              </value>
            </param>
            <param index="6">
              <value>
                <![CDATA[Budget under 50L]]>
              </value>
            </param>
            <param index="7">
              <value>
                <![CDATA[New Project 65]]>
              </value>
            </param>
            <param index="8">
              <value>
                <![CDATA[+48]]>
              </value>
            </param>
            <param index="9">
              <value>
                <![CDATA[CP]]>
              </value>
            </param>
            <param index="10">
              <value>
                <![CDATA[Tushar Bhai]]>
              </value>
            </param>
            <param index="11">
              <value>
                <![CDATA[Dubai]]>
              </value>
            </param>
            <param index="12">
              <value>
                <![CDATA[Immediate]]>
              </value>
            </param>
            <param index="13">
              <value>
                <![CDATA[Warm]]>
              </value>
            </param>
            <param index="14">
              <value>
                <![CDATA[2 Cr to 5 Cr]]>
              </value>
            </param>
            <param index="15">
              <value>
                <![CDATA[2500 Sq.Ft]]>
              </value>
            </param>
            <param index="16">
              <value>
                <![CDATA[Residential]]>
              </value>
            </param>
            <param index="17">
              <value>
                <![CDATA[2 Bhk]]>
              </value>
            </param>
            <param index="18">
              <value>
                <![CDATA[Buy]]>
              </value>
            </param>
          </params>
          <reporter-output>
          </reporter-output>
        </test-method> <!-- addLeadForAdditionalProjectLeadTest -->
        <test-method is-config="true" signature="takeScreenshot(org.testng.ITestResult)[pri:0, instance:tests.AddProjectLeadTest@dd0c991]" started-at="2025-09-04T11:35:22 IST" name="takeScreenshot" finished-at="2025-09-04T11:35:24 IST" duration-ms="2224" status="PASS">
          <params>
            <param index="0">
              <value>
                <![CDATA[[TestResult name=addLeadForAdditionalProjectLeadTest status=SUCCESS method=AddProjectLeadTest.addLeadForAdditionalProjectLeadTest(java.lang.String,java.lang.String,java.lang.String,java.lang.String,java.lang.String,java.lang.String,java.lang.String,java.lang.String,java.lang.String,java.lang.String,java.lang.String,java.lang.String,java.lang.String,java.lang.String,java.lang.String,java.lang.String,java.lang.String,java.lang.String,java.lang.String)[pri:0, instance:tests.AddProjectLeadTest@dd0c991] output={null}]]]>
              </value>
            </param>
          </params>
          <reporter-output>
          </reporter-output>
        </test-method> <!-- takeScreenshot -->
        <test-method signature="addLeadForAdditionalProjectLeadTest(java.lang.String,java.lang.String,java.lang.String,java.lang.String,java.lang.String,java.lang.String,java.lang.String,java.lang.String,java.lang.String,java.lang.String,java.lang.String,java.lang.String,java.lang.String,java.lang.String,java.lang.String,java.lang.String,java.lang.String,java.lang.String,java.lang.String)[pri:0, instance:tests.AddProjectLeadTest@dd0c991]" started-at="2025-09-04T11:35:24 IST" name="addLeadForAdditionalProjectLeadTest" data-provider="AdditionalleadData" finished-at="2025-09-04T11:35:35 IST" duration-ms="11444" status="PASS">
          <params>
            <param index="0">
              <value>
                <![CDATA[New Project 60]]>
              </value>
            </param>
            <param index="1">
              <value>
                <![CDATA[Arjun]]>
              </value>
            </param>
            <param index="2">
              <value>
                <![CDATA[Mehta]]>
              </value>
            </param>
            <param index="3">
              <value>
                <![CDATA[+49]]>
              </value>
            </param>
            <param index="4">
              <value>
                <![CDATA[Digital]]>
              </value>
            </param>
            <param index="5">
              <value>
                <![CDATA[SMS]]>
              </value>
            </param>
            <param index="6">
              <value>
                <![CDATA[Asked for EMI options]]>
              </value>
            </param>
            <param index="7">
              <value>
                <![CDATA[New Project 65]]>
              </value>
            </param>
            <param index="8">
              <value>
                <![CDATA[+51]]>
              </value>
            </param>
            <param index="9">
              <value>
                <![CDATA[CP]]>
              </value>
            </param>
            <param index="10">
              <value>
                <![CDATA[Tushar Bhai]]>
              </value>
            </param>
            <param index="11">
              <value>
                <![CDATA[Abu Dhabi]]>
              </value>
            </param>
            <param index="12">
              <value>
                <![CDATA[In 3 Months]]>
              </value>
            </param>
            <param index="13">
              <value>
                <![CDATA[Hot]]>
              </value>
            </param>
            <param index="14">
              <value>
                <![CDATA[5 Cr to 10 Cr]]>
              </value>
            </param>
            <param index="15">
              <value>
                <![CDATA[3000 Sq.Ft]]>
              </value>
            </param>
            <param index="16">
              <value>
                <![CDATA[Residential]]>
              </value>
            </param>
            <param index="17">
              <value>
                <![CDATA[3 Bhk]]>
              </value>
            </param>
            <param index="18">
              <value>
                <![CDATA[Invest]]>
              </value>
            </param>
          </params>
          <reporter-output>
          </reporter-output>
        </test-method> <!-- addLeadForAdditionalProjectLeadTest -->
        <test-method is-config="true" signature="takeScreenshot(org.testng.ITestResult)[pri:0, instance:tests.AddProjectLeadTest@dd0c991]" started-at="2025-09-04T11:35:35 IST" name="takeScreenshot" finished-at="2025-09-04T11:35:38 IST" duration-ms="2220" status="PASS">
          <params>
            <param index="0">
              <value>
                <![CDATA[[TestResult name=addLeadForAdditionalProjectLeadTest status=SUCCESS method=AddProjectLeadTest.addLeadForAdditionalProjectLeadTest(java.lang.String,java.lang.String,java.lang.String,java.lang.String,java.lang.String,java.lang.String,java.lang.String,java.lang.String,java.lang.String,java.lang.String,java.lang.String,java.lang.String,java.lang.String,java.lang.String,java.lang.String,java.lang.String,java.lang.String,java.lang.String,java.lang.String)[pri:0, instance:tests.AddProjectLeadTest@dd0c991] output={null}]]]>
              </value>
            </param>
          </params>
          <reporter-output>
          </reporter-output>
        </test-method> <!-- takeScreenshot -->
        <test-method signature="addLeadForAdditionalProjectLeadTest(java.lang.String,java.lang.String,java.lang.String,java.lang.String,java.lang.String,java.lang.String,java.lang.String,java.lang.String,java.lang.String,java.lang.String,java.lang.String,java.lang.String,java.lang.String,java.lang.String,java.lang.String,java.lang.String,java.lang.String,java.lang.String,java.lang.String)[pri:0, instance:tests.AddProjectLeadTest@dd0c991]" started-at="2025-09-04T11:35:38 IST" name="addLeadForAdditionalProjectLeadTest" data-provider="AdditionalleadData" finished-at="2025-09-04T11:35:50 IST" duration-ms="11953" status="PASS">
          <params>
            <param index="0">
              <value>
                <![CDATA[New Project 60]]>
              </value>
            </param>
            <param index="1">
              <value>
                <![CDATA[Priya]]>
              </value>
            </param>
            <param index="2">
              <value>
                <![CDATA[Sharma]]>
              </value>
            </param>
            <param index="3">
              <value>
                <![CDATA[+52]]>
              </value>
            </param>
            <param index="4">
              <value>
                <![CDATA[Digital]]>
              </value>
            </param>
            <param index="5">
              <value>
                <![CDATA[YouTube]]>
              </value>
            </param>
            <param index="6">
              <value>
                <![CDATA[Wants luxury property]]>
              </value>
            </param>
            <param index="7">
              <value>
                <![CDATA[New Project 65]]>
              </value>
            </param>
            <param index="8">
              <value>
                <![CDATA[+53]]>
              </value>
            </param>
            <param index="9">
              <value>
                <![CDATA[CP]]>
              </value>
            </param>
            <param index="10">
              <value>
                <![CDATA[Tushar Bhai]]>
              </value>
            </param>
            <param index="11">
              <value>
                <![CDATA[Sharjah]]>
              </value>
            </param>
            <param index="12">
              <value>
                <![CDATA[In 6 Months]]>
              </value>
            </param>
            <param index="13">
              <value>
                <![CDATA[Cold]]>
              </value>
            </param>
            <param index="14">
              <value>
                <![CDATA[10 Cr to 15 Cr]]>
              </value>
            </param>
            <param index="15">
              <value>
                <![CDATA[3500 Sq.Ft]]>
              </value>
            </param>
            <param index="16">
              <value>
                <![CDATA[Residential]]>
              </value>
            </param>
            <param index="17">
              <value>
                <![CDATA[4 Bhk]]>
              </value>
            </param>
            <param index="18">
              <value>
                <![CDATA[Lease]]>
              </value>
            </param>
          </params>
          <reporter-output>
          </reporter-output>
        </test-method> <!-- addLeadForAdditionalProjectLeadTest -->
        <test-method is-config="true" signature="takeScreenshot(org.testng.ITestResult)[pri:0, instance:tests.AddProjectLeadTest@dd0c991]" started-at="2025-09-04T11:35:50 IST" name="takeScreenshot" finished-at="2025-09-04T11:35:52 IST" duration-ms="2221" status="PASS">
          <params>
            <param index="0">
              <value>
                <![CDATA[[TestResult name=addLeadForAdditionalProjectLeadTest status=SUCCESS method=AddProjectLeadTest.addLeadForAdditionalProjectLeadTest(java.lang.String,java.lang.String,java.lang.String,java.lang.String,java.lang.String,java.lang.String,java.lang.String,java.lang.String,java.lang.String,java.lang.String,java.lang.String,java.lang.String,java.lang.String,java.lang.String,java.lang.String,java.lang.String,java.lang.String,java.lang.String,java.lang.String)[pri:0, instance:tests.AddProjectLeadTest@dd0c991] output={null}]]]>
              </value>
            </param>
          </params>
          <reporter-output>
          </reporter-output>
        </test-method> <!-- takeScreenshot -->
        <test-method signature="addLeadForAdditionalProjectLeadTest(java.lang.String,java.lang.String,java.lang.String,java.lang.String,java.lang.String,java.lang.String,java.lang.String,java.lang.String,java.lang.String,java.lang.String,java.lang.String,java.lang.String,java.lang.String,java.lang.String,java.lang.String,java.lang.String,java.lang.String,java.lang.String,java.lang.String)[pri:0, instance:tests.AddProjectLeadTest@dd0c991]" started-at="2025-09-04T11:35:52 IST" name="addLeadForAdditionalProjectLeadTest" data-provider="AdditionalleadData" finished-at="2025-09-04T11:36:04 IST" duration-ms="12009" status="PASS">
          <params>
            <param index="0">
              <value>
                <![CDATA[New Project 60]]>
              </value>
            </param>
            <param index="1">
              <value>
                <![CDATA[Rohan]]>
              </value>
            </param>
            <param index="2">
              <value>
                <![CDATA[Desai]]>
              </value>
            </param>
            <param index="3">
              <value>
                <![CDATA[+55]]>
              </value>
            </param>
            <param index="4">
              <value>
                <![CDATA[Digital]]>
              </value>
            </param>
            <param index="5">
              <value>
                <![CDATA[IVRS]]>
              </value>
            </param>
            <param index="6">
              <value>
                <![CDATA[Interested in office space]]>
              </value>
            </param>
            <param index="7">
              <value>
                <![CDATA[New Project 65]]>
              </value>
            </param>
            <param index="8">
              <value>
                <![CDATA[+54]]>
              </value>
            </param>
            <param index="9">
              <value>
                <![CDATA[CP]]>
              </value>
            </param>
            <param index="10">
              <value>
                <![CDATA[Tushar Bhai]]>
              </value>
            </param>
            <param index="11">
              <value>
                <![CDATA[Singapore]]>
              </value>
            </param>
            <param index="12">
              <value>
                <![CDATA[In 1 Year +]]>
              </value>
            </param>
            <param index="13">
              <value>
                <![CDATA[Warm]]>
              </value>
            </param>
            <param index="14">
              <value>
                <![CDATA[Below 50 Lakh]]>
              </value>
            </param>
            <param index="15">
              <value>
                <![CDATA[4000 Sq.Ft]]>
              </value>
            </param>
            <param index="16">
              <value>
                <![CDATA[Residential]]>
              </value>
            </param>
            <param index="17">
              <value>
                <![CDATA[5 Bhk]]>
              </value>
            </param>
            <param index="18">
              <value>
                <![CDATA[Pre-Lease]]>
              </value>
            </param>
          </params>
          <reporter-output>
          </reporter-output>
        </test-method> <!-- addLeadForAdditionalProjectLeadTest -->
        <test-method is-config="true" signature="takeScreenshot(org.testng.ITestResult)[pri:0, instance:tests.AddProjectLeadTest@dd0c991]" started-at="2025-09-04T11:36:04 IST" name="takeScreenshot" finished-at="2025-09-04T11:36:06 IST" duration-ms="2221" status="PASS">
          <params>
            <param index="0">
              <value>
                <![CDATA[[TestResult name=addLeadForAdditionalProjectLeadTest status=SUCCESS method=AddProjectLeadTest.addLeadForAdditionalProjectLeadTest(java.lang.String,java.lang.String,java.lang.String,java.lang.String,java.lang.String,java.lang.String,java.lang.String,java.lang.String,java.lang.String,java.lang.String,java.lang.String,java.lang.String,java.lang.String,java.lang.String,java.lang.String,java.lang.String,java.lang.String,java.lang.String,java.lang.String)[pri:0, instance:tests.AddProjectLeadTest@dd0c991] output={null}]]]>
              </value>
            </param>
          </params>
          <reporter-output>
          </reporter-output>
        </test-method> <!-- takeScreenshot -->
        <test-method signature="addLeadForAdditionalProjectLeadTest(java.lang.String,java.lang.String,java.lang.String,java.lang.String,java.lang.String,java.lang.String,java.lang.String,java.lang.String,java.lang.String,java.lang.String,java.lang.String,java.lang.String,java.lang.String,java.lang.String,java.lang.String,java.lang.String,java.lang.String,java.lang.String,java.lang.String)[pri:0, instance:tests.AddProjectLeadTest@dd0c991]" started-at="2025-09-04T11:36:06 IST" name="addLeadForAdditionalProjectLeadTest" data-provider="AdditionalleadData" finished-at="2025-09-04T11:36:18 IST" duration-ms="11910" status="PASS">
          <params>
            <param index="0">
              <value>
                <![CDATA[New Project 60]]>
              </value>
            </param>
            <param index="1">
              <value>
                <![CDATA[Kavita]]>
              </value>
            </param>
            <param index="2">
              <value>
                <![CDATA[Iyer]]>
              </value>
            </param>
            <param index="3">
              <value>
                <![CDATA[+62]]>
              </value>
            </param>
            <param index="4">
              <value>
                <![CDATA[Digital]]>
              </value>
            </param>
            <param index="5">
              <value>
                <![CDATA[Google]]>
              </value>
            </param>
            <param index="6">
              <value>
                <![CDATA[Student housing required]]>
              </value>
            </param>
            <param index="7">
              <value>
                <![CDATA[New Project 65]]>
              </value>
            </param>
            <param index="8">
              <value>
                <![CDATA[+56]]>
              </value>
            </param>
            <param index="9">
              <value>
                <![CDATA[CP]]>
              </value>
            </param>
            <param index="10">
              <value>
                <![CDATA[Tushar Bhai]]>
              </value>
            </param>
            <param index="11">
              <value>
                <![CDATA[Kuala Lumpur]]>
              </value>
            </param>
            <param index="12">
              <value>
                <![CDATA[Immediate]]>
              </value>
            </param>
            <param index="13">
              <value>
                <![CDATA[Hot]]>
              </value>
            </param>
            <param index="14">
              <value>
                <![CDATA[1 Cr to 2 Cr]]>
              </value>
            </param>
            <param index="15">
              <value>
                <![CDATA[4500 Sq.Ft]]>
              </value>
            </param>
            <param index="16">
              <value>
                <![CDATA[Residential]]>
              </value>
            </param>
            <param index="17">
              <value>
                <![CDATA[Weekend Villa]]>
              </value>
            </param>
            <param index="18">
              <value>
                <![CDATA[Invest]]>
              </value>
            </param>
          </params>
          <reporter-output>
          </reporter-output>
        </test-method> <!-- addLeadForAdditionalProjectLeadTest -->
        <test-method is-config="true" signature="takeScreenshot(org.testng.ITestResult)[pri:0, instance:tests.AddProjectLeadTest@dd0c991]" started-at="2025-09-04T11:36:18 IST" name="takeScreenshot" finished-at="2025-09-04T11:36:20 IST" duration-ms="2221" status="PASS">
          <params>
            <param index="0">
              <value>
                <![CDATA[[TestResult name=addLeadForAdditionalProjectLeadTest status=SUCCESS method=AddProjectLeadTest.addLeadForAdditionalProjectLeadTest(java.lang.String,java.lang.String,java.lang.String,java.lang.String,java.lang.String,java.lang.String,java.lang.String,java.lang.String,java.lang.String,java.lang.String,java.lang.String,java.lang.String,java.lang.String,java.lang.String,java.lang.String,java.lang.String,java.lang.String,java.lang.String,java.lang.String)[pri:0, instance:tests.AddProjectLeadTest@dd0c991] output={null}]]]>
              </value>
            </param>
          </params>
          <reporter-output>
          </reporter-output>
        </test-method> <!-- takeScreenshot -->
        <test-method signature="addLeadForAdditionalProjectLeadTest(java.lang.String,java.lang.String,java.lang.String,java.lang.String,java.lang.String,java.lang.String,java.lang.String,java.lang.String,java.lang.String,java.lang.String,java.lang.String,java.lang.String,java.lang.String,java.lang.String,java.lang.String,java.lang.String,java.lang.String,java.lang.String,java.lang.String)[pri:0, instance:tests.AddProjectLeadTest@dd0c991]" started-at="2025-09-04T11:36:20 IST" name="addLeadForAdditionalProjectLeadTest" data-provider="AdditionalleadData" finished-at="2025-09-04T11:36:32 IST" duration-ms="11892" status="PASS">
          <params>
            <param index="0">
              <value>
                <![CDATA[New Project 60]]>
              </value>
            </param>
            <param index="1">
              <value>
                <![CDATA[Sameer]]>
              </value>
            </param>
            <param index="2">
              <value>
                <![CDATA[Khan]]>
              </value>
            </param>
            <param index="3">
              <value>
                <![CDATA[+63]]>
              </value>
            </param>
            <param index="4">
              <value>
                <![CDATA[Digital]]>
              </value>
            </param>
            <param index="5">
              <value>
                <![CDATA[Email]]>
              </value>
            </param>
            <param index="6">
              <value>
                <![CDATA[Prefers WhatsApp updates]]>
              </value>
            </param>
            <param index="7">
              <value>
                <![CDATA[New Project 65]]>
              </value>
            </param>
            <param index="8">
              <value>
                <![CDATA[+57]]>
              </value>
            </param>
            <param index="9">
              <value>
                <![CDATA[CP]]>
              </value>
            </param>
            <param index="10">
              <value>
                <![CDATA[Tushar Bhai]]>
              </value>
            </param>
            <param index="11">
              <value>
                <![CDATA[Bangkok]]>
              </value>
            </param>
            <param index="12">
              <value>
                <![CDATA[In 3 Months]]>
              </value>
            </param>
            <param index="13">
              <value>
                <![CDATA[Cold]]>
              </value>
            </param>
            <param index="14">
              <value>
                <![CDATA[2 Cr to 5 Cr]]>
              </value>
            </param>
            <param index="15">
              <value>
                <![CDATA[5000 Sq.Ft]]>
              </value>
            </param>
            <param index="16">
              <value>
                <![CDATA[Commercial]]>
              </value>
            </param>
            <param index="17">
              <value>
                <![CDATA[Office]]>
              </value>
            </param>
            <param index="18">
              <value>
                <![CDATA[Lease]]>
              </value>
            </param>
          </params>
          <reporter-output>
          </reporter-output>
        </test-method> <!-- addLeadForAdditionalProjectLeadTest -->
        <test-method is-config="true" signature="takeScreenshot(org.testng.ITestResult)[pri:0, instance:tests.AddProjectLeadTest@dd0c991]" started-at="2025-09-04T11:36:32 IST" name="takeScreenshot" finished-at="2025-09-04T11:36:34 IST" duration-ms="2220" status="PASS">
          <params>
            <param index="0">
              <value>
                <![CDATA[[TestResult name=addLeadForAdditionalProjectLeadTest status=SUCCESS method=AddProjectLeadTest.addLeadForAdditionalProjectLeadTest(java.lang.String,java.lang.String,java.lang.String,java.lang.String,java.lang.String,java.lang.String,java.lang.String,java.lang.String,java.lang.String,java.lang.String,java.lang.String,java.lang.String,java.lang.String,java.lang.String,java.lang.String,java.lang.String,java.lang.String,java.lang.String,java.lang.String)[pri:0, instance:tests.AddProjectLeadTest@dd0c991] output={null}]]]>
              </value>
            </param>
          </params>
          <reporter-output>
          </reporter-output>
        </test-method> <!-- takeScreenshot -->
        <test-method signature="addLeadForAdditionalProjectLeadTest(java.lang.String,java.lang.String,java.lang.String,java.lang.String,java.lang.String,java.lang.String,java.lang.String,java.lang.String,java.lang.String,java.lang.String,java.lang.String,java.lang.String,java.lang.String,java.lang.String,java.lang.String,java.lang.String,java.lang.String,java.lang.String,java.lang.String)[pri:0, instance:tests.AddProjectLeadTest@dd0c991]" started-at="2025-09-04T11:36:34 IST" name="addLeadForAdditionalProjectLeadTest" data-provider="AdditionalleadData" finished-at="2025-09-04T11:36:46 IST" duration-ms="11413" status="PASS">
          <params>
            <param index="0">
              <value>
                <![CDATA[New Project 60]]>
              </value>
            </param>
            <param index="1">
              <value>
                <![CDATA[Neha]]>
              </value>
            </param>
            <param index="2">
              <value>
                <![CDATA[Kulkarni]]>
              </value>
            </param>
            <param index="3">
              <value>
                <![CDATA[+64]]>
              </value>
            </param>
            <param index="4">
              <value>
                <![CDATA[Digital]]>
              </value>
            </param>
            <param index="5">
              <value>
                <![CDATA[WhatsApp]]>
              </value>
            </param>
            <param index="6">
              <value>
                <![CDATA[Wants loan assistance]]>
              </value>
            </param>
            <param index="7">
              <value>
                <![CDATA[New Project 65]]>
              </value>
            </param>
            <param index="8">
              <value>
                <![CDATA[+58]]>
              </value>
            </param>
            <param index="9">
              <value>
                <![CDATA[CP]]>
              </value>
            </param>
            <param index="10">
              <value>
                <![CDATA[Tushar Bhai]]>
              </value>
            </param>
            <param index="11">
              <value>
                <![CDATA[Jakarta]]>
              </value>
            </param>
            <param index="12">
              <value>
                <![CDATA[In 6 Months]]>
              </value>
            </param>
            <param index="13">
              <value>
                <![CDATA[Warm]]>
              </value>
            </param>
            <param index="14">
              <value>
                <![CDATA[5 Cr to 10 Cr]]>
              </value>
            </param>
            <param index="15">
              <value>
                <![CDATA[5500 Sq.Ft]]>
              </value>
            </param>
            <param index="16">
              <value>
                <![CDATA[Commercial]]>
              </value>
            </param>
            <param index="17">
              <value>
                <![CDATA[Showroom]]>
              </value>
            </param>
            <param index="18">
              <value>
                <![CDATA[Pre-Lease]]>
              </value>
            </param>
          </params>
          <reporter-output>
          </reporter-output>
        </test-method> <!-- addLeadForAdditionalProjectLeadTest -->
        <test-method is-config="true" signature="takeScreenshot(org.testng.ITestResult)[pri:0, instance:tests.AddProjectLeadTest@dd0c991]" started-at="2025-09-04T11:36:46 IST" name="takeScreenshot" finished-at="2025-09-04T11:36:48 IST" duration-ms="2221" status="PASS">
          <params>
            <param index="0">
              <value>
                <![CDATA[[TestResult name=addLeadForAdditionalProjectLeadTest status=SUCCESS method=AddProjectLeadTest.addLeadForAdditionalProjectLeadTest(java.lang.String,java.lang.String,java.lang.String,java.lang.String,java.lang.String,java.lang.String,java.lang.String,java.lang.String,java.lang.String,java.lang.String,java.lang.String,java.lang.String,java.lang.String,java.lang.String,java.lang.String,java.lang.String,java.lang.String,java.lang.String,java.lang.String)[pri:0, instance:tests.AddProjectLeadTest@dd0c991] output={null}]]]>
              </value>
            </param>
          </params>
          <reporter-output>
          </reporter-output>
        </test-method> <!-- takeScreenshot -->
        <test-method signature="addLeadForAdditionalProjectLeadTest(java.lang.String,java.lang.String,java.lang.String,java.lang.String,java.lang.String,java.lang.String,java.lang.String,java.lang.String,java.lang.String,java.lang.String,java.lang.String,java.lang.String,java.lang.String,java.lang.String,java.lang.String,java.lang.String,java.lang.String,java.lang.String,java.lang.String)[pri:0, instance:tests.AddProjectLeadTest@dd0c991]" started-at="2025-09-04T11:36:48 IST" name="addLeadForAdditionalProjectLeadTest" data-provider="AdditionalleadData" finished-at="2025-09-04T11:36:59 IST" duration-ms="11404" status="PASS">
          <params>
            <param index="0">
              <value>
                <![CDATA[New Project 60]]>
              </value>
            </param>
            <param index="1">
              <value>
                <![CDATA[Amit]]>
              </value>
            </param>
            <param index="2">
              <value>
                <![CDATA[Gupta]]>
              </value>
            </param>
            <param index="3">
              <value>
                <![CDATA[+66]]>
              </value>
            </param>
            <param index="4">
              <value>
                <![CDATA[Walkin]]>
              </value>
            </param>
            <param index="5">
              <value>
                <![CDATA[Website]]>
              </value>
            </param>
            <param index="6">
              <value>
                <![CDATA[Interested in resale]]>
              </value>
            </param>
            <param index="7">
              <value>
                <![CDATA[New Project 65]]>
              </value>
            </param>
            <param index="8">
              <value>
                <![CDATA[+81]]>
              </value>
            </param>
            <param index="9">
              <value>
                <![CDATA[CP]]>
              </value>
            </param>
            <param index="10">
              <value>
                <![CDATA[Tushar Bhai]]>
              </value>
            </param>
            <param index="11">
              <value>
                <![CDATA[Bali]]>
              </value>
            </param>
            <param index="12">
              <value>
                <![CDATA[In 1 Year +]]>
              </value>
            </param>
            <param index="13">
              <value>
                <![CDATA[Hot]]>
              </value>
            </param>
            <param index="14">
              <value>
                <![CDATA[10 Cr to 15 Cr]]>
              </value>
            </param>
            <param index="15">
              <value>
                <![CDATA[6000 Sq.Ft]]>
              </value>
            </param>
            <param index="16">
              <value>
                <![CDATA[Commercial]]>
              </value>
            </param>
            <param index="17">
              <value>
                <![CDATA[Shop]]>
              </value>
            </param>
            <param index="18">
              <value>
                <![CDATA[Buy]]>
              </value>
            </param>
          </params>
          <reporter-output>
          </reporter-output>
        </test-method> <!-- addLeadForAdditionalProjectLeadTest -->
        <test-method is-config="true" signature="takeScreenshot(org.testng.ITestResult)[pri:0, instance:tests.AddProjectLeadTest@dd0c991]" started-at="2025-09-04T11:36:59 IST" name="takeScreenshot" finished-at="2025-09-04T11:37:02 IST" duration-ms="2207" status="PASS">
          <params>
            <param index="0">
              <value>
                <![CDATA[[TestResult name=addLeadForAdditionalProjectLeadTest status=SUCCESS method=AddProjectLeadTest.addLeadForAdditionalProjectLeadTest(java.lang.String,java.lang.String,java.lang.String,java.lang.String,java.lang.String,java.lang.String,java.lang.String,java.lang.String,java.lang.String,java.lang.String,java.lang.String,java.lang.String,java.lang.String,java.lang.String,java.lang.String,java.lang.String,java.lang.String,java.lang.String,java.lang.String)[pri:0, instance:tests.AddProjectLeadTest@dd0c991] output={null}]]]>
              </value>
            </param>
          </params>
          <reporter-output>
          </reporter-output>
        </test-method> <!-- takeScreenshot -->
        <test-method signature="addLeadForAdditionalProjectLeadTest(java.lang.String,java.lang.String,java.lang.String,java.lang.String,java.lang.String,java.lang.String,java.lang.String,java.lang.String,java.lang.String,java.lang.String,java.lang.String,java.lang.String,java.lang.String,java.lang.String,java.lang.String,java.lang.String,java.lang.String,java.lang.String,java.lang.String)[pri:0, instance:tests.AddProjectLeadTest@dd0c991]" started-at="2025-09-04T11:37:02 IST" name="addLeadForAdditionalProjectLeadTest" data-provider="AdditionalleadData" finished-at="2025-09-04T11:37:13 IST" duration-ms="11361" status="PASS">
          <params>
            <param index="0">
              <value>
                <![CDATA[New Project 60]]>
              </value>
            </param>
            <param index="1">
              <value>
                <![CDATA[Sneha]]>
              </value>
            </param>
            <param index="2">
              <value>
                <![CDATA[Reddy]]>
              </value>
            </param>
            <param index="3">
              <value>
                <![CDATA[+81]]>
              </value>
            </param>
            <param index="4">
              <value>
                <![CDATA[Walkin]]>
              </value>
            </param>
            <param index="5">
              <value>
                <![CDATA[Facebook]]>
              </value>
            </param>
            <param index="6">
              <value>
                <![CDATA[Family shifting soon]]>
              </value>
            </param>
            <param index="7">
              <value>
                <![CDATA[New Project 65]]>
              </value>
            </param>
            <param index="8">
              <value>
                <![CDATA[+82]]>
              </value>
            </param>
            <param index="9">
              <value>
                <![CDATA[CP]]>
              </value>
            </param>
            <param index="10">
              <value>
                <![CDATA[Tushar Bhai]]>
              </value>
            </param>
            <param index="11">
              <value>
                <![CDATA[London]]>
              </value>
            </param>
            <param index="12">
              <value>
                <![CDATA[Immediate]]>
              </value>
            </param>
            <param index="13">
              <value>
                <![CDATA[Cold]]>
              </value>
            </param>
            <param index="14">
              <value>
                <![CDATA[Below 50 Lakh]]>
              </value>
            </param>
            <param index="15">
              <value>
                <![CDATA[6500 Sq.Ft]]>
              </value>
            </param>
            <param index="16">
              <value>
                <![CDATA[Residential]]>
              </value>
            </param>
            <param index="17">
              <value>
                <![CDATA[2 Bhk]]>
              </value>
            </param>
            <param index="18">
              <value>
                <![CDATA[Invest]]>
              </value>
            </param>
          </params>
          <reporter-output>
          </reporter-output>
        </test-method> <!-- addLeadForAdditionalProjectLeadTest -->
        <test-method is-config="true" signature="takeScreenshot(org.testng.ITestResult)[pri:0, instance:tests.AddProjectLeadTest@dd0c991]" started-at="2025-09-04T11:37:13 IST" name="takeScreenshot" finished-at="2025-09-04T11:37:15 IST" duration-ms="2223" status="PASS">
          <params>
            <param index="0">
              <value>
                <![CDATA[[TestResult name=addLeadForAdditionalProjectLeadTest status=SUCCESS method=AddProjectLeadTest.addLeadForAdditionalProjectLeadTest(java.lang.String,java.lang.String,java.lang.String,java.lang.String,java.lang.String,java.lang.String,java.lang.String,java.lang.String,java.lang.String,java.lang.String,java.lang.String,java.lang.String,java.lang.String,java.lang.String,java.lang.String,java.lang.String,java.lang.String,java.lang.String,java.lang.String)[pri:0, instance:tests.AddProjectLeadTest@dd0c991] output={null}]]]>
              </value>
            </param>
          </params>
          <reporter-output>
          </reporter-output>
        </test-method> <!-- takeScreenshot -->
        <test-method signature="addLeadForAdditionalProjectLeadTest(java.lang.String,java.lang.String,java.lang.String,java.lang.String,java.lang.String,java.lang.String,java.lang.String,java.lang.String,java.lang.String,java.lang.String,java.lang.String,java.lang.String,java.lang.String,java.lang.String,java.lang.String,java.lang.String,java.lang.String,java.lang.String,java.lang.String)[pri:0, instance:tests.AddProjectLeadTest@dd0c991]" started-at="2025-09-04T11:37:15 IST" name="addLeadForAdditionalProjectLeadTest" data-provider="AdditionalleadData" finished-at="2025-09-04T11:37:27 IST" duration-ms="11387" status="PASS">
          <params>
            <param index="0">
              <value>
                <![CDATA[New Project 60]]>
              </value>
            </param>
            <param index="1">
              <value>
                <![CDATA[Vikram]]>
              </value>
            </param>
            <param index="2">
              <value>
                <![CDATA[Joshi]]>
              </value>
            </param>
            <param index="3">
              <value>
                <![CDATA[+82]]>
              </value>
            </param>
            <param index="4">
              <value>
                <![CDATA[Walkin]]>
              </value>
            </param>
            <param index="5">
              <value>
                <![CDATA[Instagram]]>
              </value>
            </param>
            <param index="6">
              <value>
                <![CDATA[Needs 3BHK apartment]]>
              </value>
            </param>
            <param index="7">
              <value>
                <![CDATA[New Project 65]]>
              </value>
            </param>
            <param index="8">
              <value>
                <![CDATA[+94]]>
              </value>
            </param>
            <param index="9">
              <value>
                <![CDATA[CP]]>
              </value>
            </param>
            <param index="10">
              <value>
                <![CDATA[Tushar Bhai]]>
              </value>
            </param>
            <param index="11">
              <value>
                <![CDATA[Manchester]]>
              </value>
            </param>
            <param index="12">
              <value>
                <![CDATA[In 3 Months]]>
              </value>
            </param>
            <param index="13">
              <value>
                <![CDATA[Warm]]>
              </value>
            </param>
            <param index="14">
              <value>
                <![CDATA[50 Lakh to 1 Cr]]>
              </value>
            </param>
            <param index="15">
              <value>
                <![CDATA[7000 Sq.Ft]]>
              </value>
            </param>
            <param index="16">
              <value>
                <![CDATA[Residential]]>
              </value>
            </param>
            <param index="17">
              <value>
                <![CDATA[3 Bhk]]>
              </value>
            </param>
            <param index="18">
              <value>
                <![CDATA[Lease]]>
              </value>
            </param>
          </params>
          <reporter-output>
          </reporter-output>
        </test-method> <!-- addLeadForAdditionalProjectLeadTest -->
        <test-method is-config="true" signature="takeScreenshot(org.testng.ITestResult)[pri:0, instance:tests.AddProjectLeadTest@dd0c991]" started-at="2025-09-04T11:37:27 IST" name="takeScreenshot" finished-at="2025-09-04T11:37:29 IST" duration-ms="2203" status="PASS">
          <params>
            <param index="0">
              <value>
                <![CDATA[[TestResult name=addLeadForAdditionalProjectLeadTest status=SUCCESS method=AddProjectLeadTest.addLeadForAdditionalProjectLeadTest(java.lang.String,java.lang.String,java.lang.String,java.lang.String,java.lang.String,java.lang.String,java.lang.String,java.lang.String,java.lang.String,java.lang.String,java.lang.String,java.lang.String,java.lang.String,java.lang.String,java.lang.String,java.lang.String,java.lang.String,java.lang.String,java.lang.String)[pri:0, instance:tests.AddProjectLeadTest@dd0c991] output={null}]]]>
              </value>
            </param>
          </params>
          <reporter-output>
          </reporter-output>
        </test-method> <!-- takeScreenshot -->
[...]
                <![CDATA[Shop]]>
              </value>
            </param>
            <param index="18">
              <value>
                <![CDATA[Buy]]>
              </value>
            </param>
          </params>
          <reporter-output>
          </reporter-output>
        </test-method> <!-- addLeadForAdditionalProjectLeadTest -->
        <test-method is-config="true" signature="takeScreenshot(org.testng.ITestResult)[pri:0, instance:tests.AddProjectLeadTest@dd0c991]" started-at="2025-09-04T11:38:50 IST" name="takeScreenshot" finished-at="2025-09-04T11:38:52 IST" duration-ms="2188" status="PASS">
          <params>
            <param index="0">
              <value>
                <![CDATA[[TestResult name=addLeadForAdditionalProjectLeadTest status=SUCCESS method=AddProjectLeadTest.addLeadForAdditionalProjectLeadTest(java.lang.String,java.lang.String,java.lang.String,java.lang.String,java.lang.String,java.lang.String,java.lang.String,java.lang.String,java.lang.String,java.lang.String,java.lang.String,java.lang.String,java.lang.String,java.lang.String,java.lang.String,java.lang.String,java.lang.String,java.lang.String,java.lang.String)[pri:0, instance:tests.AddProjectLeadTest@dd0c991] output={null}]]]>
              </value>
            </param>
          </params>
          <reporter-output>
          </reporter-output>
        </test-method> <!-- takeScreenshot -->
        <test-method signature="addLeadForAdditionalProjectLeadTest(java.lang.String,java.lang.String,java.lang.String,java.lang.String,java.lang.String,java.lang.String,java.lang.String,java.lang.String,java.lang.String,java.lang.String,java.lang.String,java.lang.String,java.lang.String,java.lang.String,java.lang.String,java.lang.String,java.lang.String,java.lang.String,java.lang.String)[pri:0, instance:tests.AddProjectLeadTest@dd0c991]" started-at="2025-09-04T11:38:52 IST" name="addLeadForAdditionalProjectLeadTest" data-provider="AdditionalleadData" finished-at="2025-09-04T11:39:04 IST" duration-ms="11360" status="PASS">
          <params>
            <param index="0">
              <value>
                <![CDATA[New Project 60]]>
              </value>
            </param>
            <param index="1">
              <value>
                <![CDATA[Meera]]>
              </value>
            </param>
            <param index="2">
              <value>
                <![CDATA[Chawla]]>
              </value>
            </param>
            <param index="3">
              <value>
                <![CDATA[+95]]>
              </value>
            </param>
            <param index="4">
              <value>
                <![CDATA[Walkin]]>
              </value>
            </param>
            <param index="5">
              <value>
                <![CDATA[WhatsApp]]>
              </value>
            </param>
            <param index="6">
              <value>
                <![CDATA[Looking for commercial plot]]>
              </value>
            </param>
            <param index="7">
              <value>
                <![CDATA[New Project 65]]>
              </value>
            </param>
            <param index="8">
              <value>
                <![CDATA[+357]]>
              </value>
            </param>
            <param index="9">
              <value>
                <![CDATA[CP]]>
              </value>
            </param>
            <param index="10">
              <value>
                <![CDATA[Tushar Bhai]]>
              </value>
            </param>
            <param index="11">
              <value>
                <![CDATA[Los Angeles]]>
              </value>
            </param>
            <param index="12">
              <value>
                <![CDATA[Immediate]]>
              </value>
            </param>
            <param index="13">
              <value>
                <![CDATA[Hot]]>
              </value>
            </param>
            <param index="14">
              <value>
                <![CDATA[1 Cr to 2 Cr]]>
              </value>
            </param>
            <param index="15">
              <value>
                <![CDATA[120 Sq.Ft]]>
              </value>
            </param>
            <param index="16">
              <value>
                <![CDATA[Residential]]>
              </value>
            </param>
            <param index="17">
              <value>
                <![CDATA[2 Bhk]]>
              </value>
            </param>
            <param index="18">
              <value>
                <![CDATA[Invest]]>
              </value>
            </param>
          </params>
          <reporter-output>
          </reporter-output>
        </test-method> <!-- addLeadForAdditionalProjectLeadTest -->
        <test-method is-config="true" signature="takeScreenshot(org.testng.ITestResult)[pri:0, instance:tests.AddProjectLeadTest@dd0c991]" started-at="2025-09-04T11:39:04 IST" name="takeScreenshot" finished-at="2025-09-04T11:39:06 IST" duration-ms="2220" status="PASS">
          <params>
            <param index="0">
              <value>
                <![CDATA[[TestResult name=addLeadForAdditionalProjectLeadTest status=SUCCESS method=AddProjectLeadTest.addLeadForAdditionalProjectLeadTest(java.lang.String,java.lang.String,java.lang.String,java.lang.String,java.lang.String,java.lang.String,java.lang.String,java.lang.String,java.lang.String,java.lang.String,java.lang.String,java.lang.String,java.lang.String,java.lang.String,java.lang.String,java.lang.String,java.lang.String,java.lang.String,java.lang.String)[pri:0, instance:tests.AddProjectLeadTest@dd0c991] output={null}]]]>
              </value>
            </param>
          </params>
          <reporter-output>
          </reporter-output>
        </test-method> <!-- takeScreenshot -->
        <test-method signature="addLeadForAdditionalProjectLeadTest(java.lang.String,java.lang.String,java.lang.String,java.lang.String,java.lang.String,java.lang.String,java.lang.String,java.lang.String,java.lang.String,java.lang.String,java.lang.String,java.lang.String,java.lang.String,java.lang.String,java.lang.String,java.lang.String,java.lang.String,java.lang.String,java.lang.String)[pri:0, instance:tests.AddProjectLeadTest@dd0c991]" started-at="2025-09-04T11:39:06 IST" name="addLeadForAdditionalProjectLeadTest" data-provider="AdditionalleadData" finished-at="2025-09-04T11:39:17 IST" duration-ms="11475" status="PASS">
          <params>
            <param index="0">
              <value>
                <![CDATA[New Project 60]]>
              </value>
            </param>
            <param index="1">
              <value>
                <![CDATA[Neha]]>
              </value>
            </param>
            <param index="2">
              <value>
                <![CDATA[Desai]]>
              </value>
            </param>
            <param index="3">
              <value>
                <![CDATA[+98]]>
              </value>
            </param>
            <param index="4">
              <value>
                <![CDATA[Walkin]]>
              </value>
            </param>
            <param index="5">
              <value>
                <![CDATA[Direct-Walkin]]>
              </value>
            </param>
            <param index="6">
              <value>
                <![CDATA[Requires site visit]]>
              </value>
            </param>
            <param index="7">
              <value>
                <![CDATA[New Project 65]]>
              </value>
            </param>
            <param index="8">
              <value>
                <![CDATA[+421]]>
              </value>
            </param>
            <param index="9">
              <value>
                <![CDATA[CP]]>
              </value>
            </param>
            <param index="10">
              <value>
                <![CDATA[Tushar Bhai]]>
              </value>
            </param>
            <param index="11">
              <value>
                <![CDATA[San Francisco]]>
              </value>
            </param>
            <param index="12">
              <value>
                <![CDATA[In 3 Months]]>
              </value>
            </param>
            <param index="13">
              <value>
                <![CDATA[Cold]]>
              </value>
            </param>
            <param index="14">
              <value>
                <![CDATA[2 Cr to 5 Cr]]>
              </value>
            </param>
            <param index="15">
              <value>
                <![CDATA[150 Sq.Ft]]>
              </value>
            </param>
            <param index="16">
              <value>
                <![CDATA[Residential]]>
              </value>
            </param>
            <param index="17">
              <value>
                <![CDATA[3 Bhk]]>
              </value>
            </param>
            <param index="18">
              <value>
                <![CDATA[Lease]]>
              </value>
            </param>
          </params>
          <reporter-output>
          </reporter-output>
        </test-method> <!-- addLeadForAdditionalProjectLeadTest -->
        <test-method is-config="true" signature="takeScreenshot(org.testng.ITestResult)[pri:0, instance:tests.AddProjectLeadTest@dd0c991]" started-at="2025-09-04T11:39:17 IST" name="takeScreenshot" finished-at="2025-09-04T11:39:20 IST" duration-ms="2170" status="PASS">
          <params>
            <param index="0">
              <value>
                <![CDATA[[TestResult name=addLeadForAdditionalProjectLeadTest status=SUCCESS method=AddProjectLeadTest.addLeadForAdditionalProjectLeadTest(java.lang.String,java.lang.String,java.lang.String,java.lang.String,java.lang.String,java.lang.String,java.lang.String,java.lang.String,java.lang.String,java.lang.String,java.lang.String,java.lang.String,java.lang.String,java.lang.String,java.lang.String,java.lang.String,java.lang.String,java.lang.String,java.lang.String)[pri:0, instance:tests.AddProjectLeadTest@dd0c991] output={null}]]]>
              </value>
            </param>
          </params>
          <reporter-output>
          </reporter-output>
        </test-method> <!-- takeScreenshot -->
        <test-method signature="addLeadForBasicProjectLead(java.lang.String,java.lang.String,java.lang.String,java.lang.String,java.lang.String,java.lang.String,java.lang.String)[pri:0, instance:tests.AddProjectLeadTest@dd0c991]" started-at="2025-09-04T11:39:20 IST" name="addLeadForBasicProjectLead" data-provider="leadData" finished-at="2025-09-04T11:39:28 IST" duration-ms="8587" status="PASS">
          <params>
            <param index="0">
              <value>
                <![CDATA[New Project 60]]>
              </value>
            </param>
            <param index="1">
              <value>
                <![CDATA[Aarav]]>
              </value>
            </param>
            <param index="2">
              <value>
                <![CDATA[Sharma]]>
              </value>
            </param>
            <param index="3">
              <value>
                <![CDATA[+93]]>
              </value>
            </param>
            <param index="4">
              <value>
                <![CDATA[Event]]>
              </value>
            </param>
            <param index="5">
              <value>
                <![CDATA[GIHED]]>
              </value>
            </param>
            <param index="6">
              <value>
                <![CDATA[Interested in real estate]]>
              </value>
            </param>
          </params>
          <reporter-output>
          </reporter-output>
        </test-method> <!-- addLeadForBasicProjectLead -->
        <test-method is-config="true" signature="takeScreenshot(org.testng.ITestResult)[pri:0, instance:tests.AddProjectLeadTest@dd0c991]" started-at="2025-09-04T11:39:28 IST" name="takeScreenshot" finished-at="2025-09-04T11:39:30 IST" duration-ms="2191" status="PASS">
          <params>
            <param index="0">
              <value>
                <![CDATA[[TestResult name=addLeadForBasicProjectLead status=SUCCESS method=AddProjectLeadTest.addLeadForBasicProjectLead(java.lang.String,java.lang.String,java.lang.String,java.lang.String,java.lang.String,java.lang.String,java.lang.String)[pri:0, instance:tests.AddProjectLeadTest@dd0c991] output={null}]]]>
              </value>
            </param>
          </params>
          <reporter-output>
          </reporter-output>
        </test-method> <!-- takeScreenshot -->
        <test-method signature="addLeadForBasicProjectLead(java.lang.String,java.lang.String,java.lang.String,java.lang.String,java.lang.String,java.lang.String,java.lang.String)[pri:0, instance:tests.AddProjectLeadTest@dd0c991]" started-at="2025-09-04T11:39:30 IST" name="addLeadForBasicProjectLead" data-provider="leadData" finished-at="2025-09-04T11:39:39 IST" duration-ms="8641" status="PASS">
          <params>
            <param index="0">
              <value>
                <![CDATA[New Project 60]]>
              </value>
            </param>
            <param index="1">
              <value>
                <![CDATA[Priya]]>
              </value>
            </param>
            <param index="2">
              <value>
                <![CDATA[Khan]]>
              </value>
            </param>
            <param index="3">
              <value>
                <![CDATA[+20]]>
              </value>
            </param>
            <param index="4">
              <value>
                <![CDATA[Event]]>
              </value>
            </param>
            <param index="5">
              <value>
                <![CDATA[Property Event]]>
              </value>
            </param>
            <param index="6">
              <value>
                <![CDATA[Looking for investment]]>
              </value>
            </param>
          </params>
          <reporter-output>
          </reporter-output>
        </test-method> <!-- addLeadForBasicProjectLead -->
        <test-method is-config="true" signature="takeScreenshot(org.testng.ITestResult)[pri:0, instance:tests.AddProjectLeadTest@dd0c991]" started-at="2025-09-04T11:39:39 IST" name="takeScreenshot" finished-at="2025-09-04T11:39:41 IST" duration-ms="2211" status="PASS">
          <params>
            <param index="0">
              <value>
                <![CDATA[[TestResult name=addLeadForBasicProjectLead status=SUCCESS method=AddProjectLeadTest.addLeadForBasicProjectLead(java.lang.String,java.lang.String,java.lang.String,java.lang.String,java.lang.String,java.lang.String,java.lang.String)[pri:0, instance:tests.AddProjectLeadTest@dd0c991] output={null}]]]>
              </value>
            </param>
          </params>
          <reporter-output>
          </reporter-output>
        </test-method> <!-- takeScreenshot -->
        <test-method signature="addLeadForBasicProjectLead(java.lang.String,java.lang.String,java.lang.String,java.lang.String,java.lang.String,java.lang.String,java.lang.String)[pri:0, instance:tests.AddProjectLeadTest@dd0c991]" started-at="2025-09-04T11:39:41 IST" name="addLeadForBasicProjectLead" data-provider="leadData" finished-at="2025-09-04T11:39:50 IST" duration-ms="8652" status="PASS">
          <params>
            <param index="0">
              <value>
                <![CDATA[New Project 60]]>
              </value>
            </param>
            <param index="1">
              <value>
                <![CDATA[Rohan]]>
              </value>
            </param>
            <param index="2">
              <value>
                <![CDATA[Patel]]>
              </value>
            </param>
            <param index="3">
              <value>
                <![CDATA[+27]]>
              </value>
            </param>
            <param index="4">
              <value>
                <![CDATA[Event]]>
              </value>
            </param>
            <param index="5">
              <value>
                <![CDATA[Investor Meet]]>
              </value>
            </param>
            <param index="6">
              <value>
                <![CDATA[Wants quick callback]]>
              </value>
            </param>
          </params>
          <reporter-output>
          </reporter-output>
        </test-method> <!-- addLeadForBasicProjectLead -->
        <test-method is-config="true" signature="takeScreenshot(org.testng.ITestResult)[pri:0, instance:tests.AddProjectLeadTest@dd0c991]" started-at="2025-09-04T11:39:50 IST" name="takeScreenshot" finished-at="2025-09-04T11:39:52 IST" duration-ms="2190" status="PASS">
          <params>
            <param index="0">
              <value>
                <![CDATA[[TestResult name=addLeadForBasicProjectLead status=SUCCESS method=AddProjectLeadTest.addLeadForBasicProjectLead(java.lang.String,java.lang.String,java.lang.String,java.lang.String,java.lang.String,java.lang.String,java.lang.String)[pri:0, instance:tests.AddProjectLeadTest@dd0c991] output={null}]]]>
              </value>
            </param>
          </params>
          <reporter-output>
          </reporter-output>
        </test-method> <!-- takeScreenshot -->
        <test-method signature="addLeadForBasicProjectLead(java.lang.String,java.lang.String,java.lang.String,java.lang.String,java.lang.String,java.lang.String,java.lang.String)[pri:0, instance:tests.AddProjectLeadTest@dd0c991]" started-at="2025-09-04T11:39:52 IST" name="addLeadForBasicProjectLead" data-provider="leadData" finished-at="2025-09-04T11:40:01 IST" duration-ms="9138" status="PASS">
          <params>
            <param index="0">
              <value>
                <![CDATA[New Project 60]]>
              </value>
            </param>
            <param index="1">
              <value>
                <![CDATA[Simran]]>
              </value>
            </param>
            <param index="2">
              <value>
                <![CDATA[Joshi]]>
              </value>
            </param>
            <param index="3">
              <value>
                <![CDATA[+30]]>
              </value>
            </param>
            <param index="4">
              <value>
                <![CDATA[Event]]>
              </value>
            </param>
            <param index="5">
              <value>
                <![CDATA[Channel Partner Event]]>
              </value>
            </param>
            <param index="6">
              <value>
                <![CDATA[Needs brochure]]>
              </value>
            </param>
          </params>
          <reporter-output>
          </reporter-output>
        </test-method> <!-- addLeadForBasicProjectLead -->
        <test-method is-config="true" signature="takeScreenshot(org.testng.ITestResult)[pri:0, instance:tests.AddProjectLeadTest@dd0c991]" started-at="2025-09-04T11:40:01 IST" name="takeScreenshot" finished-at="2025-09-04T11:40:03 IST" duration-ms="2210" status="PASS">
          <params>
            <param index="0">
              <value>
                <![CDATA[[TestResult name=addLeadForBasicProjectLead status=SUCCESS method=AddProjectLeadTest.addLeadForBasicProjectLead(java.lang.String,java.lang.String,java.lang.String,java.lang.String,java.lang.String,java.lang.String,java.lang.String)[pri:0, instance:tests.AddProjectLeadTest@dd0c991] output={null}]]]>
              </value>
            </param>
          </params>
          <reporter-output>
          </reporter-output>
        </test-method> <!-- takeScreenshot -->
        <test-method is-config="true" signature="tearDown()[pri:0, instance:tests.AddProjectLeadTest@dd0c991]" started-at="2025-09-04T11:40:03 IST" name="tearDown" finished-at="2025-09-04T11:40:03 IST" duration-ms="113" status="PASS">
          <reporter-output>
          </reporter-output>
        </test-method> <!-- tearDown -->
      </class> <!-- tests.AddProjectLeadTest -->
    </test> <!-- Surefire test -->
  </suite> <!-- Surefire suite -->
</testng-results>
