<?xml version="1.0" encoding="UTF-8"?>
<testng-results ignored="0" total="29" passed="29" failed="0" skipped="0">
  <reporter-output>
  </reporter-output>
  <suite started-at="2025-10-08T18:25:24 IST" name="Default suite" finished-at="2025-10-08T18:29:06 IST" duration-ms="221575">
    <groups>
    </groups>
    <test started-at="2025-10-08T18:25:24 IST" name="Default test" finished-at="2025-10-08T18:29:06 IST" duration-ms="221575">
      <class name="tests.Follow_Ups.AddFundFollowUpsForTest">
        <test-method is-config="true" signature="setup()[pri:0, instance:tests.Follow_Ups.AddFundFollowUpsForTest@7c7a06ec]" started-at="2025-10-08T18:25:11 IST" name="setup" finished-at="2025-10-08T18:25:24 IST" duration-ms="12939" status="PASS">
          <reporter-output>
          </reporter-output>
        </test-method> <!-- setup -->
        <test-method is-config="true" signature="beforemethod()[pri:0, instance:tests.Follow_Ups.AddFundFollowUpsForTest@7c7a06ec]" started-at="2025-10-08T18:25:24 IST" name="beforemethod" finished-at="2025-10-08T18:25:28 IST" duration-ms="4268" status="PASS">
          <reporter-output>
          </reporter-output>
        </test-method> <!-- beforemethod -->
        <test-method signature="addFollowUpTestforBlockStage(java.lang.String,java.lang.String,java.lang.String,java.lang.String)[pri:1, instance:tests.Follow_Ups.AddFundFollowUpsForTest@7c7a06ec]" started-at="2025-10-08T18:25:28 IST" name="addFollowUpTestforBlockStage" data-provider="followup" finished-at="2025-10-08T18:25:38 IST" duration-ms="9334" status="PASS">
          <params>
            <param index="0">
              <value>
                <![CDATA[Not Connected]]>
              </value>
            </param>
            <param index="1">
              <value>
                <![CDATA[Not Responding]]>
              </value>
            </param>
            <param index="2">
              <value>
                <![CDATA[Tried calling but no response]]>
              </value>
            </param>
            <param index="3">
              <value>
                <![CDATA[Today’s Follow Up]]>
              </value>
            </param>
          </params>
          <reporter-output>
          </reporter-output>
        </test-method> <!-- addFollowUpTestforBlockStage -->
        <test-method is-config="true" signature="takeScreenshot(org.testng.ITestResult)[pri:0, instance:tests.Follow_Ups.AddFundFollowUpsForTest@7c7a06ec]" started-at="2025-10-08T18:25:38 IST" name="takeScreenshot" finished-at="2025-10-08T18:25:38 IST" duration-ms="4" status="PASS">
          <params>
            <param index="0">
              <value>
                <![CDATA[[TestResult name=addFollowUpTestforBlockStage status=SUCCESS method=AddFundFollowUpsForTest.addFollowUpTestforBlockStage(java.lang.String,java.lang.String,java.lang.String,java.lang.String)[pri:1, instance:tests.Follow_Ups.AddFundFollowUpsForTest@7c7a06ec] output={null}]]]>
              </value>
            </param>
          </params>
          <reporter-output>
          </reporter-output>
        </test-method> <!-- takeScreenshot -->
        <test-method signature="addFollowUpTestforBlockStage(java.lang.String,java.lang.String,java.lang.String,java.lang.String)[pri:1, instance:tests.Follow_Ups.AddFundFollowUpsForTest@7c7a06ec]" started-at="2025-10-08T18:25:38 IST" name="addFollowUpTestforBlockStage" data-provider="followup" finished-at="2025-10-08T18:25:47 IST" duration-ms="9203" status="PASS">
          <params>
            <param index="0">
              <value>
                <![CDATA[Not Connected]]>
              </value>
            </param>
            <param index="1">
              <value>
                <![CDATA[Not Reachable]]>
              </value>
            </param>
            <param index="2">
              <value>
                <![CDATA[Number not reachable, will try again]]>
              </value>
            </param>
            <param index="3">
              <value>
                <![CDATA[Today’s Follow Up]]>
              </value>
            </param>
          </params>
          <reporter-output>
          </reporter-output>
        </test-method> <!-- addFollowUpTestforBlockStage -->
        <test-method is-config="true" signature="takeScreenshot(org.testng.ITestResult)[pri:0, instance:tests.Follow_Ups.AddFundFollowUpsForTest@7c7a06ec]" started-at="2025-10-08T18:25:47 IST" name="takeScreenshot" finished-at="2025-10-08T18:25:47 IST" duration-ms="3" status="PASS">
          <params>
            <param index="0">
              <value>
                <![CDATA[[TestResult name=addFollowUpTestforBlockStage status=SUCCESS method=AddFundFollowUpsForTest.addFollowUpTestforBlockStage(java.lang.String,java.lang.String,java.lang.String,java.lang.String)[pri:1, instance:tests.Follow_Ups.AddFundFollowUpsForTest@7c7a06ec] output={null}]]]>
              </value>
            </param>
          </params>
          <reporter-output>
          </reporter-output>
        </test-method> <!-- takeScreenshot -->
        <test-method signature="addFollowUpTestforBlockStage(java.lang.String,java.lang.String,java.lang.String,java.lang.String)[pri:1, instance:tests.Follow_Ups.AddFundFollowUpsForTest@7c7a06ec]" started-at="2025-10-08T18:25:47 IST" name="addFollowUpTestforBlockStage" data-provider="followup" finished-at="2025-10-08T18:25:56 IST" duration-ms="9190" status="PASS">
          <params>
            <param index="0">
              <value>
                <![CDATA[Not Connected]]>
              </value>
            </param>
            <param index="1">
              <value>
                <![CDATA[Switch Off]]>
              </value>
            </param>
            <param index="2">
              <value>
                <![CDATA[Client’s phone switched off]]>
              </value>
            </param>
            <param index="3">
              <value>
                <![CDATA[Today’s Follow Up]]>
              </value>
            </param>
          </params>
          <reporter-output>
          </reporter-output>
        </test-method> <!-- addFollowUpTestforBlockStage -->
        <test-method is-config="true" signature="takeScreenshot(org.testng.ITestResult)[pri:0, instance:tests.Follow_Ups.AddFundFollowUpsForTest@7c7a06ec]" started-at="2025-10-08T18:25:56 IST" name="takeScreenshot" finished-at="2025-10-08T18:25:56 IST" duration-ms="5" status="PASS">
          <params>
            <param index="0">
              <value>
                <![CDATA[[TestResult name=addFollowUpTestforBlockStage status=SUCCESS method=AddFundFollowUpsForTest.addFollowUpTestforBlockStage(java.lang.String,java.lang.String,java.lang.String,java.lang.String)[pri:1, instance:tests.Follow_Ups.AddFundFollowUpsForTest@7c7a06ec] output={null}]]]>
              </value>
            </param>
          </params>
          <reporter-output>
          </reporter-output>
        </test-method> <!-- takeScreenshot -->
        <test-method signature="addFollowUpTestforBlockStage(java.lang.String,java.lang.String,java.lang.String,java.lang.String)[pri:1, instance:tests.Follow_Ups.AddFundFollowUpsForTest@7c7a06ec]" started-at="2025-10-08T18:25:56 IST" name="addFollowUpTestforBlockStage" data-provider="followup" finished-at="2025-10-08T18:26:05 IST" duration-ms="9187" status="PASS">
          <params>
            <param index="0">
              <value>
                <![CDATA[Not Connected]]>
              </value>
            </param>
            <param index="1">
              <value>
                <![CDATA[Busy]]>
              </value>
            </param>
            <param index="2">
              <value>
                <![CDATA[Client was busy, will call later]]>
              </value>
            </param>
            <param index="3">
              <value>
                <![CDATA[Today’s Follow Up]]>
              </value>
            </param>
          </params>
          <reporter-output>
          </reporter-output>
        </test-method> <!-- addFollowUpTestforBlockStage -->
        <test-method is-config="true" signature="takeScreenshot(org.testng.ITestResult)[pri:0, instance:tests.Follow_Ups.AddFundFollowUpsForTest@7c7a06ec]" started-at="2025-10-08T18:26:05 IST" name="takeScreenshot" finished-at="2025-10-08T18:26:05 IST" duration-ms="4" status="PASS">
          <params>
            <param index="0">
              <value>
                <![CDATA[[TestResult name=addFollowUpTestforBlockStage status=SUCCESS method=AddFundFollowUpsForTest.addFollowUpTestforBlockStage(java.lang.String,java.lang.String,java.lang.String,java.lang.String)[pri:1, instance:tests.Follow_Ups.AddFundFollowUpsForTest@7c7a06ec] output={null}]]]>
              </value>
            </param>
          </params>
          <reporter-output>
          </reporter-output>
        </test-method> <!-- takeScreenshot -->
        <test-method signature="addFollowUpTestforBlockStage(java.lang.String,java.lang.String,java.lang.String,java.lang.String)[pri:1, instance:tests.Follow_Ups.AddFundFollowUpsForTest@7c7a06ec]" started-at="2025-10-08T18:26:05 IST" name="addFollowUpTestforBlockStage" data-provider="followup" finished-at="2025-10-08T18:26:14 IST" duration-ms="9164" status="PASS">
          <params>
            <param index="0">
              <value>
                <![CDATA[Qualified]]>
              </value>
            </param>
            <param index="1">
              <value>
                <![CDATA[Shared Documents]]>
              </value>
            </param>
            <param index="2">
              <value>
                <![CDATA[Sent project details to client]]>
              </value>
            </param>
            <param index="3">
              <value>
                <![CDATA[Today’s Follow Up]]>
              </value>
            </param>
          </params>
          <reporter-output>
          </reporter-output>
        </test-method> <!-- addFollowUpTestforBlockStage -->
        <test-method is-config="true" signature="takeScreenshot(org.testng.ITestResult)[pri:0, instance:tests.Follow_Ups.AddFundFollowUpsForTest@7c7a06ec]" started-at="2025-10-08T18:26:14 IST" name="takeScreenshot" finished-at="2025-10-08T18:26:14 IST" duration-ms="5" status="PASS">
          <params>
            <param index="0">
              <value>
                <![CDATA[[TestResult name=addFollowUpTestforBlockStage status=SUCCESS method=AddFundFollowUpsForTest.addFollowUpTestforBlockStage(java.lang.String,java.lang.String,java.lang.String,java.lang.String)[pri:1, instance:tests.Follow_Ups.AddFundFollowUpsForTest@7c7a06ec] output={null}]]]>
              </value>
            </param>
          </params>
          <reporter-output>
          </reporter-output>
        </test-method> <!-- takeScreenshot -->
        <test-method signature="addFollowUpTestforBlockStage(java.lang.String,java.lang.String,java.lang.String,java.lang.String)[pri:1, instance:tests.Follow_Ups.AddFundFollowUpsForTest@7c7a06ec]" started-at="2025-10-08T18:26:14 IST" name="addFollowUpTestforBlockStage" data-provider="followup" finished-at="2025-10-08T18:26:24 IST" duration-ms="9188" status="PASS">
          <params>
            <param index="0">
              <value>
                <![CDATA[Qualified]]>
              </value>
            </param>
            <param index="1">
              <value>
                <![CDATA[Follow-up Scheduled]]>
              </value>
            </param>
            <param index="2">
              <value>
                <![CDATA[Follow-up scheduled to discuss proposal]]>
              </value>
            </param>
            <param index="3">
              <value>
                <![CDATA[Today’s Follow Up]]>
              </value>
            </param>
          </params>
          <reporter-output>
          </reporter-output>
        </test-method> <!-- addFollowUpTestforBlockStage -->
        <test-method is-config="true" signature="takeScreenshot(org.testng.ITestResult)[pri:0, instance:tests.Follow_Ups.AddFundFollowUpsForTest@7c7a06ec]" started-at="2025-10-08T18:26:24 IST" name="takeScreenshot" finished-at="2025-10-08T18:26:24 IST" duration-ms="4" status="PASS">
          <params>
            <param index="0">
              <value>
                <![CDATA[[TestResult name=addFollowUpTestforBlockStage status=SUCCESS method=AddFundFollowUpsForTest.addFollowUpTestforBlockStage(java.lang.String,java.lang.String,java.lang.String,java.lang.String)[pri:1, instance:tests.Follow_Ups.AddFundFollowUpsForTest@7c7a06ec] output={null}]]]>
              </value>
            </param>
          </params>
          <reporter-output>
          </reporter-output>
        </test-method> <!-- takeScreenshot -->
        <test-method signature="addFollowUpTestforBlockStage(java.lang.String,java.lang.String,java.lang.String,java.lang.String)[pri:1, instance:tests.Follow_Ups.AddFundFollowUpsForTest@7c7a06ec]" started-at="2025-10-08T18:26:24 IST" name="addFollowUpTestforBlockStage" data-provider="followup" finished-at="2025-10-08T18:26:33 IST" duration-ms="9169" status="PASS">
          <params>
            <param index="0">
              <value>
                <![CDATA[Meeting Planned]]>
              </value>
            </param>
            <param index="1">
              <value>
                <![CDATA[Shivalik House]]>
              </value>
            </param>
            <param index="2">
              <value>
                <![CDATA[Meeting scheduled at Shivalik House]]>
              </value>
            </param>
            <param index="3">
              <value>
                <![CDATA[Today’s Follow Up]]>
              </value>
            </param>
          </params>
          <reporter-output>
          </reporter-output>
        </test-method> <!-- addFollowUpTestforBlockStage -->
        <test-method is-config="true" signature="takeScreenshot(org.testng.ITestResult)[pri:0, instance:tests.Follow_Ups.AddFundFollowUpsForTest@7c7a06ec]" started-at="2025-10-08T18:26:33 IST" name="takeScreenshot" finished-at="2025-10-08T18:26:33 IST" duration-ms="7" status="PASS">
          <params>
            <param index="0">
              <value>
                <![CDATA[[TestResult name=addFollowUpTestforBlockStage status=SUCCESS method=AddFundFollowUpsForTest.addFollowUpTestforBlockStage(java.lang.String,java.lang.String,java.lang.String,java.lang.String)[pri:1, instance:tests.Follow_Ups.AddFundFollowUpsForTest@7c7a06ec] output={null}]]]>
              </value>
            </param>
          </params>
          <reporter-output>
          </reporter-output>
        </test-method> <!-- takeScreenshot -->
        <test-method signature="addFollowUpTestforBlockStage(java.lang.String,java.lang.String,java.lang.String,java.lang.String)[pri:1, instance:tests.Follow_Ups.AddFundFollowUpsForTest@7c7a06ec]" started-at="2025-10-08T18:26:33 IST" name="addFollowUpTestforBlockStage" data-provider="followup" finished-at="2025-10-08T18:26:42 IST" duration-ms="9214" status="PASS">
          <params>
            <param index="0">
              <value>
                <![CDATA[Meeting Planned]]>
              </value>
            </param>
            <param index="1">
              <value>
                <![CDATA[Online]]>
              </value>
            </param>
            <param index="2">
              <value>
                <![CDATA[Online meeting link shared with client]]>
              </value>
            </param>
            <param index="3">
              <value>
                <![CDATA[Today’s Follow Up]]>
              </value>
            </param>
          </params>
          <reporter-output>
          </reporter-output>
        </test-method> <!-- addFollowUpTestforBlockStage -->
        <test-method is-config="true" signature="takeScreenshot(org.testng.ITestResult)[pri:0, instance:tests.Follow_Ups.AddFundFollowUpsForTest@7c7a06ec]" started-at="2025-10-08T18:26:42 IST" name="takeScreenshot" finished-at="2025-10-08T18:26:42 IST" duration-ms="5" status="PASS">
          <params>
            <param index="0">
              <value>
                <![CDATA[[TestResult name=addFollowUpTestforBlockStage status=SUCCESS method=AddFundFollowUpsForTest.addFollowUpTestforBlockStage(java.lang.String,java.lang.String,java.lang.String,java.lang.String)[pri:1, instance:tests.Follow_Ups.AddFundFollowUpsForTest@7c7a06ec] output={null}]]]>
              </value>
            </param>
          </params>
          <reporter-output>
          </reporter-output>
        </test-method> <!-- takeScreenshot -->
        <test-method signature="addFollowUpTestforBlockStage(java.lang.String,java.lang.String,java.lang.String,java.lang.String)[pri:1, instance:tests.Follow_Ups.AddFundFollowUpsForTest@7c7a06ec]" started-at="2025-10-08T18:26:42 IST" name="addFollowUpTestforBlockStage" data-provider="followup" finished-at="2025-10-08T18:26:51 IST" duration-ms="9189" status="PASS">
          <params>
            <param index="0">
              <value>
                <![CDATA[Meeting Planned]]>
              </value>
            </param>
            <param index="1">
              <value>
                <![CDATA[Client Office]]>
              </value>
            </param>
            <param index="2">
              <value>
                <![CDATA[Meeting planned at client’s office]]>
              </value>
            </param>
            <param index="3">
              <value>
                <![CDATA[Today’s Follow Up]]>
              </value>
            </param>
          </params>
          <reporter-output>
          </reporter-output>
        </test-method> <!-- addFollowUpTestforBlockStage -->
        <test-method is-config="true" signature="takeScreenshot(org.testng.ITestResult)[pri:0, instance:tests.Follow_Ups.AddFundFollowUpsForTest@7c7a06ec]" started-at="2025-10-08T18:26:51 IST" name="takeScreenshot" finished-at="2025-10-08T18:26:51 IST" duration-ms="4" status="PASS">
          <params>
            <param index="0">
              <value>
                <![CDATA[[TestResult name=addFollowUpTestforBlockStage status=SUCCESS method=AddFundFollowUpsForTest.addFollowUpTestforBlockStage(java.lang.String,java.lang.String,java.lang.String,java.lang.String)[pri:1, instance:tests.Follow_Ups.AddFundFollowUpsForTest@7c7a06ec] output={null}]]]>
              </value>
            </param>
          </params>
          <reporter-output>
          </reporter-output>
        </test-method> <!-- takeScreenshot -->
        <test-method signature="addFollowUpTestforBlockStage(java.lang.String,java.lang.String,java.lang.String,java.lang.String)[pri:1, instance:tests.Follow_Ups.AddFundFollowUpsForTest@7c7a06ec]" started-at="2025-10-08T18:26:51 IST" name="addFollowUpTestforBlockStage" data-provider="followup" finished-at="2025-10-08T18:27:00 IST" duration-ms="8932" status="PASS">
          <params>
            <param index="0">
              <value>
                <![CDATA[Meeting Done]]>
              </value>
            </param>
            <param index="1">
              <value>
                <![CDATA[Attended]]>
              </value>
            </param>
            <param index="2">
              <value>
                <![CDATA[Meeting completed successfully]]>
              </value>
            </param>
            <param index="3">
              <value>
                <![CDATA[Today’s Follow Up]]>
              </value>
            </param>
          </params>
          <reporter-output>
          </reporter-output>
        </test-method> <!-- addFollowUpTestforBlockStage -->
        <test-method is-config="true" signature="takeScreenshot(org.testng.ITestResult)[pri:0, instance:tests.Follow_Ups.AddFundFollowUpsForTest@7c7a06ec]" started-at="2025-10-08T18:27:00 IST" name="takeScreenshot" finished-at="2025-10-08T18:27:00 IST" duration-ms="4" status="PASS">
          <params>
            <param index="0">
              <value>
                <![CDATA[[TestResult name=addFollowUpTestforBlockStage status=SUCCESS method=AddFundFollowUpsForTest.addFollowUpTestforBlockStage(java.lang.String,java.lang.String,java.lang.String,java.lang.String)[pri:1, instance:tests.Follow_Ups.AddFundFollowUpsForTest@7c7a06ec] output={null}]]]>
              </value>
            </param>
          </params>
          <reporter-output>
          </reporter-output>
        </test-method> <!-- takeScreenshot -->
        <test-method signature="addFollowUpTestforBlockStage(java.lang.String,java.lang.String,java.lang.String,java.lang.String)[pri:1, instance:tests.Follow_Ups.AddFundFollowUpsForTest@7c7a06ec]" started-at="2025-10-08T18:27:00 IST" name="addFollowUpTestforBlockStage" data-provider="followup" finished-at="2025-10-08T18:27:09 IST" duration-ms="9174" status="PASS">
          <params>
            <param index="0">
              <value>
                <![CDATA[Meeting Done]]>
              </value>
            </param>
            <param index="1">
              <value>
                <![CDATA[Not Attended]]>
              </value>
            </param>
            <param index="2">
              <value>
                <![CDATA[Client missed the meeting, need to reschedule]]>
              </value>
            </param>
            <param index="3">
              <value>
                <![CDATA[Today’s Follow Up]]>
              </value>
            </param>
          </params>
          <reporter-output>
          </reporter-output>
        </test-method> <!-- addFollowUpTestforBlockStage -->
        <test-method is-config="true" signature="takeScreenshot(org.testng.ITestResult)[pri:0, instance:tests.Follow_Ups.AddFundFollowUpsForTest@7c7a06ec]" started-at="2025-10-08T18:27:09 IST" name="takeScreenshot" finished-at="2025-10-08T18:27:09 IST" duration-ms="4" status="PASS">
          <params>
            <param index="0">
              <value>
                <![CDATA[[TestResult name=addFollowUpTestforBlockStage status=SUCCESS method=AddFundFollowUpsForTest.addFollowUpTestforBlockStage(java.lang.String,java.lang.String,java.lang.String,java.lang.String)[pri:1, instance:tests.Follow_Ups.AddFundFollowUpsForTest@7c7a06ec] output={null}]]]>
              </value>
            </param>
          </params>
          <reporter-output>
          </reporter-output>
        </test-method> <!-- takeScreenshot -->
        <test-method signature="addFollowUpTestforBlockStage(java.lang.String,java.lang.String,java.lang.String,java.lang.String)[pri:1, instance:tests.Follow_Ups.AddFundFollowUpsForTest@7c7a06ec]" started-at="2025-10-08T18:27:09 IST" name="addFollowUpTestforBlockStage" data-provider="followup" finished-at="2025-10-08T18:27:19 IST" duration-ms="9153" status="PASS">
          <params>
            <param index="0">
              <value>
                <![CDATA[Outcome]]>
              </value>
            </param>
            <param index="1">
              <value>
                <![CDATA[Follow-up Meeting]]>
              </value>
            </param>
            <param index="2">
              <value>
                <![CDATA[Follow-up meeting scheduled for discussion]]>
              </value>
            </param>
            <param index="3">
              <value>
                <![CDATA[Today’s Follow Up]]>
              </value>
            </param>
          </params>
          <reporter-output>
          </reporter-output>
        </test-method> <!-- addFollowUpTestforBlockStage -->
        <test-method is-config="true" signature="takeScreenshot(org.testng.ITestResult)[pri:0, instance:tests.Follow_Ups.AddFundFollowUpsForTest@7c7a06ec]" started-at="2025-10-08T18:27:19 IST" name="takeScreenshot" finished-at="2025-10-08T18:27:19 IST" duration-ms="4" status="PASS">
          <params>
            <param index="0">
              <value>
                <![CDATA[[TestResult name=addFollowUpTestforBlockStage status=SUCCESS method=AddFundFollowUpsForTest.addFollowUpTestforBlockStage(java.lang.String,java.lang.String,java.lang.String,java.lang.String)[pri:1, instance:tests.Follow_Ups.AddFundFollowUpsForTest@7c7a06ec] output={null}]]]>
              </value>
            </param>
          </params>
          <reporter-output>
          </reporter-output>
        </test-method> <!-- takeScreenshot -->
        <test-method signature="addFollowUpTestforLostStageWithoutChieldstage(java.lang.String,java.lang.String,java.lang.String,java.lang.String)[pri:2, instance:tests.Follow_Ups.AddFundFollowUpsForTest@7c7a06ec]" started-at="2025-10-08T18:27:19 IST" name="addFollowUpTestforLostStageWithoutChieldstage" data-provider="with_out_chile_Stage" finished-at="2025-10-08T18:27:25 IST" duration-ms="6353" status="PASS">
          <params>
            <param index="0">
              <value>
                <![CDATA[Lost]]>
              </value>
            </param>
            <param index="1">
              <value>
                <![CDATA[Fixed Returns]]>
              </value>
            </param>
            <param index="2">
              <value>
                <![CDATA[Client prefers fixed return investment]]>
              </value>
            </param>
            <param index="3">
              <value>
                <![CDATA[Lost Lead]]>
              </value>
            </param>
          </params>
          <reporter-output>
          </reporter-output>
        </test-method> <!-- addFollowUpTestforLostStageWithoutChieldstage -->
        <test-method is-config="true" signature="takeScreenshot(org.testng.ITestResult)[pri:0, instance:tests.Follow_Ups.AddFundFollowUpsForTest@7c7a06ec]" started-at="2025-10-08T18:27:25 IST" name="takeScreenshot" finished-at="2025-10-08T18:27:25 IST" duration-ms="6" status="PASS">
          <params>
            <param index="0">
              <value>
                <![CDATA[[TestResult name=addFollowUpTestforLostStageWithoutChieldstage status=SUCCESS method=AddFundFollowUpsForTest.addFollowUpTestforLostStageWithoutChieldstage(java.lang.String,java.lang.String,java.lang.String,java.lang.String)[pri:2, instance:tests.Follow_Ups.AddFundFollowUpsForTest@7c7a06ec] output={null}]]]>
              </value>
            </param>
          </params>
          <reporter-output>
          </reporter-output>
        </test-method> <!-- takeScreenshot -->
        <test-method signature="addFollowUpTestforLostStageWithoutChieldstage(java.lang.String,java.lang.String,java.lang.String,java.lang.String)[pri:2, instance:tests.Follow_Ups.AddFundFollowUpsForTest@7c7a06ec]" started-at="2025-10-08T18:27:25 IST" name="addFollowUpTestforLostStageWithoutChieldstage" data-provider="with_out_chile_Stage" finished-at="2025-10-08T18:27:31 IST" duration-ms="6308" status="PASS">
          <params>
            <param index="0">
              <value>
                <![CDATA[Lost]]>
              </value>
            </param>
            <param index="1">
              <value>
                <![CDATA[Lack of Liquidity]]>
              </value>
            </param>
            <param index="2">
              <value>
                <![CDATA[Client concerned about liquidity]]>
              </value>
            </param>
            <param index="3">
              <value>
                <![CDATA[Lost Lead]]>
              </value>
            </param>
          </params>
          <reporter-output>
          </reporter-output>
        </test-method> <!-- addFollowUpTestforLostStageWithoutChieldstage -->
        <test-method is-config="true" signature="takeScreenshot(org.testng.ITestResult)[pri:0, instance:tests.Follow_Ups.AddFundFollowUpsForTest@7c7a06ec]" started-at="2025-10-08T18:27:31 IST" name="takeScreenshot" finished-at="2025-10-08T18:27:31 IST" duration-ms="1" status="PASS">
          <params>
            <param index="0">
              <value>
                <![CDATA[[TestResult name=addFollowUpTestforLostStageWithoutChieldstage status=SUCCESS method=AddFundFollowUpsForTest.addFollowUpTestforLostStageWithoutChieldstage(java.lang.String,java.lang.String,java.lang.String,java.lang.String)[pri:2, instance:tests.Follow_Ups.AddFundFollowUpsForTest@7c7a06ec] output={null}]]]>
              </value>
            </param>
          </params>
          <reporter-output>
          </reporter-output>
        </test-method> <!-- takeScreenshot -->
        <test-method signature="addFollowUpTestforLostStageWithoutChieldstage(java.lang.String,java.lang.String,java.lang.String,java.lang.String)[pri:2, instance:tests.Follow_Ups.AddFundFollowUpsForTest@7c7a06ec]" started-at="2025-10-08T18:27:31 IST" name="addFollowUpTestforLostStageWithoutChieldstage" data-provider="with_out_chile_Stage" finished-at="2025-10-08T18:27:38 IST" duration-ms="6314" status="PASS">
          <params>
            <param index="0">
              <value>
                <![CDATA[Lost]]>
              </value>
            </param>
            <param index="1">
              <value>
                <![CDATA[Expected Higher Returns]]>
              </value>
            </param>
            <param index="2">
              <value>
                <![CDATA[Client expecting higher returns elsewhere]]>
              </value>
            </param>
            <param index="3">
              <value>
                <![CDATA[Lost Lead]]>
              </value>
            </param>
          </params>
          <reporter-output>
          </reporter-output>
        </test-method> <!-- addFollowUpTestforLostStageWithoutChieldstage -->
        <test-method is-config="true" signature="takeScreenshot(org.testng.ITestResult)[pri:0, instance:tests.Follow_Ups.AddFundFollowUpsForTest@7c7a06ec]" started-at="2025-10-08T18:27:38 IST" name="takeScreenshot" finished-at="2025-10-08T18:27:38 IST" duration-ms="5" status="PASS">
          <params>
            <param index="0">
              <value>
                <![CDATA[[TestResult name=addFollowUpTestforLostStageWithoutChieldstage status=SUCCESS method=AddFundFollowUpsForTest.addFollowUpTestforLostStageWithoutChieldstage(java.lang.String,java.lang.String,java.lang.String,java.lang.String)[pri:2, instance:tests.Follow_Ups.AddFundFollowUpsForTest@7c7a06ec] output={null}]]]>
              </value>
            </param>
          </params>
          <reporter-output>
          </reporter-output>
        </test-method> <!-- takeScreenshot -->
        <test-method signature="addFollowUpTestforLostStageWithoutChieldstage(java.lang.String,java.lang.String,java.lang.String,java.lang.String)[pri:2, instance:tests.Follow_Ups.AddFundFollowUpsForTest@7c7a06ec]" started-at="2025-10-08T18:27:38 IST" name="addFollowUpTestforLostStageWithoutChieldstage" data-provider="with_out_chile_Stage" finished-at="2025-10-08T18:27:44 IST" duration-ms="6308" status="PASS">
          <params>
            <param index="0">
              <value>
                <![CDATA[Lost]]>
              </value>
            </param>
            <param index="1">
              <value>
                <![CDATA[Want to Invest for Shorter terms]]>
              </value>
            </param>
            <param index="2">
              <value>
                <![CDATA[Client interested in short-term investment]]>
              </value>
            </param>
            <param index="3">
              <value>
                <![CDATA[Lost Lead]]>
              </value>
            </param>
          </params>
          <reporter-output>
          </reporter-output>
        </test-method> <!-- addFollowUpTestforLostStageWithoutChieldstage -->
        <test-method is-config="true" signature="takeScreenshot(org.testng.ITestResult)[pri:0, instance:tests.Follow_Ups.AddFundFollowUpsForTest@7c7a06ec]" started-at="2025-10-08T18:27:44 IST" name="takeScreenshot" finished-at="2025-10-08T18:27:44 IST" duration-ms="4" status="PASS">
          <params>
            <param index="0">
              <value>
                <![CDATA[[TestResult name=addFollowUpTestforLostStageWithoutChieldstage status=SUCCESS method=AddFundFollowUpsForTest.addFollowUpTestforLostStageWithoutChieldstage(java.lang.String,java.lang.String,java.lang.String,java.lang.String)[pri:2, instance:tests.Follow_Ups.AddFundFollowUpsForTest@7c7a06ec] output={null}]]]>
              </value>
            </param>
          </params>
          <reporter-output>
          </reporter-output>
        </test-method> <!-- takeScreenshot -->
        <test-method signature="addFollowUpTestforLostStageWithoutChieldstage(java.lang.String,java.lang.String,java.lang.String,java.lang.String)[pri:2, instance:tests.Follow_Ups.AddFundFollowUpsForTest@7c7a06ec]" started-at="2025-10-08T18:27:44 IST" name="addFollowUpTestforLostStageWithoutChieldstage" data-provider="with_out_chile_Stage" finished-at="2025-10-08T18:27:50 IST" duration-ms="6339" status="PASS">
          <params>
            <param index="0">
              <value>
                <![CDATA[Lost]]>
              </value>
            </param>
            <param index="1">
              <value>
                <![CDATA[Client wants Possession of Property]]>
              </value>
            </param>
            <param index="2">
              <value>
                <![CDATA[Client prefers ready possession property]]>
              </value>
            </param>
            <param index="3">
              <value>
                <![CDATA[Lost Lead]]>
              </value>
            </param>
          </params>
          <reporter-output>
          </reporter-output>
        </test-method> <!-- addFollowUpTestforLostStageWithoutChieldstage -->
        <test-method is-config="true" signature="takeScreenshot(org.testng.ITestResult)[pri:0, instance:tests.Follow_Ups.AddFundFollowUpsForTest@7c7a06ec]" started-at="2025-10-08T18:27:50 IST" name="takeScreenshot" finished-at="2025-10-08T18:27:50 IST" duration-ms="4" status="PASS">
          <params>
            <param index="0">
              <value>
                <![CDATA[[TestResult name=addFollowUpTestforLostStageWithoutChieldstage status=SUCCESS method=AddFundFollowUpsForTest.addFollowUpTestforLostStageWithoutChieldstage(java.lang.String,java.lang.String,java.lang.String,java.lang.String)[pri:2, instance:tests.Follow_Ups.AddFundFollowUpsForTest@7c7a06ec] output={null}]]]>
              </value>
            </param>
          </params>
          <reporter-output>
          </reporter-output>
        </test-method> <!-- takeScreenshot -->
        <test-method signature="addFollowUpTestforLostStageWithoutChieldstage(java.lang.String,java.lang.String,java.lang.String,java.lang.String)[pri:2, instance:tests.Follow_Ups.AddFundFollowUpsForTest@7c7a06ec]" started-at="2025-10-08T18:27:50 IST" name="addFollowUpTestforLostStageWithoutChieldstage" data-provider="with_out_chile_Stage" finished-at="2025-10-08T18:27:57 IST" duration-ms="6326" status="PASS">
          <params>
            <param index="0">
              <value>
                <![CDATA[Lost]]>
              </value>
            </param>
            <param index="1">
              <value>
                <![CDATA[Requires monthly income]]>
              </value>
            </param>
            <param index="2">
              <value>
                <![CDATA[Client requires monthly income option]]>
              </value>
            </param>
            <param index="3">
              <value>
                <![CDATA[Lost Lead]]>
              </value>
            </param>
          </params>
          <reporter-output>
          </reporter-output>
        </test-method> <!-- addFollowUpTestforLostStageWithoutChieldstage -->
        <test-method is-config="true" signature="takeScreenshot(org.testng.ITestResult)[pri:0, instance:tests.Follow_Ups.AddFundFollowUpsForTest@7c7a06ec]" started-at="2025-10-08T18:27:57 IST" name="takeScreenshot" finished-at="2025-10-08T18:27:57 IST" duration-ms="4" status="PASS">
          <params>
            <param index="0">
              <value>
                <![CDATA[[TestResult name=addFollowUpTestforLostStageWithoutChieldstage status=SUCCESS method=AddFundFollowUpsForTest.addFollowUpTestforLostStageWithoutChieldstage(java.lang.String,java.lang.String,java.lang.String,java.lang.String)[pri:2, instance:tests.Follow_Ups.AddFundFollowUpsForTest@7c7a06ec] output={null}]]]>
              </value>
            </param>
          </params>
          <reporter-output>
          </reporter-output>
        </test-method> <!-- takeScreenshot -->
        <test-method signature="addFollowUpTestforLostStageWithoutChieldstage(java.lang.String,java.lang.String,java.lang.String,java.lang.String)[pri:2, instance:tests.Follow_Ups.AddFundFollowUpsForTest@7c7a06ec]" started-at="2025-10-08T18:27:57 IST" name="addFollowUpTestforLostStageWithoutChieldstage" data-provider="with_out_chile_Stage" finished-at="2025-10-08T18:28:03 IST" duration-ms="6319" status="PASS">
          <params>
            <param index="0">
              <value>
                <![CDATA[Lost]]>
              </value>
            </param>
            <param index="1">
              <value>
                <![CDATA[Not planning to invest in Six months]]>
              </value>
            </param>
            <param index="2">
              <value>
                <![CDATA[Client not planning to invest soon]]>
              </value>
            </param>
            <param index="3">
              <value>
                <![CDATA[Lost Lead]]>
              </value>
            </param>
          </params>
          <reporter-output>
          </reporter-output>
        </test-method> <!-- addFollowUpTestforLostStageWithoutChieldstage -->
        <test-method is-config="true" signature="takeScreenshot(org.testng.ITestResult)[pri:0, instance:tests.Follow_Ups.AddFundFollowUpsForTest@7c7a06ec]" started-at="2025-10-08T18:28:03 IST" name="takeScreenshot" finished-at="2025-10-08T18:28:03 IST" duration-ms="6" status="PASS">
          <params>
            <param index="0">
              <value>
                <![CDATA[[TestResult name=addFollowUpTestforLostStageWithoutChieldstage status=SUCCESS method=AddFundFollowUpsForTest.addFollowUpTestforLostStageWithoutChieldstage(java.lang.String,java.lang.String,java.lang.String,java.lang.String)[pri:2, instance:tests.Follow_Ups.AddFundFollowUpsForTest@7c7a06ec] output={null}]]]>
              </value>
            </param>
          </params>
          <reporter-output>
          </reporter-output>
        </test-method> <!-- takeScreenshot -->
        <test-method signature="addFollowUpTestforLostStageWithoutChieldstage(java.lang.String,java.lang.String,java.lang.String,java.lang.String)[pri:2, instance:tests.Follow_Ups.AddFundFollowUpsForTest@7c7a06ec]" started-at="2025-10-08T18:28:03 IST" name="addFollowUpTestforLostStageWithoutChieldstage" data-provider="with_out_chile_Stage" finished-at="2025-10-08T18:28:09 IST" duration-ms="6287" status="PASS">
          <params>
            <param index="0">
              <value>
                <![CDATA[Lost]]>
              </value>
            </param>
            <param index="1">
              <value>
                <![CDATA[Not ready to pay setup cost and management fees]]>
              </value>
            </param>
            <param index="2">
              <value>
                <![CDATA[Client unwilling to pay setup/management fees]]>
              </value>
            </param>
            <param index="3">
              <value>
                <![CDATA[Lost Lead]]>
              </value>
            </param>
          </params>
          <reporter-output>
          </reporter-output>
        </test-method> <!-- addFollowUpTestforLostStageWithoutChieldstage -->
        <test-method is-config="true" signature="takeScreenshot(org.testng.ITestResult)[pri:0, instance:tests.Follow_Ups.AddFundFollowUpsForTest@7c7a06ec]" started-at="2025-10-08T18:28:09 IST" name="takeScreenshot" finished-at="2025-10-08T18:28:09 IST" duration-ms="4" status="PASS">
          <params>
            <param index="0">
              <value>
                <![CDATA[[TestResult name=addFollowUpTestforLostStageWithoutChieldstage status=SUCCESS method=AddFundFollowUpsForTest.addFollowUpTestforLostStageWithoutChieldstage(java.lang.String,java.lang.String,java.lang.String,java.lang.String)[pri:2, instance:tests.Follow_Ups.AddFundFollowUpsForTest@7c7a06ec] output={null}]]]>
              </value>
            </param>
          </params>
          <reporter-output>
          </reporter-output>
        </test-method> <!-- takeScreenshot -->
        <test-method signature="addFollowUpTestforLostStageWithoutChieldstage(java.lang.String,java.lang.String,java.lang.String,java.lang.String)[pri:2, instance:tests.Follow_Ups.AddFundFollowUpsForTest@7c7a06ec]" started-at="2025-10-08T18:28:09 IST" name="addFollowUpTestforLostStageWithoutChieldstage" data-provider="with_out_chile_Stage" finished-at="2025-10-08T18:28:16 IST" duration-ms="6322" status="PASS">
          <params>
            <param index="0">
              <value>
                <![CDATA[Lost]]>
              </value>
            </param>
            <param index="1">
              <value>
                <![CDATA[Looking for Emergency Exit]]>
              </value>
            </param>
            <param index="2">
              <value>
                <![CDATA[Client wants quick exit option]]>
              </value>
            </param>
            <param index="3">
              <value>
                <![CDATA[Lost Lead]]>
              </value>
            </param>
          </params>
          <reporter-output>
          </reporter-output>
        </test-method> <!-- addFollowUpTestforLostStageWithoutChieldstage -->
        <test-method is-config="true" signature="takeScreenshot(org.testng.ITestResult)[pri:0, instance:tests.Follow_Ups.AddFundFollowUpsForTest@7c7a06ec]" started-at="2025-10-08T18:28:16 IST" name="takeScreenshot" finished-at="2025-10-08T18:28:16 IST" duration-ms="4" status="PASS">
          <params>
            <param index="0">
              <value>
                <![CDATA[[TestResult name=addFollowUpTestforLostStageWithoutChieldstage status=SUCCESS method=AddFundFollowUpsForTest.addFollowUpTestforLostStageWithoutChieldstage(java.lang.String,java.lang.String,java.lang.String,java.lang.String)[pri:2, instance:tests.Follow_Ups.AddFundFollowUpsForTest@7c7a06ec] output={null}]]]>
              </value>
            </param>
          </params>
          <reporter-output>
          </reporter-output>
        </test-method> <!-- takeScreenshot -->
        <test-method signature="addFollowUpTestforLostStageWithoutChieldstage(java.lang.String,java.lang.String,java.lang.String,java.lang.String)[pri:2, instance:tests.Follow_Ups.AddFundFollowUpsForTest@7c7a06ec]" started-at="2025-10-08T18:28:16 IST" name="addFollowUpTestforLostStageWithoutChieldstage" data-provider="with_out_chile_Stage" finished-at="2025-10-08T18:28:22 IST" duration-ms="6305" status="PASS">
          <params>
            <param index="0">
              <value>
                <![CDATA[Lost]]>
              </value>
            </param>
            <param index="1">
              <value>
                <![CDATA[Requires monthly payment options]]>
              </value>
            </param>
            <param index="2">
              <value>
                <![CDATA[Client requires flexible monthly payment]]>
              </value>
            </param>
            <param index="3">
              <value>
                <![CDATA[Lost Lead]]>
              </value>
            </param>
          </params>
          <reporter-output>
          </reporter-output>
        </test-method> <!-- addFollowUpTestforLostStageWithoutChieldstage -->
        <test-method is-config="true" signature="takeScreenshot(org.testng.ITestResult)[pri:0, instance:tests.Follow_Ups.AddFundFollowUpsForTest@7c7a06ec]" started-at="2025-10-08T18:28:22 IST" name="takeScreenshot" finished-at="2025-10-08T18:28:22 IST" duration-ms="5" status="PASS">
          <params>
            <param index="0">
              <value>
                <![CDATA[[TestResult name=addFollowUpTestforLostStageWithoutChieldstage status=SUCCESS method=AddFundFollowUpsForTest.addFollowUpTestforLostStageWithoutChieldstage(java.lang.String,java.lang.String,java.lang.String,java.lang.String)[pri:2, instance:tests.Follow_Ups.AddFundFollowUpsForTest@7c7a06ec] output={null}]]]>
              </value>
            </param>
          </params>
          <reporter-output>
          </reporter-output>
        </test-method> <!-- takeScreenshot -->
        <test-method signature="addFollowUpTestforLostStageWithoutChieldstage(java.lang.String,java.lang.String,java.lang.String,java.lang.String)[pri:2, instance:tests.Follow_Ups.AddFundFollowUpsForTest@7c7a06ec]" started-at="2025-10-08T18:28:22 IST" name="addFollowUpTestforLostStageWithoutChieldstage" data-provider="with_out_chile_Stage" finished-at="2025-10-08T18:28:28 IST" duration-ms="6315" status="PASS">
          <params>
            <param index="0">
              <value>
                <![CDATA[Lost]]>
              </value>
            </param>
            <param index="1">
              <value>
                <![CDATA[Did not inquired]]>
              </value>
            </param>
            <param index="2">
              <value>
                <![CDATA[Client didn’t inquire further]]>
              </value>
            </param>
            <param index="3">
              <value>
                <![CDATA[Lost Lead]]>
              </value>
            </param>
          </params>
          <reporter-output>
          </reporter-output>
        </test-method> <!-- addFollowUpTestforLostStageWithoutChieldstage -->
        <test-method is-config="true" signature="takeScreenshot(org.testng.ITestResult)[pri:0, instance:tests.Follow_Ups.AddFundFollowUpsForTest@7c7a06ec]" started-at="2025-10-08T18:28:28 IST" name="takeScreenshot" finished-at="2025-10-08T18:28:28 IST" duration-ms="2" status="PASS">
          <params>
            <param index="0">
              <value>
                <![CDATA[[TestResult name=addFollowUpTestforLostStageWithoutChieldstage status=SUCCESS method=AddFundFollowUpsForTest.addFollowUpTestforLostStageWithoutChieldstage(java.lang.String,java.lang.String,java.lang.String,java.lang.String)[pri:2, instance:tests.Follow_Ups.AddFundFollowUpsForTest@7c7a06ec] output={null}]]]>
              </value>
            </param>
          </params>
          <reporter-output>
          </reporter-output>
        </test-method> <!-- takeScreenshot -->
        <test-method signature="addFollowUpTestforLostStageWithoutChieldstage(java.lang.String,java.lang.String,java.lang.String,java.lang.String)[pri:2, instance:tests.Follow_Ups.AddFundFollowUpsForTest@7c7a06ec]" started-at="2025-10-08T18:28:28 IST" name="addFollowUpTestforLostStageWithoutChieldstage" data-provider="with_out_chile_Stage" finished-at="2025-10-08T18:28:34 IST" duration-ms="6290" status="PASS">
          <params>
            <param index="0">
              <value>
                <![CDATA[Lost]]>
              </value>
            </param>
            <param index="1">
              <value>
                <![CDATA[Not Interested]]>
              </value>
            </param>
            <param index="2">
              <value>
                <![CDATA[Client not interested in offer]]>
              </value>
            </param>
            <param index="3">
              <value>
                <![CDATA[Lost Lead]]>
              </value>
            </param>
          </params>
          <reporter-output>
          </reporter-output>
        </test-method> <!-- addFollowUpTestforLostStageWithoutChieldstage -->
        <test-method is-config="true" signature="takeScreenshot(org.testng.ITestResult)[pri:0, instance:tests.Follow_Ups.AddFundFollowUpsForTest@7c7a06ec]" started-at="2025-10-08T18:28:34 IST" name="takeScreenshot" finished-at="2025-10-08T18:28:34 IST" duration-ms="3" status="PASS">
          <params>
            <param index="0">
              <value>
                <![CDATA[[TestResult name=addFollowUpTestforLostStageWithoutChieldstage status=SUCCESS method=AddFundFollowUpsForTest.addFollowUpTestforLostStageWithoutChieldstage(java.lang.String,java.lang.String,java.lang.String,java.lang.String)[pri:2, instance:tests.Follow_Ups.AddFundFollowUpsForTest@7c7a06ec] output={null}]]]>
              </value>
            </param>
          </params>
          <reporter-output>
          </reporter-output>
        </test-method> <!-- takeScreenshot -->
        <test-method signature="addFollowUpTestforLostStageWithoutChieldstage(java.lang.String,java.lang.String,java.lang.String,java.lang.String)[pri:2, instance:tests.Follow_Ups.AddFundFollowUpsForTest@7c7a06ec]" started-at="2025-10-08T18:28:34 IST" name="addFollowUpTestforLostStageWithoutChieldstage" data-provider="with_out_chile_Stage" finished-at="2025-10-08T18:28:41 IST" duration-ms="6353" status="PASS">
          <params>
            <param index="0">
              <value>
                <![CDATA[Lost]]>
              </value>
            </param>
            <param index="1">
              <value>
                <![CDATA[Not Responding]]>
              </value>
            </param>
            <param index="2">
              <value>
                <![CDATA[Client not responding to follow-up]]>
              </value>
            </param>
            <param index="3">
              <value>
                <![CDATA[Lost Lead]]>
              </value>
            </param>
          </params>
          <reporter-output>
          </reporter-output>
        </test-method> <!-- addFollowUpTestforLostStageWithoutChieldstage -->
        <test-method is-config="true" signature="takeScreenshot(org.testng.ITestResult)[pri:0, instance:tests.Follow_Ups.AddFundFollowUpsForTest@7c7a06ec]" started-at="2025-10-08T18:28:41 IST" name="takeScreenshot" finished-at="2025-10-08T18:28:41 IST" duration-ms="4" status="PASS">
          <params>
            <param index="0">
              <value>
                <![CDATA[[TestResult name=addFollowUpTestforLostStageWithoutChieldstage status=SUCCESS method=AddFundFollowUpsForTest.addFollowUpTestforLostStageWithoutChieldstage(java.lang.String,java.lang.String,java.lang.String,java.lang.String)[pri:2, instance:tests.Follow_Ups.AddFundFollowUpsForTest@7c7a06ec] output={null}]]]>
              </value>
            </param>
          </params>
          <reporter-output>
          </reporter-output>
        </test-method> <!-- takeScreenshot -->
        <test-method signature="addFollowUpTestforLostStageWithoutChieldstage(java.lang.String,java.lang.String,java.lang.String,java.lang.String)[pri:2, instance:tests.Follow_Ups.AddFundFollowUpsForTest@7c7a06ec]" started-at="2025-10-08T18:28:41 IST" name="addFollowUpTestforLostStageWithoutChieldstage" data-provider="with_out_chile_Stage" finished-at="2025-10-08T18:28:47 IST" duration-ms="6309" status="PASS">
          <params>
            <param index="0">
              <value>
                <![CDATA[Lost]]>
              </value>
            </param>
            <param index="1">
              <value>
                <![CDATA[Invalid Number]]>
              </value>
            </param>
            <param index="2">
              <value>
                <![CDATA[Client contact number invalid]]>
              </value>
            </param>
            <param index="3">
              <value>
                <![CDATA[Lost Lead]]>
              </value>
            </param>
          </params>
          <reporter-output>
          </reporter-output>
        </test-method> <!-- addFollowUpTestforLostStageWithoutChieldstage -->
        <test-method is-config="true" signature="takeScreenshot(org.testng.ITestResult)[pri:0, instance:tests.Follow_Ups.AddFundFollowUpsForTest@7c7a06ec]" started-at="2025-10-08T18:28:47 IST" name="takeScreenshot" finished-at="2025-10-08T18:28:47 IST" duration-ms="7" status="PASS">
          <params>
            <param index="0">
              <value>
                <![CDATA[[TestResult name=addFollowUpTestforLostStageWithoutChieldstage status=SUCCESS method=AddFundFollowUpsForTest.addFollowUpTestforLostStageWithoutChieldstage(java.lang.String,java.lang.String,java.lang.String,java.lang.String)[pri:2, instance:tests.Follow_Ups.AddFundFollowUpsForTest@7c7a06ec] output={null}]]]>
              </value>
            </param>
          </params>
          <reporter-output>
          </reporter-output>
        </test-method> <!-- takeScreenshot -->
        <test-method signature="addFollowUpforLOstStage(java.lang.String,java.lang.String,java.lang.String,java.lang.String,java.lang.String)[pri:3, instance:tests.Follow_Ups.AddFundFollowUpsForTest@7c7a06ec]" started-at="2025-10-08T18:28:47 IST" name="addFollowUpforLOstStage" data-provider="with_Child_Stage_followup" finished-at="2025-10-08T18:28:53 IST" duration-ms="6114" status="PASS">
          <params>
            <param index="0">
              <value>
                <![CDATA[Lost]]>
              </value>
            </param>
            <param index="1">
              <value>
                <![CDATA[Budget]]>
              </value>
            </param>
            <param index="2">
              <value>
                <![CDATA[0–25 Lacs]]>
              </value>
            </param>
            <param index="3">
              <value>
                <![CDATA[Lead lost due to budget constraints]]>
              </value>
            </param>
            <param index="4">
              <value>
                <![CDATA[Lost Lead]]>
              </value>
            </param>
          </params>
          <reporter-output>
          </reporter-output>
        </test-method> <!-- addFollowUpforLOstStage -->
        <test-method is-config="true" signature="takeScreenshot(org.testng.ITestResult)[pri:0, instance:tests.Follow_Ups.AddFundFollowUpsForTest@7c7a06ec]" started-at="2025-10-08T18:28:53 IST" name="takeScreenshot" finished-at="2025-10-08T18:28:53 IST" duration-ms="7" status="PASS">
          <params>
            <param index="0">
              <value>
                <![CDATA[[TestResult name=addFollowUpforLOstStage status=SUCCESS method=AddFundFollowUpsForTest.addFollowUpforLOstStage(java.lang.String,java.lang.String,java.lang.String,java.lang.String,java.lang.String)[pri:3, instance:tests.Follow_Ups.AddFundFollowUpsForTest@7c7a06ec] output={null}]]]>
              </value>
            </param>
          </params>
          <reporter-output>
          </reporter-output>
        </test-method> <!-- takeScreenshot -->
        <test-method signature="addFollowUpforLOstStage(java.lang.String,java.lang.String,java.lang.String,java.lang.String,java.lang.String)[pri:3, instance:tests.Follow_Ups.AddFundFollowUpsForTest@7c7a06ec]" started-at="2025-10-08T18:28:53 IST" name="addFollowUpforLOstStage" data-provider="with_Child_Stage_followup" finished-at="2025-10-08T18:28:59 IST" duration-ms="6081" status="PASS">
          <params>
            <param index="0">
              <value>
                <![CDATA[Lost]]>
              </value>
            </param>
            <param index="1">
              <value>
                <![CDATA[Budget]]>
              </value>
            </param>
            <param index="2">
              <value>
                <![CDATA[25–50 Lacs]]>
              </value>
            </param>
            <param index="3">
              <value>
                <![CDATA[Lead lost due to budget constraints]]>
              </value>
            </param>
            <param index="4">
              <value>
                <![CDATA[Lost Lead]]>
              </value>
            </param>
          </params>
          <reporter-output>
          </reporter-output>
        </test-method> <!-- addFollowUpforLOstStage -->
        <test-method is-config="true" signature="takeScreenshot(org.testng.ITestResult)[pri:0, instance:tests.Follow_Ups.AddFundFollowUpsForTest@7c7a06ec]" started-at="2025-10-08T18:28:59 IST" name="takeScreenshot" finished-at="2025-10-08T18:28:59 IST" duration-ms="2" status="PASS">
          <params>
            <param index="0">
              <value>
                <![CDATA[[TestResult name=addFollowUpforLOstStage status=SUCCESS method=AddFundFollowUpsForTest.addFollowUpforLOstStage(java.lang.String,java.lang.String,java.lang.String,java.lang.String,java.lang.String)[pri:3, instance:tests.Follow_Ups.AddFundFollowUpsForTest@7c7a06ec] output={null}]]]>
              </value>
            </param>
          </params>
          <reporter-output>
          </reporter-output>
        </test-method> <!-- takeScreenshot -->
        <test-method signature="addFollowUpforLOstStage(java.lang.String,java.lang.String,java.lang.String,java.lang.String,java.lang.String)[pri:3, instance:tests.Follow_Ups.AddFundFollowUpsForTest@7c7a06ec]" started-at="2025-10-08T18:28:59 IST" name="addFollowUpforLOstStage" data-provider="with_Child_Stage_followup" finished-at="2025-10-08T18:29:05 IST" duration-ms="6087" status="PASS">
          <params>
            <param index="0">
              <value>
                <![CDATA[Lost]]>
              </value>
            </param>
            <param index="1">
              <value>
                <![CDATA[Budget]]>
              </value>
            </param>
            <param index="2">
              <value>
                <![CDATA[50 Lacs – 1 Cr]]>
              </value>
            </param>
            <param index="3">
              <value>
                <![CDATA[Lead lost due to budget constraints]]>
              </value>
            </param>
            <param index="4">
              <value>
                <![CDATA[Lost Lead]]>
              </value>
            </param>
          </params>
          <reporter-output>
          </reporter-output>
        </test-method> <!-- addFollowUpforLOstStage -->
        <test-method is-config="true" signature="takeScreenshot(org.testng.ITestResult)[pri:0, instance:tests.Follow_Ups.AddFundFollowUpsForTest@7c7a06ec]" started-at="2025-10-08T18:29:05 IST" name="takeScreenshot" finished-at="2025-10-08T18:29:05 IST" duration-ms="4" status="PASS">
          <params>
            <param index="0">
              <value>
                <![CDATA[[TestResult name=addFollowUpforLOstStage status=SUCCESS method=AddFundFollowUpsForTest.addFollowUpforLOstStage(java.lang.String,java.lang.String,java.lang.String,java.lang.String,java.lang.String)[pri:3, instance:tests.Follow_Ups.AddFundFollowUpsForTest@7c7a06ec] output={null}]]]>
              </value>
            </param>
          </params>
          <reporter-output>
          </reporter-output>
        </test-method> <!-- takeScreenshot -->
        <test-method is-config="true" signature="tearDown()[pri:0, instance:tests.Follow_Ups.AddFundFollowUpsForTest@7c7a06ec]" started-at="2025-10-08T18:29:06 IST" name="tearDown" finished-at="2025-10-08T18:29:06 IST" duration-ms="133" status="PASS">
          <reporter-output>
          </reporter-output>
        </test-method> <!-- tearDown -->
      </class> <!-- tests.Follow_Ups.AddFundFollowUpsForTest -->
    </test> <!-- Default test -->
  </suite> <!-- Default suite -->
</testng-results>
