<?xml version="1.0" encoding="UTF-8"?>
<!-- Generated by org.testng.reporters.JUnitReportReporter -->
<testsuite hostname="Tushars-Mac-mini.local" failures="35" tests="1111" name="tests.AddFurnitureLeadTest" time="7044.881" errors="28" timestamp="2025-09-25T14:21:33 IST" skipped="643">
  <testcase classname="tests.AddFurnitureLeadTest" name="addLeadForAdditionalFurnitureLeadTest" time="1.997">
    <skipped/>
  </testcase> <!-- addLeadForAdditionalFurnitureLeadTest -->
  <testcase classname="tests.AddFurnitureLeadTest" name="addLeadForAdditionalFurnitureLeadTest" time="1.992">
    <skipped/>
  </testcase> <!-- addLeadForAdditionalFurnitureLeadTest -->
  <testcase classname="tests.AddFurnitureLeadTest" name="addLeadForAdditionalFurnitureLeadTest" time="10.549"/>
  <testcase classname="tests.AddFurnitureLeadTest" name="addLeadForAdditionalFurnitureLeadTest" time="1.993">
    <skipped/>
  </testcase> <!-- addLeadForAdditionalFurnitureLeadTest -->
  <testcase classname="tests.AddFurnitureLeadTest" name="addLeadForAdditionalFurnitureLeadTest" time="1.991">
    <skipped/>
  </testcase> <!-- addLeadForAdditionalFurnitureLeadTest -->
  <testcase classname="tests.AddFurnitureLeadTest" name="addLeadForAdditionalFurnitureLeadTest" time="10.545"/>
  <testcase classname="tests.AddFurnitureLeadTest" name="addLeadForAdditionalFurnitureLeadTest" time="1.962">
    <skipped/>
  </testcase> <!-- addLeadForAdditionalFurnitureLeadTest -->
  <testcase classname="tests.AddFurnitureLeadTest" name="addLeadForAdditionalFurnitureLeadTest" time="11.831"/>
  <testcase classname="tests.AddFurnitureLeadTest" name="addLeadForAdditionalFurnitureLeadTest" time="10.621"/>
  <testcase classname="tests.AddFurnitureLeadTest" name="addLeadForAdditionalFurnitureLeadTest" time="10.576"/>
  <testcase classname="tests.AddFurnitureLeadTest" name="addLeadForAdditionalFurnitureLeadTest" time="1.979">
    <skipped/>
  </testcase> <!-- addLeadForAdditionalFurnitureLeadTest -->
  <testcase classname="tests.AddFurnitureLeadTest" name="addLeadForAdditionalFurnitureLeadTest" time="10.469"/>
  <testcase classname="tests.AddFurnitureLeadTest" name="addLeadForAdditionalFurnitureLeadTest" time="1.987">
    <skipped/>
  </testcase> <!-- addLeadForAdditionalFurnitureLeadTest -->
  <testcase classname="tests.AddFurnitureLeadTest" name="addLeadForAdditionalFurnitureLeadTest" time="10.537"/>
  <testcase classname="tests.AddFurnitureLeadTest" name="addLeadForAdditionalFurnitureLeadTest" time="1.974">
    <skipped/>
  </testcase> <!-- addLeadForAdditionalFurnitureLeadTest -->
  <testcase classname="tests.AddFurnitureLeadTest" name="addLeadForAdditionalFurnitureLeadTest" time="10.474"/>
  <testcase classname="tests.AddFurnitureLeadTest" name="addLeadForAdditionalFurnitureLeadTest" time="10.578"/>
  <testcase classname="tests.AddFurnitureLeadTest" name="addLeadForAdditionalFurnitureLeadTest" time="1.042">
    <skipped/>
  </testcase> <!-- addLeadForAdditionalFurnitureLeadTest -->
  <testcase classname="tests.AddFurnitureLeadTest" name="addLeadForAdditionalFurnitureLeadTest" time="1.988">
    <skipped/>
  </testcase> <!-- addLeadForAdditionalFurnitureLeadTest -->
  <testcase classname="tests.AddFurnitureLeadTest" name="addLeadForAdditionalFurnitureLeadTest" time="10.535"/>
  <testcase classname="tests.AddFurnitureLeadTest" name="addLeadForAdditionalFurnitureLeadTest" time="1.048">
    <skipped/>
  </testcase> <!-- addLeadForAdditionalFurnitureLeadTest -->
  <testcase classname="tests.AddFurnitureLeadTest" name="addLeadForAdditionalFurnitureLeadTest" time="1.961">
    <skipped/>
  </testcase> <!-- addLeadForAdditionalFurnitureLeadTest -->
  <testcase classname="tests.AddFurnitureLeadTest" name="addLeadForAdditionalFurnitureLeadTest" time="9.630"/>
  <testcase classname="tests.AddFurnitureLeadTest" name="addLeadForAdditionalFurnitureLeadTest" time="1.974">
    <skipped/>
  </testcase> <!-- addLeadForAdditionalFurnitureLeadTest -->
  <testcase classname="tests.AddFurnitureLeadTest" name="addLeadForAdditionalFurnitureLeadTest" time="0.034">
    <skipped/>
  </testcase> <!-- addLeadForAdditionalFurnitureLeadTest -->
  <testcase classname="tests.AddFurnitureLeadTest" name="addLeadForAdditionalFurnitureLeadTest" time="1.994">
    <skipped/>
  </testcase> <!-- addLeadForAdditionalFurnitureLeadTest -->
  <testcase classname="tests.AddFurnitureLeadTest" name="addLeadForAdditionalFurnitureLeadTest" time="10.698"/>
  <testcase classname="tests.AddFurnitureLeadTest" name="addLeadForAdditionalFurnitureLeadTest" time="10.479"/>
  <testcase classname="tests.AddFurnitureLeadTest" name="addLeadForAdditionalFurnitureLeadTest" time="10.589"/>
  <testcase classname="tests.AddFurnitureLeadTest" name="addLeadForAdditionalFurnitureLeadTest" time="2.005">
    <skipped/>
  </testcase> <!-- addLeadForAdditionalFurnitureLeadTest -->
  <testcase classname="tests.AddFurnitureLeadTest" name="addLeadForAdditionalFurnitureLeadTest" time="2.001">
    <skipped/>
  </testcase> <!-- addLeadForAdditionalFurnitureLeadTest -->
  <testcase classname="tests.AddFurnitureLeadTest" name="addLeadForAdditionalFurnitureLeadTest" time="1.991">
    <skipped/>
  </testcase> <!-- addLeadForAdditionalFurnitureLeadTest -->
  <testcase classname="tests.AddFurnitureLeadTest" name="addLeadForAdditionalFurnitureLeadTest" time="1.986">
    <skipped/>
  </testcase> <!-- addLeadForAdditionalFurnitureLeadTest -->
  <testcase classname="tests.AddFurnitureLeadTest" name="addLeadForAdditionalFurnitureLeadTest" time="10.511"/>
  <testcase classname="tests.AddFurnitureLeadTest" name="addLeadForAdditionalFurnitureLeadTest" time="1.980">
    <skipped/>
  </testcase> <!-- addLeadForAdditionalFurnitureLeadTest -->
  <testcase classname="tests.AddFurnitureLeadTest" name="addLeadForAdditionalFurnitureLeadTest" time="1.992">
    <skipped/>
  </testcase> <!-- addLeadForAdditionalFurnitureLeadTest -->
  <testcase classname="tests.AddFurnitureLeadTest" name="addLeadForAdditionalFurnitureLeadTest" time="2.006">
    <skipped/>
  </testcase> <!-- addLeadForAdditionalFurnitureLeadTest -->
  <testcase classname="tests.AddFurnitureLeadTest" name="addLeadForAdditionalFurnitureLeadTest" time="1.990">
    <skipped/>
  </testcase> <!-- addLeadForAdditionalFurnitureLeadTest -->
  <testcase classname="tests.AddFurnitureLeadTest" name="addLeadForAdditionalFurnitureLeadTest" time="10.477"/>
  <testcase classname="tests.AddFurnitureLeadTest" name="addLeadForAdditionalFurnitureLeadTest" time="2.003">
    <skipped/>
  </testcase> <!-- addLeadForAdditionalFurnitureLeadTest -->
  <testcase classname="tests.AddFurnitureLeadTest" name="addLeadForAdditionalFurnitureLeadTest" time="1.981">
    <skipped/>
  </testcase> <!-- addLeadForAdditionalFurnitureLeadTest -->
  <testcase classname="tests.AddFurnitureLeadTest" name="addLeadForAdditionalFurnitureLeadTest" time="10.524"/>
  <testcase classname="tests.AddFurnitureLeadTest" name="addLeadForAdditionalFurnitureLeadTest" time="1.976">
    <skipped/>
  </testcase> <!-- addLeadForAdditionalFurnitureLeadTest -->
  <testcase classname="tests.AddFurnitureLeadTest" name="addLeadForAdditionalFurnitureLeadTest" time="1.975">
    <skipped/>
  </testcase> <!-- addLeadForAdditionalFurnitureLeadTest -->
  <testcase classname="tests.AddFurnitureLeadTest" name="addLeadForAdditionalFurnitureLeadTest" time="1.988">
    <skipped/>
  </testcase> <!-- addLeadForAdditionalFurnitureLeadTest -->
  <testcase classname="tests.AddFurnitureLeadTest" name="addLeadForAdditionalFurnitureLeadTest" time="2.012">
    <skipped/>
  </testcase> <!-- addLeadForAdditionalFurnitureLeadTest -->
  <testcase classname="tests.AddFurnitureLeadTest" name="addLeadForAdditionalFurnitureLeadTest" time="10.581"/>
  <testcase classname="tests.AddFurnitureLeadTest" name="addLeadForAdditionalFurnitureLeadTest" time="35.431">
    <error message="Error {
  message=&#039;Timeout 30000ms exceeded.
  name=&#039;TimeoutError
  stack=&#039;TimeoutError: Timeout 30000ms exceeded.
    at ProgressController.run (/private/var/folders/1b/cqmvqvbd4sg1xvl1gc93cfyh0000gn/T/playwright-java-7524229160389361392/package/lib/server/progress.js:68:28)
    at FrameDispatcher._runCommand (/private/var/folders/1b/cqmvqvbd4sg1xvl1gc93cfyh0000gn/T/playwright-java-7524229160389361392/package/lib/server/dispatchers/dispatcher.js:95:31)
    at DispatcherConnection.dispatch (/private/var/folders/1b/cqmvqvbd4sg1xvl1gc93cfyh0000gn/T/playwright-java-7524229160389361392/package/lib/server/dispatchers/dispatcher.js:329:39)
}
Call log:
-   - waiting for locator(&quot;#category&quot;)
-     - locator resolved to &lt;select id=&quot;category&quot; name=&quot;category&quot; class=&quot;custom-input &quot; aria-label=&quot;Select Product Category&quot;&gt;…&lt;/select&gt;
-   - attempting select option action
-     2 × waiting for element to be visible and enabled
-       - did not find some options
-     - retrying select option action
-     - waiting 20ms
-     2 × waiting for element to be visible and enabled
-       - did not find some options
-     - retrying select option action
-       - waiting 100ms
-     60 × waiting for element to be visible and enabled
-        - did not find some options
-      - retrying select option action
-        - waiting 500ms
" type="com.microsoft.playwright.TimeoutError">
      <![CDATA[com.microsoft.playwright.TimeoutError: Error {
  message='Timeout 30000ms exceeded.
  name='TimeoutError
  stack='TimeoutError: Timeout 30000ms exceeded.
    at ProgressController.run (/private/var/folders/1b/cqmvqvbd4sg1xvl1gc93cfyh0000gn/T/playwright-java-7524229160389361392/package/lib/server/progress.js:68:28)
    at FrameDispatcher._runCommand (/private/var/folders/1b/cqmvqvbd4sg1xvl1gc93cfyh0000gn/T/playwright-java-7524229160389361392/package/lib/server/dispatchers/dispatcher.js:95:31)
    at DispatcherConnection.dispatch (/private/var/folders/1b/cqmvqvbd4sg1xvl1gc93cfyh0000gn/T/playwright-java-7524229160389361392/package/lib/server/dispatchers/dispatcher.js:329:39)
}
Call log:
-   - waiting for locator("#category")
-     - locator resolved to <select id="category" name="category" class="custom-input " aria-label="Select Product Category">…</select>
-   - attempting select option action
-     2 × waiting for element to be visible and enabled
-       - did not find some options
-     - retrying select option action
-     - waiting 20ms
-     2 × waiting for element to be visible and enabled
-       - did not find some options
-     - retrying select option action
-       - waiting 100ms
-     60 × waiting for element to be visible and enabled
-        - did not find some options
-      - retrying select option action
-        - waiting 500ms

at com.microsoft.playwright.impl.WaitableResult.get(WaitableResult.java:52)
at com.microsoft.playwright.impl.ChannelOwner.runUntil(ChannelOwner.java:138)
at com.microsoft.playwright.impl.Connection.sendMessage(Connection.java:131)
at com.microsoft.playwright.impl.ChannelOwner.sendMessage(ChannelOwner.java:124)
at com.microsoft.playwright.impl.FrameImpl.selectOption(FrameImpl.java:678)
at com.microsoft.playwright.impl.FrameImpl.selectOptionImpl(FrameImpl.java:645)
at com.microsoft.playwright.impl.PageImpl.selectOption(PageImpl.java:1183)
at com.microsoft.playwright.impl.PageImpl.selectOption(PageImpl.java:1150)
at com.microsoft.playwright.Page.selectOption(Page.java:6958)
at pages.AddFurnitureLeadPage.addLeadBasic(AddFurnitureLeadPage.java:396)
at pages.AddFurnitureLeadPage.addLeadWithAdditional(AddFurnitureLeadPage.java:205)
at tests.AddFurnitureLeadTest.addLeadForAdditionalFurnitureLeadTest(AddFurnitureLeadTest.java:168)
at java.base/jdk.internal.reflect.DirectMethodHandleAccessor.invoke(DirectMethodHandleAccessor.java:103)
at java.base/java.lang.reflect.Method.invoke(Method.java:580)
at org.testng.internal.invokers.MethodInvocationHelper.invokeMethod(MethodInvocationHelper.java:141)
at org.testng.internal.invokers.TestInvoker.invokeMethod(TestInvoker.java:687)
at org.testng.internal.invokers.TestInvoker.invokeTestMethod(TestInvoker.java:230)
at org.testng.internal.invokers.MethodRunner.runInSequence(MethodRunner.java:63)
at org.testng.internal.invokers.TestInvoker$MethodInvocationAgent.invoke(TestInvoker.java:995)
at org.testng.internal.invokers.TestInvoker.invokeTestMethods(TestInvoker.java:203)
at org.testng.internal.invokers.TestMethodWorker.invokeTestMethods(TestMethodWorker.java:154)
at org.testng.internal.invokers.TestMethodWorker.run(TestMethodWorker.java:134)
at java.base/java.util.ArrayList.forEach(ArrayList.java:1596)
at org.testng.TestRunner.privateRun(TestRunner.java:741)
at org.testng.TestRunner.run(TestRunner.java:616)
at org.testng.SuiteRunner.runTest(SuiteRunner.java:421)
at org.testng.SuiteRunner.runSequentially(SuiteRunner.java:413)
at org.testng.SuiteRunner.privateRun(SuiteRunner.java:373)
at org.testng.SuiteRunner.run(SuiteRunner.java:312)
at org.testng.SuiteRunnerWorker.runSuite(SuiteRunnerWorker.java:52)
at org.testng.SuiteRunnerWorker.run(SuiteRunnerWorker.java:95)
at org.testng.TestNG.runSuitesSequentially(TestNG.java:1274)
at org.testng.TestNG.runSuitesLocally(TestNG.java:1208)
at org.testng.TestNG.runSuites(TestNG.java:1112)
at org.testng.TestNG.run(TestNG.java:1079)
at org.testng.remote.AbstractRemoteTestNG.run(AbstractRemoteTestNG.java:115)
at org.testng.remote.RemoteTestNG.initAndRun(RemoteTestNG.java:293)
at org.testng.remote.RemoteTestNG.main(RemoteTestNG.java:91)
Caused by: com.microsoft.playwright.TimeoutError: Error {
  message='Timeout 30000ms exceeded.
  name='TimeoutError
  stack='TimeoutError: Timeout 30000ms exceeded.
    at ProgressController.run (/private/var/folders/1b/cqmvqvbd4sg1xvl1gc93cfyh0000gn/T/playwright-java-7524229160389361392/package/lib/server/progress.js:68:28)
    at FrameDispatcher._runCommand (/private/var/folders/1b/cqmvqvbd4sg1xvl1gc93cfyh0000gn/T/playwright-java-7524229160389361392/package/lib/server/dispatchers/dispatcher.js:95:31)
    at DispatcherConnection.dispatch (/private/var/folders/1b/cqmvqvbd4sg1xvl1gc93cfyh0000gn/T/playwright-java-7524229160389361392/package/lib/server/dispatchers/dispatcher.js:329:39)
}
Call log:
-   - waiting for locator("#category")
-     - locator resolved to <select id="category" name="category" class="custom-input " aria-label="Select Product Category">…</select>
-   - attempting select option action
-     2 × waiting for element to be visible and enabled
-       - did not find some options
-     - retrying select option action
-     - waiting 20ms
-     2 × waiting for element to be visible and enabled
-       - did not find some options
-     - retrying select option action
-       - waiting 100ms
-     60 × waiting for element to be visible and enabled
-        - did not find some options
-      - retrying select option action
-        - waiting 500ms

at com.microsoft.playwright.impl.Connection.dispatch(Connection.java:257)
at com.microsoft.playwright.impl.Connection.processOneMessage(Connection.java:214)
at com.microsoft.playwright.impl.ChannelOwner.runUntil(ChannelOwner.java:136)
... 36 more
]]>
    </error>
  </testcase> <!-- addLeadForAdditionalFurnitureLeadTest -->
  <testcase classname="tests.AddFurnitureLeadTest" name="addLeadForAdditionalFurnitureLeadTest" time="10.444"/>
  <testcase classname="tests.AddFurnitureLeadTest" name="addLeadForAdditionalFurnitureLeadTest" time="1.991">
    <skipped/>
  </testcase> <!-- addLeadForAdditionalFurnitureLeadTest -->
  <testcase classname="tests.AddFurnitureLeadTest" name="addLeadForAdditionalFurnitureLeadTest" time="2.002">
    <skipped/>
  </testcase> <!-- addLeadForAdditionalFurnitureLeadTest -->
  <testcase classname="tests.AddFurnitureLeadTest" name="addLeadForAdditionalFurnitureLeadTest" time="10.550"/>
  <testcase classname="tests.AddFurnitureLeadTest" name="addLeadForAdditionalFurnitureLeadTest" time="10.553"/>
  <testcase classname="tests.AddFurnitureLeadTest" name="addLeadForAdditionalFurnitureLeadTest" time="9.392">
    <failure message="Full name mismatch. Expected: Mehul Trivedi, Got: Jigar Raval" type="java.lang.AssertionError">
      <![CDATA[java.lang.AssertionError: Full name mismatch. Expected: Mehul Trivedi, Got: Jigar Raval
at pages.AddFurnitureLeadPage.validateLeadWithAdditionalInfo(AddFurnitureLeadPage.java:270)
at tests.AddFurnitureLeadTest.addLeadForAdditionalFurnitureLeadTest(AddFurnitureLeadTest.java:173)
at java.base/jdk.internal.reflect.DirectMethodHandleAccessor.invoke(DirectMethodHandleAccessor.java:103)
at java.base/java.lang.reflect.Method.invoke(Method.java:580)
at org.testng.internal.invokers.MethodInvocationHelper.invokeMethod(MethodInvocationHelper.java:141)
at org.testng.internal.invokers.TestInvoker.invokeMethod(TestInvoker.java:687)
at org.testng.internal.invokers.TestInvoker.invokeTestMethod(TestInvoker.java:230)
at org.testng.internal.invokers.MethodRunner.runInSequence(MethodRunner.java:63)
at org.testng.internal.invokers.TestInvoker$MethodInvocationAgent.invoke(TestInvoker.java:995)
at org.testng.internal.invokers.TestInvoker.invokeTestMethods(TestInvoker.java:203)
at org.testng.internal.invokers.TestMethodWorker.invokeTestMethods(TestMethodWorker.java:154)
at org.testng.internal.invokers.TestMethodWorker.run(TestMethodWorker.java:134)
at java.base/java.util.ArrayList.forEach(ArrayList.java:1596)
at org.testng.TestRunner.privateRun(TestRunner.java:741)
at org.testng.TestRunner.run(TestRunner.java:616)
at org.testng.SuiteRunner.runTest(SuiteRunner.java:421)
at org.testng.SuiteRunner.runSequentially(SuiteRunner.java:413)
at org.testng.SuiteRunner.privateRun(SuiteRunner.java:373)
at org.testng.SuiteRunner.run(SuiteRunner.java:312)
at org.testng.SuiteRunnerWorker.runSuite(SuiteRunnerWorker.java:52)
at org.testng.SuiteRunnerWorker.run(SuiteRunnerWorker.java:95)
at org.testng.TestNG.runSuitesSequentially(TestNG.java:1274)
at org.testng.TestNG.runSuitesLocally(TestNG.java:1208)
at org.testng.TestNG.runSuites(TestNG.java:1112)
at org.testng.TestNG.run(TestNG.java:1079)
at org.testng.remote.AbstractRemoteTestNG.run(AbstractRemoteTestNG.java:115)
at org.testng.remote.RemoteTestNG.initAndRun(RemoteTestNG.java:293)
at org.testng.remote.RemoteTestNG.main(RemoteTestNG.java:91)
]]>
    </failure>
  </testcase> <!-- addLeadForAdditionalFurnitureLeadTest -->
  <testcase classname="tests.AddFurnitureLeadTest" name="addLeadForAdditionalFurnitureLeadTest" time="10.506"/>
  <testcase classname="tests.AddFurnitureLeadTest" name="addLeadForAdditionalFurnitureLeadTest" time="10.595"/>
  <testcase classname="tests.AddFurnitureLeadTest" name="addLeadForAdditionalFurnitureLeadTest" time="1.972">
    <skipped/>
  </testcase> <!-- addLeadForAdditionalFurnitureLeadTest -->
  <testcase classname="tests.AddFurnitureLeadTest" name="addLeadForAdditionalFurnitureLeadTest" time="1.974">
    <skipped/>
  </testcase> <!-- addLeadForAdditionalFurnitureLeadTest -->
  <testcase classname="tests.AddFurnitureLeadTest" name="addLeadForAdditionalFurnitureLeadTest" time="10.432"/>
  <testcase classname="tests.AddFurnitureLeadTest" name="addLeadForAdditionalFurnitureLeadTest" time="1.998">
    <skipped/>
  </testcase> <!-- addLeadForAdditionalFurnitureLeadTest -->
  <testcase classname="tests.AddFurnitureLeadTest" name="addLeadForAdditionalFurnitureLeadTest" time="1.982">
    <skipped/>
  </testcase> <!-- addLeadForAdditionalFurnitureLeadTest -->
  <testcase classname="tests.AddFurnitureLeadTest" name="addLeadForAdditionalFurnitureLeadTest" time="10.626"/>
  <testcase classname="tests.AddFurnitureLeadTest" name="addLeadForAdditionalFurnitureLeadTest" time="2.007">
    <skipped/>
  </testcase> <!-- addLeadForAdditionalFurnitureLeadTest -->
  <testcase classname="tests.AddFurnitureLeadTest" name="addLeadForAdditionalFurnitureLeadTest" time="10.845"/>
  <testcase classname="tests.AddFurnitureLeadTest" name="addLeadForAdditionalFurnitureLeadTest" time="1.972">
    <skipped/>
  </testcase> <!-- addLeadForAdditionalFurnitureLeadTest -->
  <testcase classname="tests.AddFurnitureLeadTest" name="addLeadForAdditionalFurnitureLeadTest" time="1.987">
    <skipped/>
  </testcase> <!-- addLeadForAdditionalFurnitureLeadTest -->
  <testcase classname="tests.AddFurnitureLeadTest" name="addLeadForAdditionalFurnitureLeadTest" time="10.676"/>
  <testcase classname="tests.AddFurnitureLeadTest" name="addLeadForAdditionalFurnitureLeadTest" time="1.992">
    <skipped/>
  </testcase> <!-- addLeadForAdditionalFurnitureLeadTest -->
  <testcase classname="tests.AddFurnitureLeadTest" name="addLeadForAdditionalFurnitureLeadTest" time="1.985">
    <skipped/>
  </testcase> <!-- addLeadForAdditionalFurnitureLeadTest -->
  <testcase classname="tests.AddFurnitureLeadTest" name="addLeadForAdditionalFurnitureLeadTest" time="10.568"/>
  <testcase classname="tests.AddFurnitureLeadTest" name="addLeadForAdditionalFurnitureLeadTest" time="1.977">
    <skipped/>
  </testcase> <!-- addLeadForAdditionalFurnitureLeadTest -->
  <testcase classname="tests.AddFurnitureLeadTest" name="addLeadForAdditionalFurnitureLeadTest" time="1.985">
    <skipped/>
  </testcase> <!-- addLeadForAdditionalFurnitureLeadTest -->
  <testcase classname="tests.AddFurnitureLeadTest" name="addLeadForAdditionalFurnitureLeadTest" time="1.970">
    <skipped/>
  </testcase> <!-- addLeadForAdditionalFurnitureLeadTest -->
  <testcase classname="tests.AddFurnitureLeadTest" name="addLeadForAdditionalFurnitureLeadTest" time="1.974">
    <skipped/>
  </testcase> <!-- addLeadForAdditionalFurnitureLeadTest -->
  <testcase classname="tests.AddFurnitureLeadTest" name="addLeadForAdditionalFurnitureLeadTest" time="10.424"/>
  <testcase classname="tests.AddFurnitureLeadTest" name="addLeadForAdditionalFurnitureLeadTest" time="10.897"/>
  <testcase classname="tests.AddFurnitureLeadTest" name="addLeadForAdditionalFurnitureLeadTest" time="0.033">
    <skipped/>
  </testcase> <!-- addLeadForAdditionalFurnitureLeadTest -->
  <testcase classname="tests.AddFurnitureLeadTest" name="addLeadForAdditionalFurnitureLeadTest" time="10.930"/>
  <testcase classname="tests.AddFurnitureLeadTest" name="addLeadForAdditionalFurnitureLeadTest" time="1.996">
    <skipped/>
  </testcase> <!-- addLeadForAdditionalFurnitureLeadTest -->
  <testcase classname="tests.AddFurnitureLeadTest" name="addLeadForAdditionalFurnitureLeadTest" time="10.600"/>
  <testcase classname="tests.AddFurnitureLeadTest" name="addLeadForAdditionalFurnitureLeadTest" time="1.989">
    <skipped/>
  </testcase> <!-- addLeadForAdditionalFurnitureLeadTest -->
  <testcase classname="tests.AddFurnitureLeadTest" name="addLeadForAdditionalFurnitureLeadTest" time="9.310">
    <failure message="Full name mismatch. Expected: Anjali Choksi, Got: Anjali Raval" type="java.lang.AssertionError">
      <![CDATA[java.lang.AssertionError: Full name mismatch. Expected: Anjali Choksi, Got: Anjali Raval
at pages.AddFurnitureLeadPage.validateLeadWithAdditionalInfo(AddFurnitureLeadPage.java:270)
at tests.AddFurnitureLeadTest.addLeadForAdditionalFurnitureLeadTest(AddFurnitureLeadTest.java:173)
at java.base/jdk.internal.reflect.DirectMethodHandleAccessor.invoke(DirectMethodHandleAccessor.java:103)
at java.base/java.lang.reflect.Method.invoke(Method.java:580)
at org.testng.internal.invokers.MethodInvocationHelper.invokeMethod(MethodInvocationHelper.java:141)
at org.testng.internal.invokers.TestInvoker.invokeMethod(TestInvoker.java:687)
at org.testng.internal.invokers.TestInvoker.invokeTestMethod(TestInvoker.java:230)
at org.testng.internal.invokers.MethodRunner.runInSequence(MethodRunner.java:63)
at org.testng.internal.invokers.TestInvoker$MethodInvocationAgent.invoke(TestInvoker.java:995)
at org.testng.internal.invokers.TestInvoker.invokeTestMethods(TestInvoker.java:203)
at org.testng.internal.invokers.TestMethodWorker.invokeTestMethods(TestMethodWorker.java:154)
at org.testng.internal.invokers.TestMethodWorker.run(TestMethodWorker.java:134)
at java.base/java.util.ArrayList.forEach(ArrayList.java:1596)
at org.testng.TestRunner.privateRun(TestRunner.java:741)
at org.testng.TestRunner.run(TestRunner.java:616)
at org.testng.SuiteRunner.runTest(SuiteRunner.java:421)
at org.testng.SuiteRunner.runSequentially(SuiteRunner.java:413)
at org.testng.SuiteRunner.privateRun(SuiteRunner.java:373)
at org.testng.SuiteRunner.run(SuiteRunner.java:312)
at org.testng.SuiteRunnerWorker.runSuite(SuiteRunnerWorker.java:52)
at org.testng.SuiteRunnerWorker.run(SuiteRunnerWorker.java:95)
at org.testng.TestNG.runSuitesSequentially(TestNG.java:1274)
at org.testng.TestNG.runSuitesLocally(TestNG.java:1208)
at org.testng.TestNG.runSuites(TestNG.java:1112)
at org.testng.TestNG.run(TestNG.java:1079)
at org.testng.remote.AbstractRemoteTestNG.run(AbstractRemoteTestNG.java:115)
at org.testng.remote.RemoteTestNG.initAndRun(RemoteTestNG.java:293)
at org.testng.remote.RemoteTestNG.main(RemoteTestNG.java:91)
]]>
    </failure>
  </testcase> <!-- addLeadForAdditionalFurnitureLeadTest -->
  <testcase classname="tests.AddFurnitureLeadTest" name="addLeadForAdditionalFurnitureLeadTest" time="1.979">
    <skipped/>
  </testcase> <!-- addLeadForAdditionalFurnitureLeadTest -->
  <testcase classname="tests.AddFurnitureLeadTest" name="addLeadForAdditionalFurnitureLeadTest" time="9.458">
    <failure message="Country code mismatch. Expected: 91, Got: +591" type="java.lang.AssertionError">
      <![CDATA[java.lang.AssertionError: Country code mismatch. Expected: 91, Got: +591
at pages.AddFurnitureLeadPage.validateLeadWithAdditionalInfo(AddFurnitureLeadPage.java:273)
at tests.AddFurnitureLeadTest.addLeadForAdditionalFurnitureLeadTest(AddFurnitureLeadTest.java:173)
at java.base/jdk.internal.reflect.DirectMethodHandleAccessor.invoke(DirectMethodHandleAccessor.java:103)
at java.base/java.lang.reflect.Method.invoke(Method.java:580)
at org.testng.internal.invokers.MethodInvocationHelper.invokeMethod(MethodInvocationHelper.java:141)
at org.testng.internal.invokers.TestInvoker.invokeMethod(TestInvoker.java:687)
at org.testng.internal.invokers.TestInvoker.invokeTestMethod(TestInvoker.java:230)
at org.testng.internal.invokers.MethodRunner.runInSequence(MethodRunner.java:63)
at org.testng.internal.invokers.TestInvoker$MethodInvocationAgent.invoke(TestInvoker.java:995)
at org.testng.internal.invokers.TestInvoker.invokeTestMethods(TestInvoker.java:203)
at org.testng.internal.invokers.TestMethodWorker.invokeTestMethods(TestMethodWorker.java:154)
at org.testng.internal.invokers.TestMethodWorker.run(TestMethodWorker.java:134)
at java.base/java.util.ArrayList.forEach(ArrayList.java:1596)
at org.testng.TestRunner.privateRun(TestRunner.java:741)
at org.testng.TestRunner.run(TestRunner.java:616)
at org.testng.SuiteRunner.runTest(SuiteRunner.java:421)
at org.testng.SuiteRunner.runSequentially(SuiteRunner.java:413)
at org.testng.SuiteRunner.privateRun(SuiteRunner.java:373)
at org.testng.SuiteRunner.run(SuiteRunner.java:312)
at org.testng.SuiteRunnerWorker.runSuite(SuiteRunnerWorker.java:52)
at org.testng.SuiteRunnerWorker.run(SuiteRunnerWorker.java:95)
at org.testng.TestNG.runSuitesSequentially(TestNG.java:1274)
at org.testng.TestNG.runSuitesLocally(TestNG.java:1208)
at org.testng.TestNG.runSuites(TestNG.java:1112)
at org.testng.TestNG.run(TestNG.java:1079)
at org.testng.remote.AbstractRemoteTestNG.run(AbstractRemoteTestNG.java:115)
at org.testng.remote.RemoteTestNG.initAndRun(RemoteTestNG.java:293)
at org.testng.remote.RemoteTestNG.main(RemoteTestNG.java:91)
]]>
    </failure>
  </testcase> <!-- addLeadForAdditionalFurnitureLeadTest -->
  <testcase classname="tests.AddFurnitureLeadTest" name="addLeadForAdditionalFurnitureLeadTest" time="1.973">
    <skipped/>
  </testcase> <!-- addLeadForAdditionalFurnitureLeadTest -->
  <testcase classname="tests.AddFurnitureLeadTest" name="addLeadForAdditionalFurnitureLeadTest" time="1.986">
    <skipped/>
  </testcase> <!-- addLeadForAdditionalFurnitureLeadTest -->
  <testcase classname="tests.AddFurnitureLeadTest" name="addLeadForAdditionalFurnitureLeadTest" time="10.557"/>
  <testcase classname="tests.AddFurnitureLeadTest" name="addLeadForAdditionalFurnitureLeadTest" time="10.436"/>
  <testcase classname="tests.AddFurnitureLeadTest" name="addLeadForAdditionalFurnitureLeadTest" time="1.958">
    <skipped/>
  </testcase> <!-- addLeadForAdditionalFurnitureLeadTest -->
  <testcase classname="tests.AddFurnitureLeadTest" name="addLeadForAdditionalFurnitureLeadTest" time="10.560"/>
  <testcase classname="tests.AddFurnitureLeadTest" name="addLeadForAdditionalFurnitureLeadTest" time="10.542"/>
  <testcase classname="tests.AddFurnitureLeadTest" name="addLeadForAdditionalFurnitureLeadTest" time="1.973">
    <skipped/>
  </testcase> <!-- addLeadForAdditionalFurnitureLeadTest -->
  <testcase classname="tests.AddFurnitureLeadTest" name="addLeadForAdditionalFurnitureLeadTest" time="10.491"/>
  <testcase classname="tests.AddFurnitureLeadTest" name="addLeadForAdditionalFurnitureLeadTest" time="1.978">
    <skipped/>
  </testcase> <!-- addLeadForAdditionalFurnitureLeadTest -->
  <testcase classname="tests.AddFurnitureLeadTest" name="addLeadForAdditionalFurnitureLeadTest" time="1.973">
    <skipped/>
  </testcase> <!-- addLeadForAdditionalFurnitureLeadTest -->
  <testcase classname="tests.AddFurnitureLeadTest" name="addLeadForAdditionalFurnitureLeadTest" time="10.511"/>
  <testcase classname="tests.AddFurnitureLeadTest" name="addLeadForAdditionalFurnitureLeadTest" time="10.782"/>
  <testcase classname="tests.AddFurnitureLeadTest" name="addLeadForAdditionalFurnitureLeadTest" time="1.958">
    <skipped/>
  </testcase> <!-- addLeadForAdditionalFurnitureLeadTest -->
  <testcase classname="tests.AddFurnitureLeadTest" name="addLeadForAdditionalFurnitureLeadTest" time="1.993">
    <skipped/>
  </testcase> <!-- addLeadForAdditionalFurnitureLeadTest -->
  <testcase classname="tests.AddFurnitureLeadTest" name="addLeadForAdditionalFurnitureLeadTest" time="2.017">
    <skipped/>
  </testcase> <!-- addLeadForAdditionalFurnitureLeadTest -->
  <testcase classname="tests.AddFurnitureLeadTest" name="addLeadForAdditionalFurnitureLeadTest" time="10.407"/>
  <testcase classname="tests.AddFurnitureLeadTest" name="addLeadForAdditionalFurnitureLeadTest" time="1.999">
    <skipped/>
  </testcase> <!-- addLeadForAdditionalFurnitureLeadTest -->
  <testcase classname="tests.AddFurnitureLeadTest" name="addLeadForAdditionalFurnitureLeadTest" time="1.047">
    <skipped/>
  </testcase> <!-- addLeadForAdditionalFurnitureLeadTest -->
  <testcase classname="tests.AddFurnitureLeadTest" name="addLeadForAdditionalFurnitureLeadTest" time="1.990">
    <skipped/>
  </testcase> <!-- addLeadForAdditionalFurnitureLeadTest -->
  <testcase classname="tests.AddFurnitureLeadTest" name="addLeadForAdditionalFurnitureLeadTest" time="1.977">
    <skipped/>
  </testcase> <!-- addLeadForAdditionalFurnitureLeadTest -->
  <testcase classname="tests.AddFurnitureLeadTest" name="addLeadForAdditionalFurnitureLeadTest" time="9.630"/>
  <testcase classname="tests.AddFurnitureLeadTest" name="addLeadForAdditionalFurnitureLeadTest" time="10.559"/>
  <testcase classname="tests.AddFurnitureLeadTest" name="addLeadForAdditionalFurnitureLeadTest" time="1.995">
    <skipped/>
  </testcase> <!-- addLeadForAdditionalFurnitureLeadTest -->
  <testcase classname="tests.AddFurnitureLeadTest" name="addLeadForAdditionalFurnitureLeadTest" time="1.997">
    <skipped/>
  </testcase> <!-- addLeadForAdditionalFurnitureLeadTest -->
  <testcase classname="tests.AddFurnitureLeadTest" name="addLeadForAdditionalFurnitureLeadTest" time="0.035">
    <skipped/>
  </testcase> <!-- addLeadForAdditionalFurnitureLeadTest -->
  <testcase classname="tests.AddFurnitureLeadTest" name="addLeadForAdditionalFurnitureLeadTest" time="0.002">
    <skipped/>
  </testcase> <!-- addLeadForAdditionalFurnitureLeadTest -->
  <testcase classname="tests.AddFurnitureLeadTest" name="addLeadForAdditionalFurnitureLeadTest" time="10.430"/>
  <testcase classname="tests.AddFurnitureLeadTest" name="addLeadForAdditionalFurnitureLeadTest" time="1.991">
    <skipped/>
  </testcase> <!-- addLeadForAdditionalFurnitureLeadTest -->
  <testcase classname="tests.AddFurnitureLeadTest" name="addLeadForAdditionalFurnitureLeadTest" time="1.984">
    <skipped/>
  </testcase> <!-- addLeadForAdditionalFurnitureLeadTest -->
  <testcase classname="tests.AddFurnitureLeadTest" name="addLeadForAdditionalFurnitureLeadTest" time="1.987">
    <skipped/>
  </testcase> <!-- addLeadForAdditionalFurnitureLeadTest -->
  <testcase classname="tests.AddFurnitureLeadTest" name="addLeadForAdditionalFurnitureLeadTest" time="1.045">
    <skipped/>
  </testcase> <!-- addLeadForAdditionalFurnitureLeadTest -->
  <testcase classname="tests.AddFurnitureLeadTest" name="addLeadForAdditionalFurnitureLeadTest" time="10.532"/>
  <testcase classname="tests.AddFurnitureLeadTest" name="addLeadForAdditionalFurnitureLeadTest" time="1.999">
    <skipped/>
  </testcase> <!-- addLeadForAdditionalFurnitureLeadTest -->
  <testcase classname="tests.AddFurnitureLeadTest" name="addLeadForAdditionalFurnitureLeadTest" time="1.987">
    <skipped/>
  </testcase> <!-- addLeadForAdditionalFurnitureLeadTest -->
  <testcase classname="tests.AddFurnitureLeadTest" name="addLeadForAdditionalFurnitureLeadTest" time="2.004">
    <skipped/>
  </testcase> <!-- addLeadForAdditionalFurnitureLeadTest -->
  <testcase classname="tests.AddFurnitureLeadTest" name="addLeadForAdditionalFurnitureLeadTest" time="1.993">
    <skipped/>
  </testcase> <!-- addLeadForAdditionalFurnitureLeadTest -->
  <testcase classname="tests.AddFurnitureLeadTest" name="addLeadForAdditionalFurnitureLeadTest" time="1.055">
    <skipped/>
  </testcase> <!-- addLeadForAdditionalFurnitureLeadTest -->
  <testcase classname="tests.AddFurnitureLeadTest" name="addLeadForAdditionalFurnitureLeadTest" time="1.977">
    <skipped/>
  </testcase> <!-- addLeadForAdditionalFurnitureLeadTest -->
  <testcase classname="tests.AddFurnitureLeadTest" name="addLeadForAdditionalFurnitureLeadTest" time="8.533"/>
  <testcase classname="tests.AddFurnitureLeadTest" name="addLeadForAdditionalFurnitureLeadTest" time="10.816"/>
  <testcase classname="tests.AddFurnitureLeadTest" name="addLeadForAdditionalFurnitureLeadTest" time="9.380">
    <failure message="Full name mismatch. Expected: Rina Shukla, Got: Karan Bhatt" type="java.lang.AssertionError">
      <![CDATA[java.lang.AssertionError: Full name mismatch. Expected: Rina Shukla, Got: Karan Bhatt
at pages.AddFurnitureLeadPage.validateLeadWithAdditionalInfo(AddFurnitureLeadPage.java:270)
at tests.AddFurnitureLeadTest.addLeadForAdditionalFurnitureLeadTest(AddFurnitureLeadTest.java:173)
at java.base/jdk.internal.reflect.DirectMethodHandleAccessor.invoke(DirectMethodHandleAccessor.java:103)
at java.base/java.lang.reflect.Method.invoke(Method.java:580)
at org.testng.internal.invokers.MethodInvocationHelper.invokeMethod(MethodInvocationHelper.java:141)
at org.testng.internal.invokers.TestInvoker.invokeMethod(TestInvoker.java:687)
at org.testng.internal.invokers.TestInvoker.invokeTestMethod(TestInvoker.java:230)
at org.testng.internal.invokers.MethodRunner.runInSequence(MethodRunner.java:63)
at org.testng.internal.invokers.TestInvoker$MethodInvocationAgent.invoke(TestInvoker.java:995)
at org.testng.internal.invokers.TestInvoker.invokeTestMethods(TestInvoker.java:203)
at org.testng.internal.invokers.TestMethodWorker.invokeTestMethods(TestMethodWorker.java:154)
at org.testng.internal.invokers.TestMethodWorker.run(TestMethodWorker.java:134)
at java.base/java.util.ArrayList.forEach(ArrayList.java:1596)
at org.testng.TestRunner.privateRun(TestRunner.java:741)
at org.testng.TestRunner.run(TestRunner.java:616)
at org.testng.SuiteRunner.runTest(SuiteRunner.java:421)
at org.testng.SuiteRunner.runSequentially(SuiteRunner.java:413)
at org.testng.SuiteRunner.privateRun(SuiteRunner.java:373)
at org.testng.SuiteRunner.run(SuiteRunner.java:312)
at org.testng.SuiteRunnerWorker.runSuite(SuiteRunnerWorker.java:52)
at org.testng.SuiteRunnerWorker.run(SuiteRunnerWorker.java:95)
at org.testng.TestNG.runSuitesSequentially(TestNG.java:1274)
at org.testng.TestNG.runSuitesLocally(TestNG.java:1208)
at org.testng.TestNG.runSuites(TestNG.java:1112)
at org.testng.TestNG.run(TestNG.java:1079)
at org.testng.remote.AbstractRemoteTestNG.run(AbstractRemoteTestNG.java:115)
at org.testng.remote.RemoteTestNG.initAndRun(RemoteTestNG.java:293)
at org.testng.remote.RemoteTestNG.main(RemoteTestNG.java:91)
]]>
    </failure>
  </testcase> <!-- addLeadForAdditionalFurnitureLeadTest -->
  <testcase classname="tests.AddFurnitureLeadTest" name="addLeadForAdditionalFurnitureLeadTest" time="1.997">
    <skipped/>
  </testcase> <!-- addLeadForAdditionalFurnitureLeadTest -->
  <testcase classname="tests.AddFurnitureLeadTest" name="addLeadForAdditionalFurnitureLeadTest" time="1.971">
    <skipped/>
  </testcase> <!-- addLeadForAdditionalFurnitureLeadTest -->
  <testcase classname="tests.AddFurnitureLeadTest" name="addLeadForAdditionalFurnitureLeadTest" time="10.519"/>
  <testcase classname="tests.AddFurnitureLeadTest" name="addLeadForAdditionalFurnitureLeadTest" time="1.983">
    <skipped/>
  </testcase> <!-- addLeadForAdditionalFurnitureLeadTest -->
  <testcase classname="tests.AddFurnitureLeadTest" name="addLeadForAdditionalFurnitureLeadTest" time="1.988">
    <skipped/>
  </testcase> <!-- addLeadForAdditionalFurnitureLeadTest -->
  <testcase classname="tests.AddFurnitureLeadTest" name="addLeadForAdditionalFurnitureLeadTest" time="10.800"/>
  <testcase classname="tests.AddFurnitureLeadTest" name="addLeadForAdditionalFurnitureLeadTest" time="10.909"/>
  <testcase classname="tests.AddFurnitureLeadTest" name="addLeadForAdditionalFurnitureLeadTest" time="10.771"/>
  <testcase classname="tests.AddFurnitureLeadTest" name="addLeadForAdditionalFurnitureLeadTest" time="10.668"/>
  <testcase classname="tests.AddFurnitureLeadTest" name="addLeadForAdditionalFurnitureLeadTest" time="1.971">
    <skipped/>
  </testcase> <!-- addLeadForAdditionalFurnitureLeadTest -->
  <testcase classname="tests.AddFurnitureLeadTest" name="addLeadForAdditionalFurnitureLeadTest" time="1.990">
    <skipped/>
  </testcase> <!-- addLeadForAdditionalFurnitureLeadTest -->
  <testcase classname="tests.AddFurnitureLeadTest" name="addLeadForAdditionalFurnitureLeadTest" time="9.416">
    <failure message="Full name mismatch. Expected: Kavya Kapoor, Got: Bhavna Raval" type="java.lang.AssertionError">
      <![CDATA[java.lang.AssertionError: Full name mismatch. Expected: Kavya Kapoor, Got: Bhavna Raval
at pages.AddFurnitureLeadPage.validateLeadWithAdditionalInfo(AddFurnitureLeadPage.java:270)
at tests.AddFurnitureLeadTest.addLeadForAdditionalFurnitureLeadTest(AddFurnitureLeadTest.java:173)
at java.base/jdk.internal.reflect.DirectMethodHandleAccessor.invoke(DirectMethodHandleAccessor.java:103)
at java.base/java.lang.reflect.Method.invoke(Method.java:580)
at org.testng.internal.invokers.MethodInvocationHelper.invokeMethod(MethodInvocationHelper.java:141)
at org.testng.internal.invokers.TestInvoker.invokeMethod(TestInvoker.java:687)
at org.testng.internal.invokers.TestInvoker.invokeTestMethod(TestInvoker.java:230)
at org.testng.internal.invokers.MethodRunner.runInSequence(MethodRunner.java:63)
at org.testng.internal.invokers.TestInvoker$MethodInvocationAgent.invoke(TestInvoker.java:995)
at org.testng.internal.invokers.TestInvoker.invokeTestMethods(TestInvoker.java:203)
at org.testng.internal.invokers.TestMethodWorker.invokeTestMethods(TestMethodWorker.java:154)
at org.testng.internal.invokers.TestMethodWorker.run(TestMethodWorker.java:134)
at java.base/java.util.ArrayList.forEach(ArrayList.java:1596)
at org.testng.TestRunner.privateRun(TestRunner.java:741)
at org.testng.TestRunner.run(TestRunner.java:616)
at org.testng.SuiteRunner.runTest(SuiteRunner.java:421)
at org.testng.SuiteRunner.runSequentially(SuiteRunner.java:413)
at org.testng.SuiteRunner.privateRun(SuiteRunner.java:373)
at org.testng.SuiteRunner.run(SuiteRunner.java:312)
at org.testng.SuiteRunnerWorker.runSuite(SuiteRunnerWorker.java:52)
at org.testng.SuiteRunnerWorker.run(SuiteRunnerWorker.java:95)
at org.testng.TestNG.runSuitesSequentially(TestNG.java:1274)
at org.testng.TestNG.runSuitesLocally(TestNG.java:1208)
at org.testng.TestNG.runSuites(TestNG.java:1112)
at org.testng.TestNG.run(TestNG.java:1079)
at org.testng.remote.AbstractRemoteTestNG.run(AbstractRemoteTestNG.java:115)
at org.testng.remote.RemoteTestNG.initAndRun(RemoteTestNG.java:293)
at org.testng.remote.RemoteTestNG.main(RemoteTestNG.java:91)
]]>
    </failure>
  </testcase> <!-- addLeadForAdditionalFurnitureLeadTest -->
  <testcase classname="tests.AddFurnitureLeadTest" name="addLeadForAdditionalFurnitureLeadTest" time="1.973">
    <skipped/>
  </testcase> <!-- addLeadForAdditionalFurnitureLeadTest -->
  <testcase classname="tests.AddFurnitureLeadTest" name="addLeadForAdditionalFurnitureLeadTest" time="1.973">
    <skipped/>
  </testcase> <!-- addLeadForAdditionalFurnitureLeadTest -->
  <testcase classname="tests.AddFurnitureLeadTest" name="addLeadForAdditionalFurnitureLeadTest" time="10.601"/>
  <testcase classname="tests.AddFurnitureLeadTest" name="addLeadForAdditionalFurnitureLeadTest" time="10.551"/>
  <testcase classname="tests.AddFurnitureLeadTest" name="addLeadForAdditionalFurnitureLeadTest" time="2.014">
    <skipped/>
  </testcase> <!-- addLeadForAdditionalFurnitureLeadTest -->
  <testcase classname="tests.AddFurnitureLeadTest" name="addLeadForAdditionalFurnitureLeadTest" time="1.978">
    <skipped/>
  </testcase> <!-- addLeadForAdditionalFurnitureLeadTest -->
  <testcase classname="tests.AddFurnitureLeadTest" name="addLeadForAdditionalFurnitureLeadTest" time="2.002">
    <skipped/>
  </testcase> <!-- addLeadForAdditionalFurnitureLeadTest -->
  <testcase classname="tests.AddFurnitureLeadTest" name="addLeadForAdditionalFurnitureLeadTest" time="11.152"/>
  <testcase classname="tests.AddFurnitureLeadTest" name="addLeadForAdditionalFurnitureLeadTest" time="35.433">
    <error message="Error {
  message=&#039;Timeout 30000ms exceeded.
  name=&#039;TimeoutError
  stack=&#039;TimeoutError: Timeout 30000ms exceeded.
    at ProgressController.run (/private/var/folders/1b/cqmvqvbd4sg1xvl1gc93cfyh0000gn/T/playwright-java-7524229160389361392/package/lib/server/progress.js:68:28)
    at FrameDispatcher._runCommand (/private/var/folders/1b/cqmvqvbd4sg1xvl1gc93cfyh0000gn/T/playwright-java-7524229160389361392/package/lib/server/dispatchers/dispatcher.js:95:31)
    at DispatcherConnection.dispatch (/private/var/folders/1b/cqmvqvbd4sg1xvl1gc93cfyh0000gn/T/playwright-java-7524229160389361392/package/lib/server/dispatchers/dispatcher.js:329:39)
}
Call log:
-   - waiting for locator(&quot;#category&quot;)
-     - locator resolved to &lt;select id=&quot;category&quot; name=&quot;category&quot; class=&quot;custom-input &quot; aria-label=&quot;Select Product Category&quot;&gt;…&lt;/select&gt;
-   - attempting select option action
-     2 × waiting for element to be visible and enabled
-       - did not find some options
-     - retrying select option action
-     - waiting 20ms
-     2 × waiting for element to be visible and enabled
-       - did not find some options
-     - retrying select option action
-       - waiting 100ms
-     60 × waiting for element to be visible and enabled
-        - did not find some options
-      - retrying select option action
-        - waiting 500ms
" type="com.microsoft.playwright.TimeoutError">
      <![CDATA[com.microsoft.playwright.TimeoutError: Error {
  message='Timeout 30000ms exceeded.
  name='TimeoutError
  stack='TimeoutError: Timeout 30000ms exceeded.
    at ProgressController.run (/private/var/folders/1b/cqmvqvbd4sg1xvl1gc93cfyh0000gn/T/playwright-java-7524229160389361392/package/lib/server/progress.js:68:28)
    at FrameDispatcher._runCommand (/private/var/folders/1b/cqmvqvbd4sg1xvl1gc93cfyh0000gn/T/playwright-java-7524229160389361392/package/lib/server/dispatchers/dispatcher.js:95:31)
    at DispatcherConnection.dispatch (/private/var/folders/1b/cqmvqvbd4sg1xvl1gc93cfyh0000gn/T/playwright-java-7524229160389361392/package/lib/server/dispatchers/dispatcher.js:329:39)
}
Call log:
-   - waiting for locator("#category")
-     - locator resolved to <select id="category" name="category" class="custom-input " aria-label="Select Product Category">…</select>
-   - attempting select option action
-     2 × waiting for element to be visible and enabled
-       - did not find some options
-     - retrying select option action
-     - waiting 20ms
-     2 × waiting for element to be visible and enabled
-       - did not find some options
-     - retrying select option action
-       - waiting 100ms
-     60 × waiting for element to be visible and enabled
-        - did not find some options
-      - retrying select option action
-        - waiting 500ms

at com.microsoft.playwright.impl.WaitableResult.get(WaitableResult.java:52)
at com.microsoft.playwright.impl.ChannelOwner.runUntil(ChannelOwner.java:138)
at com.microsoft.playwright.impl.Connection.sendMessage(Connection.java:131)
at com.microsoft.playwright.impl.ChannelOwner.sendMessage(ChannelOwner.java:124)
at com.microsoft.playwright.impl.FrameImpl.selectOption(FrameImpl.java:678)
at com.microsoft.playwright.impl.FrameImpl.selectOptionImpl(FrameImpl.java:645)
at com.microsoft.playwright.impl.PageImpl.selectOption(PageImpl.java:1183)
at com.microsoft.playwright.impl.PageImpl.selectOption(PageImpl.java:1150)
at com.microsoft.playwright.Page.selectOption(Page.java:6958)
at pages.AddFurnitureLeadPage.addLeadBasic(AddFurnitureLeadPage.java:396)
at pages.AddFurnitureLeadPage.addLeadWithAdditional(AddFurnitureLeadPage.java:205)
at tests.AddFurnitureLeadTest.addLeadForAdditionalFurnitureLeadTest(AddFurnitureLeadTest.java:168)
at java.base/jdk.internal.reflect.DirectMethodHandleAccessor.invoke(DirectMethodHandleAccessor.java:103)
at java.base/java.lang.reflect.Method.invoke(Method.java:580)
at org.testng.internal.invokers.MethodInvocationHelper.invokeMethod(MethodInvocationHelper.java:141)
at org.testng.internal.invokers.TestInvoker.invokeMethod(TestInvoker.java:687)
at org.testng.internal.invokers.TestInvoker.invokeTestMethod(TestInvoker.java:230)
at org.testng.internal.invokers.MethodRunner.runInSequence(MethodRunner.java:63)
at org.testng.internal.invokers.TestInvoker$MethodInvocationAgent.invoke(TestInvoker.java:995)
at org.testng.internal.invokers.TestInvoker.invokeTestMethods(TestInvoker.java:203)
at org.testng.internal.invokers.TestMethodWorker.invokeTestMethods(TestMethodWorker.java:154)
at org.testng.internal.invokers.TestMethodWorker.run(TestMethodWorker.java:134)
at java.base/java.util.ArrayList.forEach(ArrayList.java:1596)
at org.testng.TestRunner.privateRun(TestRunner.java:741)
at org.testng.TestRunner.run(TestRunner.java:616)
at org.testng.SuiteRunner.runTest(SuiteRunner.java:421)
at org.testng.SuiteRunner.runSequentially(SuiteRunner.java:413)
at org.testng.SuiteRunner.privateRun(SuiteRunner.java:373)
at org.testng.SuiteRunner.run(SuiteRunner.java:312)
at org.testng.SuiteRunnerWorker.runSuite(SuiteRunnerWorker.java:52)
at org.testng.SuiteRunnerWorker.run(SuiteRunnerWorker.java:95)
at org.testng.TestNG.runSuitesSequentially(TestNG.java:1274)
at org.testng.TestNG.runSuitesLocally(TestNG.java:1208)
at org.testng.TestNG.runSuites(TestNG.java:1112)
at org.testng.TestNG.run(TestNG.java:1079)
at org.testng.remote.AbstractRemoteTestNG.run(AbstractRemoteTestNG.java:115)
at org.testng.remote.RemoteTestNG.initAndRun(RemoteTestNG.java:293)
at org.testng.remote.RemoteTestNG.main(RemoteTestNG.java:91)
Caused by: com.microsoft.playwright.TimeoutError: Error {
  message='Timeout 30000ms exceeded.
  name='TimeoutError
  stack='TimeoutError: Timeout 30000ms exceeded.
    at ProgressController.run (/private/var/folders/1b/cqmvqvbd4sg1xvl1gc93cfyh0000gn/T/playwright-java-7524229160389361392/package/lib/server/progress.js:68:28)
    at FrameDispatcher._runCommand (/private/var/folders/1b/cqmvqvbd4sg1xvl1gc93cfyh0000gn/T/playwright-java-7524229160389361392/package/lib/server/dispatchers/dispatcher.js:95:31)
    at DispatcherConnection.dispatch (/private/var/folders/1b/cqmvqvbd4sg1xvl1gc93cfyh0000gn/T/playwright-java-7524229160389361392/package/lib/server/dispatchers/dispatcher.js:329:39)
}
Call log:
-   - waiting for locator("#category")
-     - locator resolved to <select id="category" name="category" class="custom-input " aria-label="Select Product Category">…</select>
-   - attempting select option action
-     2 × waiting for element to be visible and enabled
-       - did not find some options
-     - retrying select option action
-     - waiting 20ms
-     2 × waiting for element to be visible and enabled
-       - did not find some options
-     - retrying select option action
-       - waiting 100ms
-     60 × waiting for element to be visible and enabled
-        - did not find some options
-      - retrying select option action
-        - waiting 500ms

at com.microsoft.playwright.impl.Connection.dispatch(Connection.java:257)
at com.microsoft.playwright.impl.Connection.processOneMessage(Connection.java:214)
at com.microsoft.playwright.impl.ChannelOwner.runUntil(ChannelOwner.java:136)
... 36 more
]]>
    </error>
  </testcase> <!-- addLeadForAdditionalFurnitureLeadTest -->
  <testcase classname="tests.AddFurnitureLeadTest" name="addLeadForAdditionalFurnitureLeadTest" time="308.782">
    <error message="Error {
  message=&#039;Timeout 30000ms exceeded.
  name=&#039;TimeoutError
  stack=&#039;TimeoutError: Timeout 30000ms exceeded.
    at ProgressController.run (/private/var/folders/1b/cqmvqvbd4sg1xvl1gc93cfyh0000gn/T/playwright-java-7524229160389361392/package/lib/server/progress.js:68:28)
    at FrameDispatcher._runCommand (/private/var/folders/1b/cqmvqvbd4sg1xvl1gc93cfyh0000gn/T/playwright-java-7524229160389361392/package/lib/server/dispatchers/dispatcher.js:95:31)
    at DispatcherConnection.dispatch (/private/var/folders/1b/cqmvqvbd4sg1xvl1gc93cfyh0000gn/T/playwright-java-7524229160389361392/package/lib/server/dispatchers/dispatcher.js:329:39)
}
Call log:
-   - waiting for locator(&quot;#category&quot;)
-     - locator resolved to &lt;select id=&quot;category&quot; name=&quot;category&quot; class=&quot;custom-input &quot; aria-label=&quot;Select Product Category&quot;&gt;…&lt;/select&gt;
-   - attempting select option action
-     2 × waiting for element to be visible and enabled
-       - did not find some options
-     - retrying select option action
-     - waiting 20ms
-     2 × waiting for element to be visible and enabled
-       - did not find some options
-     - retrying select option action
-       - waiting 100ms
-     3 × waiting for element to be visible and enabled
-       - did not find some options
-     - retrying select option action
-       - waiting 500ms
" type="com.microsoft.playwright.TimeoutError">
      <![CDATA[com.microsoft.playwright.TimeoutError: Error {
  message='Timeout 30000ms exceeded.
  name='TimeoutError
  stack='TimeoutError: Timeout 30000ms exceeded.
    at ProgressController.run (/private/var/folders/1b/cqmvqvbd4sg1xvl1gc93cfyh0000gn/T/playwright-java-7524229160389361392/package/lib/server/progress.js:68:28)
    at FrameDispatcher._runCommand (/private/var/folders/1b/cqmvqvbd4sg1xvl1gc93cfyh0000gn/T/playwright-java-7524229160389361392/package/lib/server/dispatchers/dispatcher.js:95:31)
    at DispatcherConnection.dispatch (/private/var/folders/1b/cqmvqvbd4sg1xvl1gc93cfyh0000gn/T/playwright-java-7524229160389361392/package/lib/server/dispatchers/dispatcher.js:329:39)
}
Call log:
-   - waiting for locator("#category")
-     - locator resolved to <select id="category" name="category" class="custom-input " aria-label="Select Product Category">…</select>
-   - attempting select option action
-     2 × waiting for element to be visible and enabled
-       - did not find some options
-     - retrying select option action
-     - waiting 20ms
-     2 × waiting for element to be visible and enabled
-       - did not find some options
-     - retrying select option action
-       - waiting 100ms
-     3 × waiting for element to be visible and enabled
-       - did not find some options
-     - retrying select option action
-       - waiting 500ms

at com.microsoft.playwright.impl.WaitableResult.get(WaitableResult.java:52)
at com.microsoft.playwright.impl.ChannelOwner.runUntil(ChannelOwner.java:138)
at com.microsoft.playwright.impl.Connection.sendMessage(Connection.java:131)
at com.microsoft.playwright.impl.ChannelOwner.sendMessage(ChannelOwner.java:124)
at com.microsoft.playwright.impl.FrameImpl.selectOption(FrameImpl.java:678)
at com.microsoft.playwright.impl.FrameImpl.selectOptionImpl(FrameImpl.java:645)
at com.microsoft.playwright.impl.PageImpl.selectOption(PageImpl.java:1183)
at com.microsoft.playwright.impl.PageImpl.selectOption(PageImpl.java:1150)
at com.microsoft.playwright.Page.selectOption(Page.java:6958)
at pages.AddFurnitureLeadPage.addLeadBasic(AddFurnitureLeadPage.java:396)
at pages.AddFurnitureLeadPage.addLeadWithAdditional(AddFurnitureLeadPage.java:205)
at tests.AddFurnitureLeadTest.addLeadForAdditionalFurnitureLeadTest(AddFurnitureLeadTest.java:168)
at java.base/jdk.internal.reflect.DirectMethodHandleAccessor.invoke(DirectMethodHandleAccessor.java:103)
at java.base/java.lang.reflect.Method.invoke(Method.java:580)
at org.testng.internal.invokers.MethodInvocationHelper.invokeMethod(MethodInvocationHelper.java:141)
at org.testng.internal.invokers.TestInvoker.invokeMethod(TestInvoker.java:687)
at org.testng.internal.invokers.TestInvoker.invokeTestMethod(TestInvoker.java:230)
at org.testng.internal.invokers.MethodRunner.runInSequence(MethodRunner.java:63)
at org.testng.internal.invokers.TestInvoker$MethodInvocationAgent.invoke(TestInvoker.java:995)
at org.testng.internal.invokers.TestInvoker.invokeTestMethods(TestInvoker.java:203)
at org.testng.internal.invokers.TestMethodWorker.invokeTestMethods(TestMethodWorker.java:154)
at org.testng.internal.invokers.TestMethodWorker.run(TestMethodWorker.java:134)
at java.base/java.util.ArrayList.forEach(ArrayList.java:1596)
at org.testng.TestRunner.privateRun(TestRunner.java:741)
at org.testng.TestRunner.run(TestRunner.java:616)
at org.testng.SuiteRunner.runTest(SuiteRunner.java:421)
at org.testng.SuiteRunner.runSequentially(SuiteRunner.java:413)
at org.testng.SuiteRunner.privateRun(SuiteRunner.java:373)
at org.testng.SuiteRunner.run(SuiteRunner.java:312)
at org.testng.SuiteRunnerWorker.runSuite(SuiteRunnerWorker.java:52)
at org.testng.SuiteRunnerWorker.run(SuiteRunnerWorker.java:95)
at org.testng.TestNG.runSuitesSequentially(TestNG.java:1274)
at org.testng.TestNG.runSuitesLocally(TestNG.java:1208)
at org.testng.TestNG.runSuites(TestNG.java:1112)
at org.testng.TestNG.run(TestNG.java:1079)
at org.testng.remote.AbstractRemoteTestNG.run(AbstractRemoteTestNG.java:115)
at org.testng.remote.RemoteTestNG.initAndRun(RemoteTestNG.java:293)
at org.testng.remote.RemoteTestNG.main(RemoteTestNG.java:91)
Caused by: com.microsoft.playwright.TimeoutError: Error {
  message='Timeout 30000ms exceeded.
  name='TimeoutError
  stack='TimeoutError: Timeout 30000ms exceeded.
    at ProgressController.run (/private/var/folders/1b/cqmvqvbd4sg1xvl1gc93cfyh0000gn/T/playwright-java-7524229160389361392/package/lib/server/progress.js:68:28)
    at FrameDispatcher._runCommand (/private/var/folders/1b/cqmvqvbd4sg1xvl1gc93cfyh0000gn/T/playwright-java-7524229160389361392/package/lib/server/dispatchers/dispatcher.js:95:31)
    at DispatcherConnection.dispatch (/private/var/folders/1b/cqmvqvbd4sg1xvl1gc93cfyh0000gn/T/playwright-java-7524229160389361392/package/lib/server/dispatchers/dispatcher.js:329:39)
}
Call log:
-   - waiting for locator("#category")
-     - locator resolved to <select id="category" name="category" class="custom-input " aria-label="Select Product Category">…</select>
-   - attempting select option action
-     2 × waiting for element to be visible and enabled
-       - did not find some options
-     - retrying select option action
-     - waiting 20ms
-     2 × waiting for element to be visible and enabled
-       - did not find some options
-     - retrying select option action
-       - waiting 100ms
-     3 × waiting for element to be visible and enabled
-       - did not find some options
-     - retrying select option action
-       - waiting 500ms

at com.microsoft.playwright.impl.Connection.dispatch(Connection.java:257)
at com.microsoft.playwright.impl.Connection.processOneMessage(Connection.java:214)
at com.microsoft.playwright.impl.ChannelOwner.runUntil(ChannelOwner.java:136)
... 36 more
]]>
    </error>
  </testcase> <!-- addLeadForAdditionalFurnitureLeadTest -->
  <testcase classname="tests.AddFurnitureLeadTest" name="addLeadForAdditionalFurnitureLeadTest" time="2.000">
    <skipped/>
  </testcase> <!-- addLeadForAdditionalFurnitureLeadTest -->
  <testcase classname="tests.AddFurnitureLeadTest" name="addLeadForAdditionalFurnitureLeadTest" time="10.529"/>
  <testcase classname="tests.AddFurnitureLeadTest" name="addLeadForAdditionalFurnitureLeadTest" time="10.545"/>
  <testcase classname="tests.AddFurnitureLeadTest" name="addLeadForAdditionalFurnitureLeadTest" time="35.442">
    <error message="Error {
  message=&#039;Timeout 30000ms exceeded.
  name=&#039;TimeoutError
  stack=&#039;TimeoutError: Timeout 30000ms exceeded.
    at ProgressController.run (/private/var/folders/1b/cqmvqvbd4sg1xvl1gc93cfyh0000gn/T/playwright-java-7524229160389361392/package/lib/server/progress.js:68:28)
    at FrameDispatcher._runCommand (/private/var/folders/1b/cqmvqvbd4sg1xvl1gc93cfyh0000gn/T/playwright-java-7524229160389361392/package/lib/server/dispatchers/dispatcher.js:95:31)
    at DispatcherConnection.dispatch (/private/var/folders/1b/cqmvqvbd4sg1xvl1gc93cfyh0000gn/T/playwright-java-7524229160389361392/package/lib/server/dispatchers/dispatcher.js:329:39)
}
Call log:
-   - waiting for locator(&quot;#category&quot;)
-     - locator resolved to &lt;select id=&quot;category&quot; name=&quot;category&quot; class=&quot;custom-input &quot; aria-label=&quot;Select Product Category&quot;&gt;…&lt;/select&gt;
-   - attempting select option action
-     2 × waiting for element to be visible and enabled
-       - did not find some options
-     - retrying select option action
-     - waiting 20ms
-     2 × waiting for element to be visible and enabled
-       - did not find some options
-     - retrying select option action
-       - waiting 100ms
-     60 × waiting for element to be visible and enabled
-        - did not find some options
-      - retrying select option action
-        - waiting 500ms
" type="com.microsoft.playwright.TimeoutError">
      <![CDATA[com.microsoft.playwright.TimeoutError: Error {
  message='Timeout 30000ms exceeded.
  name='TimeoutError
  stack='TimeoutError: Timeout 30000ms exceeded.
    at ProgressController.run (/private/var/folders/1b/cqmvqvbd4sg1xvl1gc93cfyh0000gn/T/playwright-java-7524229160389361392/package/lib/server/progress.js:68:28)
    at FrameDispatcher._runCommand (/private/var/folders/1b/cqmvqvbd4sg1xvl1gc93cfyh0000gn/T/playwright-java-7524229160389361392/package/lib/server/dispatchers/dispatcher.js:95:31)
    at DispatcherConnection.dispatch (/private/var/folders/1b/cqmvqvbd4sg1xvl1gc93cfyh0000gn/T/playwright-java-7524229160389361392/package/lib/server/dispatchers/dispatcher.js:329:39)
}
Call log:
-   - waiting for locator("#category")
-     - locator resolved to <select id="category" name="category" class="custom-input " aria-label="Select Product Category">…</select>
-   - attempting select option action
-     2 × waiting for element to be visible and enabled
-       - did not find some options
-     - retrying select option action
-     - waiting 20ms
-     2 × waiting for element to be visible and enabled
-       - did not find some options
-     - retrying select option action
-       - waiting 100ms
-     60 × waiting for element to be visible and enabled
-        - did not find some options
-      - retrying select option action
-        - waiting 500ms

at com.microsoft.playwright.impl.WaitableResult.get(WaitableResult.java:52)
at com.microsoft.playwright.impl.ChannelOwner.runUntil(ChannelOwner.java:138)
at com.microsoft.playwright.impl.Connection.sendMessage(Connection.java:131)
at com.microsoft.playwright.impl.ChannelOwner.sendMessage(ChannelOwner.java:124)
at com.microsoft.playwright.impl.FrameImpl.selectOption(FrameImpl.java:678)
at com.microsoft.playwright.impl.FrameImpl.selectOptionImpl(FrameImpl.java:645)
at com.microsoft.playwright.impl.PageImpl.selectOption(PageImpl.java:1183)
at com.microsoft.playwright.impl.PageImpl.selectOption(PageImpl.java:1150)
at com.microsoft.playwright.Page.selectOption(Page.java:6958)
at pages.AddFurnitureLeadPage.addLeadBasic(AddFurnitureLeadPage.java:396)
at pages.AddFurnitureLeadPage.addLeadWithAdditional(AddFurnitureLeadPage.java:205)
at tests.AddFurnitureLeadTest.addLeadForAdditionalFurnitureLeadTest(AddFurnitureLeadTest.java:168)
at java.base/jdk.internal.reflect.DirectMethodHandleAccessor.invoke(DirectMethodHandleAccessor.java:103)
at java.base/java.lang.reflect.Method.invoke(Method.java:580)
at org.testng.internal.invokers.MethodInvocationHelper.invokeMethod(MethodInvocationHelper.java:141)
at org.testng.internal.invokers.TestInvoker.invokeMethod(TestInvoker.java:687)
at org.testng.internal.invokers.TestInvoker.invokeTestMethod(TestInvoker.java:230)
at org.testng.internal.invokers.MethodRunner.runInSequence(MethodRunner.java:63)
at org.testng.internal.invokers.TestInvoker$MethodInvocationAgent.invoke(TestInvoker.java:995)
at org.testng.internal.invokers.TestInvoker.invokeTestMethods(TestInvoker.java:203)
at org.testng.internal.invokers.TestMethodWorker.invokeTestMethods(TestMethodWorker.java:154)
at org.testng.internal.invokers.TestMethodWorker.run(TestMethodWorker.java:134)
at java.base/java.util.ArrayList.forEach(ArrayList.java:1596)
at org.testng.TestRunner.privateRun(TestRunner.java:741)
at org.testng.TestRunner.run(TestRunner.java:616)
at org.testng.SuiteRunner.runTest(SuiteRunner.java:421)
at org.testng.SuiteRunner.runSequentially(SuiteRunner.java:413)
at org.testng.SuiteRunner.privateRun(SuiteRunner.java:373)
at org.testng.SuiteRunner.run(SuiteRunner.java:312)
at org.testng.SuiteRunnerWorker.runSuite(SuiteRunnerWorker.java:52)
at org.testng.SuiteRunnerWorker.run(SuiteRunnerWorker.java:95)
at org.testng.TestNG.runSuitesSequentially(TestNG.java:1274)
at org.testng.TestNG.runSuitesLocally(TestNG.java:1208)
at org.testng.TestNG.runSuites(TestNG.java:1112)
at org.testng.TestNG.run(TestNG.java:1079)
at org.testng.remote.AbstractRemoteTestNG.run(AbstractRemoteTestNG.java:115)
at org.testng.remote.RemoteTestNG.initAndRun(RemoteTestNG.java:293)
at org.testng.remote.RemoteTestNG.main(RemoteTestNG.java:91)
Caused by: com.microsoft.playwright.TimeoutError: Error {
  message='Timeout 30000ms exceeded.
  name='TimeoutError
  stack='TimeoutError: Timeout 30000ms exceeded.
    at ProgressController.run (/private/var/folders/1b/cqmvqvbd4sg1xvl1gc93cfyh0000gn/T/playwright-java-7524229160389361392/package/lib/server/progress.js:68:28)
    at FrameDispatcher._runCommand (/private/var/folders/1b/cqmvqvbd4sg1xvl1gc93cfyh0000gn/T/playwright-java-7524229160389361392/package/lib/server/dispatchers/dispatcher.js:95:31)
    at DispatcherConnection.dispatch (/private/var/folders/1b/cqmvqvbd4sg1xvl1gc93cfyh0000gn/T/playwright-java-7524229160389361392/package/lib/server/dispatchers/dispatcher.js:329:39)
}
Call log:
-   - waiting for locator("#category")
-     - locator resolved to <select id="category" name="category" class="custom-input " aria-label="Select Product Category">…</select>
-   - attempting select option action
-     2 × waiting for element to be visible and enabled
-       - did not find some options
-     - retrying select option action
-     - waiting 20ms
-     2 × waiting for element to be visible and enabled
-       - did not find some options
-     - retrying select option action
-       - waiting 100ms
-     60 × waiting for element to be visible and enabled
-        - did not find some options
-      - retrying select option action
-        - waiting 500ms

at com.microsoft.playwright.impl.Connection.dispatch(Connection.java:257)
at com.microsoft.playwright.impl.Connection.processOneMessage(Connection.java:214)
at com.microsoft.playwright.impl.ChannelOwner.runUntil(ChannelOwner.java:136)
... 36 more
]]>
    </error>
  </testcase> <!-- addLeadForAdditionalFurnitureLeadTest -->
  <testcase classname="tests.AddFurnitureLeadTest" name="addLeadForAdditionalFurnitureLeadTest" time="1.967">
    <skipped/>
  </testcase> <!-- addLeadForAdditionalFurnitureLeadTest -->
  <testcase classname="tests.AddFurnitureLeadTest" name="addLeadForAdditionalFurnitureLeadTest" time="1.958">
    <skipped/>
  </testcase> <!-- addLeadForAdditionalFurnitureLeadTest -->
  <testcase classname="tests.AddFurnitureLeadTest" name="addLeadForAdditionalFurnitureLeadTest" time="1.977">
    <skipped/>
  </testcase> <!-- addLeadForAdditionalFurnitureLeadTest -->
  <testcase classname="tests.AddFurnitureLeadTest" name="addLeadForAdditionalFurnitureLeadTest" time="2.002">
    <skipped/>
  </testcase> <!-- addLeadForAdditionalFurnitureLeadTest -->
  <testcase classname="tests.AddFurnitureLeadTest" name="addLeadForAdditionalFurnitureLeadTest" time="11.983"/>
  <testcase classname="tests.AddFurnitureLeadTest" name="addLeadForAdditionalFurnitureLeadTest" time="1.977">
    <skipped/>
  </testcase> <!-- addLeadForAdditionalFurnitureLeadTest -->
  <testcase classname="tests.AddFurnitureLeadTest" name="addLeadForAdditionalFurnitureLeadTest" time="2.008">
    <skipped/>
  </testcase> <!-- addLeadForAdditionalFurnitureLeadTest -->
  <testcase classname="tests.AddFurnitureLeadTest" name="addLeadForAdditionalFurnitureLeadTest" time="10.648"/>
  <testcase classname="tests.AddFurnitureLeadTest" name="addLeadForAdditionalFurnitureLeadTest" time="10.543"/>
  <testcase classname="tests.AddFurnitureLeadTest" name="addLeadForAdditionalFurnitureLeadTest" time="2.002">
    <skipped/>
  </testcase> <!-- addLeadForAdditionalFurnitureLeadTest -->
  <testcase classname="tests.AddFurnitureLeadTest" name="addLeadForAdditionalFurnitureLeadTest" time="1.988">
    <skipped/>
  </testcase> <!-- addLeadForAdditionalFurnitureLeadTest -->
  <testcase classname="tests.AddFurnitureLeadTest" name="addLeadForAdditionalFurnitureLeadTest" time="2.008">
    <skipped/>
  </testcase> <!-- addLeadForAdditionalFurnitureLeadTest -->
  <testcase classname="tests.AddFurnitureLeadTest" name="addLeadForAdditionalFurnitureLeadTest" time="10.873"/>
  <testcase classname="tests.AddFurnitureLeadTest" name="addLeadForAdditionalFurnitureLeadTest" time="1.987">
    <skipped/>
  </testcase> <!-- addLeadForAdditionalFurnitureLeadTest -->
  <testcase classname="tests.AddFurnitureLeadTest" name="addLeadForAdditionalFurnitureLeadTest" time="2.005">
    <skipped/>
  </testcase> <!-- addLeadForAdditionalFurnitureLeadTest -->
  <testcase classname="tests.AddFurnitureLeadTest" name="addLeadForAdditionalFurnitureLeadTest" time="11.924"/>
  <testcase classname="tests.AddFurnitureLeadTest" name="addLeadForAdditionalFurnitureLeadTest" time="10.588"/>
  <testcase classname="tests.AddFurnitureLeadTest" name="addLeadForAdditionalFurnitureLeadTest" time="10.679"/>
  <testcase classname="tests.AddFurnitureLeadTest" name="addLeadForAdditionalFurnitureLeadTest" time="9.662"/>
  <testcase classname="tests.AddFurnitureLeadTest" name="addLeadForAdditionalFurnitureLeadTest" time="2.002">
    <skipped/>
  </testcase> <!-- addLeadForAdditionalFurnitureLeadTest -->
  <testcase classname="tests.AddFurnitureLeadTest" name="addLeadForAdditionalFurnitureLeadTest" time="10.543"/>
  <testcase classname="tests.AddFurnitureLeadTest" name="addLeadForAdditionalFurnitureLeadTest" time="9.376">
    <failure message="Full name mismatch. Expected: Rishi Patel, Got: Aarav Patel" type="java.lang.AssertionError">
      <![CDATA[java.lang.AssertionError: Full name mismatch. Expected: Rishi Patel, Got: Aarav Patel
at pages.AddFurnitureLeadPage.validateLeadWithAdditionalInfo(AddFurnitureLeadPage.java:270)
at tests.AddFurnitureLeadTest.addLeadForAdditionalFurnitureLeadTest(AddFurnitureLeadTest.java:173)
at java.base/jdk.internal.reflect.DirectMethodHandleAccessor.invoke(DirectMethodHandleAccessor.java:103)
at java.base/java.lang.reflect.Method.invoke(Method.java:580)
at org.testng.internal.invokers.MethodInvocationHelper.invokeMethod(MethodInvocationHelper.java:141)
at org.testng.internal.invokers.TestInvoker.invokeMethod(TestInvoker.java:687)
at org.testng.internal.invokers.TestInvoker.invokeTestMethod(TestInvoker.java:230)
at org.testng.internal.invokers.MethodRunner.runInSequence(MethodRunner.java:63)
at org.testng.internal.invokers.TestInvoker$MethodInvocationAgent.invoke(TestInvoker.java:995)
at org.testng.internal.invokers.TestInvoker.invokeTestMethods(TestInvoker.java:203)
at org.testng.internal.invokers.TestMethodWorker.invokeTestMethods(TestMethodWorker.java:154)
at org.testng.internal.invokers.TestMethodWorker.run(TestMethodWorker.java:134)
at java.base/java.util.ArrayList.forEach(ArrayList.java:1596)
at org.testng.TestRunner.privateRun(TestRunner.java:741)
at org.testng.TestRunner.run(TestRunner.java:616)
at org.testng.SuiteRunner.runTest(SuiteRunner.java:421)
at org.testng.SuiteRunner.runSequentially(SuiteRunner.java:413)
at org.testng.SuiteRunner.privateRun(SuiteRunner.java:373)
at org.testng.SuiteRunner.run(SuiteRunner.java:312)
at org.testng.SuiteRunnerWorker.runSuite(SuiteRunnerWorker.java:52)
at org.testng.SuiteRunnerWorker.run(SuiteRunnerWorker.java:95)
at org.testng.TestNG.runSuitesSequentially(TestNG.java:1274)
at org.testng.TestNG.runSuitesLocally(TestNG.java:1208)
at org.testng.TestNG.runSuites(TestNG.java:1112)
at org.testng.TestNG.run(TestNG.java:1079)
at org.testng.remote.AbstractRemoteTestNG.run(AbstractRemoteTestNG.java:115)
at org.testng.remote.RemoteTestNG.initAndRun(RemoteTestNG.java:293)
at org.testng.remote.RemoteTestNG.main(RemoteTestNG.java:91)
]]>
    </failure>
  </testcase> <!-- addLeadForAdditionalFurnitureLeadTest -->
  <testcase classname="tests.AddFurnitureLeadTest" name="addLeadForAdditionalFurnitureLeadTest" time="10.598"/>
  <testcase classname="tests.AddFurnitureLeadTest" name="addLeadForAdditionalFurnitureLeadTest" time="10.616"/>
  <testcase classname="tests.AddFurnitureLeadTest" name="addLeadForAdditionalFurnitureLeadTest" time="1.997">
    <skipped/>
  </testcase> <!-- addLeadForAdditionalFurnitureLeadTest -->
  <testcase classname="tests.AddFurnitureLeadTest" name="addLeadForAdditionalFurnitureLeadTest" time="1.992">
    <skipped/>
  </testcase> <!-- addLeadForAdditionalFurnitureLeadTest -->
  <testcase classname="tests.AddFurnitureLeadTest" name="addLeadForAdditionalFurnitureLeadTest" time="9.595"/>
  <testcase classname="tests.AddFurnitureLeadTest" name="addLeadForAdditionalFurnitureLeadTest" time="2.000">
    <skipped/>
  </testcase> <!-- addLeadForAdditionalFurnitureLeadTest -->
  <testcase classname="tests.AddFurnitureLeadTest" name="addLeadForAdditionalFurnitureLeadTest" time="1.080">
    <skipped/>
  </testcase> <!-- addLeadForAdditionalFurnitureLeadTest -->
  <testcase classname="tests.AddFurnitureLeadTest" name="addLeadForAdditionalFurnitureLeadTest" time="1.979">
    <skipped/>
  </testcase> <!-- addLeadForAdditionalFurnitureLeadTest -->
  <testcase classname="tests.AddFurnitureLeadTest" name="addLeadForAdditionalFurnitureLeadTest" time="1.978">
    <skipped/>
  </testcase> <!-- addLeadForAdditionalFurnitureLeadTest -->
  <testcase classname="tests.AddFurnitureLeadTest" name="addLeadForAdditionalFurnitureLeadTest" time="1.987">
    <skipped/>
  </testcase> <!-- addLeadForAdditionalFurnitureLeadTest -->
  <testcase classname="tests.AddFurnitureLeadTest" name="addLeadForAdditionalFurnitureLeadTest" time="10.523"/>
  <testcase classname="tests.AddFurnitureLeadTest" name="addLeadForAdditionalFurnitureLeadTest" time="10.857"/>
  <testcase classname="tests.AddFurnitureLeadTest" name="addLeadForAdditionalFurnitureLeadTest" time="10.598"/>
  <testcase classname="tests.AddFurnitureLeadTest" name="addLeadForAdditionalFurnitureLeadTest" time="2.006">
    <skipped/>
  </testcase> <!-- addLeadForAdditionalFurnitureLeadTest -->
  <testcase classname="tests.AddFurnitureLeadTest" name="addLeadForAdditionalFurnitureLeadTest" time="1.972">
    <skipped/>
  </testcase> <!-- addLeadForAdditionalFurnitureLeadTest -->
  <testcase classname="tests.AddFurnitureLeadTest" name="addLeadForAdditionalFurnitureLeadTest" time="10.524"/>
  <testcase classname="tests.AddFurnitureLeadTest" name="addLeadForAdditionalFurnitureLeadTest" time="10.438"/>
  <testcase classname="tests.AddFurnitureLeadTest" name="addLeadForAdditionalFurnitureLeadTest" time="1.994">
    <skipped/>
  </testcase> <!-- addLeadForAdditionalFurnitureLeadTest -->
  <testcase classname="tests.AddFurnitureLeadTest" name="addLeadForAdditionalFurnitureLeadTest" time="2.005">
    <skipped/>
  </testcase> <!-- addLeadForAdditionalFurnitureLeadTest -->
  <testcase classname="tests.AddFurnitureLeadTest" name="addLeadForAdditionalFurnitureLeadTest" time="10.632"/>
  <testcase classname="tests.AddFurnitureLeadTest" name="addLeadForAdditionalFurnitureLeadTest" time="2.000">
    <skipped/>
  </testcase> <!-- addLeadForAdditionalFurnitureLeadTest -->
  <testcase classname="tests.AddFurnitureLeadTest" name="addLeadForAdditionalFurnitureLeadTest" time="1.037">
    <skipped/>
  </testcase> <!-- addLeadForAdditionalFurnitureLeadTest -->
  <testcase classname="tests.AddFurnitureLeadTest" name="addLeadForAdditionalFurnitureLeadTest" time="1.959">
    <skipped/>
  </testcase> <!-- addLeadForAdditionalFurnitureLeadTest -->
  <testcase classname="tests.AddFurnitureLeadTest" name="addLeadForAdditionalFurnitureLeadTest" time="11.534">
    <failure message="Project mismatch. Expected: Godrej, Got: Stanley - SBC" type="java.lang.AssertionError">
      <![CDATA[java.lang.AssertionError: Project mismatch. Expected: Godrej, Got: Stanley - SBC
at pages.AddFurnitureLeadPage.validateLeadWithAdditionalInfo(AddFurnitureLeadPage.java:324)
at tests.AddFurnitureLeadTest.addLeadForAdditionalFurnitureLeadTest(AddFurnitureLeadTest.java:173)
at java.base/jdk.internal.reflect.DirectMethodHandleAccessor.invoke(DirectMethodHandleAccessor.java:103)
at java.base/java.lang.reflect.Method.invoke(Method.java:580)
at org.testng.internal.invokers.MethodInvocationHelper.invokeMethod(MethodInvocationHelper.java:141)
at org.testng.internal.invokers.TestInvoker.invokeMethod(TestInvoker.java:687)
at org.testng.internal.invokers.TestInvoker.invokeTestMethod(TestInvoker.java:230)
at org.testng.internal.invokers.MethodRunner.runInSequence(MethodRunner.java:63)
at org.testng.internal.invokers.TestInvoker$MethodInvocationAgent.invoke(TestInvoker.java:995)
at org.testng.internal.invokers.TestInvoker.invokeTestMethods(TestInvoker.java:203)
at org.testng.internal.invokers.TestMethodWorker.invokeTestMethods(TestMethodWorker.java:154)
at org.testng.internal.invokers.TestMethodWorker.run(TestMethodWorker.java:134)
at java.base/java.util.ArrayList.forEach(ArrayList.java:1596)
at org.testng.TestRunner.privateRun(TestRunner.java:741)
at org.testng.TestRunner.run(TestRunner.java:616)
at org.testng.SuiteRunner.runTest(SuiteRunner.java:421)
at org.testng.SuiteRunner.runSequentially(SuiteRunner.java:413)
at org.testng.SuiteRunner.privateRun(SuiteRunner.java:373)
at org.testng.SuiteRunner.run(SuiteRunner.java:312)
at org.testng.SuiteRunnerWorker.runSuite(SuiteRunnerWorker.java:52)
at org.testng.SuiteRunnerWorker.run(SuiteRunnerWorker.java:95)
at org.testng.TestNG.runSuitesSequentially(TestNG.java:1274)
at org.testng.TestNG.runSuitesLocally(TestNG.java:1208)
at org.testng.TestNG.runSuites(TestNG.java:1112)
at org.testng.TestNG.run(TestNG.java:1079)
at org.testng.remote.AbstractRemoteTestNG.run(AbstractRemoteTestNG.java:115)
at org.testng.remote.RemoteTestNG.initAndRun(RemoteTestNG.java:293)
at org.testng.remote.RemoteTestNG.main(RemoteTestNG.java:91)
]]>
    </failure>
  </testcase> <!-- addLeadForAdditionalFurnitureLeadTest -->
  <testcase classname="tests.AddFurnitureLeadTest" name="addLeadForAdditionalFurnitureLeadTest" time="35.461">
    <error message="Error {
  message=&#039;Timeout 30000ms exceeded.
  name=&#039;TimeoutError
  stack=&#039;TimeoutError: Timeout 30000ms exceeded.
    at ProgressController.run (/private/var/folders/1b/cqmvqvbd4sg1xvl1gc93cfyh0000gn/T/playwright-java-7524229160389361392/package/lib/server/progress.js:68:28)
    at FrameDispatcher._runCommand (/private/var/folders/1b/cqmvqvbd4sg1xvl1gc93cfyh0000gn/T/playwright-java-7524229160389361392/package/lib/server/dispatchers/dispatcher.js:95:31)
    at DispatcherConnection.dispatch (/private/var/folders/1b/cqmvqvbd4sg1xvl1gc93cfyh0000gn/T/playwright-java-7524229160389361392/package/lib/server/dispatchers/dispatcher.js:329:39)
}
Call log:
-   - waiting for locator(&quot;#category&quot;)
-     - locator resolved to &lt;select id=&quot;category&quot; name=&quot;category&quot; class=&quot;custom-input &quot; aria-label=&quot;Select Product Category&quot;&gt;…&lt;/select&gt;
-   - attempting select option action
-     2 × waiting for element to be visible and enabled
-       - did not find some options
-     - retrying select option action
-     - waiting 20ms
-     2 × waiting for element to be visible and enabled
-       - did not find some options
-     - retrying select option action
-       - waiting 100ms
-     60 × waiting for element to be visible and enabled
-        - did not find some options
-      - retrying select option action
-        - waiting 500ms
" type="com.microsoft.playwright.TimeoutError">
      <![CDATA[com.microsoft.playwright.TimeoutError: Error {
  message='Timeout 30000ms exceeded.
  name='TimeoutError
  stack='TimeoutError: Timeout 30000ms exceeded.
    at ProgressController.run (/private/var/folders/1b/cqmvqvbd4sg1xvl1gc93cfyh0000gn/T/playwright-java-7524229160389361392/package/lib/server/progress.js:68:28)
    at FrameDispatcher._runCommand (/private/var/folders/1b/cqmvqvbd4sg1xvl1gc93cfyh0000gn/T/playwright-java-7524229160389361392/package/lib/server/dispatchers/dispatcher.js:95:31)
    at DispatcherConnection.dispatch (/private/var/folders/1b/cqmvqvbd4sg1xvl1gc93cfyh0000gn/T/playwright-java-7524229160389361392/package/lib/server/dispatchers/dispatcher.js:329:39)
}
Call log:
-   - waiting for locator("#category")
-     - locator resolved to <select id="category" name="category" class="custom-input " aria-label="Select Product Category">…</select>
-   - attempting select option action
-     2 × waiting for element to be visible and enabled
-       - did not find some options
-     - retrying select option action
-     - waiting 20ms
-     2 × waiting for element to be visible and enabled
-       - did not find some options
-     - retrying select option action
-       - waiting 100ms
-     60 × waiting for element to be visible and enabled
-        - did not find some options
-      - retrying select option action
-        - waiting 500ms

at com.microsoft.playwright.impl.WaitableResult.get(WaitableResult.java:52)
at com.microsoft.playwright.impl.ChannelOwner.runUntil(ChannelOwner.java:138)
at com.microsoft.playwright.impl.Connection.sendMessage(Connection.java:131)
at com.microsoft.playwright.impl.ChannelOwner.sendMessage(ChannelOwner.java:124)
at com.microsoft.playwright.impl.FrameImpl.selectOption(FrameImpl.java:678)
at com.microsoft.playwright.impl.FrameImpl.selectOptionImpl(FrameImpl.java:645)
at com.microsoft.playwright.impl.PageImpl.selectOption(PageImpl.java:1183)
at com.microsoft.playwright.impl.PageImpl.selectOption(PageImpl.java:1150)
at com.microsoft.playwright.Page.selectOption(Page.java:6958)
at pages.AddFurnitureLeadPage.addLeadBasic(AddFurnitureLeadPage.java:396)
at pages.AddFurnitureLeadPage.addLeadWithAdditional(AddFurnitureLeadPage.java:205)
[...]
at org.testng.internal.invokers.TestMethodWorker.run(TestMethodWorker.java:134)
at java.base/java.util.ArrayList.forEach(ArrayList.java:1596)
at org.testng.TestRunner.privateRun(TestRunner.java:741)
at org.testng.TestRunner.run(TestRunner.java:616)
at org.testng.SuiteRunner.runTest(SuiteRunner.java:421)
at org.testng.SuiteRunner.runSequentially(SuiteRunner.java:413)
at org.testng.SuiteRunner.privateRun(SuiteRunner.java:373)
at org.testng.SuiteRunner.run(SuiteRunner.java:312)
at org.testng.SuiteRunnerWorker.runSuite(SuiteRunnerWorker.java:52)
at org.testng.SuiteRunnerWorker.run(SuiteRunnerWorker.java:95)
at org.testng.TestNG.runSuitesSequentially(TestNG.java:1274)
at org.testng.TestNG.runSuitesLocally(TestNG.java:1208)
at org.testng.TestNG.runSuites(TestNG.java:1112)
at org.testng.TestNG.run(TestNG.java:1079)
at org.testng.remote.AbstractRemoteTestNG.run(AbstractRemoteTestNG.java:115)
at org.testng.remote.RemoteTestNG.initAndRun(RemoteTestNG.java:293)
at org.testng.remote.RemoteTestNG.main(RemoteTestNG.java:91)
]]>
    </failure>
  </testcase> <!-- addLeadForAdditionalFurnitureLeadTest -->
  <testcase classname="tests.AddFurnitureLeadTest" name="addLeadForAdditionalFurnitureLeadTest" time="0.000">
    <skipped/>
  </testcase> <!-- addLeadForAdditionalFurnitureLeadTest -->
  <testcase classname="tests.AddFurnitureLeadTest" name="addLeadForAdditionalFurnitureLeadTest" time="8.464"/>
  <testcase classname="tests.AddFurnitureLeadTest" name="addLeadForAdditionalFurnitureLeadTest" time="33.448">
    <error message="Error {
  message=&#039;Timeout 30000ms exceeded.
  name=&#039;TimeoutError
  stack=&#039;TimeoutError: Timeout 30000ms exceeded.
    at ProgressController.run (/private/var/folders/1b/cqmvqvbd4sg1xvl1gc93cfyh0000gn/T/playwright-java-7524229160389361392/package/lib/server/progress.js:68:28)
    at FrameDispatcher._runCommand (/private/var/folders/1b/cqmvqvbd4sg1xvl1gc93cfyh0000gn/T/playwright-java-7524229160389361392/package/lib/server/dispatchers/dispatcher.js:95:31)
    at DispatcherConnection.dispatch (/private/var/folders/1b/cqmvqvbd4sg1xvl1gc93cfyh0000gn/T/playwright-java-7524229160389361392/package/lib/server/dispatchers/dispatcher.js:329:39)
}
Call log:
-   - waiting for locator(&quot;#category&quot;)
-     - locator resolved to &lt;select id=&quot;category&quot; name=&quot;category&quot; class=&quot;custom-input &quot; aria-label=&quot;Select Product Category&quot;&gt;…&lt;/select&gt;
-   - attempting select option action
-     2 × waiting for element to be visible and enabled
-       - did not find some options
-     - retrying select option action
-     - waiting 20ms
-     2 × waiting for element to be visible and enabled
-       - did not find some options
-     - retrying select option action
-       - waiting 100ms
-     60 × waiting for element to be visible and enabled
-        - did not find some options
-      - retrying select option action
-        - waiting 500ms
" type="com.microsoft.playwright.TimeoutError">
      <![CDATA[com.microsoft.playwright.TimeoutError: Error {
  message='Timeout 30000ms exceeded.
  name='TimeoutError
  stack='TimeoutError: Timeout 30000ms exceeded.
    at ProgressController.run (/private/var/folders/1b/cqmvqvbd4sg1xvl1gc93cfyh0000gn/T/playwright-java-7524229160389361392/package/lib/server/progress.js:68:28)
    at FrameDispatcher._runCommand (/private/var/folders/1b/cqmvqvbd4sg1xvl1gc93cfyh0000gn/T/playwright-java-7524229160389361392/package/lib/server/dispatchers/dispatcher.js:95:31)
    at DispatcherConnection.dispatch (/private/var/folders/1b/cqmvqvbd4sg1xvl1gc93cfyh0000gn/T/playwright-java-7524229160389361392/package/lib/server/dispatchers/dispatcher.js:329:39)
}
Call log:
-   - waiting for locator("#category")
-     - locator resolved to <select id="category" name="category" class="custom-input " aria-label="Select Product Category">…</select>
-   - attempting select option action
-     2 × waiting for element to be visible and enabled
-       - did not find some options
-     - retrying select option action
-     - waiting 20ms
-     2 × waiting for element to be visible and enabled
-       - did not find some options
-     - retrying select option action
-       - waiting 100ms
-     60 × waiting for element to be visible and enabled
-        - did not find some options
-      - retrying select option action
-        - waiting 500ms

at com.microsoft.playwright.impl.WaitableResult.get(WaitableResult.java:52)
at com.microsoft.playwright.impl.ChannelOwner.runUntil(ChannelOwner.java:138)
at com.microsoft.playwright.impl.Connection.sendMessage(Connection.java:131)
at com.microsoft.playwright.impl.ChannelOwner.sendMessage(ChannelOwner.java:124)
at com.microsoft.playwright.impl.FrameImpl.selectOption(FrameImpl.java:678)
at com.microsoft.playwright.impl.FrameImpl.selectOptionImpl(FrameImpl.java:645)
at com.microsoft.playwright.impl.PageImpl.selectOption(PageImpl.java:1183)
at com.microsoft.playwright.impl.PageImpl.selectOption(PageImpl.java:1150)
at com.microsoft.playwright.Page.selectOption(Page.java:6958)
at pages.AddFurnitureLeadPage.addLeadBasic(AddFurnitureLeadPage.java:396)
at pages.AddFurnitureLeadPage.addLeadWithAdditional(AddFurnitureLeadPage.java:205)
at tests.AddFurnitureLeadTest.addLeadForAdditionalFurnitureLeadTest(AddFurnitureLeadTest.java:168)
at java.base/jdk.internal.reflect.DirectMethodHandleAccessor.invoke(DirectMethodHandleAccessor.java:103)
at java.base/java.lang.reflect.Method.invoke(Method.java:580)
at org.testng.internal.invokers.MethodInvocationHelper.invokeMethod(MethodInvocationHelper.java:141)
at org.testng.internal.invokers.TestInvoker.invokeMethod(TestInvoker.java:687)
at org.testng.internal.invokers.TestInvoker.invokeTestMethod(TestInvoker.java:230)
at org.testng.internal.invokers.MethodRunner.runInSequence(MethodRunner.java:63)
at org.testng.internal.invokers.TestInvoker$MethodInvocationAgent.invoke(TestInvoker.java:995)
at org.testng.internal.invokers.TestInvoker.invokeTestMethods(TestInvoker.java:203)
at org.testng.internal.invokers.TestMethodWorker.invokeTestMethods(TestMethodWorker.java:154)
at org.testng.internal.invokers.TestMethodWorker.run(TestMethodWorker.java:134)
at java.base/java.util.ArrayList.forEach(ArrayList.java:1596)
at org.testng.TestRunner.privateRun(TestRunner.java:741)
at org.testng.TestRunner.run(TestRunner.java:616)
at org.testng.SuiteRunner.runTest(SuiteRunner.java:421)
at org.testng.SuiteRunner.runSequentially(SuiteRunner.java:413)
at org.testng.SuiteRunner.privateRun(SuiteRunner.java:373)
at org.testng.SuiteRunner.run(SuiteRunner.java:312)
at org.testng.SuiteRunnerWorker.runSuite(SuiteRunnerWorker.java:52)
at org.testng.SuiteRunnerWorker.run(SuiteRunnerWorker.java:95)
at org.testng.TestNG.runSuitesSequentially(TestNG.java:1274)
at org.testng.TestNG.runSuitesLocally(TestNG.java:1208)
at org.testng.TestNG.runSuites(TestNG.java:1112)
at org.testng.TestNG.run(TestNG.java:1079)
at org.testng.remote.AbstractRemoteTestNG.run(AbstractRemoteTestNG.java:115)
at org.testng.remote.RemoteTestNG.initAndRun(RemoteTestNG.java:293)
at org.testng.remote.RemoteTestNG.main(RemoteTestNG.java:91)
Caused by: com.microsoft.playwright.TimeoutError: Error {
  message='Timeout 30000ms exceeded.
  name='TimeoutError
  stack='TimeoutError: Timeout 30000ms exceeded.
    at ProgressController.run (/private/var/folders/1b/cqmvqvbd4sg1xvl1gc93cfyh0000gn/T/playwright-java-7524229160389361392/package/lib/server/progress.js:68:28)
    at FrameDispatcher._runCommand (/private/var/folders/1b/cqmvqvbd4sg1xvl1gc93cfyh0000gn/T/playwright-java-7524229160389361392/package/lib/server/dispatchers/dispatcher.js:95:31)
    at DispatcherConnection.dispatch (/private/var/folders/1b/cqmvqvbd4sg1xvl1gc93cfyh0000gn/T/playwright-java-7524229160389361392/package/lib/server/dispatchers/dispatcher.js:329:39)
}
Call log:
-   - waiting for locator("#category")
-     - locator resolved to <select id="category" name="category" class="custom-input " aria-label="Select Product Category">…</select>
-   - attempting select option action
-     2 × waiting for element to be visible and enabled
-       - did not find some options
-     - retrying select option action
-     - waiting 20ms
-     2 × waiting for element to be visible and enabled
-       - did not find some options
-     - retrying select option action
-       - waiting 100ms
-     60 × waiting for element to be visible and enabled
-        - did not find some options
-      - retrying select option action
-        - waiting 500ms

at com.microsoft.playwright.impl.Connection.dispatch(Connection.java:257)
at com.microsoft.playwright.impl.Connection.processOneMessage(Connection.java:214)
at com.microsoft.playwright.impl.ChannelOwner.runUntil(ChannelOwner.java:136)
... 36 more
]]>
    </error>
  </testcase> <!-- addLeadForAdditionalFurnitureLeadTest -->
  <testcase classname="tests.AddFurnitureLeadTest" name="addLeadForAdditionalFurnitureLeadTest" time="8.726"/>
  <testcase classname="tests.AddFurnitureLeadTest" name="addLeadForAdditionalFurnitureLeadTest" time="33.468">
    <error message="Error {
  message=&#039;Timeout 30000ms exceeded.
  name=&#039;TimeoutError
  stack=&#039;TimeoutError: Timeout 30000ms exceeded.
    at ProgressController.run (/private/var/folders/1b/cqmvqvbd4sg1xvl1gc93cfyh0000gn/T/playwright-java-7524229160389361392/package/lib/server/progress.js:68:28)
    at FrameDispatcher._runCommand (/private/var/folders/1b/cqmvqvbd4sg1xvl1gc93cfyh0000gn/T/playwright-java-7524229160389361392/package/lib/server/dispatchers/dispatcher.js:95:31)
    at DispatcherConnection.dispatch (/private/var/folders/1b/cqmvqvbd4sg1xvl1gc93cfyh0000gn/T/playwright-java-7524229160389361392/package/lib/server/dispatchers/dispatcher.js:329:39)
}
Call log:
-   - waiting for locator(&quot;#category&quot;)
-     - locator resolved to &lt;select id=&quot;category&quot; name=&quot;category&quot; class=&quot;custom-input &quot; aria-label=&quot;Select Product Category&quot;&gt;…&lt;/select&gt;
-   - attempting select option action
-     2 × waiting for element to be visible and enabled
-       - did not find some options
-     - retrying select option action
-     - waiting 20ms
-     2 × waiting for element to be visible and enabled
-       - did not find some options
-     - retrying select option action
-       - waiting 100ms
-     59 × waiting for element to be visible and enabled
-        - did not find some options
-      - retrying select option action
-        - waiting 500ms
" type="com.microsoft.playwright.TimeoutError">
      <![CDATA[com.microsoft.playwright.TimeoutError: Error {
  message='Timeout 30000ms exceeded.
  name='TimeoutError
  stack='TimeoutError: Timeout 30000ms exceeded.
    at ProgressController.run (/private/var/folders/1b/cqmvqvbd4sg1xvl1gc93cfyh0000gn/T/playwright-java-7524229160389361392/package/lib/server/progress.js:68:28)
    at FrameDispatcher._runCommand (/private/var/folders/1b/cqmvqvbd4sg1xvl1gc93cfyh0000gn/T/playwright-java-7524229160389361392/package/lib/server/dispatchers/dispatcher.js:95:31)
    at DispatcherConnection.dispatch (/private/var/folders/1b/cqmvqvbd4sg1xvl1gc93cfyh0000gn/T/playwright-java-7524229160389361392/package/lib/server/dispatchers/dispatcher.js:329:39)
}
Call log:
-   - waiting for locator("#category")
-     - locator resolved to <select id="category" name="category" class="custom-input " aria-label="Select Product Category">…</select>
-   - attempting select option action
-     2 × waiting for element to be visible and enabled
-       - did not find some options
-     - retrying select option action
-     - waiting 20ms
-     2 × waiting for element to be visible and enabled
-       - did not find some options
-     - retrying select option action
-       - waiting 100ms
-     59 × waiting for element to be visible and enabled
-        - did not find some options
-      - retrying select option action
-        - waiting 500ms

at com.microsoft.playwright.impl.WaitableResult.get(WaitableResult.java:52)
at com.microsoft.playwright.impl.ChannelOwner.runUntil(ChannelOwner.java:138)
at com.microsoft.playwright.impl.Connection.sendMessage(Connection.java:131)
at com.microsoft.playwright.impl.ChannelOwner.sendMessage(ChannelOwner.java:124)
at com.microsoft.playwright.impl.FrameImpl.selectOption(FrameImpl.java:678)
at com.microsoft.playwright.impl.FrameImpl.selectOptionImpl(FrameImpl.java:645)
at com.microsoft.playwright.impl.PageImpl.selectOption(PageImpl.java:1183)
at com.microsoft.playwright.impl.PageImpl.selectOption(PageImpl.java:1150)
at com.microsoft.playwright.Page.selectOption(Page.java:6958)
at pages.AddFurnitureLeadPage.addLeadBasic(AddFurnitureLeadPage.java:396)
at pages.AddFurnitureLeadPage.addLeadWithAdditional(AddFurnitureLeadPage.java:205)
at tests.AddFurnitureLeadTest.addLeadForAdditionalFurnitureLeadTest(AddFurnitureLeadTest.java:168)
at java.base/jdk.internal.reflect.DirectMethodHandleAccessor.invoke(DirectMethodHandleAccessor.java:103)
at java.base/java.lang.reflect.Method.invoke(Method.java:580)
at org.testng.internal.invokers.MethodInvocationHelper.invokeMethod(MethodInvocationHelper.java:141)
at org.testng.internal.invokers.TestInvoker.invokeMethod(TestInvoker.java:687)
at org.testng.internal.invokers.TestInvoker.invokeTestMethod(TestInvoker.java:230)
at org.testng.internal.invokers.MethodRunner.runInSequence(MethodRunner.java:63)
at org.testng.internal.invokers.TestInvoker$MethodInvocationAgent.invoke(TestInvoker.java:995)
at org.testng.internal.invokers.TestInvoker.invokeTestMethods(TestInvoker.java:203)
at org.testng.internal.invokers.TestMethodWorker.invokeTestMethods(TestMethodWorker.java:154)
at org.testng.internal.invokers.TestMethodWorker.run(TestMethodWorker.java:134)
at java.base/java.util.ArrayList.forEach(ArrayList.java:1596)
at org.testng.TestRunner.privateRun(TestRunner.java:741)
at org.testng.TestRunner.run(TestRunner.java:616)
at org.testng.SuiteRunner.runTest(SuiteRunner.java:421)
at org.testng.SuiteRunner.runSequentially(SuiteRunner.java:413)
at org.testng.SuiteRunner.privateRun(SuiteRunner.java:373)
at org.testng.SuiteRunner.run(SuiteRunner.java:312)
at org.testng.SuiteRunnerWorker.runSuite(SuiteRunnerWorker.java:52)
at org.testng.SuiteRunnerWorker.run(SuiteRunnerWorker.java:95)
at org.testng.TestNG.runSuitesSequentially(TestNG.java:1274)
at org.testng.TestNG.runSuitesLocally(TestNG.java:1208)
at org.testng.TestNG.runSuites(TestNG.java:1112)
at org.testng.TestNG.run(TestNG.java:1079)
at org.testng.remote.AbstractRemoteTestNG.run(AbstractRemoteTestNG.java:115)
at org.testng.remote.RemoteTestNG.initAndRun(RemoteTestNG.java:293)
at org.testng.remote.RemoteTestNG.main(RemoteTestNG.java:91)
Caused by: com.microsoft.playwright.TimeoutError: Error {
  message='Timeout 30000ms exceeded.
  name='TimeoutError
  stack='TimeoutError: Timeout 30000ms exceeded.
    at ProgressController.run (/private/var/folders/1b/cqmvqvbd4sg1xvl1gc93cfyh0000gn/T/playwright-java-7524229160389361392/package/lib/server/progress.js:68:28)
    at FrameDispatcher._runCommand (/private/var/folders/1b/cqmvqvbd4sg1xvl1gc93cfyh0000gn/T/playwright-java-7524229160389361392/package/lib/server/dispatchers/dispatcher.js:95:31)
    at DispatcherConnection.dispatch (/private/var/folders/1b/cqmvqvbd4sg1xvl1gc93cfyh0000gn/T/playwright-java-7524229160389361392/package/lib/server/dispatchers/dispatcher.js:329:39)
}
Call log:
-   - waiting for locator("#category")
-     - locator resolved to <select id="category" name="category" class="custom-input " aria-label="Select Product Category">…</select>
-   - attempting select option action
-     2 × waiting for element to be visible and enabled
-       - did not find some options
-     - retrying select option action
-     - waiting 20ms
-     2 × waiting for element to be visible and enabled
-       - did not find some options
-     - retrying select option action
-       - waiting 100ms
-     59 × waiting for element to be visible and enabled
-        - did not find some options
-      - retrying select option action
-        - waiting 500ms

at com.microsoft.playwright.impl.Connection.dispatch(Connection.java:257)
at com.microsoft.playwright.impl.Connection.processOneMessage(Connection.java:214)
at com.microsoft.playwright.impl.ChannelOwner.runUntil(ChannelOwner.java:136)
... 36 more
]]>
    </error>
  </testcase> <!-- addLeadForAdditionalFurnitureLeadTest -->
  <testcase classname="tests.AddFurnitureLeadTest" name="addLeadForAdditionalFurnitureLeadTest" time="0.000">
    <skipped/>
  </testcase> <!-- addLeadForAdditionalFurnitureLeadTest -->
  <testcase classname="tests.AddFurnitureLeadTest" name="addLeadForAdditionalFurnitureLeadTest" time="8.471"/>
  <testcase classname="tests.AddFurnitureLeadTest" name="addLeadForAdditionalFurnitureLeadTest" time="0.000">
    <skipped/>
  </testcase> <!-- addLeadForAdditionalFurnitureLeadTest -->
  <testcase classname="tests.AddFurnitureLeadTest" name="addLeadForAdditionalFurnitureLeadTest" time="8.487">
    <failure message="FirstName mismatch. Expected: Mehul, Got: Rishi" type="java.lang.AssertionError">
      <![CDATA[java.lang.AssertionError: FirstName mismatch. Expected: Mehul, Got: Rishi
at pages.AddFurnitureLeadPage.validateLeadWithAdditionalInfo(AddFurnitureLeadPage.java:326)
at tests.AddFurnitureLeadTest.addLeadForAdditionalFurnitureLeadTest(AddFurnitureLeadTest.java:173)
at java.base/jdk.internal.reflect.DirectMethodHandleAccessor.invoke(DirectMethodHandleAccessor.java:103)
at java.base/java.lang.reflect.Method.invoke(Method.java:580)
at org.testng.internal.invokers.MethodInvocationHelper.invokeMethod(MethodInvocationHelper.java:141)
at org.testng.internal.invokers.TestInvoker.invokeMethod(TestInvoker.java:687)
at org.testng.internal.invokers.TestInvoker.invokeTestMethod(TestInvoker.java:230)
at org.testng.internal.invokers.MethodRunner.runInSequence(MethodRunner.java:63)
at org.testng.internal.invokers.TestInvoker$MethodInvocationAgent.invoke(TestInvoker.java:995)
at org.testng.internal.invokers.TestInvoker.invokeTestMethods(TestInvoker.java:203)
at org.testng.internal.invokers.TestMethodWorker.invokeTestMethods(TestMethodWorker.java:154)
at org.testng.internal.invokers.TestMethodWorker.run(TestMethodWorker.java:134)
at java.base/java.util.ArrayList.forEach(ArrayList.java:1596)
at org.testng.TestRunner.privateRun(TestRunner.java:741)
at org.testng.TestRunner.run(TestRunner.java:616)
at org.testng.SuiteRunner.runTest(SuiteRunner.java:421)
at org.testng.SuiteRunner.runSequentially(SuiteRunner.java:413)
at org.testng.SuiteRunner.privateRun(SuiteRunner.java:373)
at org.testng.SuiteRunner.run(SuiteRunner.java:312)
at org.testng.SuiteRunnerWorker.runSuite(SuiteRunnerWorker.java:52)
at org.testng.SuiteRunnerWorker.run(SuiteRunnerWorker.java:95)
at org.testng.TestNG.runSuitesSequentially(TestNG.java:1274)
at org.testng.TestNG.runSuitesLocally(TestNG.java:1208)
at org.testng.TestNG.runSuites(TestNG.java:1112)
at org.testng.TestNG.run(TestNG.java:1079)
at org.testng.remote.AbstractRemoteTestNG.run(AbstractRemoteTestNG.java:115)
at org.testng.remote.RemoteTestNG.initAndRun(RemoteTestNG.java:293)
at org.testng.remote.RemoteTestNG.main(RemoteTestNG.java:91)
]]>
    </failure>
  </testcase> <!-- addLeadForAdditionalFurnitureLeadTest -->
  <testcase classname="tests.AddFurnitureLeadTest" name="addLeadForAdditionalFurnitureLeadTest" time="0.000">
    <skipped/>
  </testcase> <!-- addLeadForAdditionalFurnitureLeadTest -->
  <testcase classname="tests.AddFurnitureLeadTest" name="addLeadForAdditionalFurnitureLeadTest" time="0.000">
    <skipped/>
  </testcase> <!-- addLeadForAdditionalFurnitureLeadTest -->
  <testcase classname="tests.AddFurnitureLeadTest" name="addLeadForAdditionalFurnitureLeadTest" time="8.586"/>
  <testcase classname="tests.AddFurnitureLeadTest" name="addLeadForAdditionalFurnitureLeadTest" time="0.000">
    <skipped/>
  </testcase> <!-- addLeadForAdditionalFurnitureLeadTest -->
</testsuite> <!-- tests.AddFurnitureLeadTest -->
