<?xml version="1.0" encoding="UTF-8"?>
<!-- Generated by org.testng.reporters.JUnitReportReporter -->
<testsuite hostname="Tushars-Mac-mini.local" failures="0" tests="2221" name="tests.AddFurnitureLeadTest" time="0.053" errors="2" timestamp="2025-09-25T11:42:57 IST" skipped="2219">
  <testcase classname="tests.AddFurnitureLeadTest" name="addLeadForAdditionalFurnitureLeadTest" time="0.000">
    <skipped/>
  </testcase> <!-- addLeadForAdditionalFurnitureLeadTest -->
  <testcase classname="tests.AddFurnitureLeadTest" name="addLeadForBasicFurnitureLead" time="0.000">
    <skipped/>
  </testcase> <!-- addLeadForBasicFurnitureLead -->
  <testcase classname="tests.AddFurnitureLeadTest" name="addLeadForBasicFurnitureLead" time="0.000">
    <skipped/>
  </testcase> <!-- addLeadForBasicFurnitureLead -->
  <testcase classname="tests.AddFurnitureLeadTest" name="addLeadForBasicFurnitureLead" time="0.000">
    <skipped/>
  </testcase> <!-- addLeadForBasicFurnitureLead -->
  <testcase classname="tests.AddFurnitureLeadTest" name="addLeadForAdditionalFurnitureLeadTest" time="0.000">
    <skipped/>
  </testcase> <!-- addLeadForAdditionalFurnitureLeadTest -->
  <testcase classname="tests.AddFurnitureLeadTest" name="addLeadForBasicFurnitureLead" time="0.000">
    <skipped/>
  </testcase> <!-- addLeadForBasicFurnitureLead -->
  <testcase classname="tests.AddFurnitureLeadTest" name="addLeadForAdditionalFurnitureLeadTest" time="0.000">
    <skipped/>
  </testcase> <!-- addLeadForAdditionalFurnitureLeadTest -->
  <testcase classname="tests.AddFurnitureLeadTest" name="addLeadForBasicFurnitureLead" time="0.000">
    <skipped/>
  </testcase> <!-- addLeadForBasicFurnitureLead -->
  <testcase classname="tests.AddFurnitureLeadTest" name="addLeadForBasicFurnitureLead" time="0.000">
    <skipped/>
  </testcase> <!-- addLeadForBasicFurnitureLead -->
  <testcase classname="tests.AddFurnitureLeadTest" name="addLeadForBasicFurnitureLead" time="0.000">
    <skipped/>
  </testcase> <!-- addLeadForBasicFurnitureLead -->
  <testcase classname="tests.AddFurnitureLeadTest" name="addLeadForBasicFurnitureLead" time="0.000">
    <skipped/>
  </testcase> <!-- addLeadForBasicFurnitureLead -->
  <testcase classname="tests.AddFurnitureLeadTest" name="addLeadForBasicFurnitureLead" time="0.000">
    <skipped/>
  </testcase> <!-- addLeadForBasicFurnitureLead -->
  <testcase classname="tests.AddFurnitureLeadTest" name="addLeadForBasicFurnitureLead" time="0.000">
    <skipped/>
  </testcase> <!-- addLeadForBasicFurnitureLead -->
  <testcase classname="tests.AddFurnitureLeadTest" name="addLeadForAdditionalFurnitureLeadTest" time="0.000">
    <skipped/>
  </testcase> <!-- addLeadForAdditionalFurnitureLeadTest -->
  <testcase classname="tests.AddFurnitureLeadTest" name="addLeadForAdditionalFurnitureLeadTest" time="0.000">
    <skipped/>
  </testcase> <!-- addLeadForAdditionalFurnitureLeadTest -->
  <testcase classname="tests.AddFurnitureLeadTest" name="addLeadForBasicFurnitureLead" time="0.000">
    <skipped/>
  </testcase> <!-- addLeadForBasicFurnitureLead -->
  <testcase classname="tests.AddFurnitureLeadTest" name="addLeadForAdditionalFurnitureLeadTest" time="0.000">
    <skipped/>
  </testcase> <!-- addLeadForAdditionalFurnitureLeadTest -->
  <testcase classname="tests.AddFurnitureLeadTest" name="addLeadForBasicFurnitureLead" time="0.000">
    <skipped/>
  </testcase> <!-- addLeadForBasicFurnitureLead -->
  <testcase classname="tests.AddFurnitureLeadTest" name="addLeadForBasicFurnitureLead" time="0.000">
    <skipped/>
  </testcase> <!-- addLeadForBasicFurnitureLead -->
  <testcase classname="tests.AddFurnitureLeadTest" name="addLeadForBasicFurnitureLead" time="0.000">
    <skipped/>
  </testcase> <!-- addLeadForBasicFurnitureLead -->
  <testcase classname="tests.AddFurnitureLeadTest" name="addLeadForAdditionalFurnitureLeadTest" time="0.000">
    <skipped/>
  </testcase> <!-- addLeadForAdditionalFurnitureLeadTest -->
  <testcase classname="tests.AddFurnitureLeadTest" name="addLeadForAdditionalFurnitureLeadTest" time="0.000">
    <skipped/>
  </testcase> <!-- addLeadForAdditionalFurnitureLeadTest -->
  <testcase classname="tests.AddFurnitureLeadTest" name="addLeadForBasicFurnitureLead" time="0.000">
    <skipped/>
  </testcase> <!-- addLeadForBasicFurnitureLead -->
  <testcase classname="tests.AddFurnitureLeadTest" name="addLeadForAdditionalFurnitureLeadTest" time="0.000">
    <skipped/>
  </testcase> <!-- addLeadForAdditionalFurnitureLeadTest -->
  <testcase classname="tests.AddFurnitureLeadTest" name="addLeadForAdditionalFurnitureLeadTest" time="0.000">
    <skipped/>
  </testcase> <!-- addLeadForAdditionalFurnitureLeadTest -->
  <testcase classname="tests.AddFurnitureLeadTest" name="addLeadForAdditionalFurnitureLeadTest" time="0.000">
    <skipped/>
  </testcase> <!-- addLeadForAdditionalFurnitureLeadTest -->
  <testcase classname="tests.AddFurnitureLeadTest" name="addLeadForBasicFurnitureLead" time="0.000">
    <skipped/>
  </testcase> <!-- addLeadForBasicFurnitureLead -->
  <testcase classname="tests.AddFurnitureLeadTest" name="addLeadForBasicFurnitureLead" time="0.000">
    <skipped/>
  </testcase> <!-- addLeadForBasicFurnitureLead -->
  <testcase classname="tests.AddFurnitureLeadTest" name="addLeadForAdditionalFurnitureLeadTest" time="0.000">
    <skipped/>
  </testcase> <!-- addLeadForAdditionalFurnitureLeadTest -->
  <testcase classname="tests.AddFurnitureLeadTest" name="addLeadForBasicFurnitureLead" time="0.000">
    <skipped/>
  </testcase> <!-- addLeadForBasicFurnitureLead -->
  <testcase classname="tests.AddFurnitureLeadTest" name="addLeadForAdditionalFurnitureLeadTest" time="0.000">
    <skipped/>
  </testcase> <!-- addLeadForAdditionalFurnitureLeadTest -->
  <testcase classname="tests.AddFurnitureLeadTest" name="addLeadForBasicFurnitureLead" time="0.000">
    <skipped/>
  </testcase> <!-- addLeadForBasicFurnitureLead -->
  <testcase classname="tests.AddFurnitureLeadTest" name="addLeadForAdditionalFurnitureLeadTest" time="0.000">
    <skipped/>
  </testcase> <!-- addLeadForAdditionalFurnitureLeadTest -->
  <testcase classname="tests.AddFurnitureLeadTest" name="addLeadForBasicFurnitureLead" time="0.000">
    <skipped/>
  </testcase> <!-- addLeadForBasicFurnitureLead -->
  <testcase classname="tests.AddFurnitureLeadTest" name="addLeadForAdditionalFurnitureLeadTest" time="0.000">
    <skipped/>
  </testcase> <!-- addLeadForAdditionalFurnitureLeadTest -->
  <testcase classname="tests.AddFurnitureLeadTest" name="addLeadForBasicFurnitureLead" time="0.000">
    <skipped/>
  </testcase> <!-- addLeadForBasicFurnitureLead -->
  <testcase classname="tests.AddFurnitureLeadTest" name="addLeadForBasicFurnitureLead" time="0.000">
    <skipped/>
  </testcase> <!-- addLeadForBasicFurnitureLead -->
  <testcase classname="tests.AddFurnitureLeadTest" name="addLeadForAdditionalFurnitureLeadTest" time="0.000">
    <skipped/>
  </testcase> <!-- addLeadForAdditionalFurnitureLeadTest -->
  <testcase classname="tests.AddFurnitureLeadTest" name="addLeadForAdditionalFurnitureLeadTest" time="0.000">
    <skipped/>
  </testcase> <!-- addLeadForAdditionalFurnitureLeadTest -->
  <testcase classname="tests.AddFurnitureLeadTest" name="addLeadForAdditionalFurnitureLeadTest" time="0.000">
    <skipped/>
  </testcase> <!-- addLeadForAdditionalFurnitureLeadTest -->
  <testcase classname="tests.AddFurnitureLeadTest" name="addLeadForAdditionalFurnitureLeadTest" time="0.000">
    <skipped/>
  </testcase> <!-- addLeadForAdditionalFurnitureLeadTest -->
  <testcase classname="tests.AddFurnitureLeadTest" name="addLeadForBasicFurnitureLead" time="0.000">
    <skipped/>
  </testcase> <!-- addLeadForBasicFurnitureLead -->
  <testcase classname="tests.AddFurnitureLeadTest" name="addLeadForAdditionalFurnitureLeadTest" time="0.000">
    <skipped/>
  </testcase> <!-- addLeadForAdditionalFurnitureLeadTest -->
  <testcase classname="tests.AddFurnitureLeadTest" name="addLeadForAdditionalFurnitureLeadTest" time="0.000">
    <skipped/>
  </testcase> <!-- addLeadForAdditionalFurnitureLeadTest -->
  <testcase classname="tests.AddFurnitureLeadTest" name="addLeadForAdditionalFurnitureLeadTest" time="0.000">
    <skipped/>
  </testcase> <!-- addLeadForAdditionalFurnitureLeadTest -->
  <testcase classname="tests.AddFurnitureLeadTest" name="addLeadForAdditionalFurnitureLeadTest" time="0.000">
    <skipped/>
  </testcase> <!-- addLeadForAdditionalFurnitureLeadTest -->
  <testcase classname="tests.AddFurnitureLeadTest" name="addLeadForBasicFurnitureLead" time="0.000">
    <skipped/>
  </testcase> <!-- addLeadForBasicFurnitureLead -->
  <testcase classname="tests.AddFurnitureLeadTest" name="addLeadForBasicFurnitureLead" time="0.000">
    <skipped/>
  </testcase> <!-- addLeadForBasicFurnitureLead -->
  <testcase classname="tests.AddFurnitureLeadTest" name="addLeadForAdditionalFurnitureLeadTest" time="0.000">
    <skipped/>
  </testcase> <!-- addLeadForAdditionalFurnitureLeadTest -->
  <testcase classname="tests.AddFurnitureLeadTest" name="addLeadForAdditionalFurnitureLeadTest" time="0.000">
    <skipped/>
  </testcase> <!-- addLeadForAdditionalFurnitureLeadTest -->
  <testcase classname="tests.AddFurnitureLeadTest" name="addLeadForBasicFurnitureLead" time="0.000">
    <skipped/>
  </testcase> <!-- addLeadForBasicFurnitureLead -->
  <testcase classname="tests.AddFurnitureLeadTest" name="addLeadForBasicFurnitureLead" time="0.000">
    <skipped/>
  </testcase> <!-- addLeadForBasicFurnitureLead -->
  <testcase classname="tests.AddFurnitureLeadTest" name="addLeadForBasicFurnitureLead" time="0.000">
    <skipped/>
  </testcase> <!-- addLeadForBasicFurnitureLead -->
  <testcase classname="tests.AddFurnitureLeadTest" name="addLeadForAdditionalFurnitureLeadTest" time="0.000">
    <skipped/>
  </testcase> <!-- addLeadForAdditionalFurnitureLeadTest -->
  <testcase classname="tests.AddFurnitureLeadTest" name="addLeadForBasicFurnitureLead" time="0.000">
    <skipped/>
  </testcase> <!-- addLeadForBasicFurnitureLead -->
  <testcase classname="tests.AddFurnitureLeadTest" name="addLeadForBasicFurnitureLead" time="0.000">
    <skipped/>
  </testcase> <!-- addLeadForBasicFurnitureLead -->
  <testcase classname="tests.AddFurnitureLeadTest" name="addLeadForAdditionalFurnitureLeadTest" time="0.000">
    <skipped/>
  </testcase> <!-- addLeadForAdditionalFurnitureLeadTest -->
  <testcase classname="tests.AddFurnitureLeadTest" name="addLeadForAdditionalFurnitureLeadTest" time="0.000">
    <skipped/>
  </testcase> <!-- addLeadForAdditionalFurnitureLeadTest -->
  <testcase classname="tests.AddFurnitureLeadTest" name="addLeadForAdditionalFurnitureLeadTest" time="0.000">
    <skipped/>
  </testcase> <!-- addLeadForAdditionalFurnitureLeadTest -->
  <testcase classname="tests.AddFurnitureLeadTest" name="addLeadForBasicFurnitureLead" time="0.000">
    <skipped/>
  </testcase> <!-- addLeadForBasicFurnitureLead -->
  <testcase classname="tests.AddFurnitureLeadTest" name="addLeadForAdditionalFurnitureLeadTest" time="0.000">
    <skipped/>
  </testcase> <!-- addLeadForAdditionalFurnitureLeadTest -->
  <testcase classname="tests.AddFurnitureLeadTest" name="addLeadForAdditionalFurnitureLeadTest" time="0.000">
    <skipped/>
  </testcase> <!-- addLeadForAdditionalFurnitureLeadTest -->
  <testcase classname="tests.AddFurnitureLeadTest" name="addLeadForBasicFurnitureLead" time="0.000">
    <skipped/>
  </testcase> <!-- addLeadForBasicFurnitureLead -->
  <testcase classname="tests.AddFurnitureLeadTest" name="addLeadForAdditionalFurnitureLeadTest" time="0.000">
    <skipped/>
  </testcase> <!-- addLeadForAdditionalFurnitureLeadTest -->
  <testcase classname="tests.AddFurnitureLeadTest" name="addLeadForBasicFurnitureLead" time="0.000">
    <skipped/>
  </testcase> <!-- addLeadForBasicFurnitureLead -->
  <testcase classname="tests.AddFurnitureLeadTest" name="addLeadForBasicFurnitureLead" time="0.000">
    <skipped/>
  </testcase> <!-- addLeadForBasicFurnitureLead -->
  <testcase classname="tests.AddFurnitureLeadTest" name="addLeadForBasicFurnitureLead" time="0.000">
    <skipped/>
  </testcase> <!-- addLeadForBasicFurnitureLead -->
  <testcase classname="tests.AddFurnitureLeadTest" name="addLeadForBasicFurnitureLead" time="0.000">
    <skipped/>
  </testcase> <!-- addLeadForBasicFurnitureLead -->
  <testcase classname="tests.AddFurnitureLeadTest" name="addLeadForBasicFurnitureLead" time="0.000">
    <skipped/>
  </testcase> <!-- addLeadForBasicFurnitureLead -->
  <testcase classname="tests.AddFurnitureLeadTest" name="addLeadForAdditionalFurnitureLeadTest" time="0.000">
    <skipped/>
  </testcase> <!-- addLeadForAdditionalFurnitureLeadTest -->
  <testcase classname="tests.AddFurnitureLeadTest" name="addLeadForAdditionalFurnitureLeadTest" time="0.000">
    <skipped/>
  </testcase> <!-- addLeadForAdditionalFurnitureLeadTest -->
  <testcase classname="tests.AddFurnitureLeadTest" name="addLeadForAdditionalFurnitureLeadTest" time="0.000">
    <skipped/>
  </testcase> <!-- addLeadForAdditionalFurnitureLeadTest -->
  <testcase classname="tests.AddFurnitureLeadTest" name="takeScreenshot" time="0.005">
    <error message="Cannot invoke &quot;com.microsoft.playwright.Page.locator(String)&quot; because &quot;this.page&quot; is null" type="java.lang.NullPointerException">
      <![CDATA[java.lang.NullPointerException: Cannot invoke "com.microsoft.playwright.Page.locator(String)" because "this.page" is null
at tests.AddFurnitureLeadTest.takeScreenshot(AddFurnitureLeadTest.java:58)
at java.base/jdk.internal.reflect.DirectMethodHandleAccessor.invoke(DirectMethodHandleAccessor.java:103)
at java.base/java.lang.reflect.Method.invoke(Method.java:580)
at org.testng.internal.invokers.MethodInvocationHelper.invokeMethod(MethodInvocationHelper.java:139)
at org.testng.internal.invokers.MethodInvocationHelper.invokeMethodConsideringTimeout(MethodInvocationHelper.java:69)
at org.testng.internal.invokers.ConfigInvoker.invokeConfigurationMethod(ConfigInvoker.java:393)
at org.testng.internal.invokers.ConfigInvoker.invokeConfigurations(ConfigInvoker.java:326)
at org.testng.internal.invokers.TestInvoker.runConfigMethods(TestInvoker.java:810)
at org.testng.internal.invokers.TestInvoker.runAfterConfigurations(TestInvoker.java:779)
at org.testng.internal.invokers.TestInvoker.invokeMethod(TestInvoker.java:755)
at org.testng.internal.invokers.TestInvoker.invokeTestMethod(TestInvoker.java:228)
at org.testng.internal.invokers.MethodRunner.runInSequence(MethodRunner.java:63)
at org.testng.internal.invokers.TestInvoker$MethodInvocationAgent.invoke(TestInvoker.java:961)
at org.testng.internal.invokers.TestInvoker.invokeTestMethods(TestInvoker.java:201)
at org.testng.internal.invokers.TestMethodWorker.invokeTestMethods(TestMethodWorker.java:148)
at org.testng.internal.invokers.TestMethodWorker.run(TestMethodWorker.java:128)
at java.base/java.util.ArrayList.forEach(ArrayList.java:1596)
at org.testng.TestRunner.privateRun(TestRunner.java:819)
at org.testng.TestRunner.run(TestRunner.java:619)
at org.testng.SuiteRunner.runTest(SuiteRunner.java:443)
at org.testng.SuiteRunner.runSequentially(SuiteRunner.java:437)
at org.testng.SuiteRunner.privateRun(SuiteRunner.java:397)
at org.testng.SuiteRunner.run(SuiteRunner.java:336)
at org.testng.SuiteRunnerWorker.runSuite(SuiteRunnerWorker.java:52)
at org.testng.SuiteRunnerWorker.run(SuiteRunnerWorker.java:95)
at org.testng.TestNG.runSuitesSequentially(TestNG.java:1301)
at org.testng.TestNG.runSuitesLocally(TestNG.java:1228)
at org.testng.TestNG.runSuites(TestNG.java:1134)
at org.testng.TestNG.run(TestNG.java:1101)
at org.apache.maven.surefire.testng.TestNGExecutor.run(TestNGExecutor.java:155)
at org.apache.maven.surefire.testng.TestNGDirectoryTestSuite.executeMulti(TestNGDirectoryTestSuite.java:169)
at org.apache.maven.surefire.testng.TestNGDirectoryTestSuite.execute(TestNGDirectoryTestSuite.java:88)
at org.apache.maven.surefire.testng.TestNGProvider.invoke(TestNGProvider.java:137)
at org.apache.maven.surefire.booter.ForkedBooter.runSuitesInProcess(ForkedBooter.java:385)
at org.apache.maven.surefire.booter.ForkedBooter.execute(ForkedBooter.java:162)
at org.apache.maven.surefire.booter.ForkedBooter.run(ForkedBooter.java:507)
at org.apache.maven.surefire.booter.ForkedBooter.main(ForkedBooter.java:495)
]]>
    </error>
  </testcase> <!-- takeScreenshot -->
  <testcase classname="tests.AddFurnitureLeadTest" name="addLeadForAdditionalFurnitureLeadTest" time="0.000">
    <skipped/>
  </testcase> <!-- addLeadForAdditionalFurnitureLeadTest -->
  <testcase classname="tests.AddFurnitureLeadTest" name="addLeadForAdditionalFurnitureLeadTest" time="0.000">
    <skipped/>
  </testcase> <!-- addLeadForAdditionalFurnitureLeadTest -->
  <testcase classname="tests.AddFurnitureLeadTest" name="addLeadForBasicFurnitureLead" time="0.000">
    <skipped/>
  </testcase> <!-- addLeadForBasicFurnitureLead -->
  <testcase classname="tests.AddFurnitureLeadTest" name="addLeadForBasicFurnitureLead" time="0.000">
    <skipped/>
  </testcase> <!-- addLeadForBasicFurnitureLead -->
  <testcase classname="tests.AddFurnitureLeadTest" name="addLeadForAdditionalFurnitureLeadTest" time="0.000">
    <skipped/>
  </testcase> <!-- addLeadForAdditionalFurnitureLeadTest -->
  <testcase classname="tests.AddFurnitureLeadTest" name="addLeadForBasicFurnitureLead" time="0.000">
    <skipped/>
  </testcase> <!-- addLeadForBasicFurnitureLead -->
  <testcase classname="tests.AddFurnitureLeadTest" name="addLeadForBasicFurnitureLead" time="0.000">
    <skipped/>
  </testcase> <!-- addLeadForBasicFurnitureLead -->
  <testcase classname="tests.AddFurnitureLeadTest" name="addLeadForAdditionalFurnitureLeadTest" time="0.000">
    <skipped/>
  </testcase> <!-- addLeadForAdditionalFurnitureLeadTest -->
  <testcase classname="tests.AddFurnitureLeadTest" name="addLeadForAdditionalFurnitureLeadTest" time="0.000">
    <skipped/>
  </testcase> <!-- addLeadForAdditionalFurnitureLeadTest -->
  <testcase classname="tests.AddFurnitureLeadTest" name="addLeadForBasicFurnitureLead" time="0.000">
    <skipped/>
  </testcase> <!-- addLeadForBasicFurnitureLead -->
  <testcase classname="tests.AddFurnitureLeadTest" name="addLeadForBasicFurnitureLead" time="0.000">
    <skipped/>
  </testcase> <!-- addLeadForBasicFurnitureLead -->
  <testcase classname="tests.AddFurnitureLeadTest" name="addLeadForBasicFurnitureLead" time="0.000">
    <skipped/>
  </testcase> <!-- addLeadForBasicFurnitureLead -->
  <testcase classname="tests.AddFurnitureLeadTest" name="addLeadForBasicFurnitureLead" time="0.000">
    <skipped/>
  </testcase> <!-- addLeadForBasicFurnitureLead -->
  <testcase classname="tests.AddFurnitureLeadTest" name="addLeadForAdditionalFurnitureLeadTest" time="0.000">
    <skipped/>
  </testcase> <!-- addLeadForAdditionalFurnitureLeadTest -->
  <testcase classname="tests.AddFurnitureLeadTest" name="addLeadForBasicFurnitureLead" time="0.000">
    <skipped/>
  </testcase> <!-- addLeadForBasicFurnitureLead -->
  <testcase classname="tests.AddFurnitureLeadTest" name="addLeadForAdditionalFurnitureLeadTest" time="0.000">
    <skipped/>
  </testcase> <!-- addLeadForAdditionalFurnitureLeadTest -->
  <testcase classname="tests.AddFurnitureLeadTest" name="addLeadForAdditionalFurnitureLeadTest" time="0.000">
    <skipped/>
  </testcase> <!-- addLeadForAdditionalFurnitureLeadTest -->
  <testcase classname="tests.AddFurnitureLeadTest" name="addLeadForBasicFurnitureLead" time="0.000">
    <skipped/>
  </testcase> <!-- addLeadForBasicFurnitureLead -->
  <testcase classname="tests.AddFurnitureLeadTest" name="addLeadForBasicFurnitureLead" time="0.000">
    <skipped/>
  </testcase> <!-- addLeadForBasicFurnitureLead -->
  <testcase classname="tests.AddFurnitureLeadTest" name="addLeadForBasicFurnitureLead" time="0.000">
    <skipped/>
  </testcase> <!-- addLeadForBasicFurnitureLead -->
  <testcase classname="tests.AddFurnitureLeadTest" name="addLeadForAdditionalFurnitureLeadTest" time="0.000">
    <skipped/>
  </testcase> <!-- addLeadForAdditionalFurnitureLeadTest -->
  <testcase classname="tests.AddFurnitureLeadTest" name="addLeadForBasicFurnitureLead" time="0.000">
    <skipped/>
  </testcase> <!-- addLeadForBasicFurnitureLead -->
  <testcase classname="tests.AddFurnitureLeadTest" name="addLeadForBasicFurnitureLead" time="0.000">
    <skipped/>
  </testcase> <!-- addLeadForBasicFurnitureLead -->
  <testcase classname="tests.AddFurnitureLeadTest" name="addLeadForAdditionalFurnitureLeadTest" time="0.000">
    <skipped/>
  </testcase> <!-- addLeadForAdditionalFurnitureLeadTest -->
  <testcase classname="tests.AddFurnitureLeadTest" name="addLeadForAdditionalFurnitureLeadTest" time="0.000">
    <skipped/>
  </testcase> <!-- addLeadForAdditionalFurnitureLeadTest -->
  <testcase classname="tests.AddFurnitureLeadTest" name="addLeadForAdditionalFurnitureLeadTest" time="0.000">
    <skipped/>
  </testcase> <!-- addLeadForAdditionalFurnitureLeadTest -->
  <testcase classname="tests.AddFurnitureLeadTest" name="addLeadForBasicFurnitureLead" time="0.000">
    <skipped/>
  </testcase> <!-- addLeadForBasicFurnitureLead -->
  <testcase classname="tests.AddFurnitureLeadTest" name="addLeadForBasicFurnitureLead" time="0.000">
    <skipped/>
  </testcase> <!-- addLeadForBasicFurnitureLead -->
  <testcase classname="tests.AddFurnitureLeadTest" name="addLeadForBasicFurnitureLead" time="0.000">
    <skipped/>
  </testcase> <!-- addLeadForBasicFurnitureLead -->
  <testcase classname="tests.AddFurnitureLeadTest" name="addLeadForBasicFurnitureLead" time="0.000">
    <skipped/>
  </testcase> <!-- addLeadForBasicFurnitureLead -->
  <testcase classname="tests.AddFurnitureLeadTest" name="addLeadForAdditionalFurnitureLeadTest" time="0.000">
    <skipped/>
  </testcase> <!-- addLeadForAdditionalFurnitureLeadTest -->
  <testcase classname="tests.AddFurnitureLeadTest" name="addLeadForAdditionalFurnitureLeadTest" time="0.000">
    <skipped/>
  </testcase> <!-- addLeadForAdditionalFurnitureLeadTest -->
  <testcase classname="tests.AddFurnitureLeadTest" name="addLeadForBasicFurnitureLead" time="0.000">
    <skipped/>
  </testcase> <!-- addLeadForBasicFurnitureLead -->
  <testcase classname="tests.AddFurnitureLeadTest" name="addLeadForBasicFurnitureLead" time="0.000">
    <skipped/>
  </testcase> <!-- addLeadForBasicFurnitureLead -->
  <testcase classname="tests.AddFurnitureLeadTest" name="addLeadForAdditionalFurnitureLeadTest" time="0.000">
    <skipped/>
  </testcase> <!-- addLeadForAdditionalFurnitureLeadTest -->
  <testcase classname="tests.AddFurnitureLeadTest" name="addLeadForBasicFurnitureLead" time="0.000">
    <skipped/>
  </testcase> <!-- addLeadForBasicFurnitureLead -->
  <testcase classname="tests.AddFurnitureLeadTest" name="addLeadForBasicFurnitureLead" time="0.000">
    <skipped/>
  </testcase> <!-- addLeadForBasicFurnitureLead -->
  <testcase classname="tests.AddFurnitureLeadTest" name="addLeadForAdditionalFurnitureLeadTest" time="0.000">
    <skipped/>
  </testcase> <!-- addLeadForAdditionalFurnitureLeadTest -->
  <testcase classname="tests.AddFurnitureLeadTest" name="addLeadForAdditionalFurnitureLeadTest" time="0.000">
    <skipped/>
  </testcase> <!-- addLeadForAdditionalFurnitureLeadTest -->
  <testcase classname="tests.AddFurnitureLeadTest" name="addLeadForBasicFurnitureLead" time="0.000">
    <skipped/>
  </testcase> <!-- addLeadForBasicFurnitureLead -->
  <testcase classname="tests.AddFurnitureLeadTest" name="addLeadForAdditionalFurnitureLeadTest" time="0.000">
    <skipped/>
  </testcase> <!-- addLeadForAdditionalFurnitureLeadTest -->
  <testcase classname="tests.AddFurnitureLeadTest" name="addLeadForBasicFurnitureLead" time="0.000">
    <skipped/>
  </testcase> <!-- addLeadForBasicFurnitureLead -->
  <testcase classname="tests.AddFurnitureLeadTest" name="addLeadForAdditionalFurnitureLeadTest" time="0.000">
    <skipped/>
  </testcase> <!-- addLeadForAdditionalFurnitureLeadTest -->
  <testcase classname="tests.AddFurnitureLeadTest" name="addLeadForBasicFurnitureLead" time="0.000">
    <skipped/>
  </testcase> <!-- addLeadForBasicFurnitureLead -->
  <testcase classname="tests.AddFurnitureLeadTest" name="addLeadForAdditionalFurnitureLeadTest" time="0.000">
    <skipped/>
  </testcase> <!-- addLeadForAdditionalFurnitureLeadTest -->
  <testcase classname="tests.AddFurnitureLeadTest" name="addLeadForAdditionalFurnitureLeadTest" time="0.000">
    <skipped/>
  </testcase> <!-- addLeadForAdditionalFurnitureLeadTest -->
  <testcase classname="tests.AddFurnitureLeadTest" name="addLeadForBasicFurnitureLead" time="0.000">
    <skipped/>
  </testcase> <!-- addLeadForBasicFurnitureLead -->
  <testcase classname="tests.AddFurnitureLeadTest" name="addLeadForBasicFurnitureLead" time="0.000">
    <skipped/>
  </testcase> <!-- addLeadForBasicFurnitureLead -->
  <testcase classname="tests.AddFurnitureLeadTest" name="addLeadForBasicFurnitureLead" time="0.000">
    <skipped/>
  </testcase> <!-- addLeadForBasicFurnitureLead -->
  <testcase classname="tests.AddFurnitureLeadTest" name="addLeadForAdditionalFurnitureLeadTest" time="0.000">
    <skipped/>
  </testcase> <!-- addLeadForAdditionalFurnitureLeadTest -->
  <testcase classname="tests.AddFurnitureLeadTest" name="addLeadForBasicFurnitureLead" time="0.000">
    <skipped/>
  </testcase> <!-- addLeadForBasicFurnitureLead -->
  <testcase classname="tests.AddFurnitureLeadTest" name="addLeadForAdditionalFurnitureLeadTest" time="0.000">
    <skipped/>
  </testcase> <!-- addLeadForAdditionalFurnitureLeadTest -->
  <testcase classname="tests.AddFurnitureLeadTest" name="addLeadForBasicFurnitureLead" time="0.000">
    <skipped/>
  </testcase> <!-- addLeadForBasicFurnitureLead -->
  <testcase classname="tests.AddFurnitureLeadTest" name="addLeadForAdditionalFurnitureLeadTest" time="0.000">
    <skipped/>
  </testcase> <!-- addLeadForAdditionalFurnitureLeadTest -->
  <testcase classname="tests.AddFurnitureLeadTest" name="addLeadForAdditionalFurnitureLeadTest" time="0.000">
    <skipped/>
  </testcase> <!-- addLeadForAdditionalFurnitureLeadTest -->
  <testcase classname="tests.AddFurnitureLeadTest" name="addLeadForBasicFurnitureLead" time="0.000">
    <skipped/>
  </testcase> <!-- addLeadForBasicFurnitureLead -->
  <testcase classname="tests.AddFurnitureLeadTest" name="addLeadForBasicFurnitureLead" time="0.000">
    <skipped/>
  </testcase> <!-- addLeadForBasicFurnitureLead -->
  <testcase classname="tests.AddFurnitureLeadTest" name="addLeadForBasicFurnitureLead" time="0.000">
    <skipped/>
  </testcase> <!-- addLeadForBasicFurnitureLead -->
  <testcase classname="tests.AddFurnitureLeadTest" name="addLeadForAdditionalFurnitureLeadTest" time="0.000">
    <skipped/>
  </testcase> <!-- addLeadForAdditionalFurnitureLeadTest -->
  <testcase classname="tests.AddFurnitureLeadTest" name="addLeadForBasicFurnitureLead" time="0.000">
    <skipped/>
  </testcase> <!-- addLeadForBasicFurnitureLead -->
  <testcase classname="tests.AddFurnitureLeadTest" name="addLeadForBasicFurnitureLead" time="0.000">
    <skipped/>
  </testcase> <!-- addLeadForBasicFurnitureLead -->
  <testcase classname="tests.AddFurnitureLeadTest" name="addLeadForBasicFurnitureLead" time="0.000">
    <skipped/>
  </testcase> <!-- addLeadForBasicFurnitureLead -->
  <testcase classname="tests.AddFurnitureLeadTest" name="addLeadForBasicFurnitureLead" time="0.000">
    <skipped/>
  </testcase> <!-- addLeadForBasicFurnitureLead -->
  <testcase classname="tests.AddFurnitureLeadTest" name="addLeadForAdditionalFurnitureLeadTest" time="0.000">
    <skipped/>
  </testcase> <!-- addLeadForAdditionalFurnitureLeadTest -->
  <testcase classname="tests.AddFurnitureLeadTest" name="addLeadForAdditionalFurnitureLeadTest" time="0.000">
    <skipped/>
  </testcase> <!-- addLeadForAdditionalFurnitureLeadTest -->
  <testcase classname="tests.AddFurnitureLeadTest" name="addLeadForBasicFurnitureLead" time="0.000">
    <skipped/>
  </testcase> <!-- addLeadForBasicFurnitureLead -->
  <testcase classname="tests.AddFurnitureLeadTest" name="addLeadForBasicFurnitureLead" time="0.000">
    <skipped/>
  </testcase> <!-- addLeadForBasicFurnitureLead -->
  <testcase classname="tests.AddFurnitureLeadTest" name="addLeadForAdditionalFurnitureLeadTest" time="0.000">
    <skipped/>
  </testcase> <!-- addLeadForAdditionalFurnitureLeadTest -->
  <testcase classname="tests.AddFurnitureLeadTest" name="addLeadForAdditionalFurnitureLeadTest" time="0.000">
    <skipped/>
  </testcase> <!-- addLeadForAdditionalFurnitureLeadTest -->
  <testcase classname="tests.AddFurnitureLeadTest" name="addLeadForAdditionalFurnitureLeadTest" time="0.000">
    <skipped/>
  </testcase> <!-- addLeadForAdditionalFurnitureLeadTest -->
  <testcase classname="tests.AddFurnitureLeadTest" name="addLeadForAdditionalFurnitureLeadTest" time="0.000">
    <skipped/>
  </testcase> <!-- addLeadForAdditionalFurnitureLeadTest -->
  <testcase classname="tests.AddFurnitureLeadTest" name="addLeadForBasicFurnitureLead" time="0.000">
    <skipped/>
  </testcase> <!-- addLeadForBasicFurnitureLead -->
  <testcase classname="tests.AddFurnitureLeadTest" name="addLeadForAdditionalFurnitureLeadTest" time="0.000">
    <skipped/>
  </testcase> <!-- addLeadForAdditionalFurnitureLeadTest -->
  <testcase classname="tests.AddFurnitureLeadTest" name="addLeadForAdditionalFurnitureLeadTest" time="0.000">
    <skipped/>
  </testcase> <!-- addLeadForAdditionalFurnitureLeadTest -->
  <testcase classname="tests.AddFurnitureLeadTest" name="addLeadForBasicFurnitureLead" time="0.000">
    <skipped/>
  </testcase> <!-- addLeadForBasicFurnitureLead -->
  <testcase classname="tests.AddFurnitureLeadTest" name="addLeadForBasicFurnitureLead" time="0.000">
    <skipped/>
  </testcase> <!-- addLeadForBasicFurnitureLead -->
  <testcase classname="tests.AddFurnitureLeadTest" name="addLeadForBasicFurnitureLead" time="0.000">
    <skipped/>
  </testcase> <!-- addLeadForBasicFurnitureLead -->
  <testcase classname="tests.AddFurnitureLeadTest" name="addLeadForAdditionalFurnitureLeadTest" time="0.000">
    <skipped/>
  </testcase> <!-- addLeadForAdditionalFurnitureLeadTest -->
  <testcase classname="tests.AddFurnitureLeadTest" name="addLeadForBasicFurnitureLead" time="0.000">
    <skipped/>
  </testcase> <!-- addLeadForBasicFurnitureLead -->
  <testcase classname="tests.AddFurnitureLeadTest" name="addLeadForAdditionalFurnitureLeadTest" time="0.000">
    <skipped/>
  </testcase> <!-- addLeadForAdditionalFurnitureLeadTest -->
  <testcase classname="tests.AddFurnitureLeadTest" name="addLeadForBasicFurnitureLead" time="0.000">
    <skipped/>
  </testcase> <!-- addLeadForBasicFurnitureLead -->
  <testcase classname="tests.AddFurnitureLeadTest" name="addLeadForBasicFurnitureLead" time="0.000">
    <skipped/>
  </testcase> <!-- addLeadForBasicFurnitureLead -->
  <testcase classname="tests.AddFurnitureLeadTest" name="addLeadForBasicFurnitureLead" time="0.000">
    <skipped/>
  </testcase> <!-- addLeadForBasicFurnitureLead -->
  <testcase classname="tests.AddFurnitureLeadTest" name="addLeadForAdditionalFurnitureLeadTest" time="0.000">
    <skipped/>
  </testcase> <!-- addLeadForAdditionalFurnitureLeadTest -->
  <testcase classname="tests.AddFurnitureLeadTest" name="addLeadForAdditionalFurnitureLeadTest" time="0.000">
    <skipped/>
  </testcase> <!-- addLeadForAdditionalFurnitureLeadTest -->
  <testcase classname="tests.AddFurnitureLeadTest" name="addLeadForBasicFurnitureLead" time="0.000">
    <skipped/>
  </testcase> <!-- addLeadForBasicFurnitureLead -->
  <testcase classname="tests.AddFurnitureLeadTest" name="addLeadForBasicFurnitureLead" time="0.000">
    <skipped/>
  </testcase> <!-- addLeadForBasicFurnitureLead -->
  <testcase classname="tests.AddFurnitureLeadTest" name="addLeadForAdditionalFurnitureLeadTest" time="0.000">
    <skipped/>
  </testcase> <!-- addLeadForAdditionalFurnitureLeadTest -->
  <testcase classname="tests.AddFurnitureLeadTest" name="addLeadForAdditionalFurnitureLeadTest" time="0.000">
    <skipped/>
  </testcase> <!-- addLeadForAdditionalFurnitureLeadTest -->
  <testcase classname="tests.AddFurnitureLeadTest" name="addLeadForBasicFurnitureLead" time="0.000">
    <skipped/>
  </testcase> <!-- addLeadForBasicFurnitureLead -->
  <testcase classname="tests.AddFurnitureLeadTest" name="addLeadForBasicFurnitureLead" time="0.000">
    <skipped/>
  </testcase> <!-- addLeadForBasicFurnitureLead -->
  <testcase classname="tests.AddFurnitureLeadTest" name="addLeadForAdditionalFurnitureLeadTest" time="0.000">
    <skipped/>
  </testcase> <!-- addLeadForAdditionalFurnitureLeadTest -->
  <testcase classname="tests.AddFurnitureLeadTest" name="addLeadForBasicFurnitureLead" time="0.000">
    <skipped/>
  </testcase> <!-- addLeadForBasicFurnitureLead -->
  <testcase classname="tests.AddFurnitureLeadTest" name="addLeadForBasicFurnitureLead" time="0.000">
    <skipped/>
  </testcase> <!-- addLeadForBasicFurnitureLead -->
  <testcase classname="tests.AddFurnitureLeadTest" name="addLeadForBasicFurnitureLead" time="0.000">
    <skipped/>
  </testcase> <!-- addLeadForBasicFurnitureLead -->
  <testcase classname="tests.AddFurnitureLeadTest" name="addLeadForAdditionalFurnitureLeadTest" time="0.000">
    <skipped/>
  </testcase> <!-- addLeadForAdditionalFurnitureLeadTest -->
  <testcase classname="tests.AddFurnitureLeadTest" name="addLeadForAdditionalFurnitureLeadTest" time="0.000">
    <skipped/>
  </testcase> <!-- addLeadForAdditionalFurnitureLeadTest -->
  <testcase classname="tests.AddFurnitureLeadTest" name="addLeadForBasicFurnitureLead" time="0.000">
    <skipped/>
  </testcase> <!-- addLeadForBasicFurnitureLead -->
  <testcase classname="tests.AddFurnitureLeadTest" name="addLeadForBasicFurnitureLead" time="0.000">
    <skipped/>
  </testcase> <!-- addLeadForBasicFurnitureLead -->
  <testcase classname="tests.AddFurnitureLeadTest" name="addLeadForBasicFurnitureLead" time="0.000">
    <skipped/>
  </testcase> <!-- addLeadForBasicFurnitureLead -->
  <testcase classname="tests.AddFurnitureLeadTest" name="addLeadForAdditionalFurnitureLeadTest" time="0.000">
    <skipped/>
  </testcase> <!-- addLeadForAdditionalFurnitureLeadTest -->
  <testcase classname="tests.AddFurnitureLeadTest" name="addLeadForBasicFurnitureLead" time="0.000">
    <skipped/>
  </testcase> <!-- addLeadForBasicFurnitureLead -->
  <testcase classname="tests.AddFurnitureLeadTest" name="addLeadForAdditionalFurnitureLeadTest" time="0.000">
    <skipped/>
  </testcase> <!-- addLeadForAdditionalFurnitureLeadTest -->
  <testcase classname="tests.AddFurnitureLeadTest" name="addLeadForAdditionalFurnitureLeadTest" time="0.000">
    <skipped/>
  </testcase> <!-- addLeadForAdditionalFurnitureLeadTest -->
  <testcase classname="tests.AddFurnitureLeadTest" name="addLeadForAdditionalFurnitureLeadTest" time="0.000">
    <skipped/>
  </testcase> <!-- addLeadForAdditionalFurnitureLeadTest -->
  <testcase classname="tests.AddFurnitureLeadTest" name="addLeadForAdditionalFurnitureLeadTest" time="0.000">
    <skipped/>
  </testcase> <!-- addLeadForAdditionalFurnitureLeadTest -->
  <testcase classname="tests.AddFurnitureLeadTest" name="addLeadForAdditionalFurnitureLeadTest" time="0.000">
    <skipped/>
  </testcase> <!-- addLeadForAdditionalFurnitureLeadTest -->
  <testcase classname="tests.AddFurnitureLeadTest" name="addLeadForAdditionalFurnitureLeadTest" time="0.000">
    <skipped/>
  </testcase> <!-- addLeadForAdditionalFurnitureLeadTest -->
  <testcase classname="tests.AddFurnitureLeadTest" name="addLeadForAdditionalFurnitureLeadTest" time="0.000">
    <skipped/>
  </testcase> <!-- addLeadForAdditionalFurnitureLeadTest -->
  <testcase classname="tests.AddFurnitureLeadTest" name="addLeadForAdditionalFurnitureLeadTest" time="0.000">
    <skipped/>
  </testcase> <!-- addLeadForAdditionalFurnitureLeadTest -->
  <testcase classname="tests.AddFurnitureLeadTest" name="addLeadForAdditionalFurnitureLeadTest" time="0.000">
    <skipped/>
  </testcase> <!-- addLeadForAdditionalFurnitureLeadTest -->
  <testcase classname="tests.AddFurnitureLeadTest" name="addLeadForBasicFurnitureLead" time="0.000">
    <skipped/>
  </testcase> <!-- addLeadForBasicFurnitureLead -->
  <testcase classname="tests.AddFurnitureLeadTest" name="addLeadForBasicFurnitureLead" time="0.000">
    <skipped/>
  </testcase> <!-- addLeadForBasicFurnitureLead -->
  <testcase classname="tests.AddFurnitureLeadTest" name="addLeadForAdditionalFurnitureLeadTest" time="0.000">
    <skipped/>
  </testcase> <!-- addLeadForAdditionalFurnitureLeadTest -->
  <testcase classname="tests.AddFurnitureLeadTest" name="addLeadForAdditionalFurnitureLeadTest" time="0.000">
    <skipped/>
  </testcase> <!-- addLeadForAdditionalFurnitureLeadTest -->
  <testcase classname="tests.AddFurnitureLeadTest" name="addLeadForBasicFurnitureLead" time="0.000">
    <skipped/>
  </testcase> <!-- addLeadForBasicFurnitureLead -->
  <testcase classname="tests.AddFurnitureLeadTest" name="addLeadForBasicFurnitureLead" time="0.000">
    <skipped/>
  </testcase> <!-- addLeadForBasicFurnitureLead -->
  <testcase classname="tests.AddFurnitureLeadTest" name="addLeadForAdditionalFurnitureLeadTest" time="0.000">
    <skipped/>
  </testcase> <!-- addLeadForAdditionalFurnitureLeadTest -->
  <testcase classname="tests.AddFurnitureLeadTest" name="addLeadForBasicFurnitureLead" time="0.000">
    <skipped/>
  </testcase> <!-- addLeadForBasicFurnitureLead -->
  <testcase classname="tests.AddFurnitureLeadTest" name="addLeadForBasicFurnitureLead" time="0.000">
    <skipped/>
  </testcase> <!-- addLeadForBasicFurnitureLead -->
  <testcase classname="tests.AddFurnitureLeadTest" name="addLeadForAdditionalFurnitureLeadTest" time="0.000">
    <skipped/>
  </testcase> <!-- addLeadForAdditionalFurnitureLeadTest -->
  <testcase classname="tests.AddFurnitureLeadTest" name="addLeadForAdditionalFurnitureLeadTest" time="0.000">
    <skipped/>
  </testcase> <!-- addLeadForAdditionalFurnitureLeadTest -->
  <testcase classname="tests.AddFurnitureLeadTest" name="addLeadForBasicFurnitureLead" time="0.000">
    <skipped/>
  </testcase> <!-- addLeadForBasicFurnitureLead -->
  <testcase classname="tests.AddFurnitureLeadTest" name="addLeadForAdditionalFurnitureLeadTest" time="0.000">
    <skipped/>
  </testcase> <!-- addLeadForAdditionalFurnitureLeadTest -->
  <testcase classname="tests.AddFurnitureLeadTest" name="addLeadForBasicFurnitureLead" time="0.000">
    <skipped/>
  </testcase> <!-- addLeadForBasicFurnitureLead -->
  <testcase classname="tests.AddFurnitureLeadTest" name="addLeadForAdditionalFurnitureLeadTest" time="0.000">
    <skipped/>
  </testcase> <!-- addLeadForAdditionalFurnitureLeadTest -->
  <testcase classname="tests.AddFurnitureLeadTest" name="addLeadForAdditionalFurnitureLeadTest" time="0.000">
    <skipped/>
  </testcase> <!-- addLeadForAdditionalFurnitureLeadTest -->
  <testcase classname="tests.AddFurnitureLeadTest" name="addLeadForAdditionalFurnitureLeadTest" time="0.000">
    <skipped/>
  </testcase> <!-- addLeadForAdditionalFurnitureLeadTest -->
  <testcase classname="tests.AddFurnitureLeadTest" name="addLeadForBasicFurnitureLead" time="0.000">
    <skipped/>
  </testcase> <!-- addLeadForBasicFurnitureLead -->
  <testcase classname="tests.AddFurnitureLeadTest" name="addLeadForBasicFurnitureLead" time="0.000">
    <skipped/>
  </testcase> <!-- addLeadForBasicFurnitureLead -->
  <testcase classname="tests.AddFurnitureLeadTest" name="addLeadForAdditionalFurnitureLeadTest" time="0.000">
    <skipped/>
  </testcase> <!-- addLeadForAdditionalFurnitureLeadTest -->
  <testcase classname="tests.AddFurnitureLeadTest" name="addLeadForAdditionalFurnitureLeadTest" time="0.000">
    <skipped/>
  </testcase> <!-- addLeadForAdditionalFurnitureLeadTest -->
  <testcase classname="tests.AddFurnitureLeadTest" name="addLeadForAdditionalFurnitureLeadTest" time="0.000">
    <skipped/>
  </testcase> <!-- addLeadForAdditionalFurnitureLeadTest -->
  <testcase classname="tests.AddFurnitureLeadTest" name="addLeadForBasicFurnitureLead" time="0.000">
    <skipped/>
  </testcase> <!-- addLeadForBasicFurnitureLead -->
  <testcase classname="tests.AddFurnitureLeadTest" name="addLeadForAdditionalFurnitureLeadTest" time="0.000">
    <skipped/>
  </testcase> <!-- addLeadForAdditionalFurnitureLeadTest -->
  <testcase classname="tests.AddFurnitureLeadTest" name="addLeadForBasicFurnitureLead" time="0.000">
    <skipped/>
  </testcase> <!-- addLeadForBasicFurnitureLead -->
  <testcase classname="tests.AddFurnitureLeadTest" name="addLeadForAdditionalFurnitureLeadTest" time="0.000">
    <skipped/>
  </testcase> <!-- addLeadForAdditionalFurnitureLeadTest -->
  <testcase classname="tests.AddFurnitureLeadTest" name="addLeadForAdditionalFurnitureLeadTest" time="0.000">
    <skipped/>
  </testcase> <!-- addLeadForAdditionalFurnitureLeadTest -->
  <testcase classname="tests.AddFurnitureLeadTest" name="addLeadForBasicFurnitureLead" time="0.000">
    <skipped/>
  </testcase> <!-- addLeadForBasicFurnitureLead -->
  <testcase classname="tests.AddFurnitureLeadTest" name="addLeadForBasicFurnitureLead" time="0.000">
    <skipped/>
  </testcase> <!-- addLeadForBasicFurnitureLead -->
  <testcase classname="tests.AddFurnitureLeadTest" name="addLeadForBasicFurnitureLead" time="0.000">
    <skipped/>
  </testcase> <!-- addLeadForBasicFurnitureLead -->
  <testcase classname="tests.AddFurnitureLeadTest" name="addLeadForBasicFurnitureLead" time="0.000">
    <skipped/>
  </testcase> <!-- addLeadForBasicFurnitureLead -->
  <testcase classname="tests.AddFurnitureLeadTest" name="addLeadForBasicFurnitureLead" time="0.000">
    <skipped/>
  </testcase> <!-- addLeadForBasicFurnitureLead -->
  <testcase classname="tests.AddFurnitureLeadTest" name="addLeadForAdditionalFurnitureLeadTest" time="0.000">
    <skipped/>
  </testcase> <!-- addLeadForAdditionalFurnitureLeadTest -->
  <testcase classname="tests.AddFurnitureLeadTest" name="addLeadForBasicFurnitureLead" time="0.000">
    <skipped/>
  </testcase> <!-- addLeadForBasicFurnitureLead -->
  <testcase classname="tests.AddFurnitureLeadTest" name="addLeadForAdditionalFurnitureLeadTest" time="0.000">
    <skipped/>
  </testcase> <!-- addLeadForAdditionalFurnitureLeadTest -->
  <testcase classname="tests.AddFurnitureLeadTest" name="addLeadForBasicFurnitureLead" time="0.000">
    <skipped/>
  </testcase> <!-- addLeadForBasicFurnitureLead -->
  <testcase classname="tests.AddFurnitureLeadTest" name="addLeadForBasicFurnitureLead" time="0.000">
    <skipped/>
  </testcase> <!-- addLeadForBasicFurnitureLead -->
  <testcase classname="tests.AddFurnitureLeadTest" name="addLeadForAdditionalFurnitureLeadTest" time="0.000">
    <skipped/>
  </testcase> <!-- addLeadForAdditionalFurnitureLeadTest -->
  <testcase classname="tests.AddFurnitureLeadTest" name="addLeadForAdditionalFurnitureLeadTest" time="0.000">
    <skipped/>
  </testcase> <!-- addLeadForAdditionalFurnitureLeadTest -->
  <testcase classname="tests.AddFurnitureLeadTest" name="addLeadForAdditionalFurnitureLeadTest" time="0.000">
    <skipped/>
  </testcase> <!-- addLeadForAdditionalFurnitureLeadTest -->
  <testcase classname="tests.AddFurnitureLeadTest" name="addLeadForAdditionalFurnitureLeadTest" time="0.000">
    <skipped/>
  </testcase> <!-- addLeadForAdditionalFurnitureLeadTest -->
  <testcase classname="tests.AddFurnitureLeadTest" name="addLeadForAdditionalFurnitureLeadTest" time="0.000">
    <skipped/>
  </testcase> <!-- addLeadForAdditionalFurnitureLeadTest -->
  <testcase classname="tests.AddFurnitureLeadTest" name="addLeadForBasicFurnitureLead" time="0.000">
    <skipped/>
  </testcase> <!-- addLeadForBasicFurnitureLead -->
  <testcase classname="tests.AddFurnitureLeadTest" name="addLeadForAdditionalFurnitureLeadTest" time="0.000">
    <skipped/>
  </testcase> <!-- addLeadForAdditionalFurnitureLeadTest -->
  <testcase classname="tests.AddFurnitureLeadTest" name="addLeadForBasicFurnitureLead" time="0.000">
    <skipped/>
  </testcase> <!-- addLeadForBasicFurnitureLead -->
  <testcase classname="tests.AddFurnitureLeadTest" name="addLeadForAdditionalFurnitureLeadTest" time="0.000">
    <skipped/>
  </testcase> <!-- addLeadForAdditionalFurnitureLeadTest -->
  <testcase classname="tests.AddFurnitureLeadTest" name="addLeadForBasicFurnitureLead" time="0.000">
    <skipped/>
  </testcase> <!-- addLeadForBasicFurnitureLead -->
  <testcase classname="tests.AddFurnitureLeadTest" name="addLeadForBasicFurnitureLead" time="0.000">
    <skipped/>
  </testcase> <!-- addLeadForBasicFurnitureLead -->
  <testcase classname="tests.AddFurnitureLeadTest" name="addLeadForAdditionalFurnitureLeadTest" time="0.000">
    <skipped/>
  </testcase> <!-- addLeadForAdditionalFurnitureLeadTest -->
  <testcase classname="tests.AddFurnitureLeadTest" name="addLeadForAdditionalFurnitureLeadTest" time="0.000">
    <skipped/>
  </testcase> <!-- addLeadForAdditionalFurnitureLeadTest -->
  <testcase classname="tests.AddFurnitureLeadTest" name="addLeadForBasicFurnitureLead" time="0.000">
    <skipped/>
  </testcase> <!-- addLeadForBasicFurnitureLead -->
  <testcase classname="tests.AddFurnitureLeadTest" name="addLeadForBasicFurnitureLead" time="0.000">
    <skipped/>
  </testcase> <!-- addLeadForBasicFurnitureLead -->
  <testcase classname="tests.AddFurnitureLeadTest" name="addLeadForBasicFurnitureLead" time="0.000">
    <skipped/>
  </testcase> <!-- addLeadForBasicFurnitureLead -->
  <testcase classname="tests.AddFurnitureLeadTest" name="addLeadForBasicFurnitureLead" time="0.000">
    <skipped/>
  </testcase> <!-- addLeadForBasicFurnitureLead -->
  <testcase classname="tests.AddFurnitureLeadTest" name="addLeadForBasicFurnitureLead" time="0.000">
    <skipped/>
  </testcase> <!-- addLeadForBasicFurnitureLead -->
  <testcase classname="tests.AddFurnitureLeadTest" name="addLeadForBasicFurnitureLead" time="0.000">
    <skipped/>
  </testcase> <!-- addLeadForBasicFurnitureLead -->
  <testcase classname="tests.AddFurnitureLeadTest" name="addLeadForAdditionalFurnitureLeadTest" time="0.000">
    <skipped/>
  </testcase> <!-- addLeadForAdditionalFurnitureLeadTest -->
  <testcase classname="tests.AddFurnitureLeadTest" name="addLeadForAdditionalFurnitureLeadTest" time="0.000">
    <skipped/>
  </testcase> <!-- addLeadForAdditionalFurnitureLeadTest -->
  <testcase classname="tests.AddFurnitureLeadTest" name="addLeadForBasicFurnitureLead" time="0.000">
    <skipped/>
  </testcase> <!-- addLeadForBasicFurnitureLead -->
  <testcase classname="tests.AddFurnitureLeadTest" name="addLeadForBasicFurnitureLead" time="0.000">
    <skipped/>
  </testcase> <!-- addLeadForBasicFurnitureLead -->
  <testcase classname="tests.AddFurnitureLeadTest" name="addLeadForBasicFurnitureLead" time="0.000">
    <skipped/>
  </testcase> <!-- addLeadForBasicFurnitureLead -->
  <testcase classname="tests.AddFurnitureLeadTest" name="addLeadForAdditionalFurnitureLeadTest" time="0.000">
    <skipped/>
  </testcase> <!-- addLeadForAdditionalFurnitureLeadTest -->
  <testcase classname="tests.AddFurnitureLeadTest" name="addLeadForBasicFurnitureLead" time="0.000">
    <skipped/>
  </testcase> <!-- addLeadForBasicFurnitureLead -->
  <testcase classname="tests.AddFurnitureLeadTest" name="addLeadForBasicFurnitureLead" time="0.000">
    <skipped/>
  </testcase> <!-- addLeadForBasicFurnitureLead -->
  <testcase classname="tests.AddFurnitureLeadTest" name="addLeadForBasicFurnitureLead" time="0.000">
    <skipped/>
  </testcase> <!-- addLeadForBasicFurnitureLead -->
  <testcase classname="tests.AddFurnitureLeadTest" name="addLeadForAdditionalFurnitureLeadTest" time="0.000">
    <skipped/>
  </testcase> <!-- addLeadForAdditionalFurnitureLeadTest -->
  <testcase classname="tests.AddFurnitureLeadTest" name="addLeadForAdditionalFurnitureLeadTest" time="0.000">
    <skipped/>
  </testcase> <!-- addLeadForAdditionalFurnitureLeadTest -->
  <testcase classname="tests.AddFurnitureLeadTest" name="addLeadForBasicFurnitureLead" time="0.000">
    <skipped/>
  </testcase> <!-- addLeadForBasicFurnitureLead -->
  <testcase classname="tests.AddFurnitureLeadTest" name="addLeadForBasicFurnitureLead" time="0.000">
    <skipped/>
  </testcase> <!-- addLeadForBasicFurnitureLead -->
  <testcase classname="tests.AddFurnitureLeadTest" name="addLeadForBasicFurnitureLead" time="0.000">
    <skipped/>
  </testcase> <!-- addLeadForBasicFurnitureLead -->
  <testcase classname="tests.AddFurnitureLeadTest" name="addLeadForAdditionalFurnitureLeadTest" time="0.000">
    <skipped/>
  </testcase> <!-- addLeadForAdditionalFurnitureLeadTest -->
  <testcase classname="tests.AddFurnitureLeadTest" name="addLeadForAdditionalFurnitureLeadTest" time="0.000">
    <skipped/>
  </testcase> <!-- addLeadForAdditionalFurnitureLeadTest -->
  <testcase classname="tests.AddFurnitureLeadTest" name="addLeadForBasicFurnitureLead" time="0.000">
    <skipped/>
  </testcase> <!-- addLeadForBasicFurnitureLead -->
  <testcase classname="tests.AddFurnitureLeadTest" name="addLeadForBasicFurnitureLead" time="0.000">
    <skipped/>
  </testcase> <!-- addLeadForBasicFurnitureLead -->
  <testcase classname="tests.AddFurnitureLeadTest" name="addLeadForAdditionalFurnitureLeadTest" time="0.000">
    <skipped/>
  </testcase> <!-- addLeadForAdditionalFurnitureLeadTest -->
  <testcase classname="tests.AddFurnitureLeadTest" name="addLeadForAdditionalFurnitureLeadTest" time="0.000">
    <skipped/>
  </testcase> <!-- addLeadForAdditionalFurnitureLeadTest -->
  <testcase classname="tests.AddFurnitureLeadTest" name="addLeadForBasicFurnitureLead" time="0.000">
    <skipped/>
  </testcase> <!-- addLeadForBasicFurnitureLead -->
  <testcase classname="tests.AddFurnitureLeadTest" name="addLeadForAdditionalFurnitureLeadTest" time="0.000">
    <skipped/>
  </testcase> <!-- addLeadForAdditionalFurnitureLeadTest -->
  <testcase classname="tests.AddFurnitureLeadTest" name="addLeadForBasicFurnitureLead" time="0.000">
    <skipped/>
  </testcase> <!-- addLeadForBasicFurnitureLead -->
  <testcase classname="tests.AddFurnitureLeadTest" name="addLeadForBasicFurnitureLead" time="0.000">
    <skipped/>
  </testcase> <!-- addLeadForBasicFurnitureLead -->
  <testcase classname="tests.AddFurnitureLeadTest" name="addLeadForAdditionalFurnitureLeadTest" time="0.000">
    <skipped/>
  </testcase> <!-- addLeadForAdditionalFurnitureLeadTest -->
  <testcase classname="tests.AddFurnitureLeadTest" name="addLeadForBasicFurnitureLead" time="0.000">
    <skipped/>
  </testcase> <!-- addLeadForBasicFurnitureLead -->
  <testcase classname="tests.AddFurnitureLeadTest" name="addLeadForBasicFurnitureLead" time="0.000">
    <skipped/>
  </testcase> <!-- addLeadForBasicFurnitureLead -->
  <testcase classname="tests.AddFurnitureLeadTest" name="addLeadForAdditionalFurnitureLeadTest" time="0.000">
    <skipped/>
  </testcase> <!-- addLeadForAdditionalFurnitureLeadTest -->
  <testcase classname="tests.AddFurnitureLeadTest" name="addLeadForBasicFurnitureLead" time="0.000">
    <skipped/>
  </testcase> <!-- addLeadForBasicFurnitureLead -->
  <testcase classname="tests.AddFurnitureLeadTest" name="addLeadForAdditionalFurnitureLeadTest" time="0.000">
    <skipped/>
  </testcase> <!-- addLeadForAdditionalFurnitureLeadTest -->
  <testcase classname="tests.AddFurnitureLeadTest" name="addLeadForAdditionalFurnitureLeadTest" time="0.000">
    <skipped/>
  </testcase> <!-- addLeadForAdditionalFurnitureLeadTest -->
  <testcase classname="tests.AddFurnitureLeadTest" name="addLeadForAdditionalFurnitureLeadTest" time="0.000">
    <skipped/>
  </testcase> <!-- addLeadForAdditionalFurnitureLeadTest -->
  <testcase classname="tests.AddFurnitureLeadTest" name="addLeadForBasicFurnitureLead" time="0.000">
    <skipped/>
  </testcase> <!-- addLeadForBasicFurnitureLead -->
  <testcase classname="tests.AddFurnitureLeadTest" name="addLeadForBasicFurnitureLead" time="0.000">
    <skipped/>
  </testcase> <!-- addLeadForBasicFurnitureLead -->
  <testcase classname="tests.AddFurnitureLeadTest" name="addLeadForBasicFurnitureLead" time="0.000">
    <skipped/>
  </testcase> <!-- addLeadForBasicFurnitureLead -->
  <testcase classname="tests.AddFurnitureLeadTest" name="addLeadForAdditionalFurnitureLeadTest" time="0.000">
    <skipped/>
  </testcase> <!-- addLeadForAdditionalFurnitureLeadTest -->
  <testcase classname="tests.AddFurnitureLeadTest" name="addLeadForAdditionalFurnitureLeadTest" time="0.000">
    <skipped/>
  </testcase> <!-- addLeadForAdditionalFurnitureLeadTest -->
  <testcase classname="tests.AddFurnitureLeadTest" name="addLeadForBasicFurnitureLead" time="0.000">
    <skipped/>
  </testcase> <!-- addLeadForBasicFurnitureLead -->
  <testcase classname="tests.AddFurnitureLeadTest" name="addLeadForAdditionalFurnitureLeadTest" time="0.000">
    <skipped/>
  </testcase> <!-- addLeadForAdditionalFurnitureLeadTest -->
  <testcase classname="tests.AddFurnitureLeadTest" name="addLeadForAdditionalFurnitureLeadTest" time="0.000">
    <skipped/>
  </testcase> <!-- addLeadForAdditionalFurnitureLeadTest -->
  <testcase classname="tests.AddFurnitureLeadTest" name="addLeadForBasicFurnitureLead" time="0.000">
    <skipped/>
  </testcase> <!-- addLeadForBasicFurnitureLead -->
  <testcase classname="tests.AddFurnitureLeadTest" name="addLeadForAdditionalFurnitureLeadTest" time="0.000">
    <skipped/>
  </testcase> <!-- addLeadForAdditionalFurnitureLeadTest -->
  <testcase classname="tests.AddFurnitureLeadTest" name="addLeadForAdditionalFurnitureLeadTest" time="0.000">
    <skipped/>
  </testcase> <!-- addLeadForAdditionalFurnitureLeadTest -->
  <testcase classname="tests.AddFurnitureLeadTest" name="addLeadForBasicFurnitureLead" time="0.000">
    <skipped/>
  </testcase> <!-- addLeadForBasicFurnitureLead -->
  <testcase classname="tests.AddFurnitureLeadTest" name="addLeadForAdditionalFurnitureLeadTest" time="0.000">
    <skipped/>
  </testcase> <!-- addLeadForAdditionalFurnitureLeadTest -->
  <testcase classname="tests.AddFurnitureLeadTest" name="addLeadForAdditionalFurnitureLeadTest" time="0.000">
    <skipped/>
  </testcase> <!-- addLeadForAdditionalFurnitureLeadTest -->
  <testcase classname="tests.AddFurnitureLeadTest" name="addLeadForBasicFurnitureLead" time="0.000">
    <skipped/>
  </testcase> <!-- addLeadForBasicFurnitureLead -->
  <testcase classname="tests.AddFurnitureLeadTest" name="addLeadForAdditionalFurnitureLeadTest" time="0.000">
    <skipped/>
  </testcase> <!-- addLeadForAdditionalFurnitureLeadTest -->
  <testcase classname="tests.AddFurnitureLeadTest" name="addLeadForBasicFurnitureLead" time="0.000">
    <skipped/>
  </testcase> <!-- addLeadForBasicFurnitureLead -->
  <testcase classname="tests.AddFurnitureLeadTest" name="addLeadForAdditionalFurnitureLeadTest" time="0.000">
    <skipped/>
  </testcase> <!-- addLeadForAdditionalFurnitureLeadTest -->
  <testcase classname="tests.AddFurnitureLeadTest" name="addLeadForAdditionalFurnitureLeadTest" time="0.000">
    <skipped/>
  </testcase> <!-- addLeadForAdditionalFurnitureLeadTest -->
  <testcase classname="tests.AddFurnitureLeadTest" name="addLeadForBasicFurnitureLead" time="0.000">
    <skipped/>
  </testcase> <!-- addLeadForBasicFurnitureLead -->
  <testcase classname="tests.AddFurnitureLeadTest" name="addLeadForAdditionalFurnitureLeadTest" time="0.000">
    <skipped/>
  </testcase> <!-- addLeadForAdditionalFurnitureLeadTest -->
  <testcase classname="tests.AddFurnitureLeadTest" name="addLeadForBasicFurnitureLead" time="0.000">
    <skipped/>
  </testcase> <!-- addLeadForBasicFurnitureLead -->
  <testcase classname="tests.AddFurnitureLeadTest" name="addLeadForAdditionalFurnitureLeadTest" time="0.000">
    <skipped/>
  </testcase> <!-- addLeadForAdditionalFurnitureLeadTest -->
  <testcase classname="tests.AddFurnitureLeadTest" name="addLeadForAdditionalFurnitureLeadTest" time="0.000">
    <skipped/>
  </testcase> <!-- addLeadForAdditionalFurnitureLeadTest -->
  <testcase classname="tests.AddFurnitureLeadTest" name="addLeadForAdditionalFurnitureLeadTest" time="0.000">
    <skipped/>
  </testcase> <!-- addLeadForAdditionalFurnitureLeadTest -->
  <testcase classname="tests.AddFurnitureLeadTest" name="addLeadForAdditionalFurnitureLeadTest" time="0.000">
    <skipped/>
  </testcase> <!-- addLeadForAdditionalFurnitureLeadTest -->
  <testcase classname="tests.AddFurnitureLeadTest" name="addLeadForBasicFurnitureLead" time="0.000">
    <skipped/>
  </testcase> <!-- addLeadForBasicFurnitureLead -->
  <testcase classname="tests.AddFurnitureLeadTest" name="addLeadForAdditionalFurnitureLeadTest" time="0.000">
    <skipped/>
  </testcase> <!-- addLeadForAdditionalFurnitureLeadTest -->
  <testcase classname="tests.AddFurnitureLeadTest" name="addLeadForAdditionalFurnitureLeadTest" time="0.000">
    <skipped/>
  </testcase> <!-- addLeadForAdditionalFurnitureLeadTest -->
  <testcase classname="tests.AddFurnitureLeadTest" name="addLeadForAdditionalFurnitureLeadTest" time="0.000">
    <skipped/>
  </testcase> <!-- addLeadForAdditionalFurnitureLeadTest -->
  <testcase classname="tests.AddFurnitureLeadTest" name="addLeadForAdditionalFurnitureLeadTest" time="0.000">
    <skipped/>
  </testcase> <!-- addLeadForAdditionalFurnitureLeadTest -->
  <testcase classname="tests.AddFurnitureLeadTest" name="addLeadForBasicFurnitureLead" time="0.000">
    <skipped/>
  </testcase> <!-- addLeadForBasicFurnitureLead -->
  <testcase classname="tests.AddFurnitureLeadTest" name="addLeadForBasicFurnitureLead" time="0.000">
    <skipped/>
  </testcase> <!-- addLeadForBasicFurnitureLead -->
  <testcase classname="tests.AddFurnitureLeadTest" name="addLeadForAdditionalFurnitureLeadTest" time="0.000">
    <skipped/>
  </testcase> <!-- addLeadForAdditionalFurnitureLeadTest -->
  <testcase classname="tests.AddFurnitureLeadTest" name="addLeadForAdditionalFurnitureLeadTest" time="0.000">
    <skipped/>
  </testcase> <!-- addLeadForAdditionalFurnitureLeadTest -->
  <testcase classname="tests.AddFurnitureLeadTest" name="addLeadForBasicFurnitureLead" time="0.000">
    <skipped/>
  </testcase> <!-- addLeadForBasicFurnitureLead -->
  <testcase classname="tests.AddFurnitureLeadTest" name="addLeadForAdditionalFurnitureLeadTest" time="0.000">
    <skipped/>
  </testcase> <!-- addLeadForAdditionalFurnitureLeadTest -->
  <testcase classname="tests.AddFurnitureLeadTest" name="addLeadForAdditionalFurnitureLeadTest" time="0.000">
    <skipped/>
  </testcase> <!-- addLeadForAdditionalFurnitureLeadTest -->
  <testcase classname="tests.AddFurnitureLeadTest" name="addLeadForAdditionalFurnitureLeadTest" time="0.000">
    <skipped/>
  </testcase> <!-- addLeadForAdditionalFurnitureLeadTest -->
  <testcase classname="tests.AddFurnitureLeadTest" name="addLeadForBasicFurnitureLead" time="0.000">
    <skipped/>
  </testcase> <!-- addLeadForBasicFurnitureLead -->
  <testcase classname="tests.AddFurnitureLeadTest" name="addLeadForBasicFurnitureLead" time="0.000">
    <skipped/>
  </testcase> <!-- addLeadForBasicFurnitureLead -->
  <testcase classname="tests.AddFurnitureLeadTest" name="addLeadForBasicFurnitureLead" time="0.000">
    <skipped/>
  </testcase> <!-- addLeadForBasicFurnitureLead -->
  <testcase classname="tests.AddFurnitureLeadTest" name="addLeadForAdditionalFurnitureLeadTest" time="0.000">
    <skipped/>
  </testcase> <!-- addLeadForAdditionalFurnitureLeadTest -->
  <testcase classname="tests.AddFurnitureLeadTest" name="addLeadForBasicFurnitureLead" time="0.000">
    <skipped/>
  </testcase> <!-- addLeadForBasicFurnitureLead -->
  <testcase classname="tests.AddFurnitureLeadTest" name="addLeadForAdditionalFurnitureLeadTest" time="0.000">
    <skipped/>
  </testcase> <!-- addLeadForAdditionalFurnitureLeadTest -->
  <testcase classname="tests.AddFurnitureLeadTest" name="addLeadForBasicFurnitureLead" time="0.000">
    <skipped/>
  </testcase> <!-- addLeadForBasicFurnitureLead -->
  <testcase classname="tests.AddFurnitureLeadTest" name="addLeadForBasicFurnitureLead" time="0.000">
    <skipped/>
  </testcase> <!-- addLeadForBasicFurnitureLead -->
  <testcase classname="tests.AddFurnitureLeadTest" name="addLeadForAdditionalFurnitureLeadTest" time="0.000">
    <skipped/>
  </testcase> <!-- addLeadForAdditionalFurnitureLeadTest -->
  <testcase classname="tests.AddFurnitureLeadTest" name="addLeadForAdditionalFurnitureLeadTest" time="0.000">
    <skipped/>
  </testcase> <!-- addLeadForAdditionalFurnitureLeadTest -->
  <testcase classname="tests.AddFurnitureLeadTest" name="addLeadForAdditionalFurnitureLeadTest" time="0.000">
    <skipped/>
  </testcase> <!-- addLeadForAdditionalFurnitureLeadTest -->
  <testcase classname="tests.AddFurnitureLeadTest" name="addLeadForBasicFurnitureLead" time="0.000">
    <skipped/>
  </testcase> <!-- addLeadForBasicFurnitureLead -->
  <testcase classname="tests.AddFurnitureLeadTest" name="addLeadForBasicFurnitureLead" time="0.000">
    <skipped/>
  </testcase> <!-- addLeadForBasicFurnitureLead -->
  <testcase classname="tests.AddFurnitureLeadTest" name="addLeadForAdditionalFurnitureLeadTest" time="0.000">
    <skipped/>
  </testcase> <!-- addLeadForAdditionalFurnitureLeadTest -->
  <testcase classname="tests.AddFurnitureLeadTest" name="addLeadForAdditionalFurnitureLeadTest" time="0.000">
    <skipped/>
  </testcase> <!-- addLeadForAdditionalFurnitureLeadTest -->
  <testcase classname="tests.AddFurnitureLeadTest" name="addLeadForAdditionalFurnitureLeadTest" time="0.000">
    <skipped/>
  </testcase> <!-- addLeadForAdditionalFurnitureLeadTest -->
  <testcase classname="tests.AddFurnitureLeadTest" name="addLeadForBasicFurnitureLead" time="0.000">
    <skipped/>
  </testcase> <!-- addLeadForBasicFurnitureLead -->
  <testcase classname="tests.AddFurnitureLeadTest" name="addLeadForBasicFurnitureLead" time="0.000">
    <skipped/>
  </testcase> <!-- addLeadForBasicFurnitureLead -->
  <testcase classname="tests.AddFurnitureLeadTest" name="addLeadForBasicFurnitureLead" time="0.000">
    <skipped/>
  </testcase> <!-- addLeadForBasicFurnitureLead -->
  <testcase classname="tests.AddFurnitureLeadTest" name="addLeadForAdditionalFurnitureLeadTest" time="0.000">
    <skipped/>
  </testcase> <!-- addLeadForAdditionalFurnitureLeadTest -->
  <testcase classname="tests.AddFurnitureLeadTest" name="addLeadForAdditionalFurnitureLeadTest" time="0.000">
    <skipped/>
  </testcase> <!-- addLeadForAdditionalFurnitureLeadTest -->
  <testcase classname="tests.AddFurnitureLeadTest" name="addLeadForAdditionalFurnitureLeadTest" time="0.000">
    <skipped/>
  </testcase> <!-- addLeadForAdditionalFurnitureLeadTest -->
  <testcase classname="tests.AddFurnitureLeadTest" name="addLeadForBasicFurnitureLead" time="0.000">
    <skipped/>
  </testcase> <!-- addLeadForBasicFurnitureLead -->
  <testcase classname="tests.AddFurnitureLeadTest" name="addLeadForBasicFurnitureLead" time="0.000">
    <skipped/>
  </testcase> <!-- addLeadForBasicFurnitureLead -->
  <testcase classname="tests.AddFurnitureLeadTest" name="addLeadForAdditionalFurnitureLeadTest" time="0.000">
    <skipped/>
  </testcase> <!-- addLeadForAdditionalFurnitureLeadTest -->
  <testcase classname="tests.AddFurnitureLeadTest" name="addLeadForAdditionalFurnitureLeadTest" time="0.000">
    <skipped/>
  </testcase> <!-- addLeadForAdditionalFurnitureLeadTest -->
  <testcase classname="tests.AddFurnitureLeadTest" name="addLeadForBasicFurnitureLead" time="0.000">
    <skipped/>
  </testcase> <!-- addLeadForBasicFurnitureLead -->
  <testcase classname="tests.AddFurnitureLeadTest" name="addLeadForAdditionalFurnitureLeadTest" time="0.000">
    <skipped/>
  </testcase> <!-- addLeadForAdditionalFurnitureLeadTest -->
  <testcase classname="tests.AddFurnitureLeadTest" name="addLeadForAdditionalFurnitureLeadTest" time="0.000">
    <skipped/>
  </testcase> <!-- addLeadForAdditionalFurnitureLeadTest -->
  <testcase classname="tests.AddFurnitureLeadTest" name="addLeadForBasicFurnitureLead" time="0.000">
    <skipped/>
  </testcase> <!-- addLeadForBasicFurnitureLead -->
  <testcase classname="tests.AddFurnitureLeadTest" name="addLeadForAdditionalFurnitureLeadTest" time="0.000">
    <skipped/>
  </testcase> <!-- addLeadForAdditionalFurnitureLeadTest -->
  <testcase classname="tests.AddFurnitureLeadTest" name="addLeadForAdditionalFurnitureLeadTest" time="0.000">
    <skipped/>
  </testcase> <!-- addLeadForAdditionalFurnitureLeadTest -->
  <testcase classname="tests.AddFurnitureLeadTest" name="addLeadForBasicFurnitureLead" time="0.000">
    <skipped/>
  </testcase> <!-- addLeadForBasicFurnitureLead -->
  <testcase classname="tests.AddFurnitureLeadTest" name="addLeadForBasicFurnitureLead" time="0.000">
    <skipped/>
  </testcase> <!-- addLeadForBasicFurnitureLead -->
  <testcase classname="tests.AddFurnitureLeadTest" name="addLeadForBasicFurnitureLead" time="0.000">
    <skipped/>
  </testcase> <!-- addLeadForBasicFurnitureLead -->
  <testcase classname="tests.AddFurnitureLeadTest" name="addLeadForBasicFurnitureLead" time="0.000">
    <skipped/>
  </testcase> <!-- addLeadForBasicFurnitureLead -->
  <testcase classname="tests.AddFurnitureLeadTest" name="addLeadForBasicFurnitureLead" time="0.000">
    <skipped/>
  </testcase> <!-- addLeadForBasicFurnitureLead -->
  <testcase classname="tests.AddFurnitureLeadTest" name="addLeadForAdditionalFurnitureLeadTest" time="0.000">
    <skipped/>
  </testcase> <!-- addLeadForAdditionalFurnitureLeadTest -->
  <testcase classname="tests.AddFurnitureLeadTest" name="addLeadForBasicFurnitureLead" time="0.000">
    <skipped/>
  </testcase> <!-- addLeadForBasicFurnitureLead -->
  <testcase classname="tests.AddFurnitureLeadTest" name="addLeadForAdditionalFurnitureLeadTest" time="0.000">
    <skipped/>
  </testcase> <!-- addLeadForAdditionalFurnitureLeadTest -->
  <testcase classname="tests.AddFurnitureLeadTest" name="addLeadForBasicFurnitureLead" time="0.000">
    <skipped/>
  </testcase> <!-- addLeadForBasicFurnitureLead -->
  <testcase classname="tests.AddFurnitureLeadTest" name="addLeadForAdditionalFurnitureLeadTest" time="0.000">
    <skipped/>
  </testcase> <!-- addLeadForAdditionalFurnitureLeadTest -->
  <testcase classname="tests.AddFurnitureLeadTest" name="addLeadForAdditionalFurnitureLeadTest" time="0.000">
    <skipped/>
  </testcase> <!-- addLeadForAdditionalFurnitureLeadTest -->
  <testcase classname="tests.AddFurnitureLeadTest" name="addLeadForBasicFurnitureLead" time="0.000">
    <skipped/>
  </testcase> <!-- addLeadForBasicFurnitureLead -->
  <testcase classname="tests.AddFurnitureLeadTest" name="addLeadForBasicFurnitureLead" time="0.000">
    <skipped/>
  </testcase> <!-- addLeadForBasicFurnitureLead -->
  <testcase classname="tests.AddFurnitureLeadTest" name="addLeadForAdditionalFurnitureLeadTest" time="0.000">
    <skipped/>
  </testcase> <!-- addLeadForAdditionalFurnitureLeadTest -->
  <testcase classname="tests.AddFurnitureLeadTest" name="addLeadForBasicFurnitureLead" time="0.000">
    <skipped/>
  </testcase> <!-- addLeadForBasicFurnitureLead -->
  <testcase classname="tests.AddFurnitureLeadTest" name="addLeadForBasicFurnitureLead" time="0.000">
    <skipped/>
  </testcase> <!-- addLeadForBasicFurnitureLead -->
  <testcase classname="tests.AddFurnitureLeadTest" name="addLeadForAdditionalFurnitureLeadTest" time="0.000">
    <skipped/>
  </testcase> <!-- addLeadForAdditionalFurnitureLeadTest -->
  <testcase classname="tests.AddFurnitureLeadTest" name="addLeadForBasicFurnitureLead" time="0.000">
    <skipped/>
  </testcase> <!-- addLeadForBasicFurnitureLead -->
  <testcase classname="tests.AddFurnitureLeadTest" name="addLeadForBasicFurnitureLead" time="0.000">
    <skipped/>
  </testcase> <!-- addLeadForBasicFurnitureLead -->
  <testcase classname="tests.AddFurnitureLeadTest" name="addLeadForAdditionalFurnitureLeadTest" time="0.000">
    <skipped/>
  </testcase> <!-- addLeadForAdditionalFurnitureLeadTest -->
  <testcase classname="tests.AddFurnitureLeadTest" name="addLeadForAdditionalFurnitureLeadTest" time="0.000">
    <skipped/>
  </testcase> <!-- addLeadForAdditionalFurnitureLeadTest -->
  <testcase classname="tests.AddFurnitureLeadTest" name="addLeadForAdditionalFurnitureLeadTest" time="0.000">
    <skipped/>
  </testcase> <!-- addLeadForAdditionalFurnitureLeadTest -->
  <testcase classname="tests.AddFurnitureLeadTest" name="addLeadForAdditionalFurnitureLeadTest" time="0.000">
    <skipped/>
  </testcase> <!-- addLeadForAdditionalFurnitureLeadTest -->
  <testcase classname="tests.AddFurnitureLeadTest" name="addLeadForAdditionalFurnitureLeadTest" time="0.000">
    <skipped/>
  </testcase> <!-- addLeadForAdditionalFurnitureLeadTest -->
  <testcase classname="tests.AddFurnitureLeadTest" name="addLeadForBasicFurnitureLead" time="0.000">
    <skipped/>
  </testcase> <!-- addLeadForBasicFurnitureLead -->
  <testcase classname="tests.AddFurnitureLeadTest" name="addLeadForBasicFurnitureLead" time="0.000">
    <skipped/>
  </testcase> <!-- addLeadForBasicFurnitureLead -->
  <testcase classname="tests.AddFurnitureLeadTest" name="addLeadForBasicFurnitureLead" time="0.000">
    <skipped/>
  </testcase> <!-- addLeadForBasicFurnitureLead -->
  <testcase classname="tests.AddFurnitureLeadTest" name="addLeadForBasicFurnitureLead" time="0.000">
    <skipped/>
  </testcase> <!-- addLeadForBasicFurnitureLead -->
  <testcase classname="tests.AddFurnitureLeadTest" name="addLeadForAdditionalFurnitureLeadTest" time="0.000">
    <skipped/>
  </testcase> <!-- addLeadForAdditionalFurnitureLeadTest -->
  <testcase classname="tests.AddFurnitureLeadTest" name="addLeadForAdditionalFurnitureLeadTest" time="0.000">
    <skipped/>
  </testcase> <!-- addLeadForAdditionalFurnitureLeadTest -->
  <testcase classname="tests.AddFurnitureLeadTest" name="addLeadForBasicFurnitureLead" time="0.000">
    <skipped/>
  </testcase> <!-- addLeadForBasicFurnitureLead -->
  <testcase classname="tests.AddFurnitureLeadTest" name="addLeadForAdditionalFurnitureLeadTest" time="0.000">
    <skipped/>
  </testcase> <!-- addLeadForAdditionalFurnitureLeadTest -->
  <testcase classname="tests.AddFurnitureLeadTest" name="addLeadForBasicFurnitureLead" time="0.000">
    <skipped/>
  </testcase> <!-- addLeadForBasicFurnitureLead -->
  <testcase classname="tests.AddFurnitureLeadTest" name="addLeadForAdditionalFurnitureLeadTest" time="0.000">
    <skipped/>
  </testcase> <!-- addLeadForAdditionalFurnitureLeadTest -->
  <testcase classname="tests.AddFurnitureLeadTest" name="addLeadForAdditionalFurnitureLeadTest" time="0.000">
    <skipped/>
  </testcase> <!-- addLeadForAdditionalFurnitureLeadTest -->
  <testcase classname="tests.AddFurnitureLeadTest" name="addLeadForBasicFurnitureLead" time="0.000">
    <skipped/>
  </testcase> <!-- addLeadForBasicFurnitureLead -->
  <testcase classname="tests.AddFurnitureLeadTest" name="addLeadForBasicFurnitureLead" time="0.000">
    <skipped/>
  </testcase> <!-- addLeadForBasicFurnitureLead -->
  <testcase classname="tests.AddFurnitureLeadTest" name="addLeadForBasicFurnitureLead" time="0.000">
    <skipped/>
  </testcase> <!-- addLeadForBasicFurnitureLead -->
  <testcase classname="tests.AddFurnitureLeadTest" name="addLeadForAdditionalFurnitureLeadTest" time="0.000">
    <skipped/>
  </testcase> <!-- addLeadForAdditionalFurnitureLeadTest -->
  <testcase classname="tests.AddFurnitureLeadTest" name="addLeadForBasicFurnitureLead" time="0.000">
    <skipped/>
  </testcase> <!-- addLeadForBasicFurnitureLead -->
  <testcase classname="tests.AddFurnitureLeadTest" name="addLeadForAdditionalFurnitureLeadTest" time="0.000">
    <skipped/>
  </testcase> <!-- addLeadForAdditionalFurnitureLeadTest -->
  <testcase classname="tests.AddFurnitureLeadTest" name="addLeadForAdditionalFurnitureLeadTest" time="0.000">
    <skipped/>
  </testcase> <!-- addLeadForAdditionalFurnitureLeadTest -->
  <testcase classname="tests.AddFurnitureLeadTest" name="addLeadForAdditionalFurnitureLeadTest" time="0.000">
    <skipped/>
  </testcase> <!-- addLeadForAdditionalFurnitureLeadTest -->
  <testcase classname="tests.AddFurnitureLeadTest" name="addLeadForBasicFurnitureLead" time="0.000">
    <skipped/>
  </testcase> <!-- addLeadForBasicFurnitureLead -->
  <testcase classname="tests.AddFurnitureLeadTest" name="addLeadForAdditionalFurnitureLeadTest" time="0.000">
    <skipped/>
  </testcase> <!-- addLeadForAdditionalFurnitureLeadTest -->
  <testcase classname="tests.AddFurnitureLeadTest" name="addLeadForAdditionalFurnitureLeadTest" time="0.000">
    <skipped/>
  </testcase> <!-- addLeadForAdditionalFurnitureLeadTest -->
  <testcase classname="tests.AddFurnitureLeadTest" name="addLeadForAdditionalFurnitureLeadTest" time="0.000">
    <skipped/>
  </testcase> <!-- addLeadForAdditionalFurnitureLeadTest -->
  <testcase classname="tests.AddFurnitureLeadTest" name="addLeadForBasicFurnitureLead" time="0.000">
    <skipped/>
  </testcase> <!-- addLeadForBasicFurnitureLead -->
  <testcase classname="tests.AddFurnitureLeadTest" name="addLeadForAdditionalFurnitureLeadTest" time="0.000">
    <skipped/>
  </testcase> <!-- addLeadForAdditionalFurnitureLeadTest -->
  <testcase classname="tests.AddFurnitureLeadTest" name="addLeadForAdditionalFurnitureLeadTest" time="0.000">
    <skipped/>
  </testcase> <!-- addLeadForAdditionalFurnitureLeadTest -->
  <testcase classname="tests.AddFurnitureLeadTest" name="addLeadForAdditionalFurnitureLeadTest" time="0.000">
    <skipped/>
  </testcase> <!-- addLeadForAdditionalFurnitureLeadTest -->
  <testcase classname="tests.AddFurnitureLeadTest" name="addLeadForBasicFurnitureLead" time="0.000">
    <skipped/>
  </testcase> <!-- addLeadForBasicFurnitureLead -->
  <testcase classname="tests.AddFurnitureLeadTest" name="addLeadForBasicFurnitureLead" time="0.000">
    <skipped/>
  </testcase> <!-- addLeadForBasicFurnitureLead -->
  <testcase classname="tests.AddFurnitureLeadTest" name="addLeadForAdditionalFurnitureLeadTest" time="0.000">
    <skipped/>
  </testcase> <!-- addLeadForAdditionalFurnitureLeadTest -->
  <testcase classname="tests.AddFurnitureLeadTest" name="addLeadForBasicFurnitureLead" time="0.000">
    <skipped/>
  </testcase> <!-- addLeadForBasicFurnitureLead -->
  <testcase classname="tests.AddFurnitureLeadTest" name="addLeadForAdditionalFurnitureLeadTest" time="0.000">
    <skipped/>
  </testcase> <!-- addLeadForAdditionalFurnitureLeadTest -->
  <testcase classname="tests.AddFurnitureLeadTest" name="addLeadForAdditionalFurnitureLeadTest" time="0.000">
    <skipped/>
  </testcase> <!-- addLeadForAdditionalFurnitureLeadTest -->
  <testcase classname="tests.AddFurnitureLeadTest" name="addLeadForAdditionalFurnitureLeadTest" time="0.000">
    <skipped/>
  </testcase> <!-- addLeadForAdditionalFurnitureLeadTest -->
  <testcase classname="tests.AddFurnitureLeadTest" name="addLeadForBasicFurnitureLead" time="0.000">
    <skipped/>
  </testcase> <!-- addLeadForBasicFurnitureLead -->
  <testcase classname="tests.AddFurnitureLeadTest" name="addLeadForAdditionalFurnitureLeadTest" time="0.000">
    <skipped/>
  </testcase> <!-- addLeadForAdditionalFurnitureLeadTest -->
  <testcase classname="tests.AddFurnitureLeadTest" name="addLeadForAdditionalFurnitureLeadTest" time="0.000">
    <skipped/>
  </testcase> <!-- addLeadForAdditionalFurnitureLeadTest -->
  <testcase classname="tests.AddFurnitureLeadTest" name="addLeadForAdditionalFurnitureLeadTest" time="0.000">
    <skipped/>
  </testcase> <!-- addLeadForAdditionalFurnitureLeadTest -->
  <testcase classname="tests.AddFurnitureLeadTest" name="addLeadForBasicFurnitureLead" time="0.000">
    <skipped/>
  </testcase> <!-- addLeadForBasicFurnitureLead -->
  <testcase classname="tests.AddFurnitureLeadTest" name="addLeadForAdditionalFurnitureLeadTest" time="0.000">
    <skipped/>
  </testcase> <!-- addLeadForAdditionalFurnitureLeadTest -->
  <testcase classname="tests.AddFurnitureLeadTest" name="addLeadForBasicFurnitureLead" time="0.000">
    <skipped/>
  </testcase> <!-- addLeadForBasicFurnitureLead -->
  <testcase classname="tests.AddFurnitureLeadTest" name="addLeadForAdditionalFurnitureLeadTest" time="0.000">
    <skipped/>
  </testcase> <!-- addLeadForAdditionalFurnitureLeadTest -->
  <testcase classname="tests.AddFurnitureLeadTest" name="addLeadForBasicFurnitureLead" time="0.000">
    <skipped/>
  </testcase> <!-- addLeadForBasicFurnitureLead -->
  <testcase classname="tests.AddFurnitureLeadTest" name="addLeadForBasicFurnitureLead" time="0.000">
    <skipped/>
  </testcase> <!-- addLeadForBasicFurnitureLead -->
  <testcase classname="tests.AddFurnitureLeadTest" name="addLeadForBasicFurnitureLead" time="0.000">
    <skipped/>
  </testcase> <!-- addLeadForBasicFurnitureLead -->
  <testcase classname="tests.AddFurnitureLeadTest" name="addLeadForAdditionalFurnitureLeadTest" time="0.000">
    <skipped/>
  </testcase> <!-- addLeadForAdditionalFurnitureLeadTest -->
  <testcase classname="tests.AddFurnitureLeadTest" name="addLeadForAdditionalFurnitureLeadTest" time="0.000">
    <skipped/>
  </testcase> <!-- addLeadForAdditionalFurnitureLeadTest -->
  <testcase classname="tests.AddFurnitureLeadTest" name="addLeadForBasicFurnitureLead" time="0.000">
    <skipped/>
  </testcase> <!-- addLeadForBasicFurnitureLead -->
  <testcase classname="tests.AddFurnitureLeadTest" name="addLeadForBasicFurnitureLead" time="0.000">
    <skipped/>
  </testcase> <!-- addLeadForBasicFurnitureLead -->
  <testcase classname="tests.AddFurnitureLeadTest" name="addLeadForAdditionalFurnitureLeadTest" time="0.000">
    <skipped/>
  </testcase> <!-- addLeadForAdditionalFurnitureLeadTest -->
  <testcase classname="tests.AddFurnitureLeadTest" name="addLeadForBasicFurnitureLead" time="0.000">
    <skipped/>
  </testcase> <!-- addLeadForBasicFurnitureLead -->
  <testcase classname="tests.AddFurnitureLeadTest" name="addLeadForBasicFurnitureLead" time="0.000">
    <skipped/>
  </testcase> <!-- addLeadForBasicFurnitureLead -->
  <testcase classname="tests.AddFurnitureLeadTest" name="addLeadForBasicFurnitureLead" time="0.000">
    <skipped/>
  </testcase> <!-- addLeadForBasicFurnitureLead -->
  <testcase classname="tests.AddFurnitureLeadTest" name="addLeadForBasicFurnitureLead" time="0.000">
    <skipped/>
  </testcase> <!-- addLeadForBasicFurnitureLead -->
  <testcase classname="tests.AddFurnitureLeadTest" name="addLeadForAdditionalFurnitureLeadTest" time="0.000">
    <skipped/>
  </testcase> <!-- addLeadForAdditionalFurnitureLeadTest -->
  <testcase classname="tests.AddFurnitureLeadTest" name="addLeadForBasicFurnitureLead" time="0.000">
    <skipped/>
  </testcase> <!-- addLeadForBasicFurnitureLead -->
  <testcase classname="tests.AddFurnitureLeadTest" name="addLeadForBasicFurnitureLead" time="0.000">
    <skipped/>
  </testcase> <!-- addLeadForBasicFurnitureLead -->
  <testcase classname="tests.AddFurnitureLeadTest" name="addLeadForBasicFurnitureLead" time="0.000">
    <skipped/>
  </testcase> <!-- addLeadForBasicFurnitureLead -->
  <testcase classname="tests.AddFurnitureLeadTest" name="addLeadForAdditionalFurnitureLeadTest" time="0.000">
    <skipped/>
  </testcase> <!-- addLeadForAdditionalFurnitureLeadTest -->
  <testcase classname="tests.AddFurnitureLeadTest" name="addLeadForBasicFurnitureLead" time="0.000">
    <skipped/>
  </testcase> <!-- addLeadForBasicFurnitureLead -->
  <testcase classname="tests.AddFurnitureLeadTest" name="addLeadForBasicFurnitureLead" time="0.000">
    <skipped/>
  </testcase> <!-- addLeadForBasicFurnitureLead -->
  <testcase classname="tests.AddFurnitureLeadTest" name="addLeadForBasicFurnitureLead" time="0.000">
    <skipped/>
  </testcase> <!-- addLeadForBasicFurnitureLead -->
  <testcase classname="tests.AddFurnitureLeadTest" name="addLeadForAdditionalFurnitureLeadTest" time="0.000">
    <skipped/>
  </testcase> <!-- addLeadForAdditionalFurnitureLeadTest -->
  <testcase classname="tests.AddFurnitureLeadTest" name="addLeadForBasicFurnitureLead" time="0.000">
    <skipped/>
  </testcase> <!-- addLeadForBasicFurnitureLead -->
  <testcase classname="tests.AddFurnitureLeadTest" name="addLeadForAdditionalFurnitureLeadTest" time="0.000">
    <skipped/>
  </testcase> <!-- addLeadForAdditionalFurnitureLeadTest -->
  <testcase classname="tests.AddFurnitureLeadTest" name="addLeadForBasicFurnitureLead" time="0.000">
    <skipped/>
  </testcase> <!-- addLeadForBasicFurnitureLead -->
[...]
    <skipped/>
  </testcase> <!-- addLeadForBasicFurnitureLead -->
  <testcase classname="tests.AddFurnitureLeadTest" name="addLeadForBasicFurnitureLead" time="0.000">
    <skipped/>
  </testcase> <!-- addLeadForBasicFurnitureLead -->
  <testcase classname="tests.AddFurnitureLeadTest" name="addLeadForAdditionalFurnitureLeadTest" time="0.000">
    <skipped/>
  </testcase> <!-- addLeadForAdditionalFurnitureLeadTest -->
  <testcase classname="tests.AddFurnitureLeadTest" name="addLeadForAdditionalFurnitureLeadTest" time="0.000">
    <skipped/>
  </testcase> <!-- addLeadForAdditionalFurnitureLeadTest -->
  <testcase classname="tests.AddFurnitureLeadTest" name="addLeadForBasicFurnitureLead" time="0.000">
    <skipped/>
  </testcase> <!-- addLeadForBasicFurnitureLead -->
  <testcase classname="tests.AddFurnitureLeadTest" name="addLeadForBasicFurnitureLead" time="0.000">
    <skipped/>
  </testcase> <!-- addLeadForBasicFurnitureLead -->
  <testcase classname="tests.AddFurnitureLeadTest" name="addLeadForBasicFurnitureLead" time="0.000">
    <skipped/>
  </testcase> <!-- addLeadForBasicFurnitureLead -->
  <testcase classname="tests.AddFurnitureLeadTest" name="addLeadForAdditionalFurnitureLeadTest" time="0.000">
    <skipped/>
  </testcase> <!-- addLeadForAdditionalFurnitureLeadTest -->
  <testcase classname="tests.AddFurnitureLeadTest" name="addLeadForBasicFurnitureLead" time="0.000">
    <skipped/>
  </testcase> <!-- addLeadForBasicFurnitureLead -->
  <testcase classname="tests.AddFurnitureLeadTest" name="addLeadForBasicFurnitureLead" time="0.000">
    <skipped/>
  </testcase> <!-- addLeadForBasicFurnitureLead -->
  <testcase classname="tests.AddFurnitureLeadTest" name="addLeadForBasicFurnitureLead" time="0.000">
    <skipped/>
  </testcase> <!-- addLeadForBasicFurnitureLead -->
  <testcase classname="tests.AddFurnitureLeadTest" name="addLeadForAdditionalFurnitureLeadTest" time="0.000">
    <skipped/>
  </testcase> <!-- addLeadForAdditionalFurnitureLeadTest -->
  <testcase classname="tests.AddFurnitureLeadTest" name="addLeadForBasicFurnitureLead" time="0.000">
    <skipped/>
  </testcase> <!-- addLeadForBasicFurnitureLead -->
  <testcase classname="tests.AddFurnitureLeadTest" name="addLeadForAdditionalFurnitureLeadTest" time="0.000">
    <skipped/>
  </testcase> <!-- addLeadForAdditionalFurnitureLeadTest -->
  <testcase classname="tests.AddFurnitureLeadTest" name="addLeadForAdditionalFurnitureLeadTest" time="0.000">
    <skipped/>
  </testcase> <!-- addLeadForAdditionalFurnitureLeadTest -->
  <testcase classname="tests.AddFurnitureLeadTest" name="addLeadForAdditionalFurnitureLeadTest" time="0.000">
    <skipped/>
  </testcase> <!-- addLeadForAdditionalFurnitureLeadTest -->
  <testcase classname="tests.AddFurnitureLeadTest" name="addLeadForBasicFurnitureLead" time="0.000">
    <skipped/>
  </testcase> <!-- addLeadForBasicFurnitureLead -->
  <testcase classname="tests.AddFurnitureLeadTest" name="addLeadForBasicFurnitureLead" time="0.000">
    <skipped/>
  </testcase> <!-- addLeadForBasicFurnitureLead -->
  <testcase classname="tests.AddFurnitureLeadTest" name="addLeadForBasicFurnitureLead" time="0.000">
    <skipped/>
  </testcase> <!-- addLeadForBasicFurnitureLead -->
  <testcase classname="tests.AddFurnitureLeadTest" name="addLeadForBasicFurnitureLead" time="0.000">
    <skipped/>
  </testcase> <!-- addLeadForBasicFurnitureLead -->
  <testcase classname="tests.AddFurnitureLeadTest" name="addLeadForBasicFurnitureLead" time="0.000">
    <skipped/>
  </testcase> <!-- addLeadForBasicFurnitureLead -->
  <testcase classname="tests.AddFurnitureLeadTest" name="addLeadForBasicFurnitureLead" time="0.000">
    <skipped/>
  </testcase> <!-- addLeadForBasicFurnitureLead -->
  <testcase classname="tests.AddFurnitureLeadTest" name="addLeadForAdditionalFurnitureLeadTest" time="0.000">
    <skipped/>
  </testcase> <!-- addLeadForAdditionalFurnitureLeadTest -->
  <testcase classname="tests.AddFurnitureLeadTest" name="addLeadForAdditionalFurnitureLeadTest" time="0.000">
    <skipped/>
  </testcase> <!-- addLeadForAdditionalFurnitureLeadTest -->
  <testcase classname="tests.AddFurnitureLeadTest" name="addLeadForBasicFurnitureLead" time="0.000">
    <skipped/>
  </testcase> <!-- addLeadForBasicFurnitureLead -->
  <testcase classname="tests.AddFurnitureLeadTest" name="addLeadForBasicFurnitureLead" time="0.000">
    <skipped/>
  </testcase> <!-- addLeadForBasicFurnitureLead -->
  <testcase classname="tests.AddFurnitureLeadTest" name="addLeadForAdditionalFurnitureLeadTest" time="0.000">
    <skipped/>
  </testcase> <!-- addLeadForAdditionalFurnitureLeadTest -->
  <testcase classname="tests.AddFurnitureLeadTest" name="addLeadForBasicFurnitureLead" time="0.000">
    <skipped/>
  </testcase> <!-- addLeadForBasicFurnitureLead -->
  <testcase classname="tests.AddFurnitureLeadTest" name="addLeadForAdditionalFurnitureLeadTest" time="0.000">
    <skipped/>
  </testcase> <!-- addLeadForAdditionalFurnitureLeadTest -->
  <testcase classname="tests.AddFurnitureLeadTest" name="addLeadForAdditionalFurnitureLeadTest" time="0.000">
    <skipped/>
  </testcase> <!-- addLeadForAdditionalFurnitureLeadTest -->
  <testcase classname="tests.AddFurnitureLeadTest" name="addLeadForAdditionalFurnitureLeadTest" time="0.000">
    <skipped/>
  </testcase> <!-- addLeadForAdditionalFurnitureLeadTest -->
  <testcase classname="tests.AddFurnitureLeadTest" name="addLeadForBasicFurnitureLead" time="0.000">
    <skipped/>
  </testcase> <!-- addLeadForBasicFurnitureLead -->
  <testcase classname="tests.AddFurnitureLeadTest" name="addLeadForBasicFurnitureLead" time="0.000">
    <skipped/>
  </testcase> <!-- addLeadForBasicFurnitureLead -->
  <testcase classname="tests.AddFurnitureLeadTest" name="addLeadForBasicFurnitureLead" time="0.000">
    <skipped/>
  </testcase> <!-- addLeadForBasicFurnitureLead -->
  <testcase classname="tests.AddFurnitureLeadTest" name="addLeadForBasicFurnitureLead" time="0.000">
    <skipped/>
  </testcase> <!-- addLeadForBasicFurnitureLead -->
  <testcase classname="tests.AddFurnitureLeadTest" name="addLeadForAdditionalFurnitureLeadTest" time="0.000">
    <skipped/>
  </testcase> <!-- addLeadForAdditionalFurnitureLeadTest -->
  <testcase classname="tests.AddFurnitureLeadTest" name="addLeadForBasicFurnitureLead" time="0.000">
    <skipped/>
  </testcase> <!-- addLeadForBasicFurnitureLead -->
  <testcase classname="tests.AddFurnitureLeadTest" name="addLeadForBasicFurnitureLead" time="0.000">
    <skipped/>
  </testcase> <!-- addLeadForBasicFurnitureLead -->
  <testcase classname="tests.AddFurnitureLeadTest" name="addLeadForBasicFurnitureLead" time="0.000">
    <skipped/>
  </testcase> <!-- addLeadForBasicFurnitureLead -->
  <testcase classname="tests.AddFurnitureLeadTest" name="addLeadForAdditionalFurnitureLeadTest" time="0.000">
    <skipped/>
  </testcase> <!-- addLeadForAdditionalFurnitureLeadTest -->
  <testcase classname="tests.AddFurnitureLeadTest" name="addLeadForAdditionalFurnitureLeadTest" time="0.000">
    <skipped/>
  </testcase> <!-- addLeadForAdditionalFurnitureLeadTest -->
  <testcase classname="tests.AddFurnitureLeadTest" name="addLeadForAdditionalFurnitureLeadTest" time="0.000">
    <skipped/>
  </testcase> <!-- addLeadForAdditionalFurnitureLeadTest -->
  <testcase classname="tests.AddFurnitureLeadTest" name="addLeadForAdditionalFurnitureLeadTest" time="0.000">
    <skipped/>
  </testcase> <!-- addLeadForAdditionalFurnitureLeadTest -->
  <testcase classname="tests.AddFurnitureLeadTest" name="addLeadForAdditionalFurnitureLeadTest" time="0.000">
    <skipped/>
  </testcase> <!-- addLeadForAdditionalFurnitureLeadTest -->
  <testcase classname="tests.AddFurnitureLeadTest" name="addLeadForAdditionalFurnitureLeadTest" time="0.000">
    <skipped/>
  </testcase> <!-- addLeadForAdditionalFurnitureLeadTest -->
  <testcase classname="tests.AddFurnitureLeadTest" name="addLeadForBasicFurnitureLead" time="0.000">
    <skipped/>
  </testcase> <!-- addLeadForBasicFurnitureLead -->
  <testcase classname="tests.AddFurnitureLeadTest" name="addLeadForAdditionalFurnitureLeadTest" time="0.000">
    <skipped/>
  </testcase> <!-- addLeadForAdditionalFurnitureLeadTest -->
  <testcase classname="tests.AddFurnitureLeadTest" name="addLeadForAdditionalFurnitureLeadTest" time="0.000">
    <skipped/>
  </testcase> <!-- addLeadForAdditionalFurnitureLeadTest -->
  <testcase classname="tests.AddFurnitureLeadTest" name="addLeadForAdditionalFurnitureLeadTest" time="0.000">
    <skipped/>
  </testcase> <!-- addLeadForAdditionalFurnitureLeadTest -->
  <testcase classname="tests.AddFurnitureLeadTest" name="addLeadForBasicFurnitureLead" time="0.000">
    <skipped/>
  </testcase> <!-- addLeadForBasicFurnitureLead -->
  <testcase classname="tests.AddFurnitureLeadTest" name="addLeadForAdditionalFurnitureLeadTest" time="0.000">
    <skipped/>
  </testcase> <!-- addLeadForAdditionalFurnitureLeadTest -->
  <testcase classname="tests.AddFurnitureLeadTest" name="addLeadForBasicFurnitureLead" time="0.000">
    <skipped/>
  </testcase> <!-- addLeadForBasicFurnitureLead -->
  <testcase classname="tests.AddFurnitureLeadTest" name="addLeadForAdditionalFurnitureLeadTest" time="0.000">
    <skipped/>
  </testcase> <!-- addLeadForAdditionalFurnitureLeadTest -->
  <testcase classname="tests.AddFurnitureLeadTest" name="addLeadForAdditionalFurnitureLeadTest" time="0.000">
    <skipped/>
  </testcase> <!-- addLeadForAdditionalFurnitureLeadTest -->
  <testcase classname="tests.AddFurnitureLeadTest" name="addLeadForBasicFurnitureLead" time="0.000">
    <skipped/>
  </testcase> <!-- addLeadForBasicFurnitureLead -->
  <testcase classname="tests.AddFurnitureLeadTest" name="addLeadForBasicFurnitureLead" time="0.000">
    <skipped/>
  </testcase> <!-- addLeadForBasicFurnitureLead -->
  <testcase classname="tests.AddFurnitureLeadTest" name="addLeadForAdditionalFurnitureLeadTest" time="0.000">
    <skipped/>
  </testcase> <!-- addLeadForAdditionalFurnitureLeadTest -->
  <testcase classname="tests.AddFurnitureLeadTest" name="addLeadForAdditionalFurnitureLeadTest" time="0.000">
    <skipped/>
  </testcase> <!-- addLeadForAdditionalFurnitureLeadTest -->
  <testcase classname="tests.AddFurnitureLeadTest" name="addLeadForAdditionalFurnitureLeadTest" time="0.000">
    <skipped/>
  </testcase> <!-- addLeadForAdditionalFurnitureLeadTest -->
  <testcase classname="tests.AddFurnitureLeadTest" name="addLeadForBasicFurnitureLead" time="0.000">
    <skipped/>
  </testcase> <!-- addLeadForBasicFurnitureLead -->
  <testcase classname="tests.AddFurnitureLeadTest" name="addLeadForAdditionalFurnitureLeadTest" time="0.000">
    <skipped/>
  </testcase> <!-- addLeadForAdditionalFurnitureLeadTest -->
  <testcase classname="tests.AddFurnitureLeadTest" name="addLeadForBasicFurnitureLead" time="0.000">
    <skipped/>
  </testcase> <!-- addLeadForBasicFurnitureLead -->
  <testcase classname="tests.AddFurnitureLeadTest" name="addLeadForAdditionalFurnitureLeadTest" time="0.000">
    <skipped/>
  </testcase> <!-- addLeadForAdditionalFurnitureLeadTest -->
  <testcase classname="tests.AddFurnitureLeadTest" name="addLeadForAdditionalFurnitureLeadTest" time="0.000">
    <skipped/>
  </testcase> <!-- addLeadForAdditionalFurnitureLeadTest -->
  <testcase classname="tests.AddFurnitureLeadTest" name="addLeadForAdditionalFurnitureLeadTest" time="0.000">
    <skipped/>
  </testcase> <!-- addLeadForAdditionalFurnitureLeadTest -->
  <testcase classname="tests.AddFurnitureLeadTest" name="addLeadForAdditionalFurnitureLeadTest" time="0.000">
    <skipped/>
  </testcase> <!-- addLeadForAdditionalFurnitureLeadTest -->
  <testcase classname="tests.AddFurnitureLeadTest" name="addLeadForAdditionalFurnitureLeadTest" time="0.000">
    <skipped/>
  </testcase> <!-- addLeadForAdditionalFurnitureLeadTest -->
  <testcase classname="tests.AddFurnitureLeadTest" name="addLeadForAdditionalFurnitureLeadTest" time="0.000">
    <skipped/>
  </testcase> <!-- addLeadForAdditionalFurnitureLeadTest -->
  <testcase classname="tests.AddFurnitureLeadTest" name="addLeadForAdditionalFurnitureLeadTest" time="0.000">
    <skipped/>
  </testcase> <!-- addLeadForAdditionalFurnitureLeadTest -->
  <testcase classname="tests.AddFurnitureLeadTest" name="addLeadForAdditionalFurnitureLeadTest" time="0.000">
    <skipped/>
  </testcase> <!-- addLeadForAdditionalFurnitureLeadTest -->
  <testcase classname="tests.AddFurnitureLeadTest" name="addLeadForBasicFurnitureLead" time="0.000">
    <skipped/>
  </testcase> <!-- addLeadForBasicFurnitureLead -->
  <testcase classname="tests.AddFurnitureLeadTest" name="addLeadForBasicFurnitureLead" time="0.000">
    <skipped/>
  </testcase> <!-- addLeadForBasicFurnitureLead -->
  <testcase classname="tests.AddFurnitureLeadTest" name="addLeadForAdditionalFurnitureLeadTest" time="0.000">
    <skipped/>
  </testcase> <!-- addLeadForAdditionalFurnitureLeadTest -->
  <testcase classname="tests.AddFurnitureLeadTest" name="addLeadForAdditionalFurnitureLeadTest" time="0.000">
    <skipped/>
  </testcase> <!-- addLeadForAdditionalFurnitureLeadTest -->
  <testcase classname="tests.AddFurnitureLeadTest" name="addLeadForAdditionalFurnitureLeadTest" time="0.000">
    <skipped/>
  </testcase> <!-- addLeadForAdditionalFurnitureLeadTest -->
  <testcase classname="tests.AddFurnitureLeadTest" name="addLeadForAdditionalFurnitureLeadTest" time="0.000">
    <skipped/>
  </testcase> <!-- addLeadForAdditionalFurnitureLeadTest -->
  <testcase classname="tests.AddFurnitureLeadTest" name="addLeadForAdditionalFurnitureLeadTest" time="0.000">
    <skipped/>
  </testcase> <!-- addLeadForAdditionalFurnitureLeadTest -->
  <testcase classname="tests.AddFurnitureLeadTest" name="addLeadForBasicFurnitureLead" time="0.000">
    <skipped/>
  </testcase> <!-- addLeadForBasicFurnitureLead -->
  <testcase classname="tests.AddFurnitureLeadTest" name="addLeadForBasicFurnitureLead" time="0.000">
    <skipped/>
  </testcase> <!-- addLeadForBasicFurnitureLead -->
  <testcase classname="tests.AddFurnitureLeadTest" name="addLeadForBasicFurnitureLead" time="0.000">
    <skipped/>
  </testcase> <!-- addLeadForBasicFurnitureLead -->
  <testcase classname="tests.AddFurnitureLeadTest" name="addLeadForBasicFurnitureLead" time="0.000">
    <skipped/>
  </testcase> <!-- addLeadForBasicFurnitureLead -->
  <testcase classname="tests.AddFurnitureLeadTest" name="addLeadForAdditionalFurnitureLeadTest" time="0.000">
    <skipped/>
  </testcase> <!-- addLeadForAdditionalFurnitureLeadTest -->
  <testcase classname="tests.AddFurnitureLeadTest" name="addLeadForBasicFurnitureLead" time="0.000">
    <skipped/>
  </testcase> <!-- addLeadForBasicFurnitureLead -->
  <testcase classname="tests.AddFurnitureLeadTest" name="addLeadForAdditionalFurnitureLeadTest" time="0.000">
    <skipped/>
  </testcase> <!-- addLeadForAdditionalFurnitureLeadTest -->
  <testcase classname="tests.AddFurnitureLeadTest" name="addLeadForBasicFurnitureLead" time="0.000">
    <skipped/>
  </testcase> <!-- addLeadForBasicFurnitureLead -->
  <testcase classname="tests.AddFurnitureLeadTest" name="addLeadForBasicFurnitureLead" time="0.000">
    <skipped/>
  </testcase> <!-- addLeadForBasicFurnitureLead -->
  <testcase classname="tests.AddFurnitureLeadTest" name="addLeadForAdditionalFurnitureLeadTest" time="0.000">
    <skipped/>
  </testcase> <!-- addLeadForAdditionalFurnitureLeadTest -->
  <testcase classname="tests.AddFurnitureLeadTest" name="addLeadForAdditionalFurnitureLeadTest" time="0.000">
    <skipped/>
  </testcase> <!-- addLeadForAdditionalFurnitureLeadTest -->
  <testcase classname="tests.AddFurnitureLeadTest" name="addLeadForAdditionalFurnitureLeadTest" time="0.000">
    <skipped/>
  </testcase> <!-- addLeadForAdditionalFurnitureLeadTest -->
  <testcase classname="tests.AddFurnitureLeadTest" name="addLeadForBasicFurnitureLead" time="0.000">
    <skipped/>
  </testcase> <!-- addLeadForBasicFurnitureLead -->
  <testcase classname="tests.AddFurnitureLeadTest" name="addLeadForAdditionalFurnitureLeadTest" time="0.000">
    <skipped/>
  </testcase> <!-- addLeadForAdditionalFurnitureLeadTest -->
  <testcase classname="tests.AddFurnitureLeadTest" name="addLeadForBasicFurnitureLead" time="0.000">
    <skipped/>
  </testcase> <!-- addLeadForBasicFurnitureLead -->
  <testcase classname="tests.AddFurnitureLeadTest" name="addLeadForBasicFurnitureLead" time="0.000">
    <skipped/>
  </testcase> <!-- addLeadForBasicFurnitureLead -->
  <testcase classname="tests.AddFurnitureLeadTest" name="addLeadForAdditionalFurnitureLeadTest" time="0.000">
    <skipped/>
  </testcase> <!-- addLeadForAdditionalFurnitureLeadTest -->
  <testcase classname="tests.AddFurnitureLeadTest" name="addLeadForAdditionalFurnitureLeadTest" time="0.000">
    <skipped/>
  </testcase> <!-- addLeadForAdditionalFurnitureLeadTest -->
  <testcase classname="tests.AddFurnitureLeadTest" name="addLeadForAdditionalFurnitureLeadTest" time="0.000">
    <skipped/>
  </testcase> <!-- addLeadForAdditionalFurnitureLeadTest -->
  <testcase classname="tests.AddFurnitureLeadTest" name="addLeadForAdditionalFurnitureLeadTest" time="0.000">
    <skipped/>
  </testcase> <!-- addLeadForAdditionalFurnitureLeadTest -->
  <testcase classname="tests.AddFurnitureLeadTest" name="addLeadForBasicFurnitureLead" time="0.000">
    <skipped/>
  </testcase> <!-- addLeadForBasicFurnitureLead -->
  <testcase classname="tests.AddFurnitureLeadTest" name="addLeadForBasicFurnitureLead" time="0.000">
    <skipped/>
  </testcase> <!-- addLeadForBasicFurnitureLead -->
  <testcase classname="tests.AddFurnitureLeadTest" name="addLeadForAdditionalFurnitureLeadTest" time="0.000">
    <skipped/>
  </testcase> <!-- addLeadForAdditionalFurnitureLeadTest -->
  <testcase classname="tests.AddFurnitureLeadTest" name="addLeadForAdditionalFurnitureLeadTest" time="0.000">
    <skipped/>
  </testcase> <!-- addLeadForAdditionalFurnitureLeadTest -->
  <testcase classname="tests.AddFurnitureLeadTest" name="addLeadForAdditionalFurnitureLeadTest" time="0.000">
    <skipped/>
  </testcase> <!-- addLeadForAdditionalFurnitureLeadTest -->
  <testcase classname="tests.AddFurnitureLeadTest" name="addLeadForAdditionalFurnitureLeadTest" time="0.000">
    <skipped/>
  </testcase> <!-- addLeadForAdditionalFurnitureLeadTest -->
  <testcase classname="tests.AddFurnitureLeadTest" name="addLeadForBasicFurnitureLead" time="0.000">
    <skipped/>
  </testcase> <!-- addLeadForBasicFurnitureLead -->
  <testcase classname="tests.AddFurnitureLeadTest" name="addLeadForBasicFurnitureLead" time="0.000">
    <skipped/>
  </testcase> <!-- addLeadForBasicFurnitureLead -->
  <testcase classname="tests.AddFurnitureLeadTest" name="addLeadForAdditionalFurnitureLeadTest" time="0.000">
    <skipped/>
  </testcase> <!-- addLeadForAdditionalFurnitureLeadTest -->
  <testcase classname="tests.AddFurnitureLeadTest" name="addLeadForBasicFurnitureLead" time="0.000">
    <skipped/>
  </testcase> <!-- addLeadForBasicFurnitureLead -->
  <testcase classname="tests.AddFurnitureLeadTest" name="addLeadForBasicFurnitureLead" time="0.000">
    <skipped/>
  </testcase> <!-- addLeadForBasicFurnitureLead -->
  <testcase classname="tests.AddFurnitureLeadTest" name="addLeadForBasicFurnitureLead" time="0.000">
    <skipped/>
  </testcase> <!-- addLeadForBasicFurnitureLead -->
  <testcase classname="tests.AddFurnitureLeadTest" name="addLeadForBasicFurnitureLead" time="0.000">
    <skipped/>
  </testcase> <!-- addLeadForBasicFurnitureLead -->
  <testcase classname="tests.AddFurnitureLeadTest" name="addLeadForBasicFurnitureLead" time="0.000">
    <skipped/>
  </testcase> <!-- addLeadForBasicFurnitureLead -->
  <testcase classname="tests.AddFurnitureLeadTest" name="addLeadForAdditionalFurnitureLeadTest" time="0.000">
    <skipped/>
  </testcase> <!-- addLeadForAdditionalFurnitureLeadTest -->
  <testcase classname="tests.AddFurnitureLeadTest" name="addLeadForBasicFurnitureLead" time="0.000">
    <skipped/>
  </testcase> <!-- addLeadForBasicFurnitureLead -->
</testsuite> <!-- tests.AddFurnitureLeadTest -->
